K_POINTS crystal
   18
  0.000000000  0.000000000  0.000000000   1.0
  0.000000000  0.000000000  0.250000000   4.0
  0.000000000  0.000000000  0.500000000   2.0
  0.000000000  0.250000000  0.000000000   4.0
  0.000000000  0.250000000  0.250000000   4.0
  0.000000000  0.250000000  0.500000000   8.0
  0.000000000  0.250000000  0.750000000   8.0
  0.000000000  0.500000000  0.000000000   2.0
  0.000000000  0.500000000  0.250000000   8.0
  0.000000000  0.500000000  0.500000000   2.0
  0.250000000  0.250000000  0.250000000   2.0
  0.250000000  0.250000000  0.500000000   4.0
  0.250000000  0.250000000  0.750000000   2.0
  0.250000000  0.500000000  0.500000000   4.0
  0.250000000  0.500000000  0.750000000   4.0
  0.250000000  0.750000000  0.250000000   2.0
  0.250000000  0.750000000  0.750000000   2.0
  0.500000000  0.500000000  0.500000000   1.0
