k-points are in crystal coordinates
nk(3) =     4    4    4
dk(3) =   0.000000000  0.000000000  0.000000000

direct lattice vectors
a1 =   7.294189914  7.368969951  3.019838064
a2 =   7.294189914 -7.368969951  3.019838064
a3 =   7.294189914 -7.368969951 -3.019838064

unit cell volume =  0.649273232E+03

reciprocal lattice vectors
b1 =   0.430697951  0.426327244  0.000000000
b2 =   0.000000000 -0.426327244  1.040318251
b3 =   0.430697951  0.000000000 -1.040318251

symmetries of the Bravais lattice
  8
Space group  71, symbol Immm                 
r01 =     1   0   0     0   1   0     0   0   1      0.000000    0.000000    0.000000
r02 =     0   1   1     1   0  -1     0   0   1      0.000000    0.000000    0.000000
r03 =     0  -1  -1     0   1   0    -1  -1   0      0.000000    0.000000    0.000000
r04 =    -1   0   0     1   0  -1    -1  -1   0      0.000000    0.000000    0.000000
r05 =     0  -1  -1    -1   0   1     0   0  -1      0.000000    0.000000    0.000000
r06 =    -1   0   0     0  -1   0     0   0  -1      0.000000    0.000000    0.000000
r07 =     0   1   1     0  -1   0     1   1   0      0.000000    0.000000    0.000000
r08 =     1   0   0    -1   0   1     1   1   0      0.000000    0.000000    0.000000

symmetries of the crystal without FFT grid
  8
Space group  74, symbol Imcm                 
r01 =     1   0   0     0   1   0     0   0   1      0.000000    0.000000    0.000000
r02 =     0   1   1     1   0  -1     0   0   1     -0.000000    0.000000    0.000000
r03 =     0  -1  -1     0   1   0    -1  -1   0      0.000000    3.141593   -3.141593
r04 =    -1   0   0     1   0  -1    -1  -1   0      0.000000    3.141593   -3.141593
r05 =     0  -1  -1    -1   0   1     0   0  -1      0.000000   -0.000000    0.000000
r06 =    -1   0   0     0  -1   0     0   0  -1      0.000000    0.000000    0.000000
r07 =     0   1   1     0  -1   0     1   1   0     -0.000000    3.141593   -3.141593
r08 =     1   0   0    -1   0   1     1   1   0      0.000000    3.141593   -3.141593

FFT grid:    108   108   108

symmetries of the crystal with FFT grid
  8
Space group  74, symbol Imcm                 
r01 =     1   0   0     0   1   0     0   0   1      0.000000    0.000000    0.000000
r02 =     0   1   1     1   0  -1     0   0   1     -0.000000    0.000000    0.000000
r03 =     0  -1  -1     0   1   0    -1  -1   0      0.000000    3.141593   -3.141593
r04 =    -1   0   0     1   0  -1    -1  -1   0      0.000000    3.141593   -3.141593
r05 =     0  -1  -1    -1   0   1     0   0  -1      0.000000   -0.000000    0.000000
r06 =    -1   0   0     0  -1   0     0   0  -1      0.000000    0.000000    0.000000
r07 =     0   1   1     0  -1   0     1   1   0     -0.000000    3.141593   -3.141593
r08 =     1   0   0    -1   0   1     1   1   0      0.000000    3.141593   -3.141593

symmetries that reduce the k-points
r02 =     0   1   1     1   0  -1     0   0   1
r03 =     0  -1  -1     0   1   0    -1  -1   0
r04 =    -1   0   0     1   0  -1    -1  -1   0
r05 =     0  -1  -1    -1   0   1     0   0  -1
r06 =    -1   0   0     0  -1   0     0   0  -1
r07 =     0   1   1     0  -1   0     1   1   0

k-points in the original uniform grid
     64
      1  0.000000000  0.000000000  0.000000000   1.0       0  ---
      2  0.000000000  0.000000000  0.250000000   4.0       0  ---
      3  0.000000000  0.000000000  0.500000000   2.0       0  ---
      4  0.000000000  0.000000000  0.750000000   0.0       2  r05
      5  0.000000000  0.250000000  0.000000000   4.0       0  ---
      6  0.000000000  0.250000000  0.250000000   4.0       0  ---
      7  0.000000000  0.250000000  0.500000000   8.0       0  ---
      8  0.000000000  0.250000000  0.750000000   8.0       0  ---
      9  0.000000000  0.500000000  0.000000000   2.0       0  ---
     10  0.000000000  0.500000000  0.250000000   8.0       0  ---
     11  0.000000000  0.500000000  0.500000000   2.0       0  ---
     12  0.000000000  0.500000000  0.750000000   0.0      10  r06
     13  0.000000000  0.750000000  0.000000000   0.0       5  r06
     14  0.000000000  0.750000000  0.250000000   0.0       8  r06
     15  0.000000000  0.750000000  0.500000000   0.0       7  r06
     16  0.000000000  0.750000000  0.750000000   0.0       6  r04
     17  0.250000000  0.000000000  0.000000000   0.0       6  r02
     18  0.250000000  0.000000000  0.250000000   0.0       7  r02
     19  0.250000000  0.000000000  0.500000000   0.0       8  r02
     20  0.250000000  0.000000000  0.750000000   0.0       5  r02
     21  0.250000000  0.250000000  0.000000000   0.0       2  r03
     22  0.250000000  0.250000000  0.250000000   2.0       0  ---
     23  0.250000000  0.250000000  0.500000000   4.0       0  ---
     24  0.250000000  0.250000000  0.750000000   2.0       0  ---
     25  0.250000000  0.500000000  0.000000000   0.0       8  r03
     26  0.250000000  0.500000000  0.250000000   0.0       7  r04
     27  0.250000000  0.500000000  0.500000000   4.0       0  ---
     28  0.250000000  0.500000000  0.750000000   4.0       0  ---
     29  0.250000000  0.750000000  0.000000000   0.0      10  r03
     30  0.250000000  0.750000000  0.250000000   2.0       0  ---
     31  0.250000000  0.750000000  0.500000000   0.0      10  r04
     32  0.250000000  0.750000000  0.750000000   2.0       0  ---
     33  0.500000000  0.000000000  0.000000000   0.0      11  r02
     34  0.500000000  0.000000000  0.250000000   0.0      10  r02
     35  0.500000000  0.000000000  0.500000000   0.0       9  r02
     36  0.500000000  0.000000000  0.750000000   0.0      10  r02
     37  0.500000000  0.250000000  0.000000000   0.0       7  r02
     38  0.500000000  0.250000000  0.250000000   0.0      27  r02
     39  0.500000000  0.250000000  0.500000000   0.0      28  r02
     40  0.500000000  0.250000000  0.750000000   0.0       8  r02
     41  0.500000000  0.500000000  0.000000000   0.0       3  r03
     42  0.500000000  0.500000000  0.250000000   0.0      23  r07
     43  0.500000000  0.500000000  0.500000000   1.0       0  ---
     44  0.500000000  0.500000000  0.750000000   0.0      23  r03
     45  0.500000000  0.750000000  0.000000000   0.0       7  r03
     46  0.500000000  0.750000000  0.250000000   0.0       8  r04
     47  0.500000000  0.750000000  0.500000000   0.0      28  r05
     48  0.500000000  0.750000000  0.750000000   0.0      27  r03
     49  0.750000000  0.000000000  0.000000000   0.0       6  r02
     50  0.750000000  0.000000000  0.250000000   0.0       5  r02
     51  0.750000000  0.000000000  0.500000000   0.0       8  r02
     52  0.750000000  0.000000000  0.750000000   0.0       7  r02
     53  0.750000000  0.250000000  0.000000000   0.0      10  r02
     54  0.750000000  0.250000000  0.250000000   0.0      32  r02
     55  0.750000000  0.250000000  0.500000000   0.0      10  r02
     56  0.750000000  0.250000000  0.750000000   0.0      30  r02
     57  0.750000000  0.500000000  0.000000000   0.0       8  r02
     58  0.750000000  0.500000000  0.250000000   0.0      28  r02
     59  0.750000000  0.500000000  0.500000000   0.0      27  r02
     60  0.750000000  0.500000000  0.750000000   0.0       7  r02
     61  0.750000000  0.750000000  0.000000000   0.0       2  r03
     62  0.750000000  0.750000000  0.250000000   0.0      24  r05
     63  0.750000000  0.750000000  0.500000000   0.0      23  r03
     64  0.750000000  0.750000000  0.750000000   0.0      22  r03

k-points in the irreducible wedge
     18
      1  0.000000000  0.000000000  0.000000000   1.0       1
      2  0.000000000  0.000000000  0.250000000   4.0       2
      3  0.000000000  0.000000000  0.500000000   2.0       3
      4  0.000000000  0.250000000  0.000000000   4.0       5
      5  0.000000000  0.250000000  0.250000000   4.0       6
      6  0.000000000  0.250000000  0.500000000   8.0       7
      7  0.000000000  0.250000000  0.750000000   8.0       8
      8  0.000000000  0.500000000  0.000000000   2.0       9
      9  0.000000000  0.500000000  0.250000000   8.0      10
     10  0.000000000  0.500000000  0.500000000   2.0      11
     11  0.250000000  0.250000000  0.250000000   2.0      22
     12  0.250000000  0.250000000  0.500000000   4.0      23
     13  0.250000000  0.250000000  0.750000000   2.0      24
     14  0.250000000  0.500000000  0.500000000   4.0      27
     15  0.250000000  0.500000000  0.750000000   4.0      28
     16  0.250000000  0.750000000  0.250000000   2.0      30
     17  0.250000000  0.750000000  0.750000000   2.0      32
     18  0.500000000  0.500000000  0.500000000   1.0      43

