
 frequency_dependence   1

 band_index    69    94
 sigma_matrix     0   0

 finite_difference_form   2
 finite_difference_spacing  1.000000

 symmetries
 ntran  =  8
 mtrx01 =  1  0  0  0  1  0  0  0  1
 mtrx02 = -1  0  0  1  0 -1 -1 -1  0
 mtrx03 =  0 -1 -1 -1  0  1  0  0 -1
 mtrx04 =  0  1  1  0 -1  0  1  1  0
 mtrx05 = -1  0  0  0 -1  0  0  0 -1
 mtrx06 =  1  0  0 -1  0  1  1  1  0
 mtrx07 =  0  1  1  1  0 -1  0  0  1
 mtrx08 =  0 -1 -1  0  1  0 -1 -1  0

       k =  0.000000  0.000000  0.000000 ik =   1 spin = 1

   n         Emf          Eo           X        SX-X          CH         Sig         Vxc        Eqp0        Eqp1       Znk
  69    0.561992    0.561992  -16.198651    8.903817   -6.175557  -13.470392  -12.172120   -0.736279   -0.540743    0.849387
  70    0.585606    0.585606  -16.186108    9.143246   -6.429096  -13.471958  -12.469666   -0.416687   -0.262527    0.846193
  71    0.705517    0.705517  -16.177734    8.968813   -6.420726  -13.629647  -12.646548   -0.277581   -0.131145    0.851047
  72    0.723161    0.723161  -16.624193    9.152951   -6.524889  -13.996130  -12.949647   -0.323322   -0.167453    0.851055
  73    0.745413    0.745413  -16.170432    9.064918   -6.299844  -13.405357  -12.178986   -0.480958   -0.295158    0.848496
  74    0.883306    0.883306  -17.030577    9.206366   -6.578222  -14.402432  -13.383436   -0.135690    0.014740    0.852374
  75    0.925637    0.925637  -16.400618    9.082485   -6.325228  -13.643362  -12.450581   -0.267144   -0.086291    0.848377
  76    1.072985    1.072985  -16.319481    8.921286   -6.346253  -13.744448  -12.642603   -0.028860    0.134904    0.851372
  77    1.083464    1.083464  -16.312717    8.986093   -6.310846  -13.637470  -12.452976   -0.101031    0.070677    0.855037
  78    1.094833    1.094833  -16.634920    8.996472   -6.315940  -13.954387  -12.810083   -0.049470    0.113577    0.857514
  79    1.097836    1.097836  -16.636366    8.999970   -6.322781  -13.959177  -12.824326   -0.037015    0.124610    0.857581
  80    1.175985    1.175985  -16.435066    8.972375   -6.289856  -13.752547  -12.552777   -0.023785    0.150833    0.854457
  81    1.240876    1.240876  -15.806915    8.561149   -6.394715  -13.640481  -12.781069    0.381465    0.504602    0.856719
  82    1.338550    1.338550  -16.108073    8.694906   -6.386009  -13.799176  -12.855552    0.394925    0.532120    0.854609
  83    5.918485    5.918485   -6.471974    3.721105   -5.944600   -8.695469   -9.901883    7.124899    6.968585    0.870431
  84    5.977330    5.977330   -6.617345    3.779760   -5.998535   -8.836119  -10.081838    7.223049    7.061195    0.870071
  85    6.216054    6.216054   -6.670089    3.844420   -6.021677   -8.847346  -10.077541    7.446249    7.284677    0.868661
  86    6.298023    6.298023   -7.080165    4.103905   -6.219948   -9.196208  -10.492494    7.594309    7.423185    0.867989
  87    6.755048    6.755048   -4.679665    2.417033   -5.188236   -7.450869   -8.887491    8.191671    8.011757    0.874766
  88    7.066363    7.066363   -5.892182    3.226325   -6.034779   -8.700636  -10.623332    8.989059    8.734784    0.867750
  89    7.336366    7.336366   -6.312975    3.491586   -6.285400   -9.106788  -11.148048    9.377626    9.102438    0.865187
  90    7.483379    7.483379   -6.978042    4.254232   -6.691412   -9.415221  -10.915314    8.983471    8.773456    0.859999
  91    7.609088    7.609088   -6.720098    4.050085   -6.526733   -9.196746  -10.763842    9.176184    8.957909    0.860714
  92    7.611967    7.611967   -5.025347    2.677510   -5.385192   -7.733030   -9.267169    9.146106    8.950258    0.872341
  93    8.141524    8.141524   -4.345130    2.386405   -5.160852   -7.119577   -8.550461    9.572408    9.392962    0.874591
  94    8.302242    8.302242   -4.416164    2.288089   -5.029182   -7.157257   -8.834524    9.979510    9.772544    0.876605

       k = -0.000000 -0.000000  0.250000 ik =   2 spin = 1

   n         Emf          Eo           X        SX-X          CH         Sig         Vxc        Eqp0        Eqp1       Znk
  69    0.567267    0.567267  -16.145515    9.003013   -6.370104  -13.512606  -12.473931   -0.471408   -0.314899    0.849318
  70    0.633630    0.633630  -16.189752    8.852197   -6.176241  -13.513796  -12.217527   -0.662639   -0.470108    0.851473
  71    0.648131    0.648131  -16.143808    8.886350   -6.236407  -13.493865  -12.297698   -0.548036   -0.368216    0.849669
  72    0.719059    0.719059  -16.407300    9.146901   -6.397866  -13.658264  -12.502849   -0.436356   -0.260284    0.847612
  73    0.781857    0.781857  -16.344688    9.041704   -6.334939  -13.637922  -12.443436   -0.412629   -0.233630    0.850145
  74    0.782210    0.782210  -16.406309    9.032240   -6.437440  -13.811509  -12.779816   -0.249483   -0.097617    0.852799
  75    0.940871    0.940871  -16.250575    8.838792   -6.254336  -13.666119  -12.497369   -0.227879   -0.059907    0.856281
  76    0.968336    0.968336  -16.434796    9.072543   -6.329178  -13.691432  -12.503344   -0.219752   -0.040909    0.849471
  77    1.021565    1.021565  -16.378699    8.921173   -6.274536  -13.732061  -12.568044   -0.142452    0.025581    0.855643
  78    1.111407    1.111407  -16.478155    9.015644   -6.373770  -13.836281  -12.747800    0.022926    0.183635    0.852355
  79    1.160883    1.160883  -16.528161    9.052430   -6.370163  -13.845894  -12.709158    0.024147    0.189054    0.854930
  80    1.177987    1.177987  -16.453865    8.975033   -6.293350  -13.772181  -12.577107   -0.017087    0.156701    0.854580
  81    1.429515    1.429515  -15.968658    8.581635   -6.425077  -13.812100  -12.955643    0.573057    0.695821    0.856661
  82    1.501954    1.501954  -16.016531    8.609955   -6.451029  -13.857605  -13.023639    0.667988    0.787194    0.857061
  83    5.716752    5.716752   -6.789270    3.901249   -6.057346   -8.945367  -10.084088    6.855473    6.705192    0.868027
  84    5.747442    5.747442   -6.703515    3.856724   -6.024859   -8.871650  -10.028148    6.903940    6.751825    0.868469
  85    5.911641    5.911641   -6.685480    3.829694   -5.991142   -8.846928  -10.048668    7.113382    6.957074    0.869932
  86    6.096628    6.096628   -6.959112    4.002265   -6.110198   -9.067045  -10.325014    7.354597    7.189194    0.868516
  87    6.387083    6.387083   -7.378479    4.359063   -6.514528   -9.533944  -10.867339    7.720478    7.538884    0.863811
  88    6.476664    6.476664   -7.260867    4.305799   -6.442814   -9.397883  -10.716435    7.795217    7.617757    0.865413
  89    7.053833    7.053833   -5.085519    2.684885   -5.496646   -7.897280   -9.587563    8.744116    8.527467    0.871827
  90    7.337411    7.337411   -5.510058    2.951677   -5.756669   -8.315050  -10.197219    9.219580    8.973929    0.869485
  91    7.556221    7.556221   -6.409610    3.502358   -6.341676   -9.248929  -11.484238    9.791530    9.487530    0.864001
  92    7.813610    7.813610   -5.110632    2.681566   -5.434135   -7.863200   -9.542965    9.493375    9.277035    0.871208
  93    8.180047    8.180047   -4.969039    2.690692   -5.474343   -7.752689   -9.550584    9.977942    9.745932    0.870954
  94    8.246348    8.246348   -4.295857    2.298246   -5.104124   -7.101735   -8.623443    9.768056    9.576619    0.874196

       k = -0.000000 -0.000000  0.500000 ik =   3 spin = 1

   n         Emf          Eo           X        SX-X          CH         Sig         Vxc        Eqp0        Eqp1       Znk
  69    0.638388    0.638388  -16.178051    8.997396   -6.424490  -13.605145  -12.602061   -0.364696   -0.214887    0.850652
  70    0.648806    0.648806  -16.301950    9.033673   -6.451013  -13.719289  -12.739576   -0.330908   -0.184321    0.850378
  71    0.650389    0.650389  -16.143238    8.781726   -6.114958  -13.476470  -12.129596   -0.696484   -0.497343    0.852145
  72    0.735733    0.735733  -16.402715    9.199087   -6.450403  -13.654030  -12.537127   -0.381170   -0.210292    0.847007
  73    0.800300    0.800300  -16.494363    9.270080   -6.490152  -13.714434  -12.621765   -0.292369   -0.124524    0.846390
  74    0.830290    0.830290  -16.330260    8.909550   -6.227193  -13.647903  -12.383268   -0.434346   -0.245498    0.850670
  75    0.914599    0.914599  -16.277536    8.932082   -6.297373  -13.642827  -12.488951   -0.239278   -0.070969    0.854137
  76    0.996130    0.996130  -16.428165    8.955374   -6.254459  -13.727250  -12.499914   -0.231206   -0.047437    0.850270
  77    1.016424    1.016424  -16.388601    8.996947   -6.345801  -13.737454  -12.642307   -0.078723    0.079748    0.855297
  78    1.069267    1.069267  -16.461433    9.003440   -6.310590  -13.768583  -12.604540   -0.094775    0.077445    0.852050
  79    1.137179    1.137179  -16.390309    8.943249   -6.264175  -13.711235  -12.492208   -0.081847    0.094775    0.855112
  80    1.158085    1.158085  -16.416347    8.974776   -6.295542  -13.737113  -12.544631   -0.034397    0.137043    0.856232
  81    1.793877    1.793877  -15.785501    8.422254   -6.563379  -13.926625  -13.279263    1.146514    1.238624    0.857716
  82    1.849841    1.849841  -15.835667    8.443440   -6.564605  -13.956832  -13.305468    1.198476    1.291044    0.857886
  83    4.591704    4.591704   -7.070442    4.178904   -6.183326   -9.074864   -9.979109    5.495949    5.377326    0.868815
  84    4.620367    4.620367   -7.162350    4.237263   -6.222674   -9.147761  -10.061751    5.534357    5.414163    0.868495
  85    5.873445    5.873445   -6.863321    3.949361   -6.038564   -8.952524  -10.130538    7.051460    6.897491    0.869298
  86    5.955262    5.955262   -6.913499    4.035310   -6.117822   -8.996011  -10.190845    7.150095    6.993199    0.868688
  87    5.957588    5.957588   -6.995693    4.015420   -6.094377   -9.074650  -10.321657    7.204594    7.040690    0.868562
  88    5.960991    5.960991   -6.941045    4.049728   -6.127743   -9.019060  -10.208959    7.150889    6.994563    0.868623
  89    7.379557    7.379557   -5.824503    3.094290   -5.963343   -8.693556  -10.827525    9.513526    9.230638    0.867436
  90    7.634534    7.634534   -5.911477    3.190091   -6.074383   -8.795769  -11.061242    9.900008    9.596627    0.866085
  91    7.859894    7.859894   -4.597794    2.414038   -5.228303   -7.412058   -9.054923    9.502759    9.294519    0.873246
  92    7.887887    7.887887   -4.822946    2.489542   -5.330789   -7.664193   -9.393571    9.617265    9.396348    0.872256
  93    8.250524    8.250524   -4.131177    2.164421   -4.991204   -6.957960   -8.580829    9.873393    9.669846    0.874576
  94    8.418271    8.418271   -4.710739    2.497285   -5.390367   -7.603821   -9.326061   10.140511    9.919511    0.871678

       k =  0.000000  0.250000 -0.000000 ik =   4 spin = 1

   n         Emf          Eo           X        SX-X          CH         Sig         Vxc        Eqp0        Eqp1       Znk
  69    0.560236    0.560236  -16.142624    8.995962   -6.353356  -13.500018  -12.444034   -0.495748   -0.336598    0.849288
  70    0.587417    0.587417  -16.102361    8.856805   -6.226421  -13.471977  -12.260007   -0.624554   -0.443096    0.850279
  71    0.662358    0.662358  -16.259434    8.955410   -6.254722  -13.558747  -12.317802   -0.578586   -0.392712    0.850215
  72    0.756603    0.756603  -16.252907    9.060641   -6.317396  -13.509662  -12.309661   -0.443397   -0.261848    0.848709
  73    0.767644    0.767644  -16.387926    9.025259   -6.424730  -13.787397  -12.745487   -0.274266   -0.120726    0.852636
  74    0.774379    0.774379  -16.407558    8.989410   -6.323145  -13.741293  -12.541037   -0.425877   -0.246876    0.850864
  75    0.917161    0.917161  -16.212020    8.845136   -6.222651  -13.589536  -12.375618   -0.296756   -0.120170    0.854532
  76    0.975281    0.975281  -16.543064    9.147205   -6.431682  -13.827542  -12.731560   -0.120701    0.043929    0.849788
  77    1.014174    1.014174  -16.344037    8.890248   -6.258498  -13.712286  -12.532773   -0.165339    0.004958    0.855621
  78    1.115719    1.115719  -16.466428    9.004569   -6.371464  -13.833323  -12.749534    0.031930    0.191200    0.853043
  79    1.145021    1.145021  -16.459724    9.016040   -6.352316  -13.796000  -12.665074    0.014095    0.177555    0.855464
  80    1.174923    1.174923  -16.466179    8.978800   -6.296711  -13.784091  -12.592485   -0.016684    0.157242    0.854041
  81    1.484468    1.484468  -16.094594    8.648778   -6.434404  -13.880221  -13.004528    0.608776    0.734658    0.856248
  82    1.500160    1.500160  -16.036364    8.628688   -6.467240  -13.874916  -13.053040    0.678285    0.795457    0.857434
  83    5.695132    5.695132   -6.824697    3.915936   -6.072786   -8.981547  -10.123958    6.837542    6.686561    0.867840
  84    5.739237    5.739237   -6.564274    3.772057   -5.954761   -8.746978   -9.907168    6.899427    6.747901    0.869395
  85    5.897958    5.897958   -6.634768    3.795659   -5.973035   -8.812144  -10.010487    7.096301    6.940508    0.869993
  86    6.068662    6.068662   -6.873822    3.957746   -6.076903   -8.992980  -10.224285    7.299967    7.138445    0.868821
  87    6.412758    6.412758   -7.475590    4.423783   -6.565253   -9.617060  -10.969529    7.765226    7.580602    0.863491
  88    6.474809    6.474809   -7.239438    4.293703   -6.426230   -9.371965  -10.663325    7.766170    7.592697    0.865667
  89    7.216916    7.216916   -4.776896    2.486360   -5.283680   -7.574216   -9.137073    8.779773    8.581675    0.873246
  90    7.317501    7.317501   -6.076964    3.309155   -6.142431   -8.910239  -11.019360    9.426621    9.144641    0.866304
  91    7.465537    7.465537   -6.269639    3.411909   -6.221141   -9.078871  -11.231467    9.618133    9.327643    0.865051
  92    7.846220    7.846220   -5.143620    2.713432   -5.451378   -7.881565   -9.557218    9.521872    9.305558    0.870908
  93    8.092304    8.092304   -4.775880    2.572318   -5.363668   -7.567230   -9.261779    9.786853    9.569749    0.871880
  94    8.271443    8.271443   -4.217917    2.239527   -5.064087   -7.042478   -8.582784    9.811749    9.618846    0.874763

       k = -0.000000  0.250000  0.250000 ik =   5 spin = 1

   n         Emf          Eo           X        SX-X          CH         Sig         Vxc        Eqp0        Eqp1       Znk
  69    0.592301    0.592301  -16.190139    9.106525   -6.406691  -13.490306  -12.467926   -0.430080   -0.273635    0.846980
  70    0.608720    0.608720  -16.181818    8.945848   -6.283381  -13.519350  -12.335616   -0.575015   -0.397547    0.850078
  71    0.659000    0.659000  -16.222422    9.070639   -6.367083  -13.518866  -12.409715   -0.450150   -0.281345    0.847807
  72    0.722216    0.722216  -16.610040    9.098067   -6.469744  -13.981717  -12.901132   -0.358370   -0.198427    0.851985
  73    0.762409    0.762409  -16.161544    8.988022   -6.296104  -13.469626  -12.292116   -0.415101   -0.238487    0.850011
  74    0.868715    0.868715  -16.967347    9.199685   -6.567867  -14.335529  -13.312596   -0.154218   -0.003141    0.852311
  75    0.949963    0.949963  -16.408612    9.082201   -6.336799  -13.663209  -12.487465   -0.225781   -0.048121    0.848896
  76    1.037188    1.037188  -16.192022    8.882792   -6.293930  -13.603160  -12.462454   -0.103518    0.061906    0.854981
  77    1.058275    1.058275  -16.345580    8.943548   -6.326089  -13.728121  -12.598607   -0.071238    0.095894    0.852031
  78    1.085224    1.085224  -16.587109    8.980954   -6.303724  -13.909879  -12.764343   -0.060312    0.102762    0.857644
  79    1.114253    1.114253  -16.715141    9.022847   -6.347093  -14.039386  -12.920412   -0.004721    0.154892    0.857357
  80    1.168902    1.168902  -16.444370    8.980155   -6.302667  -13.766882  -12.584754   -0.013225    0.160162    0.853326
  81    1.305847    1.305847  -16.013507    8.665799   -6.398609  -13.746316  -12.839098    0.398629    0.529098    0.856188
  82    1.354528    1.354528  -16.077241    8.687024   -6.401029  -13.791246  -12.875402    0.438684    0.570948    0.855582
  83    5.853913    5.853913   -6.349247    3.624469   -5.865113   -8.589891   -9.750747    7.014769    6.865339    0.871276
  84    5.991799    5.991799   -6.532197    3.736966   -5.960433   -8.755664   -9.978013    7.214148    7.055742    0.870409
  85    6.179132    6.179132   -6.655149    3.826395   -6.014784   -8.843539  -10.088494    7.424087    7.261636    0.869513
  86    6.321346    6.321346   -7.013031    4.068987   -6.198006   -9.142050  -10.434278    7.613575    7.442431    0.867559
  87    6.788872    6.788872   -5.053496    2.681812   -5.453144   -7.824829   -9.370621    8.334664    8.137767    0.872624
  88    7.146514    7.146514   -5.726243    3.096682   -5.884976   -8.514537  -10.375513    9.007490    8.763134    0.868695
  89    7.281223    7.281223   -6.060060    3.325981   -6.086175   -8.820254  -10.782510    9.243478    8.982108    0.866801
  90    7.480665    7.480665   -6.936111    4.216025   -6.649452   -9.369538  -10.875721    8.986849    8.776722    0.860490
  91    7.635686    7.635686   -6.885192    4.168053   -6.623976   -9.341115  -10.925821    9.220392    8.998250    0.859821
  92    7.662531    7.662531   -4.951926    2.623146   -5.372009   -7.700788   -9.280959    9.242701    9.040706    0.872169
  93    8.046786    8.046786   -5.089472    2.794265   -5.544584   -7.839791   -9.524147    9.731143    9.513199    0.870607
  94    8.253536    8.253536   -4.782106    2.570701   -5.365547   -7.576953   -9.330449   10.007033    9.783209    0.872356

       k =  0.000000  0.250000  0.500000 ik =   6 spin = 1

   n         Emf          Eo           X        SX-X          CH         Sig         Vxc        Eqp0        Eqp1       Znk
  69    0.582126    0.582126  -16.224389    8.989760   -6.341095  -13.575725  -12.485575   -0.508025   -0.344159    0.849685
  70    0.620321    0.620321  -16.103690    8.869784   -6.229709  -13.463615  -12.270207   -0.573087   -0.395097    0.850856
  71    0.665258    0.665258  -16.245378    8.921061   -6.286568  -13.610886  -12.440382   -0.505246   -0.330467    0.850680
  72    0.726148    0.726148  -16.476194    9.241655   -6.456686  -13.691225  -12.572962   -0.392115   -0.220512    0.846545
  73    0.773188    0.773188  -16.439368    9.006135   -6.394507  -13.827741  -12.719354   -0.335199   -0.171095    0.851943
  74    0.844807    0.844807  -16.393768    9.078451   -6.373370  -13.688687  -12.542489   -0.301391   -0.129844    0.850333
  75    0.944189    0.944189  -16.337546    8.904344   -6.272897  -13.706100  -12.525357   -0.236554   -0.064777    0.854518
  76    0.992936    0.992936  -16.389842    8.987670   -6.298100  -13.700272  -12.524102   -0.183235   -0.010544    0.853175
  77    1.026709    1.026709  -16.380674    8.950790   -6.279291  -13.709175  -12.530193   -0.152273    0.020102    0.853793
  78    1.081782    1.081782  -16.408481    8.968073   -6.291105  -13.731513  -12.554298   -0.095433    0.075551    0.854755
  79    1.111562    1.111562  -16.456455    8.995591   -6.363956  -13.824821  -12.726230    0.012971    0.173872    0.853539
  80    1.163815    1.163815  -16.440155    8.980300   -6.306611  -13.766466  -12.587037   -0.015614    0.156391    0.854163
  81    1.432531    1.432531  -16.010319    8.607907   -6.423857  -13.826270  -12.954696    0.560958    0.686052    0.856473
  82    1.526404    1.526404  -16.004141    8.606171   -6.463624  -13.861594  -13.043182    0.707993    0.824711    0.857385
  83    5.721528    5.721528   -6.522100    3.741817   -5.921754   -8.702036   -9.824171    6.843663    6.697651    0.869880
  84    5.757705    5.757705   -7.000905    4.031012   -6.162398   -9.132291  -10.294189    6.919602    6.765003    0.866943
  85    5.936108    5.936108   -6.684938    3.837265   -6.001474   -8.849147  -10.045768    7.132730    6.976729    0.869632
  86    6.039722    6.039722   -6.833471    3.928760   -6.062706   -8.967417  -10.197141    7.269445    7.108356    0.869004
  87    6.356401    6.356401   -7.267541    4.282644   -6.458312   -9.443210  -10.774212    7.687403    7.506698    0.864234
  88    6.487601    6.487601   -7.287272    4.324117   -6.441742   -9.404898  -10.724350    7.807053    7.629528    0.865455
  89    7.051998    7.051998   -5.470274    2.913821   -5.733827   -8.290280  -10.127064    8.888783    8.649728    0.869852
  90    7.459175    7.459175   -6.058820    3.282031   -6.106812   -8.883601  -10.971467    9.547042    9.267628    0.866173
  91    7.505617    7.505617   -5.158976    2.747056   -5.541619   -7.953539   -9.755578    9.307656    9.075528    0.871186
  92    7.890625    7.890625   -5.256457    2.804172   -5.552833   -8.005118   -9.729584    9.615091    9.391310    0.870232
  93    8.013849    8.013849   -5.056779    2.721185   -5.511105   -7.846699   -9.619519    9.786670    9.557584    0.870779
  94    8.212670    8.212670   -4.561337    2.421842   -5.258223   -7.397718   -9.069631    9.884583    9.672178    0.872957

       k =  0.000000  0.250000  0.750000 ik =   7 spin = 1

   n         Emf          Eo           X        SX-X          CH         Sig         Vxc        Eqp0        Eqp1       Znk
  69    0.577833    0.577833  -16.171909    8.963585   -6.360243  -13.568567  -12.493493   -0.497242   -0.336357    0.850350
  70    0.649078    0.649078  -16.220665    8.970217   -6.361346  -13.611794  -12.547552   -0.415163   -0.256251    0.850681
  71    0.704401    0.704401  -16.281788    8.920507   -6.289429  -13.650710  -12.465238   -0.481071   -0.304666    0.851194
  72    0.750426    0.750426  -16.404528    9.184564   -6.442624  -13.662588  -12.546490   -0.365672   -0.195229    0.847287
  73    0.782883    0.782883  -16.409944    9.152439   -6.412773  -13.670279  -12.536315   -0.351080   -0.178608    0.847903
  74    0.812176    0.812176  -16.357568    9.004868   -6.301137  -13.653837  -12.445035   -0.396627   -0.214957    0.849711
  75    0.947483    0.947483  -16.311498    8.941689   -6.296707  -13.666515  -12.513523   -0.205510   -0.037526    0.854306
  76    0.983004    0.983004  -16.378276    8.956164   -6.294768  -13.716880  -12.555900   -0.177976   -0.008174    0.853743
  77    1.021508    1.021508  -16.415263    8.976092   -6.288390  -13.727560  -12.550800   -0.155253    0.018581    0.852278
  78    1.050688    1.050688  -16.449582    8.996242   -6.303843  -13.757183  -12.586525   -0.119970    0.053674    0.851670
  79    1.147495    1.147495  -16.407948    8.960383   -6.287934  -13.735498  -12.546065   -0.041938    0.130352    0.855149
  80    1.163269    1.163269  -16.428136    8.983207   -6.311138  -13.756068  -12.586135   -0.006664    0.161992    0.855841
  81    1.814347    1.814347  -15.823261    8.437762   -6.562170  -13.947669  -13.298244    1.164922    1.257245    0.857839
  82    1.846821    1.846821  -15.837699    8.442657   -6.561059  -13.956101  -13.304931    1.195652    1.288176    0.857911
  83    4.594234    4.594234   -7.080135    4.178696   -6.180337   -9.081776   -9.987664    5.500122    5.381314    0.868849
  84    4.612958    4.612958   -7.139014    4.216273   -6.205878   -9.128619  -10.040512    5.524851    5.405078    0.868655
  85    5.840525    5.840525   -6.784477    3.902175   -6.006175   -8.888477  -10.062820    7.014869    6.861765    0.869626
  86    5.879723    5.879723   -6.841484    3.940341   -6.039858   -8.941001  -10.142522    7.081244    6.924185    0.869283
  87    5.989904    5.989904   -6.970383    4.064749   -6.136452   -9.042086  -10.240115    7.187933    7.030418    0.868522
  88    6.002071    6.002071   -6.994069    4.061718   -6.134291   -9.066643  -10.283214    7.218642    7.058603    0.868450
  89    7.454719    7.454719   -6.005676    3.205157   -6.072989   -8.873508  -11.066652    9.647863    9.354588    0.866276
  90    7.602439    7.602439   -5.924178    3.180832   -6.066033   -8.809380  -11.062392    9.855451    9.553912    0.866162
  91    7.893322    7.893322   -4.736194    2.499036   -5.317461   -7.554619   -9.251760    9.590462    9.373881    0.872385
  92    8.001065    8.001065   -4.680801    2.416050   -5.250629   -7.515380   -9.226073    9.711757    9.493953    0.872681
  93    8.191304    8.191304   -4.469254    2.381107   -5.204605   -7.292751   -8.971296    9.869848    9.656853    0.873107
  94    8.272852    8.272852   -4.618828    2.434799   -5.277233   -7.461261   -9.204862   10.016453    9.794805    0.872879

       k =  0.000000  0.500000  0.000000 ik =   8 spin = 1

   n         Emf          Eo           X        SX-X          CH         Sig         Vxc        Eqp0        Eqp1       Znk
  69    0.586614    0.586614  -16.159206    8.937149   -6.322246  -13.544302  -12.433101   -0.524588   -0.358540    0.850570
  70    0.586614    0.586614  -16.159206    8.937149   -6.322246  -13.544302  -12.433101   -0.524587   -0.358540    0.850570
  71    0.747399    0.747399  -16.377144    9.033815   -6.377254  -13.720583  -12.580212   -0.392972   -0.221911    0.849995
  72    0.747402    0.747402  -16.377144    9.033815   -6.377254  -13.720583  -12.580212   -0.392969   -0.221908    0.849995
  73    0.794411    0.794411  -16.382696    9.115160   -6.369189  -13.636726  -12.470361   -0.371954   -0.194544    0.847895
  74    0.794415    0.794415  -16.382696    9.115160   -6.369189  -13.636726  -12.470361   -0.371950   -0.194540    0.847895
  75    0.969714    0.969714  -16.306906    8.947453   -6.306823  -13.666275  -12.531668   -0.164893   -0.001015    0.855563
  76    0.969721    0.969721  -16.306906    8.947453   -6.306823  -13.666275  -12.531668   -0.164886   -0.001007    0.855563
  77    1.022850    1.022850  -16.450307    8.981438   -6.280979  -13.749848  -12.544319   -0.182679   -0.002382    0.850442
  78    1.022852    1.022852  -16.450307    8.981438   -6.280979  -13.749848  -12.544319   -0.182676   -0.002380    0.850442
  79    1.168697    1.168697  -16.444777    8.994044   -6.323893  -13.774627  -12.619675    0.013745    0.180823    0.855338
  80    1.168704    1.168704  -16.444777    8.994044   -6.323893  -13.774627  -12.619675    0.013753    0.180830    0.855338
  81    1.838562    1.838562  -15.848668    8.454273   -6.568432  -13.962826  -13.309915    1.185650    1.278501    0.857790
  82    1.838565    1.838565  -15.848668    8.454273   -6.568432  -13.962826  -13.309915    1.185654    1.278504    0.857790
  83    4.600883    4.600883   -7.101120    4.197644   -6.195479   -9.098954  -10.006545    5.508473    5.389319    0.868713
  84    4.600888    4.600888   -7.101120    4.197644   -6.195479   -9.098954  -10.006545    5.508478    5.389323    0.868713
  85    5.834350    5.834350   -6.764747    3.892595   -6.004188   -8.876340  -10.058494    7.016504    6.862416    0.869654
  86    5.834352    5.834352   -6.764747    3.892595   -6.004188   -8.876340  -10.058494    7.016506    6.862417    0.869654
  87    6.003509    6.003509   -6.965504    4.062147   -6.135327   -9.038684  -10.240897    7.205722    7.047644    0.868511
  88    6.003510    6.003510   -6.965504    4.062147   -6.135327   -9.038684  -10.240897    7.205723    7.047645    0.868511
  89    7.559137    7.559137   -6.117223    3.279311   -6.153743   -8.991656  -11.262756    9.830237    9.524411    0.865340
  90    7.559139    7.559139   -6.117223    3.279311   -6.153743   -8.991656  -11.262756    9.830240    9.524414    0.865340
  91    8.022949    8.022949   -4.809212    2.568377   -5.378097   -7.618933   -9.364278    9.768295    9.544577    0.871820
  92    8.022949    8.022949   -4.809212    2.568377   -5.378097   -7.618933   -9.364278    9.768295    9.544577    0.871820
  93    8.185704    8.185704   -4.608543    2.377918   -5.222211   -7.452837   -9.190815    9.923682    9.702353    0.872652
  94    8.185705    8.185705   -4.608543    2.377918   -5.222211   -7.452837   -9.190815    9.923683    9.702355    0.872652

       k = -0.000000  0.500000  0.250000 ik =   9 spin = 1

   n         Emf          Eo           X        SX-X          CH         Sig         Vxc        Eqp0        Eqp1       Znk
  69    0.559020    0.559020  -16.141106    8.886731   -6.259289  -13.513664  -12.335574   -0.619069   -0.443184    0.850703
  70    0.590442    0.590442  -16.146976    8.980506   -6.331099  -13.497570  -12.415560   -0.491568   -0.328691    0.849468
  71    0.694567    0.694567  -16.291131    8.955660   -6.307615  -13.643087  -12.473993   -0.474526   -0.300334    0.851002
  72    0.733533    0.733533  -16.478786    9.207964   -6.455552  -13.726375  -12.623183   -0.369659   -0.201274    0.847366
  73    0.771028    0.771028  -16.384325    8.973213   -6.342876  -13.753987  -12.595924   -0.387034   -0.215274    0.851683
  74    0.856348    0.856348  -16.343299    8.984203   -6.302624  -13.661720  -12.474292   -0.331080   -0.154912    0.851639
  75    0.931597    0.931597  -16.388442    8.995615   -6.351211  -13.744038  -12.608765   -0.203677   -0.036995    0.853179
  76    0.960743    0.960743  -16.389327    9.021552   -6.307533  -13.675308  -12.492479   -0.222086   -0.045799    0.850962
  77    1.005980    1.005980  -16.300609    8.869812   -6.248699  -13.679496  -12.493895   -0.179621   -0.008887    0.855994
  78    1.096905    1.096905  -16.360888    8.943180   -6.296607  -13.714316  -12.556823   -0.060588    0.106820    0.855370
  79    1.113149    1.113149  -16.521547    9.037594   -6.370480  -13.854433  -12.756603    0.015319    0.176575    0.853114
  80    1.161735    1.161735  -16.452637    8.982440   -6.309201  -13.779398  -12.604739   -0.012924    0.158856    0.853762
  81    1.472380    1.472380  -16.095501    8.656848   -6.437400  -13.876054  -13.001646    0.597972    0.723582    0.856349
  82    1.534949    1.534949  -16.037275    8.626278   -6.472564  -13.883560  -13.066966    0.718355    0.834766    0.857444
  83    5.696959    5.696959   -6.641635    3.804196   -5.977620   -8.815059   -9.946456    6.828356    6.680288    0.869128
  84    5.752522    5.752522   -6.771732    3.893140   -6.048299   -8.926891  -10.084859    6.910490    6.758045    0.868352
  85    5.932270    5.932270   -6.651889    3.810471   -5.991358   -8.832777  -10.040172    7.139665    6.982239    0.869615
  86    6.005593    6.005593   -6.754070    3.894863   -6.035196   -8.894402  -10.086610    7.197800    7.041902    0.869236
  87    6.378165    6.378165   -7.319284    4.318539   -6.482347   -9.483092  -10.815305    7.710377    7.529484    0.864216
  88    6.483837    6.483837   -7.287221    4.322628   -6.444836   -9.409430  -10.721556    7.795963    7.619382    0.865424
  89    7.222604    7.222604   -5.771103    3.088207   -5.917243   -8.600139  -10.536705    9.159170    8.903375    0.867913
  90    7.340069    7.340069   -5.924271    3.209214   -6.013589   -8.728646  -10.761551    9.372973    9.102988    0.867192
  91    7.541401    7.541401   -5.222011    2.792315   -5.571655   -8.001351   -9.805152    9.345202    9.112052    0.870745
  92    7.908116    7.908116   -5.082105    2.730030   -5.437443   -7.789519   -9.400970    9.519568    9.312134    0.871275
  93    7.941460    7.941460   -5.075256    2.692935   -5.521454   -7.903775   -9.719942    9.757627    9.522227    0.870386
  94    8.234085    8.234085   -4.414686    2.316501   -5.167463   -7.265648   -8.912220    9.880657    9.673174    0.873991

       k =  0.000000  0.500000  0.500000 ik =  10 spin = 1

   n         Emf          Eo           X        SX-X          CH         Sig         Vxc        Eqp0        Eqp1       Znk
  69    0.574641    0.574641  -16.037605    8.872371   -6.297887  -13.463121  -12.341861   -0.546619   -0.380089    0.851479
  70    0.612221    0.612221  -16.231981    9.136995   -6.429205  -13.524191  -12.518196   -0.393774   -0.239562    0.846706
  71    0.651069    0.651069  -16.315719    9.140691   -6.353388  -13.528416  -12.337733   -0.539614   -0.356786    0.846451
  72    0.728384    0.728384  -16.632160    9.060563   -6.431737  -14.003335  -12.893856   -0.381095   -0.217784    0.852804
  73    0.833930    0.833930  -16.368258    9.156360   -6.404887  -13.616785  -12.502935   -0.279919   -0.110251    0.847674
  74    0.850191    0.850191  -16.888193    9.191097   -6.557138  -14.254234  -13.222795   -0.181247   -0.028685    0.852088
  75    0.956637    0.956637  -16.292277    8.969559   -6.306665  -13.629383  -12.487212   -0.185534   -0.016810    0.852278
  76    0.991401    0.991401  -16.110630    8.807026   -6.224713  -13.528317  -12.327216   -0.209700   -0.035578    0.855032
  77    1.049067    1.049067  -16.442631    8.997500   -6.323251  -13.768382  -12.607863   -0.111451    0.061946    0.850587
  78    1.084285    1.084285  -16.586862    8.991132   -6.315003  -13.910732  -12.771908   -0.054539    0.107825    0.857429
  79    1.122106    1.122106  -16.749154    9.036986   -6.362620  -14.074788  -12.964340    0.011659    0.170260    0.857174
  80    1.154673    1.154673  -16.410185    8.969181   -6.313752  -13.754756  -12.592696   -0.007387    0.163548    0.852903
  81    1.344469    1.344469  -16.137946    8.733068   -6.404385  -13.809262  -12.870438    0.405645    0.541365    0.855436
  82    1.382181    1.382181  -16.062369    8.687254   -6.434599  -13.809715  -12.937307    0.509773    0.634809    0.856678
  83    5.785964    5.785964   -6.226298    3.544507   -5.805415   -8.487205   -9.615868    6.914626    6.770018    0.871877
  84    6.048201    6.048201   -6.470981    3.704210   -5.957117   -8.723888   -9.951684    7.275997    7.116747    0.870296
  85    6.079444    6.079444   -6.542128    3.760352   -5.946710   -8.728485   -9.924569    7.275527    7.120649    0.870512
  86    6.384278    6.384278   -7.115259    4.155314   -6.266177   -9.226122  -10.522237    7.680393    7.507427    0.866550
  87    6.853485    6.853485   -5.255930    2.803845   -5.622060   -8.074144   -9.722992    8.502333    8.289710    0.871048
  88    7.091275    7.091275   -6.081909    3.355796   -6.038138   -8.764252  -10.628596    8.955620    8.708828    0.867625
  89    7.376003    7.376003   -5.236707    2.780364   -5.582504   -8.038847   -9.884173    9.221330    8.982809    0.870743
  90    7.480135    7.480135   -6.921249    4.209902   -6.649327   -9.360674  -10.861067    8.980528    8.771083    0.860406
  91    7.660497    7.660497   -7.029129    4.275556   -6.724687   -9.478261  -11.068542    9.250778    9.025945    0.858621
  92    7.745455    7.745455   -5.151988    2.717605   -5.500069   -7.934452   -9.660228    9.471230    9.247853    0.870564
  93    7.841611    7.841611   -5.425367    2.951448   -5.671267   -8.145186   -9.881327    9.577752    9.351456    0.869656
  94    8.254884    8.254884   -4.556568    2.473600   -5.253415   -7.336383   -8.987712    9.906213    9.697216    0.873437

       k =  0.250000  0.250000  0.250000 ik =  11 spin = 1

   n         Emf          Eo           X        SX-X          CH         Sig         Vxc        Eqp0        Eqp1       Znk
  69    0.606143    0.606143  -16.187099    9.081208   -6.395471  -13.501362  -12.472528   -0.422691   -0.265568    0.847281
  70    0.625876    0.625876  -16.351463    9.192958   -6.376738  -13.535243  -12.360364   -0.549003   -0.367390    0.845420
  71    0.673228    0.673228  -16.156559    8.980366   -6.404396  -13.580590  -12.588982   -0.318380   -0.169774    0.850137
  72    0.720099    0.720099  -16.118751    8.980922   -6.255255  -13.393084  -12.164041   -0.508944   -0.324417    0.849861
  73    0.759832    0.759832  -16.580622    9.078739   -6.443903  -13.945786  -12.847864   -0.338090   -0.176279    0.852620
  74    0.816227    0.816227  -16.950439    9.177637   -6.551463  -14.324264  -13.289838   -0.218200   -0.065281    0.852170
  75    1.006679    1.006679  -16.410739    9.067118   -6.330008  -13.673629  -12.490081   -0.176869    0.000387    0.850233
  76    1.043870    1.043870  -16.433170    8.985296   -6.326435  -13.774309  -12.628776   -0.101664    0.069320    0.850739
  77    1.064219    1.064219  -16.512512    8.946228   -6.269616  -13.835900  -12.667976   -0.103705    0.062389    0.857787
  78    1.069855    1.069855  -16.279549    8.932179   -6.262091  -13.609462  -12.393968   -0.145639    0.029676    0.855766
  79    1.145602    1.145602  -16.809631    9.078749   -6.404366  -14.135248  -13.051939    0.062293    0.217498    0.856731
  80    1.168644    1.168644  -16.445151    8.992770   -6.305247  -13.757628  -12.568084   -0.020900    0.153794    0.853142
  81    1.239470    1.239470  -15.900092    8.578167   -6.371450  -13.693375  -12.792739    0.338833    0.468907    0.855575
  82    1.343232    1.343232  -15.936209    8.609749   -6.409637  -13.736096  -12.873778    0.480914    0.604617    0.856546
  83    5.869088    5.869088   -6.330754    3.636705   -5.866239   -8.560288   -9.665951    6.974751    6.832408    0.871260
  84    6.030266    6.030266   -6.686976    3.823255   -6.023368   -8.887090  -10.135382    7.278558    7.116027    0.869797
  85    6.247813    6.247813   -6.956749    4.008101   -6.149568   -9.098216  -10.387678    7.537276    7.367770    0.868546
  86    6.301627    6.301627   -6.881860    3.984756   -6.135298   -9.032402  -10.311920    7.581144    7.411792    0.867644
  87    6.594874    6.594874   -5.098518    2.715671   -5.503174   -7.886022   -9.475396    8.184248    7.981809    0.872630
  88    7.255944    7.255944   -5.077135    2.656257   -5.452113   -7.872991   -9.613359    8.996312    8.773684    0.872080
  89    7.384881    7.384881   -6.275445    3.478569   -6.261205   -9.058081  -11.090411    9.417211    9.143555    0.865349
  90    7.479768    7.479768   -6.919571    4.207100   -6.644528   -9.357000  -10.859658    8.982427    8.772778    0.860481
  91    7.659064    7.659064   -7.023432    4.270661   -6.717708   -9.470479  -11.061789    9.250373    9.025538    0.858711
  92    7.666834    7.666834   -5.024207    2.649262   -5.416181   -7.791126   -9.444279    9.319987    9.107720    0.871599
  93    7.907898    7.907898   -4.577119    2.505976   -5.271070   -7.342213   -8.795706    9.361392    9.177371    0.873394
  94    8.063583    8.063583   -5.866001    3.203992   -5.995846   -8.657855  -10.746142   10.151870    9.873270    0.866589

       k =  0.250000  0.250000  0.500000 ik =  12 spin = 1

   n         Emf          Eo           X        SX-X          CH         Sig         Vxc        Eqp0        Eqp1       Znk
  69    0.596830    0.596830  -16.317850    8.884173   -6.232446  -13.666123  -12.410802   -0.658491   -0.471677    0.851183
  70    0.631402    0.631402  -16.245482    9.064324   -6.424466  -13.605623  -12.611236   -0.362985   -0.212859    0.849027
  71    0.661371    0.661371  -16.205821    9.001437   -6.385159  -13.589544  -12.551094   -0.377079   -0.221974    0.850638
  72    0.739245    0.739245  -16.515957    9.257739   -6.472132  -13.730350  -12.619748   -0.371356   -0.201022    0.846629
  73    0.808055    0.808055  -16.360539    8.927744   -6.272241  -13.705036  -12.478349   -0.418632   -0.236155    0.851244
  74    0.843128    0.843128  -16.449120    9.162731   -6.436288  -13.722678  -12.608261   -0.271288   -0.103296    0.849255
  75    0.929802    0.929802  -16.332540    8.885564   -6.236006  -13.682982  -12.460739   -0.292441   -0.113264    0.853403
  76    1.005278    1.005278  -16.374112    8.933275   -6.285892  -13.726729  -12.576901   -0.144550    0.021874    0.855262
  77    1.056981    1.056981  -16.382653    8.991518   -6.290827  -13.681963  -12.476417   -0.148565    0.028810    0.852868
  78    1.065320    1.065320  -16.464612    9.006678   -6.315970  -13.773904  -12.635176   -0.073408    0.091737    0.854974
  79    1.119279    1.119279  -16.445408    8.980352   -6.302506  -13.767562  -12.586812   -0.061471    0.108883    0.855724
  80    1.154184    1.154184  -16.476437    8.990724   -6.300942  -13.786655  -12.594272   -0.038199    0.137404    0.852730
  81    1.371158    1.371158  -15.851504    8.504886   -6.405303  -13.751921  -12.900081    0.519318    0.641460    0.856613
  82    1.523785    1.523785  -15.944856    8.572466   -6.460309  -13.832698  -13.025182    0.716268    0.831279    0.857574
  83    5.733712    5.733712   -6.802421    3.912146   -6.064265   -8.954540  -10.090794    6.869966    6.720002    0.868018
  84    5.801927    5.801927   -6.847024    3.952874   -6.094604   -8.988754  -10.146488    6.959662    6.806592    0.867785
  85    5.961994    5.961994   -6.746642    3.880394   -6.019041   -8.885289  -10.083110    7.159816    7.003665    0.869638
  86    6.055454    6.055454   -6.888975    3.945771   -6.076066   -9.019271  -10.278540    7.314723    7.149552    0.868836
  87    6.352573    6.352573   -7.229031    4.259957   -6.440584   -9.409659  -10.736709    7.679623    7.499703    0.864421
  88    6.455851    6.455851   -7.206233    4.267269   -6.401797   -9.340760  -10.635034    7.750125    7.576346    0.865732
  89    6.960577    6.960577   -5.530257    2.941143   -5.762892   -8.352006  -10.205095    8.813666    8.572094    0.869638
  90    7.572316    7.572316   -4.722240    2.475165   -5.270939   -7.518013   -9.149941    9.204244    8.997566    0.873353
  91    7.599718    7.599718   -6.289061    3.423408   -6.300839   -9.166493  -11.454789    9.888015    9.577396    0.864258
  92    7.809483    7.809483   -5.073909    2.708819   -5.450151   -7.815241   -9.434744    9.428986    9.220670    0.871371
  93    8.003566    8.003566   -5.549473    3.044208   -5.777120   -8.282385  -10.177699    9.898880    9.650232    0.868809
  94    8.041454    8.041454   -4.338915    2.295365   -5.130187   -7.173737   -8.698739    9.566456    9.374644    0.874222

       k =  0.250000  0.250000  0.750000 ik =  13 spin = 1

   n         Emf          Eo           X        SX-X          CH         Sig         Vxc        Eqp0        Eqp1       Znk
  69    0.594011    0.594011  -16.267218    9.149005   -6.576046  -13.694259  -12.812092   -0.288156   -0.154286    0.848249
  70    0.648944    0.648944  -16.169961    8.795833   -6.136717  -13.510845  -12.181334   -0.680567   -0.483991    0.852144
  71    0.699053    0.699053  -16.278613    9.021570   -6.416286  -13.673328  -12.664700   -0.309575   -0.158310    0.850029
  72    0.753898    0.753898  -16.381090    9.220279   -6.443428  -13.604239  -12.483445   -0.366896   -0.194666    0.846332
  73    0.782199    0.782199  -16.502850    9.233119   -6.480751  -13.750483  -12.649462   -0.318821   -0.150557    0.847174
  74    0.802378    0.802378  -16.285223    8.891690   -6.250503  -13.644036  -12.413687   -0.427971   -0.245765    0.851907
  75    0.989306    0.989306  -16.315908    8.967166   -6.312913  -13.661655  -12.532380   -0.139968    0.023922    0.854872
  76    1.004730    1.004730  -16.405838    8.958939   -6.319184  -13.766083  -12.636853   -0.124500    0.038908    0.855292
  77    1.006590    1.006590  -16.452726    8.972629   -6.262432  -13.742528  -12.518810   -0.217128   -0.033739    0.850138
  78    1.038238    1.038238  -16.450289    9.015078   -6.316533  -13.751744  -12.590361   -0.123145    0.050170    0.850768
  79    1.134655    1.134655  -16.382898    8.939001   -6.261787  -13.705684  -12.485876   -0.085153    0.091445    0.855224
  80    1.158066    1.158066  -16.415647    8.975139   -6.295925  -13.736433  -12.544284   -0.034084    0.137326    0.856218
  81    1.806555    1.806555  -15.825052    8.439284   -6.565681  -13.951450  -13.303128    1.158233    1.250406    0.857828
  82    1.843747    1.843747  -15.819980    8.433625   -6.561031  -13.947386  -13.294656    1.191017    1.283767    0.857904
  83    4.589787    4.589787   -7.068157    4.174039   -6.178270   -9.072387   -9.976713    5.494112    5.375544    0.868888
  84    4.613260    4.613260   -7.139365    4.219597   -6.208354   -9.128121  -10.040659    5.525799    5.405943    0.868657
  85    5.870879    5.870879   -6.853609    3.944953   -6.034667   -8.943323  -10.122077    7.049632    6.895662    0.869378
  86    5.940496    5.940496   -6.868152    4.005180   -6.098303   -8.961275  -10.154599    7.133820    6.977500    0.869005
  87    5.955548    5.955548   -6.986574    4.008581   -6.088871   -9.066864  -10.310452    7.199136    7.035771    0.868634
  88    5.973950    5.973950   -6.959026    4.066818   -6.141945   -9.034153  -10.235267    7.175065    7.017161    0.868536
  89    7.462055    7.462055   -6.124270    3.277265   -6.135144   -8.982148  -11.178622    9.658529    9.363312    0.865595
  90    7.639804    7.639804   -5.883036    3.165392   -6.059571   -8.777214  -11.053360    9.915951    9.611240    0.866129
  91    7.772047    7.772047   -4.507166    2.358189   -5.186990   -7.335967   -8.932907    9.368987    9.167180    0.873629
  92    7.982705    7.982705   -4.548448    2.324407   -5.173847   -7.397888   -9.090214    9.675031    9.460396    0.873172
  93    8.183464    8.183464   -4.598986    2.491048   -5.288929   -7.396867   -9.081402    9.868000    9.653749    0.872813
  94    8.283410    8.283410   -4.496656    2.365758   -5.198466   -7.329364   -9.046627   10.000672    9.783261    0.873397

       k =  0.250000  0.500000  0.500000 ik =  14 spin = 1

   n         Emf          Eo           X        SX-X          CH         Sig         Vxc        Eqp0        Eqp1       Znk
  69    0.594062    0.594062  -16.196788    9.066423   -6.336490  -13.466854  -12.316255   -0.556537   -0.380671    0.847153
  70    0.627994    0.627994  -16.180212    9.057865   -6.353478  -13.475825  -12.395121   -0.452711   -0.287927    0.847522
  71    0.653419    0.653419  -16.172484    8.969402   -6.258751  -13.461833  -12.238748   -0.569665   -0.384586    0.848678
  72    0.721014    0.721014  -16.696371    9.089029   -6.464129  -14.071471  -12.983644   -0.366813   -0.206178    0.852334
  73    0.816950    0.816950  -16.746894    9.125858   -6.490011  -14.111047  -13.039923   -0.254173   -0.096412    0.852714
  74    0.817628    0.817628  -16.340661    9.112744   -6.374215  -13.602132  -12.472175   -0.312328   -0.141101    0.848466
  75    0.935341    0.935341  -16.277762    8.910037   -6.240622  -13.608347  -12.394110   -0.278896   -0.099362    0.852143
  76    1.021267    1.021267  -16.192894    8.863210   -6.262114  -13.591798  -12.414985   -0.155546    0.015653    0.854523
  77    1.036420    1.036420  -16.358623    8.996335   -6.313069  -13.675357  -12.502959   -0.135978    0.037404    0.852114
  78    1.057627    1.057627  -16.499294    8.938181   -6.264027  -13.825140  -12.654996   -0.112517    0.053527    0.858099
  79    1.156748    1.156748  -16.841825    9.096914   -6.422678  -14.167588  -13.095938    0.085098    0.238780    0.856593
  80    1.174012    1.174012  -16.487432    9.012257   -6.325404  -13.800579  -12.631712    0.005144    0.178095    0.852036
  81    1.288944    1.288944  -16.041434    8.670183   -6.384397  -13.755648  -12.823031    0.356327    0.491161    0.855424
  82    1.370998    1.370998  -15.989259    8.640443   -6.423615  -13.772432  -12.910736    0.509301    0.632692    0.856805
  83    5.891064    5.891064   -6.403800    3.665869   -5.892239   -8.630169   -9.780710    7.041605    6.893263    0.871068
  84    6.077784    6.077784   -6.566660    3.757935   -5.989911   -8.798636  -10.045749    7.324898    7.162810    0.870030
  85    6.108855    6.108855   -6.638762    3.813451   -5.991275   -8.816586  -10.037473    7.329742    7.171077    0.870041
  86    6.304226    6.304226   -6.905417    4.011862   -6.147546   -9.041101  -10.312611    7.575736    7.407756    0.867890
  87    6.681486    6.681486   -5.434076    2.907965   -5.686133   -8.212244   -9.867297    8.336540    8.122571    0.870718
  88    7.346586    7.346586   -6.068502    3.333578   -6.111946   -8.846871  -10.838027    9.337743    9.071973    0.866525
  89    7.435299    7.435299   -4.911580    2.597639   -5.363046   -7.676986   -9.347731    9.106044    8.892943    0.872452
  90    7.497740    7.497740   -6.986665    4.251464   -6.682462   -9.417662  -10.927178    9.007256    8.796169    0.860162
  91    7.641648    7.641648   -5.001480    2.685877   -5.416464   -7.732067   -9.261911    9.171492    8.975581    0.871940
  92    7.664278    7.664278   -7.052818    4.292667   -6.733301   -9.493452  -11.090289    9.261115    9.035411    0.858656
  93    7.757481    7.757481   -5.361975    2.877831   -5.657229   -8.141373   -9.933347    9.549455    9.316037    0.869742
  94    7.984108    7.984108   -4.997204    2.672488   -5.474109   -7.798825   -9.588153    9.773436    9.542961    0.871194

       k =  0.250000  0.500000  0.750000 ik =  15 spin = 1

   n         Emf          Eo           X        SX-X          CH         Sig         Vxc        Eqp0        Eqp1       Znk
  69    0.552287    0.552287  -16.189381    8.886124   -6.255192  -13.558450  -12.357185   -0.648978   -0.469853    0.850886
  70    0.626428    0.626428  -16.226029    9.055184   -6.405138  -13.575983  -12.560525   -0.389030   -0.235700    0.849005
  71    0.681927    0.681927  -16.365793    9.018068   -6.406210  -13.753935  -12.686449   -0.385559   -0.226779    0.851258
  72    0.742767    0.742767  -16.519527    9.254596   -6.475788  -13.740719  -12.640286   -0.357666   -0.188954    0.846686
  73    0.842967    0.842967  -16.438447    9.018723   -6.330211  -13.749934  -12.560022   -0.346945   -0.168905    0.850375
  74    0.858827    0.858827  -16.261932    8.868363   -6.202171  -13.595740  -12.331475   -0.405438   -0.218272    0.851957
  75    0.891771    0.891771  -16.448004    9.113802   -6.404230  -13.738432  -12.613642   -0.233019   -0.064452    0.850135
  76    0.964551    0.964551  -16.296089    8.910626   -6.259442  -13.644905  -12.457693   -0.222661   -0.049849    0.854439
  77    1.015135    1.015135  -16.299477    8.878362   -6.251385  -13.672500  -12.490198   -0.167167    0.002299    0.856664
  78    1.103240    1.103240  -16.405279    8.989336   -6.310509  -13.726452  -12.561122   -0.062090    0.106777    0.855090
  79    1.113371    1.113371  -16.470780    8.996153   -6.333073  -13.807699  -12.680644   -0.013684    0.149921    0.854839
  80    1.150898    1.150898  -16.500020    9.000180   -6.307730  -13.807570  -12.620517   -0.036155    0.139591    0.851947
  81    1.418122    1.418122  -15.995557    8.594982   -6.422075  -13.822650  -12.954466    0.549937    0.674542    0.856476
  82    1.534383    1.534383  -15.977260    8.590453   -6.466124  -13.852931  -13.043662    0.725114    0.840365    0.857587
  83    5.717231    5.717231   -6.859488    3.937898   -6.084987   -9.006577  -10.150550    6.861204    6.709923    0.867758
  84    5.790974    5.790974   -6.692473    3.856926   -6.016390   -8.851937  -10.011491    6.950528    6.798351    0.868762
  85    5.983182    5.983182   -6.729849    3.885897   -6.020675   -8.864627  -10.046586    7.165141    7.010885    0.869491
  86    5.987646    5.987646   -6.739192    3.847628   -6.016026   -8.907590  -10.150958    7.231014    7.068658    0.869423
  87    6.391775    6.391775   -7.382581    4.365272   -6.514770   -9.532080  -10.874390    7.734084    7.551527    0.863998
  88    6.435228    6.435228   -7.114107    4.196181   -6.356409   -9.274336  -10.556670    7.717563    7.545995    0.866207
  89    7.065089    7.065089   -5.823627    3.126076   -5.924575   -8.622126  -10.537708    8.980671    8.727869    0.868028
  90    7.536266    7.536266   -5.965553    3.232368   -6.091635   -8.824820  -10.991392    9.702839    9.413326    0.866373
  91    7.724510    7.724510   -4.791865    2.518192   -5.349979   -7.623652   -9.318884    9.419742    9.203236    0.872285
  92    7.744225    7.744225   -5.239268    2.796476   -5.553780   -7.996572   -9.762195    9.509849    9.281166    0.870481
  93    7.841156    7.841156   -4.971504    2.698898   -5.409624   -7.682229   -9.214871    9.373797    9.177227    0.871744
  94    8.143078    8.143078   -4.458054    2.350916   -5.185998   -7.293136   -8.918674    9.768616    9.564128    0.874203

       k =  0.250000  0.750000  0.250000 ik =  16 spin = 1

   n         Emf          Eo           X        SX-X          CH         Sig         Vxc        Eqp0        Eqp1       Znk
  69    0.604070    0.604070  -16.183478    8.938999   -6.329293  -13.573771  -12.477827   -0.491874   -0.328699    0.851111
  70    0.604071    0.604071  -16.183478    8.938999   -6.329293  -13.573771  -12.477827   -0.491873   -0.328698    0.851111
  71    0.744986    0.744986  -16.384688    9.072820   -6.390658  -13.702526  -12.557573   -0.399966   -0.227278    0.849175
  72    0.744989    0.744989  -16.384688    9.072820   -6.390658  -13.702526  -12.557573   -0.399964   -0.227276    0.849175
  73    0.790681    0.790681  -16.353869    9.078326   -6.339531  -13.615075  -12.431090   -0.393304   -0.213676    0.848286
  74    0.790685    0.790685  -16.353869    9.078326   -6.339531  -13.615075  -12.431090   -0.393300   -0.213673    0.848286
  75    0.947013    0.947013  -16.331143    8.943125   -6.295990  -13.684008  -12.521837   -0.215158   -0.045396    0.853927
  76    0.947017    0.947017  -16.331143    8.943125   -6.295990  -13.684008  -12.521837   -0.215154   -0.045392    0.853927
  77    1.047896    1.047896  -16.436724    8.992583   -6.300934  -13.745075  -12.574717   -0.122462    0.050575    0.852150
  78    1.047899    1.047899  -16.436724    8.992583   -6.300934  -13.745075  -12.574717   -0.122459    0.050578    0.852150
  79    1.155827    1.155827  -16.417197    8.978895   -6.315514  -13.753817  -12.588912   -0.009078    0.159473    0.855310
  80    1.155835    1.155835  -16.417197    8.978895   -6.315514  -13.753817  -12.588912   -0.009070    0.159480    0.855310
  81    1.836675    1.836675  -15.843400    8.455233   -6.570312  -13.958479  -13.305945    1.184140    1.276979    0.857726
  82    1.836678    1.836678  -15.843400    8.455233   -6.570312  -13.958479  -13.305945    1.184144    1.276982    0.857726
  83    4.605941    4.605941   -7.116634    4.211228   -6.207061   -9.112466  -10.020695    5.514170    5.394793    0.868561
  84    4.605945    4.605945   -7.116634    4.211228   -6.207061   -9.112466  -10.020695    5.514174    5.394797    0.868561
  85    5.824440    5.824440   -6.747117    3.882019   -5.993830   -8.858928  -10.035178    7.000690    6.847414    0.869691
  86    5.824441    5.824441   -6.747117    3.882019   -5.993830   -8.858928  -10.035178    7.000691    6.847415    0.869691
  87    6.018707    6.018707   -7.017139    4.092659   -6.159979   -9.084459  -10.289898    7.224145    7.065264    0.868196
  88    6.018708    6.018708   -7.017139    4.092659   -6.159979   -9.084459  -10.289898    7.224146    7.065265    0.868196
  89    7.506009    7.506009   -5.939374    3.173502   -6.049985   -8.815857  -11.039479    9.729630    9.432943    0.866575
  90    7.506011    7.506011   -5.939374    3.173502   -6.049985   -8.815857  -11.039479    9.729633    9.432946    0.866575
  91    8.049748    8.049748   -4.938927    2.601564   -5.400434   -7.737797   -9.527027    9.838978    9.608958    0.871442
  92    8.049750    8.049750   -4.938927    2.601564   -5.400434   -7.737797   -9.527027    9.838979    9.608959    0.871442
  93    8.229154    8.229154   -4.642904    2.436745   -5.303515   -7.509674   -9.259198    9.978678    9.755272    0.872304
  94    8.229156    8.229156   -4.642904    2.436745   -5.303515   -7.509674   -9.259198    9.978681    9.755274    0.872304

       k =  0.250000  0.750000  0.750000 ik =  17 spin = 1

   n         Emf          Eo           X        SX-X          CH         Sig         Vxc        Eqp0        Eqp1       Znk
  69    0.584587    0.584587  -16.223728    9.134506   -6.365175  -13.454397  -12.322148   -0.547662   -0.373185    0.845903
  70    0.621055    0.621055  -16.299987    9.136715   -6.393821  -13.557092  -12.481204   -0.454833   -0.289907    0.846707
  71    0.656741    0.656741  -16.116237    8.924246   -6.248793  -13.440784  -12.238028   -0.546015   -0.364339    0.848950
  72    0.686472    0.686472  -16.608103    9.093728   -6.473433  -13.987808  -12.908548   -0.392788   -0.232639    0.851612
  73    0.772446    0.772446  -16.036682    8.823759   -6.170023  -13.382947  -12.103346   -0.507155   -0.318219    0.852347
  74    0.859824    0.859824  -16.852649    9.164093   -6.527824  -14.216380  -13.167501   -0.189055   -0.034465    0.852614
  75    0.912148    0.912148  -16.462799    9.163640   -6.399878  -13.699038  -12.575803   -0.211087   -0.039865    0.847564
  76    1.019125    1.019125  -16.164649    8.887200   -6.285250  -13.562699  -12.413654   -0.129920    0.036594    0.855085
  77    1.026839    1.026839  -16.274760    8.893551   -6.306857  -13.688065  -12.557764   -0.103463    0.063240    0.852515
  78    1.069680    1.069680  -16.543498    8.955501   -6.280957  -13.868954  -12.709717   -0.089556    0.075151    0.857918
  79    1.135199    1.135199  -16.780323    9.065330   -6.389801  -14.104794  -13.011133    0.041538    0.198084    0.856861
  80    1.181340    1.181340  -16.507168    9.016778   -6.324512  -13.814901  -12.642416    0.008855    0.182218    0.852141
  81    1.351940    1.351940  -16.151032    8.735325   -6.408129  -13.823836  -12.890040    0.418144    0.553441    0.855111
  82    1.367511    1.367511  -16.038997    8.674839   -6.421865  -13.786023  -12.901358    0.482846    0.609645    0.856670
  83    5.931710    5.931710   -6.503255    3.735791   -5.945526   -8.712990   -9.903337    7.122057    6.968077    0.870643
  84    5.931904    5.931904   -6.349016    3.599980   -5.865422   -8.614457   -9.832072    7.149518    6.992669    0.871183
  85    6.206606    6.206606   -6.848920    3.978533   -6.122273   -8.992660  -10.216424    7.430371    7.270002    0.868955
  86    6.213594    6.213594   -6.574592    3.782016   -5.984573   -8.777149  -10.025194    7.461640    7.298380    0.869188
  87    6.851117    6.851117   -5.280277    2.804325   -5.620879   -8.096831   -9.724919    8.479206    8.269079    0.870936
  88    7.264139    7.264139   -6.011605    3.284424   -6.113977   -8.841158  -10.888154    9.311136    9.038203    0.866667
  89    7.283571    7.283571   -5.841774    3.217159   -5.854521   -8.479136  -10.243221    9.047656    8.815801    0.868569
  90    7.500050    7.500050   -7.018782    4.276580   -6.708313   -9.450515  -10.957783    9.007319    8.796089    0.859860
  91    7.638612    7.638612   -6.887826    4.172548   -6.630361   -9.345639  -10.929093    9.222065    8.999869    0.859677
  92    7.644651    7.644651   -4.838824    2.583700   -5.308310   -7.563433   -9.029841    9.111059    8.924599    0.872846
  93    7.922557    7.922557   -5.086270    2.727328   -5.490958   -7.849900   -9.569089    9.641746    9.419855    0.870933
  94    8.190208    8.190208   -4.826527    2.562405   -5.346766   -7.610887   -9.403053    9.982373    9.752703    0.871847

       k =  0.500000  0.500000  0.500000 ik =  18 spin = 1

   n         Emf          Eo           X        SX-X          CH         Sig         Vxc        Eqp0        Eqp1       Znk
  69    0.584036    0.584036  -16.236556    9.184090   -6.359510  -13.411977  -12.222366   -0.605574   -0.420993    0.844839
  70    0.644459    0.644459  -16.277206    9.175035   -6.464875  -13.567046  -12.587144   -0.335444   -0.185129    0.846603
  71    0.696364    0.696364  -16.730749    9.115663   -6.503118  -14.118203  -13.053410   -0.368428   -0.210306    0.851500
  72    0.777204    0.777204  -16.246558    8.906687   -6.199574  -13.539444  -12.273096   -0.489144   -0.298082    0.849124
  73    0.780661    0.780661  -16.312601    9.124843   -6.378894  -13.566652  -12.429037   -0.356954   -0.185013    0.848858
  74    0.789596    0.789596  -16.576984    9.056467   -6.416944  -13.937460  -12.817688   -0.330176   -0.165947    0.853336
  75    0.899441    0.899441  -16.288965    8.904156   -6.234692  -13.619501  -12.390789   -0.329271   -0.146213    0.851016
  76    1.039227    1.039227  -16.275173    8.922071   -6.242695  -13.595797  -12.365692   -0.190878   -0.012902    0.855317
  77    1.044508    1.044508  -16.458274    8.924536   -6.250738  -13.784476  -12.603425   -0.136543    0.030974    0.858163
  78    1.052031    1.052031  -16.310086    8.998649   -6.293669  -13.605105  -12.392267   -0.160807    0.016972    0.853419
  79    1.176958    1.176958  -16.892048    9.131343   -6.456675  -14.217379  -13.164267    0.123846    0.275178    0.856300
  80    1.185866    1.185866  -16.532733    9.040257   -6.338842  -13.831318  -12.661129    0.015676    0.189536    0.851426
  81    1.220832    1.220832  -15.872233    8.555148   -6.375517  -13.692603  -12.793435    0.321665    0.451615    0.855477
  82    1.354318    1.354318  -15.900970    8.594698   -6.421757  -13.728030  -12.882412    0.508700    0.629716    0.856891
  83    6.053921    6.053921   -6.798141    3.950272   -6.107198   -8.955067  -10.146321    7.245175    7.089207    0.869072
  84    6.116987    6.116987   -6.753198    3.907664   -6.060466   -8.905999  -10.124119    7.335107    7.176312    0.869639
  85    6.158567    6.158567   -6.451936    3.710470   -5.924210   -8.665676   -9.882788    7.375679    7.217217    0.869805
  86    6.162929    6.162929   -6.838390    3.896294   -6.086704   -9.028799  -10.332025    7.466155    7.295303    0.868901
  87    6.590610    6.590610   -5.442619    2.905739   -5.687145   -8.224025   -9.896371    8.262956    8.046735    0.870708
  88    7.401476    7.401476   -4.241036    2.238224   -5.018683   -7.021495   -8.306040    8.686020    8.526463    0.875787
  89    7.516096    7.516096   -7.057796    4.306034   -6.741409   -9.493172  -10.999084    9.022009    8.810344    0.859444
  90    7.541315    7.541315   -6.424033    3.506823   -6.403119   -9.320328  -11.638268    9.859255    9.542956    0.863543
  91    7.577161    7.577161   -4.576092    2.385117   -5.137038   -7.328012   -8.838764    9.087913    8.898642    0.874718
  92    7.668542    7.668542   -7.084916    4.320090   -6.763683   -9.528509  -11.119711    9.259745    9.034065    0.858170
  93    7.737772    7.737772   -5.691100    3.176587   -5.823758   -8.338271  -10.062052    9.461553    9.235513    0.868869
  94    7.826967    7.826967   -5.080442    2.676932   -5.439262   -7.842773   -9.663086    9.647280    9.411895    0.870690


================================================================================

    n = band index.
  Emf = "inner" mean-field energy eigenvalue used to construct Sigma(E),
        read from WFN_inner.
   Eo = "outer" mean-field energy eigenvalue where we center the evaluation
        frequency grid {E} of Sigma(E). Defaults to Emf, unless
        you use WFN_outer and eqp_outer.dat / scissors_outer.
  Vxc = exchange-correlation pot., calculated from VXC or read from vxc.dat.
  KIH = Kinetic energy + Ionic potential + Hartree, read from kih.dat.
    X = bare exchange.
   SX = screened exchange contrib. to Sigma(E) at energy E=Eo
   CH = Coulomb hole contrib. to Sigma(E) at energy E=Eo
  Cor = SX-X + CH = correlation portion of Sigma(E) at energy E=Eo.
  Sig = X + Cor = self energy, Sigma(E), at energy E=Eo.
 Eqp0 = on-shell QP energy = Emf - Vxc + Sig(Eo)
        Eqp0 is *not* the recommended quantity to use for QP properties.
 Eqp1 = off-shell solution to the linearized  Dyson`s equation
      = Eqp0 + (dSig/dE) / (1 - dSig/dE) * (Eqp0 - Eo),
        or a full linear interpolation if more freq. points where computed.
        Eqp1 is the recommended quantity to use for QP properties.
  Znk = quasiparticle renormalization factor

 Notes on the finite_difference_form from sigma.inp file:
   none    : -2 => dSig/dE = 0 (skip the expansion)
   backward: -1 => dSig/dE = (Sig(Eo) - Sig(Eo-dE)) / dE
   central :  0 => dSig/dE = (Sig(Eo+dE) - Sig(Eo-dE)) / (2*dE)
   forward :  1 => dSig/dE = (Sig(Eo+dE) - Sig(Eo)) / dE
   default :  2 => forward for diagonal and none for off-diagonal
   dE is finite_difference_spacing from Sigma.inp file.
   We are using the form #2 with dE = 1.000 eV.

 General notes:
 - All energies are reported here in eV.
 - Both Emf and Vxc contain the average pot. Vxc0, so Vxc0 doesn`t affect Sigma.
 - Eqp1 and Eqp0 are Eqs. (36-37) from Hybertsen & Louie PRB 34 5390.
 - We recommend you use Eqp1 for QP properties of materials.

================================================================================

