
 Output from checkbz on 23-Aug-2023 at 00:32:38 -0700:

Missing point:     0.125000    0.125000    0.125000
Missing point:     0.125000    0.125000    0.375000
Missing point:     0.125000    0.125000    0.625000
Missing point:     0.125000    0.125000    0.875000
Missing point:     0.125000    0.375000    0.125000
Missing point:     0.125000    0.375000    0.375000
Missing point:     0.125000    0.375000    0.625000
Missing point:     0.125000    0.375000    0.875000
Missing point:     0.125000    0.625000    0.125000
Missing point:     0.125000    0.625000    0.375000
Missing point:     0.125000    0.625000    0.625000
Missing point:     0.125000    0.625000    0.875000
Missing point:     0.125000    0.875000    0.125000
Missing point:     0.125000    0.875000    0.375000
Missing point:     0.125000    0.875000    0.625000
Missing point:     0.125000    0.875000    0.875000
Missing point:     0.375000    0.125000    0.125000
Missing point:     0.375000    0.125000    0.375000
Missing point:     0.375000    0.125000    0.625000
Missing point:     0.375000    0.125000    0.875000
Missing point:     0.375000    0.375000    0.125000
Missing point:     0.375000    0.375000    0.375000
Missing point:     0.375000    0.375000    0.625000
Missing point:     0.375000    0.375000    0.875000
Missing point:     0.375000    0.625000    0.125000
Missing point:     0.375000    0.625000    0.375000
Missing point:     0.375000    0.625000    0.625000
Missing point:     0.375000    0.625000    0.875000
Missing point:     0.375000    0.875000    0.125000
Missing point:     0.375000    0.875000    0.375000
Missing point:     0.375000    0.875000    0.625000
Missing point:     0.375000    0.875000    0.875000
Missing point:     0.625000    0.125000    0.125000
Missing point:     0.625000    0.125000    0.375000
Missing point:     0.625000    0.125000    0.625000
Missing point:     0.625000    0.125000    0.875000
Missing point:     0.625000    0.375000    0.125000
Missing point:     0.625000    0.375000    0.375000
Missing point:     0.625000    0.375000    0.625000
Missing point:     0.625000    0.375000    0.875000
Missing point:     0.625000    0.625000    0.125000
Missing point:     0.625000    0.625000    0.375000
Missing point:     0.625000    0.625000    0.625000
Missing point:     0.625000    0.625000    0.875000
Missing point:     0.625000    0.875000    0.125000
Missing point:     0.625000    0.875000    0.375000
Missing point:     0.625000    0.875000    0.625000
Missing point:     0.625000    0.875000    0.875000
Missing point:     0.875000    0.125000    0.125000
Missing point:     0.875000    0.125000    0.375000
Missing point:     0.875000    0.125000    0.625000
Missing point:     0.875000    0.125000    0.875000
Missing point:     0.875000    0.375000    0.125000
Missing point:     0.875000    0.375000    0.375000
Missing point:     0.875000    0.375000    0.625000
Missing point:     0.875000    0.375000    0.875000
Missing point:     0.875000    0.625000    0.125000
Missing point:     0.875000    0.625000    0.375000
Missing point:     0.875000    0.625000    0.625000
Missing point:     0.875000    0.625000    0.875000
Missing point:     0.875000    0.875000    0.125000
Missing point:     0.875000    0.875000    0.375000
Missing point:     0.875000    0.875000    0.625000
Missing point:     0.875000    0.875000    0.875000

--------------------------------------------------------------------------------

