
 BerkeleyGW version 3.0
 Epsilon code, Complex version, run on 30-Aug-2023 at 16:35:43 -0700

                                                                 ..o.          
                                                                .oxxo.         
                                                               .oxxxxo...      
                                                               oxxxxxxo.       
                                                              .oxxxxxxx.       
                                                              .ooooooxxo..     
                                                              .oooooooxo..     
                                                              .oooooxxo...     
                                                       .........oxooo......    
                                                 ............................  
                                             ................................. 
                                          .................................... 
           .          ..oo. ....  .................................oooxxxxxxxo.
     .............oxxxx@ox@@@x@x.....................o...........ooooooooooxx. 
    .o.........oox@x.oo........xxx@@............ooxxxxo..........ooooxxxxxoxo  
    .x........x@xxo...............o@xxo........oxxx@@@xoooooooooooooooxxxo...  
    .o......ox@@o..................oox@o.....ooxxx@xoooxxxxxxxoooooooooooo.... 
    o..ooooo@@xoooo....ooo...........x@o.....ooxxxxo   .oxxxxxxxxxxooooooo.... 
    . .oooo@@@@@@@@@@@@@@@@@@@@@@@@@@@@@@....ooooox.     .oxx@@@@@xxoo........ 
      .ooooxxxxxxxooooooxooooooooooooooxo...oooooxx.        ..ox@xxxoo.........
      .ooooooxxxx@xoooooooooooooxxoooooooooooxxxxx.            .oxxooooooooxxo.
     .oooooxxxxx@@@xxxxxxxxxxxxxxxxxxxxxxxxoxxxxo.                .oxxxxxxxxo. 
   ....oooxxxxx@@@xo..oxxx@@@@@@xxxxoxxoooooooxx.                  .oxxxoo..   
  .....ooxxxx@@xo.       ........    .ooooooooxxo                              
  ..oooxxxx@@@o                       .oooooooxoo.                             
  ....oxooxxxxx.                       .ooo..oooo.                             
  .....o.ooxxxxxo.                     .oooooooxo.                             
 ......ooooxxxxxxo.                     .ooooooxoo..                           
........ooxxxxxxxo..                     .o....oxoo...                         
.......ooooxxxxxxxo.                     ........oooo.                         
.ooooooo..ooxxxxoooo.                    .........ooo...                       
..oxo...ooooxxxoooo..                    .ooo......oooo...                     
  .ooooo....o.                            .oxxxoo....ooo....                   
    .oooooo...                              ...ooooo...ooo..                   
       ...                                     .oo.......                      
                                               ....ooo...                      
                      __              __                                       
 ______              [  |            [  |                 ._____  _          _ 
|_   _ \              | |  _          | |                /  ___ \| |        | |
  | |_) | .---.  _. _.| | / |  .---.  | | .---.  _    _ / /    \_|\ \  /\  / / 
  |  __'./ /__\\[ /`\_| '' <  / /__\\ | |/ /__\\| \  | | |   _____ \ \/  \/ /  
 _| |__| | \__. | |   | |`\ \ | \___. | || \___. \ \/ / \ \.___| |  \  /\  /   
|_______/ \.__./[_]  [__|  \_] \.__./[___]\.__./  \  /   \.____./    \/  \/    
                                                  / /                          
                                                 /_/                           
 --------------------------------------------------------------------------------
 Please cite the main BerkeleyGW paper when using results from this calculation:

 Jack Deslippe, Georgy Samsonidze, David A. Strubbe, Manish Jain, Marvin L.
 Cohen, and Steven G. Louie, "BerkeleyGW: A Massively Parallel Computer Package
 for the Calculation of the Quasiparticle and Optical Properties of Materials
 and Nanostructures," Comput. Phys. Commun. 183, 1269 (2012)

 Aditionally, PLEASE CITE ALL PAPERS REPORTED AT THE END OF THIS CALCULATION.
 --------------------------------------------------------------------------------

 Running MPI version (parallel)
 Running with 56 MPI task(s)
 Using OpenMP. Number of threads per MPI task: 1

 Compilation flags:
 - Compiler: GNU
 - Para. flags: MPI, OMP
 - Math  flags: USESCALAPACK, USEFFTW3, HDF5
 - Debug flags: 

 Running with verbosity level 1 (default).

 We will start a new calculation from scratch.


 We`ll perform a uniform sampling of the full BZ.

 Computing the static inverse dielectric matrix

 We are using matrix communication scheme

 We are communicating via MPI

 We are using no truncation
 Reading header of WFN
WARNING: Inversion symmetry about the origin is present. The real version would be faster.
 Highest occupied band (unshifted grid) = 82
 Valence max    (unshifted grid) = 1.848526 eV
 Conduction min (unshifted grid) = 4.590528 eV
 Middle energy  (unshifted grid) = 3.219527 eV
 Fermi  energy  (unshifted grid) = 3.219527 eV

 Reading header of WFNq
 Highest occupied band (shifted grid) = 82

 Calculation parameters:
 - Cutoff of the dielectric matrix (Ry): 15.00
 - Total number of bands in the calculation: 300
 - Number of fully occupied valence bands: 82
 - Number of partially occ. conduction bands: 0
 - Monkhorst-Pack q-grid for epsilon(q): 4 4 4

 Running with 4 valence pools
 Number of conduction bands per processor: 16
 Number of valence bands per processor: 21

 Memory available: 4320.4 MB per PE
 Memory required for execution: 2544.4 MB per PE
 Memory required for vcoul: .0 MB per PE

 Number of electrons per unit cell (from ifmax) = 164.000000
 Number of electrons per unit cell (from occupations) = 164.000000
 Plasma Frequency = 1.371237 Ry


 Started reading wavefunctions (WFN) with 5100 state(s) at 16:35:44.
 [ 16:35:44 |   0% ] state    1 / 5100.
 [ 16:35:44 |   0% ] state    3 / 5100, remaining: 31 s.
 [ 16:35:45 |  10% ] state  510 / 5100, remaining: 7 s.
 [ 16:35:46 |  20% ] state 1020 / 5100, remaining: 7 s.
 [ 16:35:47 |  30% ] state 1530 / 5100, remaining: 6 s.
 [ 16:35:47 |  40% ] state 2040 / 5100, remaining: 5 s.
 [ 16:35:48 |  50% ] state 2550 / 5100, remaining: 4 s.
 [ 16:35:49 |  60% ] state 3060 / 5100, remaining: 4 s.
 [ 16:35:50 |  70% ] state 3570 / 5100, remaining: 3 s.
 [ 16:35:51 |  80% ] state 4080 / 5100, remaining: 2 s.
 [ 16:35:52 |  90% ] state 4590 / 5100, remaining: 1 s.
 [ 16:35:53 | 100% ] state 5100 / 5100, remaining: 0 s.
 Finished reading wavefunctions (WFN) at 16:35:53.
 Elapsed time: 9 s.

 Initializing eps0mat.h5
 Initializing epsmat.h5
 - Screened Coulomb cutoff: 15.000 Ry
 - Total number of bands: 300
 - Number of q-points: 18

 Scissors parameters:
 - Valence:    es =   0.0000 eV, e0 =   0.0000 eV, edel =   0.0000
 - Conduction: es =   0.0000 eV, e0 =   0.0000 eV, edel =   0.0000

 Q0 and |Q0| =  0.001600  0.000200 -0.000200  0.000500
 Q  and |Q|  =  0.000000  0.000000  0.250000  0.148952
 Q  and |Q|  =  0.000000  0.000000  0.500000  0.297905
 Q  and |Q|  =  0.000000  0.250000  0.000000  0.148766
 Q  and |Q|  =  0.000000  0.250000  0.250000  0.080141
 Q  and |Q|  =  0.000000  0.250000  0.500000  0.187317
 Q  and |Q|  =  0.000000  0.250000  0.750000  0.328825
 Q  and |Q|  =  0.000000  0.500000  0.000000  0.297531
 Q  and |Q|  =  0.000000  0.500000  0.250000  0.186871
 Q  and |Q|  =  0.000000  0.500000  0.500000  0.160282
 Q  and |Q|  =  0.250000  0.250000  0.250000  0.113826
 Q  and |Q|  =  0.250000  0.250000  0.500000  0.219316
 Q  and |Q|  =  0.250000  0.250000  0.750000  0.357234
 Q  and |Q|  =  0.250000  0.500000  0.500000  0.179820
 Q  and |Q|  =  0.250000  0.500000  0.750000  0.271949
 Q  and |Q|  =  0.250000  0.750000  0.250000  0.318561
 Q  and |Q|  =  0.250000  0.750000  0.750000  0.254085
 Q  and |Q|  =  0.500000  0.500000  0.500000  0.227651

 GPU acceleration is : DISABLED

 Algorithms used:
 - mtxel         : CPU_ALGO
 - chi_summation : CPU_ALGO

 You have a slightly shifted q0 vector and a semiconductor.
 So, reading from WFNq.
 Reading header of WFNq
 Highest occupied band (shifted grid) = 82

 Started reading wavefunctions (WFNq) with 5248 state(s) at 16:35:53.
 [ 16:35:53 |   0% ] state    1 / 5248.
 [ 16:35:53 |   0% ] state    3 / 5248, remaining: 37 s.
 [ 16:35:54 |  10% ] state  525 / 5248, remaining: 11 s.
 [ 16:35:55 |  20% ] state 1050 / 5248, remaining: 9 s.
 [ 16:35:56 |  30% ] state 1575 / 5248, remaining: 8 s.
 [ 16:35:57 |  40% ] state 2100 / 5248, remaining: 7 s.
 [ 16:35:59 |  50% ] state 2624 / 5248, remaining: 6 s.
 [ 16:36:00 |  60% ] state 3149 / 5248, remaining: 5 s.
 [ 16:36:01 |  70% ] state 3674 / 5248, remaining: 3 s.
 [ 16:36:02 |  80% ] state 4199 / 5248, remaining: 2 s.
 [ 16:36:03 |  90% ] state 4724 / 5248, remaining: 1 s.
 [ 16:36:04 | 100% ] state 5248 / 5248, remaining: 0 s.
 Finished reading wavefunctions (WFNq) at 16:36:04.
 Elapsed time: 11 s.

 Summary of the WFN files:
 - Number of k-points in WFN: 17
 - Number of k-points in WFNq: 64
 - Number of k-points in the full BZ of WFN: 64

================================================================================
 16:36:04   Dealing with q =  0.001600  0.000200 -0.000200                1 / 18
================================================================================

 This is the special q->0 point.
 Rank of the polarizability matrix (nmtx): 4243

 BLACS processor grid:   7 x   8; BLOCKSIZE =   32

 Number of k-points in the irreducible BZ(q) (nrk): 64

 Started calculation of matrix elements with 1344 transition(s) at 16:36:07.
 [ 16:36:07 |   0% ] transition    1 / 1344.
 [ 16:36:08 |   0% ] transition    3 / 1344, remaining: 651 s.
 [ 16:37:07 |  10% ] transition  135 / 1344, remaining: 545 s.
 [ 16:38:08 |  20% ] transition  269 / 1344, remaining: 486 s.
 [ 16:39:10 |  30% ] transition  404 / 1344, remaining: 427 s.
 [ 16:40:10 |  40% ] transition  538 / 1344, remaining: 366 s.
 [ 16:41:11 |  50% ] transition  673 / 1344, remaining: 304 s.
 [ 16:42:11 |  60% ] transition  807 / 1344, remaining: 243 s.
 [ 16:43:11 |  70% ] transition  941 / 1344, remaining: 182 s.
 [ 16:44:12 |  80% ] transition 1076 / 1344, remaining: 121 s.
 [ 16:45:12 |  90% ] transition 1210 / 1344, remaining: 61 s.
 Finished calculation of matrix elements at 16:46:09.
 Elapsed time: 602 s.

 Preparing simple convergence tests with 218 unoccupied bands.

 Started building polarizability matrix with 56 processor(s) at 16:46:20.
 [ 16:46:20 |   0% ] processor  1 / 56.
 [ 16:46:24 |   4% ] processor  3 / 56, remaining: 108 s.
 [ 16:46:30 |   9% ] processor  6 / 56, remaining: 104 s.
 [ 16:46:42 |  20% ] processor 12 / 56, remaining: 91 s.
 [ 16:46:52 |  29% ] processor 17 / 56, remaining: 79 s.
 [ 16:47:04 |  39% ] processor 23 / 56, remaining: 68 s.
 [ 16:47:14 |  48% ] processor 28 / 56, remaining: 58 s.
 [ 16:47:26 |  59% ] processor 34 / 56, remaining: 46 s.
 [ 16:47:38 |  70% ] processor 40 / 56, remaining: 34 s.
 [ 16:47:48 |  79% ] processor 45 / 56, remaining: 24 s.
 [ 16:48:00 |  89% ] processor 51 / 56, remaining: 12 s.
 [ 16:48:10 |  98% ] processor 56 / 56, remaining: 2 s.
 Finished building polarizability matrix at 16:48:12.
 Elapsed time: 112 s.

 q-pt      1: Head of Epsilon         =    3.897115708773371E+000   0.000000000000000E+000
 q-pt      1: Epsilon(2,2)            =    2.938213394590768E+000   0.000000000000000E+000
 q-pt      1: Head of Epsilon Inverse =    3.138669573967984E-001   5.982170189983496E-021
 q-pt      1: Epsilon Inverse(2,2)    =    4.054166637901493E-001  -1.998468359928115E-021

 For q0 points, you should check the symmetry (eps(G,G') = eps*(-G,-G')) by
 using the eps0sym code. Wavefunction convergence, as well as a finite q-shift
 may cause this property of eps(G,G') to be broken.

 Writing dielectric matrix to file
 Ok

================================================================================
 16:48:15   Dealing with q =  0.000000  0.000000  0.250000                2 / 18
================================================================================

 This is a regular non-zero q-point.
 Rank of the polarizability matrix (nmtx): 4311

 BLACS processor grid:   7 x   8; BLOCKSIZE =   32

 Number of k-points in the irreducible BZ(q) (nrk): 40

 Started calculation of matrix elements with 840 transition(s) at 16:48:16.
 [ 16:48:16 |   0% ] transition   1 / 840.
 [ 16:48:17 |   0% ] transition   3 / 840, remaining: 371 s.
 [ 16:48:53 |  10% ] transition  84 / 840, remaining: 336 s.
 [ 16:49:31 |  20% ] transition 168 / 840, remaining: 300 s.
 [ 16:50:08 |  30% ] transition 252 / 840, remaining: 263 s.
 [ 16:50:46 |  40% ] transition 336 / 840, remaining: 226 s.
 [ 16:51:24 |  50% ] transition 420 / 840, remaining: 189 s.
 [ 16:52:02 |  60% ] transition 504 / 840, remaining: 151 s.
 [ 16:52:40 |  70% ] transition 588 / 840, remaining: 114 s.
 [ 16:53:18 |  80% ] transition 672 / 840, remaining: 76 s.
 [ 16:53:56 |  90% ] transition 756 / 840, remaining: 38 s.
 [ 16:54:31 | 100% ] transition 840 / 840, remaining: 0 s.
 Finished calculation of matrix elements at 16:54:32.
 Elapsed time: 376 s.

 Preparing simple convergence tests with 218 unoccupied bands.

 Started building polarizability matrix with 56 processor(s) at 16:54:40.
 [ 16:54:40 |   0% ] processor  1 / 56.
 [ 16:54:44 |   4% ] processor  3 / 56, remaining: 111 s.
 [ 16:54:51 |   9% ] processor  6 / 56, remaining: 107 s.
 [ 16:55:03 |  20% ] processor 12 / 56, remaining: 93 s.
 [ 16:55:13 |  29% ] processor 17 / 56, remaining: 82 s.
 [ 16:55:25 |  39% ] processor 23 / 56, remaining: 70 s.
 [ 16:55:36 |  48% ] processor 28 / 56, remaining: 59 s.
 [ 16:55:48 |  59% ] processor 34 / 56, remaining: 47 s.
 [ 16:56:00 |  70% ] processor 40 / 56, remaining: 35 s.
 [ 16:56:10 |  79% ] processor 45 / 56, remaining: 24 s.
 [ 16:56:22 |  89% ] processor 51 / 56, remaining: 12 s.
 [ 16:56:32 |  98% ] processor 56 / 56, remaining: 2 s.
 Finished building polarizability matrix at 16:56:33.
 Elapsed time: 113 s.

 q-pt      2: Head of Epsilon         =    3.644780011440987E+000   0.000000000000000E+000
 q-pt      2: Epsilon(2,2)            =    3.022596838864330E+000   0.000000000000000E+000
 q-pt      2: Head of Epsilon Inverse =    3.297490284512345E-001  -3.555584164270905E-023
 q-pt      2: Epsilon Inverse(2,2)    =    3.912703700275368E-001  -8.987834343271491E-023

 Writing dielectric matrix to file
 Ok

================================================================================
 16:56:36   Dealing with q =  0.000000  0.000000  0.500000                3 / 18
================================================================================

 This is a regular non-zero q-point.
 Rank of the polarizability matrix (nmtx): 4316

 BLACS processor grid:   7 x   8; BLOCKSIZE =   32

 Number of k-points in the irreducible BZ(q) (nrk): 22

 Started calculation of matrix elements with 462 transition(s) at 16:56:36.
 [ 16:56:36 |   0% ] transition   1 / 462.
 [ 16:56:37 |   0% ] transition   3 / 462, remaining: 201 s.
 [ 16:56:57 |  10% ] transition  47 / 462, remaining: 188 s.
 [ 16:57:18 |  20% ] transition  93 / 462, remaining: 168 s.
 [ 16:57:39 |  30% ] transition 139 / 462, remaining: 148 s.
 [ 16:58:00 |  40% ] transition 185 / 462, remaining: 127 s.
 [ 16:58:22 |  50% ] transition 232 / 462, remaining: 106 s.
 [ 16:58:43 |  60% ] transition 278 / 462, remaining: 85 s.
 [ 16:59:04 |  70% ] transition 324 / 462, remaining: 64 s.
 [ 16:59:25 |  80% ] transition 370 / 462, remaining: 43 s.
 [ 16:59:46 |  90% ] transition 416 / 462, remaining: 21 s.
 Finished calculation of matrix elements at 17:00:05.
 Elapsed time: 209 s.

 Preparing simple convergence tests with 218 unoccupied bands.

 Started building polarizability matrix with 56 processor(s) at 17:00:08.
 [ 17:00:08 |   0% ] processor  1 / 56.
 [ 17:00:13 |   4% ] processor  3 / 56, remaining: 109 s.
 [ 17:00:19 |   9% ] processor  6 / 56, remaining: 107 s.
 [ 17:00:31 |  20% ] processor 12 / 56, remaining: 93 s.
 [ 17:00:42 |  29% ] processor 17 / 56, remaining: 83 s.
 [ 17:00:54 |  39% ] processor 23 / 56, remaining: 70 s.
 [ 17:01:04 |  48% ] processor 28 / 56, remaining: 60 s.
 [ 17:01:16 |  59% ] processor 34 / 56, remaining: 47 s.
 [ 17:01:28 |  70% ] processor 40 / 56, remaining: 35 s.
 [ 17:01:38 |  79% ] processor 45 / 56, remaining: 24 s.
 [ 17:01:50 |  89% ] processor 51 / 56, remaining: 12 s.
 [ 17:02:00 |  98% ] processor 56 / 56, remaining: 2 s.
 Finished building polarizability matrix at 17:02:02.
 Elapsed time: 114 s.

 q-pt      3: Head of Epsilon         =    3.002564043558556E+000   0.000000000000000E+000
 q-pt      3: Epsilon(2,2)            =    3.002564043558557E+000   0.000000000000000E+000
 q-pt      3: Head of Epsilon Inverse =    3.973269689032800E-001  -6.787019574116599E-023
 q-pt      3: Epsilon Inverse(2,2)    =    3.973269689032799E-001  -8.749212123595550E-024

 Writing dielectric matrix to file
 Ok

================================================================================
 17:02:29   Dealing with q =  0.000000  0.250000  0.000000                4 / 18
================================================================================

 This is a regular non-zero q-point.
 Rank of the polarizability matrix (nmtx): 4311

 BLACS processor grid:   7 x   8; BLOCKSIZE =   32

 Number of k-points in the irreducible BZ(q) (nrk): 40

 Started calculation of matrix elements with 840 transition(s) at 17:02:30.
 [ 17:02:30 |   0% ] transition   1 / 840.
 [ 17:02:31 |   0% ] transition   3 / 840, remaining: 373 s.
 [ 17:03:08 |  10% ] transition  84 / 840, remaining: 342 s.
 [ 17:03:46 |  20% ] transition 168 / 840, remaining: 305 s.
 [ 17:04:25 |  30% ] transition 252 / 840, remaining: 268 s.
 [ 17:05:03 |  40% ] transition 336 / 840, remaining: 230 s.
 [ 17:05:42 |  50% ] transition 420 / 840, remaining: 192 s.
 [ 17:06:20 |  60% ] transition 504 / 840, remaining: 154 s.
 [ 17:06:59 |  70% ] transition 588 / 840, remaining: 116 s.
 [ 17:07:37 |  80% ] transition 672 / 840, remaining: 77 s.
 [ 17:08:15 |  90% ] transition 756 / 840, remaining: 39 s.
 [ 17:08:49 | 100% ] transition 840 / 840, remaining: 0 s.
 Finished calculation of matrix elements at 17:08:50.
 Elapsed time: 379 s.

 Preparing simple convergence tests with 218 unoccupied bands.

 Started building polarizability matrix with 56 processor(s) at 17:08:54.
 [ 17:08:54 |   0% ] processor  1 / 56.
 [ 17:08:59 |   4% ] processor  3 / 56, remaining: 108 s.
 [ 17:09:05 |   9% ] processor  6 / 56, remaining: 107 s.
 [ 17:09:18 |  20% ] processor 12 / 56, remaining: 95 s.
 [ 17:09:28 |  29% ] processor 17 / 56, remaining: 84 s.
 [ 17:09:40 |  39% ] processor 23 / 56, remaining: 70 s.
 [ 17:09:50 |  48% ] processor 28 / 56, remaining: 60 s.
 [ 17:10:02 |  59% ] processor 34 / 56, remaining: 47 s.
 [ 17:10:14 |  70% ] processor 40 / 56, remaining: 35 s.
 [ 17:10:24 |  79% ] processor 45 / 56, remaining: 24 s.
 [ 17:10:36 |  89% ] processor 51 / 56, remaining: 12 s.
 [ 17:10:46 |  98% ] processor 56 / 56, remaining: 2 s.
 Finished building polarizability matrix at 17:10:48.
 Elapsed time: 113 s.

 q-pt      4: Head of Epsilon         =    3.645073362138033E+000   0.000000000000000E+000
 q-pt      4: Epsilon(2,2)            =    3.022933033882219E+000   0.000000000000000E+000
 q-pt      4: Head of Epsilon Inverse =    3.291505134838586E-001  -6.182528843980325E-023
 q-pt      4: Epsilon Inverse(2,2)    =    3.914359657289208E-001  -1.434964492323436E-023

 Writing dielectric matrix to file
 Ok

================================================================================
 17:11:23   Dealing with q =  0.000000  0.250000  0.250000                5 / 18
================================================================================

 This is a regular non-zero q-point.
 Rank of the polarizability matrix (nmtx): 4289

 BLACS processor grid:   7 x   8; BLOCKSIZE =   32

 Number of k-points in the irreducible BZ(q) (nrk): 40

 Started calculation of matrix elements with 840 transition(s) at 17:11:24.
 [ 17:11:24 |   0% ] transition   1 / 840.
 [ 17:11:25 |   0% ] transition   3 / 840, remaining: 378 s.
 [ 17:12:01 |  10% ] transition  84 / 840, remaining: 344 s.
 [ 17:12:40 |  20% ] transition 168 / 840, remaining: 308 s.
 [ 17:13:19 |  30% ] transition 252 / 840, remaining: 270 s.
 [ 17:13:57 |  40% ] transition 336 / 840, remaining: 231 s.
 [ 17:14:35 |  50% ] transition 420 / 840, remaining: 193 s.
 [ 17:15:13 |  60% ] transition 504 / 840, remaining: 154 s.
 [ 17:15:51 |  70% ] transition 588 / 840, remaining: 115 s.
 [ 17:16:30 |  80% ] transition 672 / 840, remaining: 77 s.
 [ 17:17:07 |  90% ] transition 756 / 840, remaining: 39 s.
 [ 17:17:42 | 100% ] transition 840 / 840, remaining: 0 s.
 Finished calculation of matrix elements at 17:17:43.
 Elapsed time: 379 s.

 Preparing simple convergence tests with 218 unoccupied bands.

 Started building polarizability matrix with 56 processor(s) at 17:17:48.
 [ 17:17:48 |   0% ] processor  1 / 56.
 [ 17:17:53 |   4% ] processor  3 / 56, remaining: 108 s.
 [ 17:17:59 |   9% ] processor  6 / 56, remaining: 106 s.
 [ 17:18:11 |  20% ] processor 12 / 56, remaining: 92 s.
 [ 17:18:21 |  29% ] processor 17 / 56, remaining: 80 s.
 [ 17:18:33 |  39% ] processor 23 / 56, remaining: 69 s.
 [ 17:18:43 |  48% ] processor 28 / 56, remaining: 59 s.
 [ 17:18:55 |  59% ] processor 34 / 56, remaining: 46 s.
 [ 17:19:07 |  70% ] processor 40 / 56, remaining: 34 s.
 [ 17:19:17 |  79% ] processor 45 / 56, remaining: 24 s.
 [ 17:19:29 |  89% ] processor 51 / 56, remaining: 12 s.
 [ 17:19:39 |  98% ] processor 56 / 56, remaining: 2 s.
 Finished building polarizability matrix at 17:19:41.
 Elapsed time: 112 s.

 q-pt      5: Head of Epsilon         =    3.648618070402068E+000   0.000000000000000E+000
 q-pt      5: Epsilon(2,2)            =    3.217170041923697E+000   0.000000000000000E+000
 q-pt      5: Head of Epsilon Inverse =    3.407703623197856E-001   1.286782840402804E-022
 q-pt      5: Epsilon Inverse(2,2)    =    3.785500109132600E-001   4.369032286185845E-023

 Writing dielectric matrix to file
 Ok

================================================================================
 17:20:29   Dealing with q =  0.000000  0.250000  0.500000                6 / 18
================================================================================

 This is a regular non-zero q-point.
 Rank of the polarizability matrix (nmtx): 4310

 BLACS processor grid:   7 x   8; BLOCKSIZE =   32

 Number of k-points in the irreducible BZ(q) (nrk): 64

 Started calculation of matrix elements with 1344 transition(s) at 17:20:30.
 [ 17:20:30 |   0% ] transition    1 / 1344.
 [ 17:20:31 |   0% ] transition    3 / 1344, remaining: 605 s.
 [ 17:21:31 |  10% ] transition  135 / 1344, remaining: 543 s.
 [ 17:22:31 |  20% ] transition  269 / 1344, remaining: 484 s.
 [ 17:23:33 |  30% ] transition  404 / 1344, remaining: 426 s.
 [ 17:24:34 |  40% ] transition  538 / 1344, remaining: 366 s.
 [ 17:25:35 |  50% ] transition  673 / 1344, remaining: 304 s.
 [ 17:26:35 |  60% ] transition  807 / 1344, remaining: 243 s.
 [ 17:27:36 |  70% ] transition  941 / 1344, remaining: 183 s.
 [ 17:28:37 |  80% ] transition 1076 / 1344, remaining: 122 s.
 [ 17:29:38 |  90% ] transition 1210 / 1344, remaining: 61 s.
 Finished calculation of matrix elements at 17:30:33.
 Elapsed time: 603 s.

 Preparing simple convergence tests with 218 unoccupied bands.

 Started building polarizability matrix with 56 processor(s) at 17:30:45.
 [ 17:30:45 |   0% ] processor  1 / 56.
 [ 17:30:49 |   4% ] processor  3 / 56, remaining: 112 s.
 [ 17:30:56 |   9% ] processor  6 / 56, remaining: 115 s.
 [ 17:31:09 |  20% ] processor 12 / 56, remaining: 98 s.
 [ 17:31:20 |  29% ] processor 17 / 56, remaining: 87 s.
 [ 17:31:33 |  39% ] processor 23 / 56, remaining: 74 s.
 [ 17:31:43 |  48% ] processor 28 / 56, remaining: 63 s.
 [ 17:31:56 |  59% ] processor 34 / 56, remaining: 49 s.
 [ 17:32:09 |  70% ] processor 40 / 56, remaining: 36 s.
 [ 17:32:19 |  79% ] processor 45 / 56, remaining: 26 s.
 [ 17:32:32 |  89% ] processor 51 / 56, remaining: 13 s.
 [ 17:32:43 |  98% ] processor 56 / 56, remaining: 2 s.
 Finished building polarizability matrix at 17:32:44.
 Elapsed time: 120 s.

 q-pt      6: Head of Epsilon         =    3.508601922260346E+000   0.000000000000000E+000
 q-pt      6: Epsilon(2,2)            =    3.286332440863033E+000   0.000000000000000E+000
 q-pt      6: Head of Epsilon Inverse =    3.429240310947498E-001   2.851188173893717E-023
 q-pt      6: Epsilon Inverse(2,2)    =    3.628475362152912E-001   8.580706385530548E-023

 Writing dielectric matrix to file
 Ok

================================================================================
 17:33:11   Dealing with q =  0.000000  0.250000  0.750000                7 / 18
================================================================================

 This is a regular non-zero q-point.
 Rank of the polarizability matrix (nmtx): 4311

 BLACS processor grid:   7 x   8; BLOCKSIZE =   32

 Number of k-points in the irreducible BZ(q) (nrk): 64

 Started calculation of matrix elements with 1344 transition(s) at 17:33:13.
 [ 17:33:13 |   0% ] transition    1 / 1344.
 [ 17:33:14 |   0% ] transition    3 / 1344, remaining: 609 s.
 [ 17:34:14 |  10% ] transition  135 / 1344, remaining: 553 s.
 [ 17:35:15 |  20% ] transition  269 / 1344, remaining: 491 s.
 [ 17:36:17 |  30% ] transition  404 / 1344, remaining: 430 s.
 [ 17:37:18 |  40% ] transition  538 / 1344, remaining: 368 s.
 [ 17:38:20 |  50% ] transition  673 / 1344, remaining: 307 s.
 [ 17:39:21 |  60% ] transition  807 / 1344, remaining: 245 s.
 [ 17:40:22 |  70% ] transition  941 / 1344, remaining: 184 s.
 [ 17:41:24 |  80% ] transition 1076 / 1344, remaining: 123 s.
 [ 17:42:25 |  90% ] transition 1210 / 1344, remaining: 62 s.
 Finished calculation of matrix elements at 17:43:21.
 Elapsed time: 608 s.

 Preparing simple convergence tests with 218 unoccupied bands.

 Started building polarizability matrix with 56 processor(s) at 17:43:28.
 [ 17:43:28 |   0% ] processor  1 / 56.
 [ 17:43:33 |   4% ] processor  3 / 56, remaining: 115 s.
 [ 17:43:40 |   9% ] processor  6 / 56, remaining: 117 s.
 [ 17:43:52 |  20% ] processor 12 / 56, remaining: 99 s.
 [ 17:44:03 |  29% ] processor 17 / 56, remaining: 88 s.
 [ 17:44:16 |  39% ] processor 23 / 56, remaining: 74 s.
 [ 17:44:27 |  48% ] processor 28 / 56, remaining: 63 s.
 [ 17:44:39 |  59% ] processor 34 / 56, remaining: 50 s.
 [ 17:44:52 |  70% ] processor 40 / 56, remaining: 36 s.
 [ 17:45:02 |  79% ] processor 45 / 56, remaining: 26 s.
 [ 17:45:15 |  89% ] processor 51 / 56, remaining: 13 s.
 [ 17:45:26 |  98% ] processor 56 / 56, remaining: 2 s.
 Finished building polarizability matrix at 17:45:27.
 Elapsed time: 119 s.

 q-pt      7: Head of Epsilon         =    3.019817972162094E+000   0.000000000000000E+000
 q-pt      7: Epsilon(2,2)            =    2.930702811570153E+000   0.000000000000000E+000
 q-pt      7: Head of Epsilon Inverse =    3.954687185302966E-001  -5.689330481681252E-023
 q-pt      7: Epsilon Inverse(2,2)    =    4.044415990410931E-001  -2.993359841676269E-023

 Writing dielectric matrix to file
 Ok

================================================================================
 17:45:57   Dealing with q =  0.000000  0.500000  0.000000                8 / 18
================================================================================

 This is a regular non-zero q-point.
 Rank of the polarizability matrix (nmtx): 4324

 BLACS processor grid:   7 x   8; BLOCKSIZE =   32

 Number of k-points in the irreducible BZ(q) (nrk): 22

 Started calculation of matrix elements with 462 transition(s) at 17:45:58.
 [ 17:45:58 |   0% ] transition   1 / 462.
 [ 17:45:59 |   0% ] transition   3 / 462, remaining: 206 s.
 [ 17:46:19 |  10% ] transition  47 / 462, remaining: 188 s.
 [ 17:46:39 |  20% ] transition  93 / 462, remaining: 167 s.
 [ 17:47:00 |  30% ] transition 139 / 462, remaining: 147 s.
 [ 17:47:21 |  40% ] transition 185 / 462, remaining: 126 s.
 [ 17:47:43 |  50% ] transition 232 / 462, remaining: 105 s.
 [ 17:48:03 |  60% ] transition 278 / 462, remaining: 84 s.
 [ 17:48:24 |  70% ] transition 324 / 462, remaining: 63 s.
 [ 17:48:45 |  80% ] transition 370 / 462, remaining: 42 s.
 [ 17:49:06 |  90% ] transition 416 / 462, remaining: 21 s.
 Finished calculation of matrix elements at 17:49:25.
 Elapsed time: 207 s.

 Preparing simple convergence tests with 218 unoccupied bands.

 Started building polarizability matrix with 56 processor(s) at 17:49:29.
 [ 17:49:29 |   0% ] processor  1 / 56.
 [ 17:49:34 |   4% ] processor  3 / 56, remaining: 109 s.
 [ 17:49:40 |   9% ] processor  6 / 56, remaining: 107 s.
 [ 17:49:53 |  20% ] processor 12 / 56, remaining: 94 s.
 [ 17:50:03 |  29% ] processor 17 / 56, remaining: 84 s.
 [ 17:50:15 |  39% ] processor 23 / 56, remaining: 71 s.
 [ 17:50:26 |  48% ] processor 28 / 56, remaining: 60 s.
 [ 17:50:38 |  59% ] processor 34 / 56, remaining: 47 s.
 [ 17:50:50 |  70% ] processor 40 / 56, remaining: 35 s.
 [ 17:51:00 |  79% ] processor 45 / 56, remaining: 25 s.
 [ 17:51:12 |  89% ] processor 51 / 56, remaining: 12 s.
 [ 17:51:22 |  98% ] processor 56 / 56, remaining: 2 s.
 Finished building polarizability matrix at 17:51:24.
 Elapsed time: 115 s.

 q-pt      8: Head of Epsilon         =    3.000604036311424E+000   0.000000000000000E+000
 q-pt      8: Epsilon(2,2)            =    3.000604036311424E+000   0.000000000000000E+000
 q-pt      8: Head of Epsilon Inverse =    3.968450373416762E-001  -4.180695886911489E-023
 q-pt      8: Epsilon Inverse(2,2)    =    3.968450373416761E-001  -2.736804604814119E-023

 Writing dielectric matrix to file
 Ok

================================================================================
 17:51:26   Dealing with q =  0.000000  0.500000  0.250000                9 / 18
================================================================================

 This is a regular non-zero q-point.
 Rank of the polarizability matrix (nmtx): 4311

 BLACS processor grid:   7 x   8; BLOCKSIZE =   32

 Number of k-points in the irreducible BZ(q) (nrk): 64

 Started calculation of matrix elements with 1344 transition(s) at 17:51:27.
 [ 17:51:27 |   0% ] transition    1 / 1344.
 [ 17:51:28 |   0% ] transition    3 / 1344, remaining: 601 s.
 [ 17:52:29 |  10% ] transition  135 / 1344, remaining: 552 s.
 [ 17:53:30 |  20% ] transition  269 / 1344, remaining: 491 s.
 [ 17:54:31 |  30% ] transition  404 / 1344, remaining: 429 s.
 [ 17:55:32 |  40% ] transition  538 / 1344, remaining: 368 s.
 [ 17:56:34 |  50% ] transition  673 / 1344, remaining: 307 s.
 [ 17:57:36 |  60% ] transition  807 / 1344, remaining: 246 s.
 [ 17:58:38 |  70% ] transition  941 / 1344, remaining: 185 s.
 [ 17:59:39 |  80% ] transition 1076 / 1344, remaining: 123 s.
 [ 18:00:40 |  90% ] transition 1210 / 1344, remaining: 62 s.
 Finished calculation of matrix elements at 18:01:36.
 Elapsed time: 608 s.

 Preparing simple convergence tests with 218 unoccupied bands.

 Started building polarizability matrix with 56 processor(s) at 18:01:42.
 [ 18:01:42 |   0% ] processor  1 / 56.
 [ 18:01:46 |   4% ] processor  3 / 56, remaining: 107 s.
 [ 18:01:53 |   9% ] processor  6 / 56, remaining: 115 s.
 [ 18:02:06 |  20% ] processor 12 / 56, remaining: 99 s.
 [ 18:02:17 |  29% ] processor 17 / 56, remaining: 87 s.
 [ 18:02:30 |  39% ] processor 23 / 56, remaining: 74 s.
 [ 18:02:41 |  48% ] processor 28 / 56, remaining: 63 s.
 [ 18:02:53 |  59% ] processor 34 / 56, remaining: 50 s.
 [ 18:03:06 |  70% ] processor 40 / 56, remaining: 37 s.
 [ 18:03:17 |  79% ] processor 45 / 56, remaining: 26 s.
 [ 18:03:29 |  89% ] processor 51 / 56, remaining: 13 s.
 [ 18:03:40 |  98% ] processor 56 / 56, remaining: 2 s.
 Finished building polarizability matrix at 18:03:41.
 Elapsed time: 120 s.

 q-pt      9: Head of Epsilon         =    3.508309789038333E+000   0.000000000000000E+000
 q-pt      9: Epsilon(2,2)            =    3.287120247403282E+000   0.000000000000000E+000
 q-pt      9: Head of Epsilon Inverse =    3.419089695499327E-001   9.063443821137667E-024
 q-pt      9: Epsilon Inverse(2,2)    =    3.635950227049706E-001   4.318141291468227E-023

 Writing dielectric matrix to file
 Ok

================================================================================
 18:04:00   Dealing with q =  0.000000  0.500000  0.500000               10 / 18
================================================================================

 This is a regular non-zero q-point.
 Rank of the polarizability matrix (nmtx): 4280

 BLACS processor grid:   7 x   8; BLOCKSIZE =   32

 Number of k-points in the irreducible BZ(q) (nrk): 22

 Started calculation of matrix elements with 462 transition(s) at 18:04:00.
 [ 18:04:00 |   0% ] transition   1 / 462.
 [ 18:04:01 |   0% ] transition   3 / 462, remaining: 206 s.
 [ 18:04:21 |  10% ] transition  47 / 462, remaining: 187 s.
 [ 18:04:42 |  20% ] transition  93 / 462, remaining: 166 s.
 [ 18:05:02 |  30% ] transition 139 / 462, remaining: 146 s.
 [ 18:05:23 |  40% ] transition 185 / 462, remaining: 126 s.
 [ 18:05:45 |  50% ] transition 232 / 462, remaining: 104 s.
 [ 18:06:05 |  60% ] transition 278 / 462, remaining: 83 s.
 [ 18:06:26 |  70% ] transition 324 / 462, remaining: 63 s.
 [ 18:06:47 |  80% ] transition 370 / 462, remaining: 42 s.
 [ 18:07:07 |  90% ] transition 416 / 462, remaining: 21 s.
 Finished calculation of matrix elements at 18:07:27.
 Elapsed time: 207 s.

 Preparing simple convergence tests with 218 unoccupied bands.

 Started building polarizability matrix with 56 processor(s) at 18:07:32.
 [ 18:07:32 |   0% ] processor  1 / 56.
 [ 18:07:36 |   4% ] processor  3 / 56, remaining: 108 s.
 [ 18:07:43 |   9% ] processor  6 / 56, remaining: 105 s.
 [ 18:07:55 |  20% ] processor 12 / 56, remaining: 91 s.
 [ 18:08:04 |  29% ] processor 17 / 56, remaining: 80 s.
 [ 18:08:17 |  39% ] processor 23 / 56, remaining: 69 s.
 [ 18:08:27 |  48% ] processor 28 / 56, remaining: 58 s.
 [ 18:08:39 |  59% ] processor 34 / 56, remaining: 46 s.
 [ 18:08:51 |  70% ] processor 40 / 56, remaining: 34 s.
 [ 18:09:01 |  79% ] processor 45 / 56, remaining: 24 s.
 [ 18:09:12 |  89% ] processor 51 / 56, remaining: 12 s.
 [ 18:09:22 |  98% ] processor 56 / 56, remaining: 2 s.
 Finished building polarizability matrix at 18:09:24.
 Elapsed time: 112 s.

 q-pt     10: Head of Epsilon         =    3.469503120298723E+000   0.000000000000000E+000
 q-pt     10: Epsilon(2,2)            =    3.469503120298724E+000   0.000000000000000E+000
 q-pt     10: Head of Epsilon Inverse =    3.555240028601883E-001  -5.866035324450758E-023
 q-pt     10: Epsilon Inverse(2,2)    =    3.555240028601883E-001   6.121621209032573E-023

 Writing dielectric matrix to file
 Ok

================================================================================
 18:09:46   Dealing with q =  0.250000  0.250000  0.250000               11 / 18
================================================================================

 This is a regular non-zero q-point.
 Rank of the polarizability matrix (nmtx): 4301

 BLACS processor grid:   7 x   8; BLOCKSIZE =   32

 Number of k-points in the irreducible BZ(q) (nrk): 26

 Started calculation of matrix elements with 546 transition(s) at 18:09:47.
 [ 18:09:47 |   0% ] transition   1 / 546.
 [ 18:09:48 |   0% ] transition   3 / 546, remaining: 244 s.
 [ 18:10:11 |  10% ] transition  55 / 546, remaining: 225 s.
 [ 18:10:37 |  20% ] transition 110 / 546, remaining: 201 s.
 [ 18:11:01 |  30% ] transition 164 / 546, remaining: 176 s.
 [ 18:11:26 |  40% ] transition 219 / 546, remaining: 150 s.
 [ 18:11:51 |  50% ] transition 274 / 546, remaining: 125 s.
 [ 18:12:16 |  60% ] transition 328 / 546, remaining: 100 s.
 [ 18:12:41 |  70% ] transition 383 / 546, remaining: 75 s.
 [ 18:13:06 |  80% ] transition 437 / 546, remaining: 50 s.
 [ 18:13:31 |  90% ] transition 492 / 546, remaining: 25 s.
 Finished calculation of matrix elements at 18:13:54.
 Elapsed time: 247 s.

 Preparing simple convergence tests with 218 unoccupied bands.

 Started building polarizability matrix with 56 processor(s) at 18:13:57.
 [ 18:13:57 |   0% ] processor  1 / 56.
 [ 18:14:01 |   4% ] processor  3 / 56, remaining: 107 s.
 [ 18:14:08 |   9% ] processor  6 / 56, remaining: 108 s.
 [ 18:14:20 |  20% ] processor 12 / 56, remaining: 93 s.
 [ 18:14:30 |  29% ] processor 17 / 56, remaining: 82 s.
 [ 18:14:42 |  39% ] processor 23 / 56, remaining: 69 s.
 [ 18:14:52 |  48% ] processor 28 / 56, remaining: 59 s.
 [ 18:15:04 |  59% ] processor 34 / 56, remaining: 47 s.
 [ 18:15:16 |  70% ] processor 40 / 56, remaining: 34 s.
 [ 18:15:26 |  79% ] processor 45 / 56, remaining: 24 s.
 [ 18:15:38 |  89% ] processor 51 / 56, remaining: 12 s.
 [ 18:15:48 |  98% ] processor 56 / 56, remaining: 2 s.
 Finished building polarizability matrix at 18:15:50.
 Elapsed time: 113 s.

 q-pt     11: Head of Epsilon         =    3.548438446848597E+000   0.000000000000000E+000
 q-pt     11: Epsilon(2,2)            =    3.128788449788922E+000   0.000000000000000E+000
 q-pt     11: Head of Epsilon Inverse =    3.461281429663469E-001  -2.233387653893175E-023
 q-pt     11: Epsilon Inverse(2,2)    =    3.798582802194592E-001  -1.743541634896929E-022

 Writing dielectric matrix to file
 Ok

================================================================================
 18:16:12   Dealing with q =  0.250000  0.250000  0.500000               12 / 18
================================================================================

 This is a regular non-zero q-point.
 Rank of the polarizability matrix (nmtx): 4286

 BLACS processor grid:   7 x   8; BLOCKSIZE =   32

 Number of k-points in the irreducible BZ(q) (nrk): 40

 Started calculation of matrix elements with 840 transition(s) at 18:16:13.
 [ 18:16:13 |   0% ] transition   1 / 840.
 [ 18:16:14 |   0% ] transition   3 / 840, remaining: 380 s.
 [ 18:16:51 |  10% ] transition  84 / 840, remaining: 345 s.
 [ 18:17:29 |  20% ] transition 168 / 840, remaining: 307 s.
 [ 18:18:08 |  30% ] transition 252 / 840, remaining: 270 s.
 [ 18:18:47 |  40% ] transition 336 / 840, remaining: 232 s.
 [ 18:19:26 |  50% ] transition 420 / 840, remaining: 194 s.
 [ 18:20:04 |  60% ] transition 504 / 840, remaining: 155 s.
 [ 18:20:43 |  70% ] transition 588 / 840, remaining: 117 s.
 [ 18:21:22 |  80% ] transition 672 / 840, remaining: 78 s.
 [ 18:22:00 |  90% ] transition 756 / 840, remaining: 39 s.
 [ 18:22:35 | 100% ] transition 840 / 840, remaining: 0 s.
 Finished calculation of matrix elements at 18:22:36.
 Elapsed time: 383 s.

 Preparing simple convergence tests with 218 unoccupied bands.

 Started building polarizability matrix with 56 processor(s) at 18:22:37.
 [ 18:22:37 |   0% ] processor  1 / 56.
 [ 18:22:42 |   4% ] processor  3 / 56, remaining: 108 s.
 [ 18:22:48 |   9% ] processor  6 / 56, remaining: 108 s.
 [ 18:23:00 |  20% ] processor 12 / 56, remaining: 93 s.
 [ 18:23:10 |  29% ] processor 17 / 56, remaining: 81 s.
 [ 18:23:22 |  39% ] processor 23 / 56, remaining: 69 s.
 [ 18:23:32 |  48% ] processor 28 / 56, remaining: 58 s.
 [ 18:23:44 |  59% ] processor 34 / 56, remaining: 46 s.
 [ 18:23:56 |  70% ] processor 40 / 56, remaining: 34 s.
 [ 18:24:06 |  79% ] processor 45 / 56, remaining: 24 s.
 [ 18:24:18 |  89% ] processor 51 / 56, remaining: 12 s.
 [ 18:24:28 |  98% ] processor 56 / 56, remaining: 2 s.
 Finished building polarizability matrix at 18:24:30.
 Elapsed time: 112 s.

 q-pt     12: Head of Epsilon         =    3.358482511406857E+000   0.000000000000000E+000
 q-pt     12: Epsilon(2,2)            =    3.139190504628599E+000   0.000000000000000E+000
 q-pt     12: Head of Epsilon Inverse =    3.568026765851763E-001  -3.838635030128894E-023
 q-pt     12: Epsilon Inverse(2,2)    =    3.770047642525259E-001   7.429115876491880E-023

 Writing dielectric matrix to file
 Ok

================================================================================
 18:25:11   Dealing with q =  0.250000  0.250000  0.750000               13 / 18
================================================================================

 This is a regular non-zero q-point.
 Rank of the polarizability matrix (nmtx): 4319

 BLACS processor grid:   7 x   8; BLOCKSIZE =   32

 Number of k-points in the irreducible BZ(q) (nrk): 26

 Started calculation of matrix elements with 546 transition(s) at 18:25:12.
 [ 18:25:12 |   0% ] transition   1 / 546.
 [ 18:25:13 |   0% ] transition   3 / 546, remaining: 242 s.
 [ 18:25:36 |  10% ] transition  55 / 546, remaining: 224 s.
 [ 18:26:01 |  20% ] transition 110 / 546, remaining: 197 s.
 [ 18:26:25 |  30% ] transition 164 / 546, remaining: 173 s.
 [ 18:26:51 |  40% ] transition 219 / 546, remaining: 149 s.
 [ 18:27:16 |  50% ] transition 274 / 546, remaining: 124 s.
 [ 18:27:40 |  60% ] transition 328 / 546, remaining: 99 s.
 [ 18:28:05 |  70% ] transition 383 / 546, remaining: 75 s.
 [ 18:28:30 |  80% ] transition 437 / 546, remaining: 50 s.
 [ 18:28:55 |  90% ] transition 492 / 546, remaining: 25 s.
 Finished calculation of matrix elements at 18:29:18.
 Elapsed time: 246 s.

 Preparing simple convergence tests with 218 unoccupied bands.

 Started building polarizability matrix with 56 processor(s) at 18:29:23.
 [ 18:29:23 |   0% ] processor  1 / 56.
 [ 18:29:27 |   4% ] processor  3 / 56, remaining: 110 s.
 [ 18:29:33 |   9% ] processor  6 / 56, remaining: 106 s.
 [ 18:29:46 |  20% ] processor 12 / 56, remaining: 94 s.
 [ 18:29:56 |  29% ] processor 17 / 56, remaining: 84 s.
 [ 18:30:08 |  39% ] processor 23 / 56, remaining: 70 s.
 [ 18:30:18 |  48% ] processor 28 / 56, remaining: 60 s.
 [ 18:30:30 |  59% ] processor 34 / 56, remaining: 47 s.
 [ 18:30:42 |  70% ] processor 40 / 56, remaining: 35 s.
 [ 18:30:52 |  79% ] processor 45 / 56, remaining: 24 s.
 [ 18:31:05 |  89% ] processor 51 / 56, remaining: 12 s.
 [ 18:31:14 |  98% ] processor 56 / 56, remaining: 2 s.
 Finished building polarizability matrix at 18:31:16.
 Elapsed time: 114 s.

 q-pt     13: Head of Epsilon         =    3.028418785134872E+000   0.000000000000000E+000
 q-pt     13: Epsilon(2,2)            =    2.832773128525365E+000   0.000000000000000E+000
 q-pt     13: Head of Epsilon Inverse =    3.949806463518920E-001  -8.008654041659332E-023
 q-pt     13: Epsilon Inverse(2,2)    =    4.160391527373609E-001   3.148456206529962E-023

 Writing dielectric matrix to file
 Ok

================================================================================
 18:31:37   Dealing with q =  0.250000  0.500000  0.500000               14 / 18
================================================================================

 This is a regular non-zero q-point.
 Rank of the polarizability matrix (nmtx): 4291

 BLACS processor grid:   7 x   8; BLOCKSIZE =   32

 Number of k-points in the irreducible BZ(q) (nrk): 40

 Started calculation of matrix elements with 840 transition(s) at 18:31:38.
 [ 18:31:38 |   0% ] transition   1 / 840.
 [ 18:31:39 |   0% ] transition   3 / 840, remaining: 375 s.
 [ 18:32:15 |  10% ] transition  84 / 840, remaining: 340 s.
 [ 18:32:53 |  20% ] transition 168 / 840, remaining: 302 s.
 [ 18:33:31 |  30% ] transition 252 / 840, remaining: 265 s.
 [ 18:34:09 |  40% ] transition 336 / 840, remaining: 228 s.
 [ 18:34:48 |  50% ] transition 420 / 840, remaining: 191 s.
 [ 18:35:26 |  60% ] transition 504 / 840, remaining: 153 s.
 [ 18:36:04 |  70% ] transition 588 / 840, remaining: 115 s.
 [ 18:36:42 |  80% ] transition 672 / 840, remaining: 76 s.
 [ 18:37:19 |  90% ] transition 756 / 840, remaining: 38 s.
 [ 18:37:54 | 100% ] transition 840 / 840, remaining: 0 s.
 Finished calculation of matrix elements at 18:37:54.
 Elapsed time: 377 s.

 Preparing simple convergence tests with 218 unoccupied bands.

 Started building polarizability matrix with 56 processor(s) at 18:38:03.
 [ 18:38:03 |   0% ] processor  1 / 56.
 [ 18:38:07 |   4% ] processor  3 / 56, remaining: 109 s.
 [ 18:38:14 |   9% ] processor  6 / 56, remaining: 107 s.
 [ 18:38:26 |  20% ] processor 12 / 56, remaining: 93 s.
 [ 18:38:36 |  29% ] processor 17 / 56, remaining: 81 s.
 [ 18:38:48 |  39% ] processor 23 / 56, remaining: 68 s.
 [ 18:38:58 |  48% ] processor 28 / 56, remaining: 59 s.
 [ 18:39:10 |  59% ] processor 34 / 56, remaining: 46 s.
 [ 18:39:22 |  70% ] processor 40 / 56, remaining: 34 s.
 [ 18:39:32 |  79% ] processor 45 / 56, remaining: 24 s.
 [ 18:39:44 |  89% ] processor 51 / 56, remaining: 12 s.
 [ 18:39:53 |  98% ] processor 56 / 56, remaining: 2 s.
 Finished building polarizability matrix at 18:39:55.
 Elapsed time: 112 s.

 q-pt     14: Head of Epsilon         =    3.359038291981531E+000   0.000000000000000E+000
 q-pt     14: Epsilon(2,2)            =    3.362505613276328E+000   0.000000000000000E+000
 q-pt     14: Head of Epsilon Inverse =    3.593222774098018E-001  -2.087338576989281E-023
 q-pt     14: Epsilon Inverse(2,2)    =    3.607242881972236E-001  -2.820168900922979E-023

 Writing dielectric matrix to file
 Ok

================================================================================
 18:40:11   Dealing with q =  0.250000  0.500000  0.750000               15 / 18
================================================================================

 This is a regular non-zero q-point.
 Rank of the polarizability matrix (nmtx): 4289

 BLACS processor grid:   7 x   8; BLOCKSIZE =   32

 Number of k-points in the irreducible BZ(q) (nrk): 40

 Started calculation of matrix elements with 840 transition(s) at 18:40:12.
 [ 18:40:12 |   0% ] transition   1 / 840.
 [ 18:40:13 |   0% ] transition   3 / 840, remaining: 380 s.
 [ 18:40:50 |  10% ] transition  84 / 840, remaining: 346 s.
 [ 18:41:29 |  20% ] transition 168 / 840, remaining: 308 s.
 [ 18:42:08 |  30% ] transition 252 / 840, remaining: 270 s.
 [ 18:42:46 |  40% ] transition 336 / 840, remaining: 232 s.
 [ 18:43:25 |  50% ] transition 420 / 840, remaining: 193 s.
 [ 18:44:03 |  60% ] transition 504 / 840, remaining: 154 s.
 [ 18:44:41 |  70% ] transition 588 / 840, remaining: 116 s.
 [ 18:45:19 |  80% ] transition 672 / 840, remaining: 77 s.
 [ 18:45:57 |  90% ] transition 756 / 840, remaining: 39 s.
 [ 18:46:32 | 100% ] transition 840 / 840, remaining: 0 s.
 Finished calculation of matrix elements at 18:46:32.
 Elapsed time: 380 s.

 Preparing simple convergence tests with 218 unoccupied bands.

 Started building polarizability matrix with 56 processor(s) at 18:46:36.
 [ 18:46:36 |   0% ] processor  1 / 56.
 [ 18:46:41 |   4% ] processor  3 / 56, remaining: 106 s.
 [ 18:46:47 |   9% ] processor  6 / 56, remaining: 104 s.
 [ 18:46:59 |  20% ] processor 12 / 56, remaining: 92 s.
 [ 18:47:09 |  29% ] processor 17 / 56, remaining: 81 s.
 [ 18:47:21 |  39% ] processor 23 / 56, remaining: 68 s.
 [ 18:47:31 |  48% ] processor 28 / 56, remaining: 58 s.
 [ 18:47:43 |  59% ] processor 34 / 56, remaining: 46 s.
 [ 18:47:55 |  70% ] processor 40 / 56, remaining: 34 s.
 [ 18:48:05 |  79% ] processor 45 / 56, remaining: 24 s.
 [ 18:48:17 |  89% ] processor 51 / 56, remaining: 12 s.
 [ 18:48:27 |  98% ] processor 56 / 56, remaining: 2 s.
 Finished building polarizability matrix at 18:48:29.
 Elapsed time: 112 s.

 q-pt     15: Head of Epsilon         =    3.356830741472073E+000   0.000000000000000E+000
 q-pt     15: Epsilon(2,2)            =    3.141081137063805E+000   0.000000000000000E+000
 q-pt     15: Head of Epsilon Inverse =    3.548101828126757E-001   2.827923719165663E-023
 q-pt     15: Epsilon Inverse(2,2)    =    3.786537233463906E-001   8.013312184107456E-024

 Writing dielectric matrix to file
 Ok

================================================================================
 18:48:59   Dealing with q =  0.250000  0.750000  0.250000               16 / 18
================================================================================

 This is a regular non-zero q-point.
 Rank of the polarizability matrix (nmtx): 4320

 BLACS processor grid:   7 x   8; BLOCKSIZE =   32

 Number of k-points in the irreducible BZ(q) (nrk): 22

 Started calculation of matrix elements with 462 transition(s) at 18:49:00.
 [ 18:49:00 |   0% ] transition   1 / 462.
 [ 18:49:01 |   0% ] transition   3 / 462, remaining: 201 s.
 [ 18:49:21 |  10% ] transition  47 / 462, remaining: 187 s.
 [ 18:49:42 |  20% ] transition  93 / 462, remaining: 166 s.
 [ 18:50:03 |  30% ] transition 139 / 462, remaining: 146 s.
 [ 18:50:23 |  40% ] transition 185 / 462, remaining: 125 s.
 [ 18:50:45 |  50% ] transition 232 / 462, remaining: 104 s.
 [ 18:51:05 |  60% ] transition 278 / 462, remaining: 84 s.
 [ 18:51:26 |  70% ] transition 324 / 462, remaining: 63 s.
 [ 18:51:47 |  80% ] transition 370 / 462, remaining: 42 s.
 [ 18:52:08 |  90% ] transition 416 / 462, remaining: 21 s.
 Finished calculation of matrix elements at 18:52:27.
 Elapsed time: 207 s.

 Preparing simple convergence tests with 218 unoccupied bands.

 Started building polarizability matrix with 56 processor(s) at 18:52:33.
 [ 18:52:33 |   0% ] processor  1 / 56.
 [ 18:52:37 |   4% ] processor  3 / 56, remaining: 110 s.
 [ 18:52:43 |   9% ] processor  6 / 56, remaining: 108 s.
 [ 18:52:56 |  20% ] processor 12 / 56, remaining: 96 s.
 [ 18:53:06 |  29% ] processor 17 / 56, remaining: 84 s.
 [ 18:53:18 |  39% ] processor 23 / 56, remaining: 70 s.
 [ 18:53:29 |  48% ] processor 28 / 56, remaining: 60 s.
 [ 18:53:41 |  59% ] processor 34 / 56, remaining: 47 s.
 [ 18:53:53 |  70% ] processor 40 / 56, remaining: 35 s.
 [ 18:54:03 |  79% ] processor 45 / 56, remaining: 25 s.
 [ 18:54:15 |  89% ] processor 51 / 56, remaining: 12 s.
 [ 18:54:25 |  98% ] processor 56 / 56, remaining: 2 s.
 Finished building polarizability matrix at 18:54:27.
 Elapsed time: 114 s.

 q-pt     16: Head of Epsilon         =    2.967432040707969E+000   0.000000000000000E+000
 q-pt     16: Epsilon(2,2)            =    2.967431725598265E+000   0.000000000000000E+000
 q-pt     16: Head of Epsilon Inverse =    4.006855249033223E-001  -1.852755325148071E-023
 q-pt     16: Epsilon Inverse(2,2)    =    4.006855623085721E-001  -3.786290006990773E-023

 Writing dielectric matrix to file
 Ok

================================================================================
 18:54:56   Dealing with q =  0.250000  0.750000  0.750000               17 / 18
================================================================================

 This is a regular non-zero q-point.
 Rank of the polarizability matrix (nmtx): 4271

 BLACS processor grid:   7 x   8; BLOCKSIZE =   32

 Number of k-points in the irreducible BZ(q) (nrk): 26

 Started calculation of matrix elements with 546 transition(s) at 18:54:56.
 [ 18:54:56 |   0% ] transition   1 / 546.
 [ 18:54:57 |   0% ] transition   3 / 546, remaining: 242 s.
 [ 18:55:21 |  10% ] transition  55 / 546, remaining: 221 s.
 [ 18:55:46 |  20% ] transition 110 / 546, remaining: 200 s.
 [ 18:56:11 |  30% ] transition 164 / 546, remaining: 174 s.
 [ 18:56:36 |  40% ] transition 219 / 546, remaining: 150 s.
 [ 18:57:01 |  50% ] transition 274 / 546, remaining: 125 s.
 [ 18:57:25 |  60% ] transition 328 / 546, remaining: 100 s.
 [ 18:57:51 |  70% ] transition 383 / 546, remaining: 75 s.
 [ 18:58:15 |  80% ] transition 437 / 546, remaining: 50 s.
 [ 18:58:40 |  90% ] transition 492 / 546, remaining: 25 s.
 Finished calculation of matrix elements at 18:59:02.
 Elapsed time: 246 s.

 Preparing simple convergence tests with 218 unoccupied bands.

 Started building polarizability matrix with 56 processor(s) at 18:59:06.
 [ 18:59:06 |   0% ] processor  1 / 56.
 [ 18:59:11 |   4% ] processor  3 / 56, remaining: 107 s.
 [ 18:59:17 |   9% ] processor  6 / 56, remaining: 104 s.
 [ 18:59:29 |  20% ] processor 12 / 56, remaining: 90 s.
 [ 18:59:39 |  29% ] processor 17 / 56, remaining: 80 s.
 [ 18:59:51 |  39% ] processor 23 / 56, remaining: 68 s.
 [ 19:00:01 |  48% ] processor 28 / 56, remaining: 58 s.
 [ 19:00:13 |  59% ] processor 34 / 56, remaining: 46 s.
 [ 19:00:25 |  70% ] processor 40 / 56, remaining: 34 s.
 [ 19:00:35 |  79% ] processor 45 / 56, remaining: 24 s.
 [ 19:00:47 |  89% ] processor 51 / 56, remaining: 12 s.
 [ 19:00:57 |  98% ] processor 56 / 56, remaining: 2 s.
 Finished building polarizability matrix at 19:00:59.
 Elapsed time: 112 s.

 q-pt     17: Head of Epsilon         =    3.541745942271074E+000   0.000000000000000E+000
 q-pt     17: Epsilon(2,2)            =    3.128359167289536E+000   0.000000000000000E+000
 q-pt     17: Head of Epsilon Inverse =    3.449556509183491E-001  -1.623341952135317E-023
 q-pt     17: Epsilon Inverse(2,2)    =    3.815925619222547E-001  -7.368369800257517E-023

 Writing dielectric matrix to file
 Ok

================================================================================
 19:01:26   Dealing with q =  0.500000  0.500000  0.500000               18 / 18
================================================================================

 This is a regular non-zero q-point.
 Rank of the polarizability matrix (nmtx): 4252

 BLACS processor grid:   7 x   8; BLOCKSIZE =   32

 Number of k-points in the irreducible BZ(q) (nrk): 17

 Started calculation of matrix elements with 357 transition(s) at 19:01:27.
 [ 19:01:27 |   0% ] transition   1 / 357.
 [ 19:01:28 |   1% ] transition   3 / 357, remaining: 161 s.
 [ 19:01:43 |  10% ] transition  36 / 357, remaining: 148 s.
 [ 19:01:59 |  20% ] transition  72 / 357, remaining: 131 s.
 [ 19:02:16 |  30% ] transition 108 / 357, remaining: 114 s.
 [ 19:02:32 |  40% ] transition 143 / 357, remaining: 99 s.
 [ 19:02:49 |  50% ] transition 179 / 357, remaining: 83 s.
 [ 19:03:05 |  60% ] transition 215 / 357, remaining: 66 s.
 [ 19:03:21 |  70% ] transition 250 / 357, remaining: 50 s.
 [ 19:03:38 |  80% ] transition 286 / 357, remaining: 33 s.
 [ 19:03:54 |  90% ] transition 322 / 357, remaining: 17 s.
 Finished calculation of matrix elements at 19:04:09.
 Elapsed time: 162 s.

 Preparing simple convergence tests with 218 unoccupied bands.

 Started building polarizability matrix with 56 processor(s) at 19:04:11.
 [ 19:04:11 |   0% ] processor  1 / 56.
 [ 19:04:16 |   4% ] processor  3 / 56, remaining: 105 s.
 [ 19:04:22 |   9% ] processor  6 / 56, remaining: 103 s.
 [ 19:04:33 |  20% ] processor 12 / 56, remaining: 89 s.
 [ 19:04:43 |  29% ] processor 17 / 56, remaining: 79 s.
 [ 19:04:55 |  39% ] processor 23 / 56, remaining: 67 s.
 [ 19:05:05 |  48% ] processor 28 / 56, remaining: 58 s.
 [ 19:05:17 |  59% ] processor 34 / 56, remaining: 46 s.
 [ 19:05:29 |  70% ] processor 40 / 56, remaining: 34 s.
 [ 19:05:39 |  79% ] processor 45 / 56, remaining: 24 s.
 [ 19:05:51 |  89% ] processor 51 / 56, remaining: 12 s.
 [ 19:06:01 |  98% ] processor 56 / 56, remaining: 2 s.
 Finished building polarizability matrix at 19:06:02.
 Elapsed time: 111 s.

 q-pt     18: Head of Epsilon         =    3.150495542705444E+000   0.000000000000000E+000
 q-pt     18: Epsilon(2,2)            =    3.150495542560698E+000   0.000000000000000E+000
 q-pt     18: Head of Epsilon Inverse =    3.761644448282080E-001  -5.616103994837568E-023
 q-pt     18: Epsilon Inverse(2,2)    =    3.761644448453240E-001   3.055721505044525E-023

 Writing dielectric matrix to file
 Ok


********************************************************************************
*                                                                              *
* Your calculation employed methods and algorithms published in peer-reviewed  *
* papers. Please, cite the following references to give proper credit to their *
*          authors and help support future development of BerkeleyGW.          *
*                                                                              *
********************************************************************************

 J. Deslippe, G. Samsonidze, D. A. Strubbe, M. Jain, M. L. Cohen, and S. G.
 Louie, BerkeleyGW: A Massively Parallel Computer Package for the Calculation
 of the Quasiparticle and Optical Properties of Materials and Nanostructures,
 Computer Physics Communications 183, 1269 (2012).

 M. S. Hybertsen and S. G. Louie, Electron Correlation in Semiconductors and
 Insulators: Band Gaps and Quasiparticle Energies, Phys. Rev. B 34, 5390
 (1986).

********************************************************************************

 
 Timing information
 
                                CPU time (s)          WALL time (s)       Number
 Routine                       min        max        min        max     of calls
 -------------------------  ---------  ---------  ---------  ---------  --------
 - Eps (I/O) Comm                0.69       1.16       1.15       1.64        18
 - Eps (I/O) IO                421.54     424.02     425.19     425.33        18
 - Input I/O                     1.03       8.77       1.02      13.84     26813
 - Input Comm                    4.36      18.43       4.39      18.47     26813
 - FFT Zero                    236.96     392.38     238.00     395.03    242403
 - FFT Put                     342.93     586.60     345.50     591.79    242403
 - FFT Plan                     45.29      85.44      44.87      86.22    470547
 - FFT Exec                   2462.17    4237.42    2478.00    4260.91    470547
 - FFT Mltply                  497.40     869.58     502.29     878.20    228144
 - FFT Conjg                    35.11      39.77      35.44      40.31     14259
 - FFT Get                      37.72      67.32      37.51      67.78    228144
 - INPUT                         7.43       9.95       9.98       9.98         1
 - INPUT_Q                       7.67      11.02      11.05      11.07         1
 - FULLBZ                        0.00       0.00       0.00       0.00         1
 - GVEC                          1.02       1.08       1.03       1.09        18
 - SUBGRP                        0.00       0.00       0.00       0.00        18
 - IRRBZ                         0.00       0.01       0.00       0.01        18
 - GENWF                       120.24     123.56     121.15     124.32     14259
 - MTXEL                      3706.38    6331.68    3730.47    6368.35     14259
 - RQSTAR                        0.00       0.01       0.00       0.01       679
 - GMAP                          5.01       5.24       5.02       5.28       679
 - EPSINV (TOTAL)              439.57     461.87     442.69     465.01        18
 - CHI SUM (COMM)                0.00     167.00       0.00     167.58      1008
 - CHI SUM (TOTAL)            2040.38    4702.81    2050.69    4727.04        18
 - GENWF (VAL)                  65.10      67.43      65.39      68.00     14259
 - GENWF (COND)                 54.31      57.46      54.74      57.79       679
 - EPSINV (VCOUL)                0.05      22.31       0.05      22.37        18
 - JOB SETUP                     0.00       0.00       0.00       0.00         1
 - Q LOOP SETUP                  1.04       1.10       1.05       1.11        18
 - INIT CUTOFF                   0.00       0.00       0.00       0.00        18
 - INIT SCALAPACK                0.45       0.63       0.48       0.64        18
 - INIT ARRAYS                  10.35      17.09      10.38      17.44        18
 - CONVERGE TESTS                0.22     111.42       0.23     112.28        18
 - MTXEL (DENOM)                 0.17       0.32       0.15       0.32    228144
 - MTXEL (FFT)                3706.34    6331.64    3730.44    6368.32     14259
 - GENWF (Ekin)                  8.61       9.22       8.64       9.27      1358
 - GENWF (Sort)                 82.38      84.99      82.88      85.46      1358
 - CHI SUM (zGEMM)             617.80    1167.01     621.60    1174.10      1008
 - CHI SUM (PREP)              371.21     641.13     373.22     644.51      1008
 - CHI SUM (ARRAY ALLOC)         0.00       1.52       0.00       1.55      1008
 - EPSINV (I/O)                422.49     425.24     427.21     427.27        18
 - EPSINV (INVERT)              14.48      14.68      14.69      14.86        18
 - CHI SUM (BAR)                 0.00       0.01       0.00       0.01        18
 - FFT MLTPLY                   31.06      54.96      33.09      58.24    228144
 - TOTAL                      9001.84    9017.62    9067.85    9067.85         1
 
 Job Done
 
