
 frequency_dependence   1

 band_index    69    94
 sigma_matrix     0   0

 finite_difference_form   2
 finite_difference_spacing  1.000000

 symmetries
 ntran  =  1
 mtrx01 =  1  0  0  0  1  0  0  0  1

       k =  0.750000  0.000000  0.000000 ik =  49 spin = 1

   n         Emf          Eo           X        SX-X          CH         Sig         Vxc        Eqp0        Eqp1       Znk
  69    0.613513    0.613513  -16.709209    9.082119   -6.474224  -14.101314  -13.012251   -0.475549   -0.314907    0.852495
  70    0.681025    0.681025  -16.134460    8.903864   -6.363101  -13.593698  -12.541537   -0.371135   -0.216073    0.852625
  71    0.760674    0.760674  -16.230741    8.953341   -6.397957  -13.675356  -12.657139   -0.257544   -0.107428    0.852571
  72    0.813052    0.813052  -16.923940    9.161718   -6.553698  -14.315921  -13.290411   -0.212458   -0.061919    0.853206
  73    0.905170    0.905170  -16.181125    9.005653   -6.305637  -13.481109  -12.293117   -0.282822   -0.106274    0.851390
  74    1.175155    1.175155  -16.451414    9.034401   -6.320336  -13.737349  -12.561246   -0.000948    0.172781    0.852284
  75    1.182604    1.182604  -16.284021    8.954439   -6.350454  -13.680037  -12.592661    0.095228    0.250899    0.856838
  76    1.212665    1.212665  -16.467789    9.076247   -6.352417  -13.743959  -12.597007    0.065713    0.235612    0.851869
  77    1.264848    1.264848  -16.435503    8.991514   -6.360327  -13.804316  -12.723227    0.183759    0.338096    0.857239
  78    1.297080    1.297080  -16.359164    9.057108   -6.375915  -13.677971  -12.555204    0.174313    0.336467    0.855576
  79    1.374422    1.374422  -16.403181    9.058018   -6.367544  -13.712708  -12.576817    0.238531    0.402804    0.855380
  80    1.534045    1.534045  -16.009125    9.424625   -6.891494  -13.475993  -12.822508    0.880560    0.979851    0.848059
  81    1.740703    1.740703  -15.812754    8.594110   -6.414978  -13.633622  -12.833176    0.940257    1.052631    0.859611
  82    2.374007    2.374007  -15.850134    8.488878   -6.562093  -13.923349  -13.327828    1.778486    1.860293    0.862629
  83    4.630615    4.630615   -7.747707    4.589394   -6.463005   -9.621318  -10.683025    5.692322    5.547306    0.863413
  84    5.726819    5.726819   -6.290840    3.779407   -6.130127   -8.641560   -9.707854    6.793113    6.649110    0.864950
  85    5.816796    5.816796   -6.903577    3.982957   -6.087326   -9.007946  -10.186999    6.995849    6.843243    0.870568
  86    6.060540    6.060540   -6.408713    3.646881   -5.941893   -8.703725   -9.959828    7.316643    7.155669    0.871846
  87    6.612182    6.612182   -4.672680    2.490944   -5.026166   -7.207903   -8.239875    7.644154    7.515976    0.875793
  88    6.759082    6.759082   -4.927849    2.587228   -5.384913   -7.725533   -9.194575    8.228124    8.040490    0.872275
  89    7.054181    7.054181   -5.701308    3.075767   -5.825381   -8.450922  -10.200229    8.803488    8.574637    0.869176
  90    7.203930    7.203930   -5.818791    3.144824   -5.870222   -8.544189  -10.363167    9.022908    8.783278    0.868261
  91    7.482280    7.482280   -5.284937    2.870840   -5.571524   -7.985621   -9.521392    9.018052    8.821839    0.872238
  92    8.024624    8.024624   -3.879950    2.016470   -4.772129   -6.635608   -7.869768    9.258783    9.106446    0.876566
  93    8.227497    8.227497   -5.042247    2.705183   -5.460855   -7.797919   -9.509702    9.939280    9.718945    0.871284
  94    8.288278    8.288278   -5.110701    2.742637   -5.544348   -7.912412   -9.722480   10.098346    9.863865    0.870457

       k =  0.750000  0.000000  0.250000 ik =  50 spin = 1

   n         Emf          Eo           X        SX-X          CH         Sig         Vxc        Eqp0        Eqp1       Znk
  69    0.554224    0.554224  -16.267298    8.901973   -6.283390  -13.648716  -12.443385   -0.651107   -0.472304    0.851657
  70    0.666615    0.666615  -16.422103    8.992761   -6.333958  -13.763299  -12.562934   -0.533750   -0.355180    0.851237
  71    0.753423    0.753423  -16.270423    8.976196   -6.420093  -13.714320  -12.693876   -0.267021   -0.116677    0.852668
  72    0.775377    0.775377  -16.250824    8.956170   -6.391807  -13.686462  -12.638413   -0.272672   -0.118480    0.852877
  73    0.937997    0.937997  -16.242975    9.022141   -6.313502  -13.534336  -12.344451   -0.251888   -0.075258    0.851557
  74    1.087490    1.087490  -16.123332    8.870643   -6.264145  -13.516834  -12.362703   -0.066642    0.098210    0.857164
  75    1.162848    1.162848  -16.152731    8.883007   -6.262360  -13.532083  -12.381282    0.012047    0.176482    0.857112
  76    1.198694    1.198694  -16.513087    9.109420   -6.374166  -13.777833  -12.643178    0.064039    0.232710    0.851346
  77    1.248248    1.248248  -16.622677    9.102908   -6.379411  -13.899179  -12.774840    0.123908    0.290581    0.851759
  78    1.335576    1.335576  -16.417148    9.572156   -6.896890  -13.741882  -13.076630    0.670324    0.771208    0.848353
  79    1.347896    1.347896  -16.460606    9.249167   -6.558076  -13.769515  -12.787006    0.365387    0.509376    0.853447
  80    1.400495    1.400495  -16.412005    9.053511   -6.372168  -13.730662  -12.603028    0.272861    0.434873    0.856326
  81    1.838272    1.838272  -15.873594    8.591878   -6.449604  -13.731319  -12.949461    1.056414    1.165953    0.859899
  82    2.256827    2.256827  -15.775834    8.463356   -6.512215  -13.824693  -13.181174    1.613308    1.701985    0.862200
  83    4.230370    4.230370   -6.921973    4.098996   -6.158394   -8.981370   -9.850661    5.099661    4.983997    0.866945
  84    5.441060    5.441060   -6.343555    3.747360   -5.996106   -8.592301   -9.600160    6.448919    6.314516    0.866645
  85    5.893166    5.893166   -6.971521    4.027718   -6.115503   -9.059306  -10.255839    7.089699    6.934344    0.870162
  86    6.081883    6.081883   -6.641040    3.825994   -6.032458   -8.847503  -10.057940    7.292320    7.136805    0.871522
  87    7.057788    7.057788   -5.576992    3.055791   -5.697347   -8.218549   -9.839463    8.678702    8.467285    0.869569
  88    7.205924    7.205924   -4.902196    2.529724   -5.334891   -7.707363   -9.272859    8.771420    8.571058    0.872014
  89    7.343375    7.343375   -5.805346    3.126367   -5.904533   -8.583512  -10.474470    9.234332    8.984016    0.867624
  90    7.494152    7.494152   -5.695386    3.119853   -5.865712   -8.441245  -10.095952    9.148859    8.929714    0.867563
  91    7.549675    7.549675   -5.705825    3.130857   -5.757072   -8.332040   -9.929907    9.147542    8.941575    0.871099
  92    8.097713    8.097713   -4.773094    2.582811   -5.380844   -7.571127   -9.264266    9.790852    9.574681    0.872325
  93    8.185694    8.185694   -3.874126    2.030953   -4.859802   -6.702975   -8.100719    9.583438    9.408222    0.874643
  94    8.307038    8.307038   -4.010238    2.074210   -4.941217   -6.877246   -8.327193    9.756985    9.575600    0.874902

       k =  0.750000  0.000000  0.500000 ik =  51 spin = 1

   n         Emf          Eo           X        SX-X          CH         Sig         Vxc        Eqp0        Eqp1       Znk
  69    0.535786    0.535786  -16.393437    9.032180   -6.366487  -13.727743  -12.542483   -0.649475   -0.472338    0.850550
  70    0.555583    0.555583  -16.452257    9.103121   -6.419981  -13.769117  -12.626893   -0.586641   -0.415378    0.850062
  71    0.749405    0.749405  -16.265668    8.978055   -6.411023  -13.698636  -12.671402   -0.277830   -0.126636    0.852815
  72    0.789737    0.789737  -16.252931    8.959360   -6.326341  -13.619912  -12.512189   -0.317986   -0.153346    0.851371
  73    0.831496    0.831496  -16.337830    8.939894   -6.311646  -13.709582  -12.523359   -0.354727   -0.180114    0.852799
  74    0.911026    0.911026  -16.315036    9.007501   -6.291903  -13.599437  -12.382759   -0.305652   -0.124772    0.851333
  75    1.055646    1.055646  -16.158678    8.907053   -6.283828  -13.535453  -12.393740   -0.086067    0.077710    0.856551
  76    1.115745    1.115745  -16.259790    8.962677   -6.303987  -13.601100  -12.460803   -0.024553    0.141477    0.854398
  77    1.140370    1.140370  -16.365988    8.992593   -6.309648  -13.683043  -12.528567   -0.014106    0.155092    0.853442
  78    1.259205    1.259205  -16.512147    9.114100   -6.378813  -13.776861  -12.647023    0.129367    0.297257    0.851404
  79    1.350976    1.350976  -16.401850    9.027792   -6.349613  -13.723671  -12.579578    0.206883    0.370660    0.856850
  80    1.413651    1.413651  -16.412736    9.046178   -6.365261  -13.731819  -12.603041    0.284874    0.446386    0.856914
  81    2.000988    2.000988  -15.789952    8.490929   -6.455237  -13.754261  -13.029212    1.275939    1.376624    0.861135
  82    2.048786    2.048786  -15.769147    8.488509   -6.451630  -13.732269  -13.004921    1.321438    1.422311    0.861315
  83    4.766681    4.766681   -6.905455    4.088175   -6.159880   -8.977160   -9.920626    5.710147    5.583439    0.865700
  84    4.837746    4.837746   -6.928993    4.102181   -6.171920   -8.998732   -9.951291    5.790305    5.662479    0.865808
  85    6.009029    6.009029   -6.914952    4.008985   -6.116173   -9.022140  -10.202487    7.189376    7.036222    0.870246
  86    6.055815    6.055815   -6.976616    4.037093   -6.137717   -9.077240  -10.299949    7.278524    7.119580    0.870007
  87    7.353705    7.353705   -5.894836    3.196382   -5.920751   -8.619206  -10.492565    9.227064    8.979983    0.868108
  88    7.465660    7.465660   -5.643143    3.079636   -5.738793   -8.302299  -10.000208    9.163569    8.942988    0.870087
  89    7.646074    7.646074   -5.788350    3.103623   -5.907498   -8.592224  -10.641788    9.695638    9.422155    0.866565
  90    7.753337    7.753337   -5.919075    3.303036   -5.913459   -8.529497  -10.213994    9.437834    9.217178    0.869008
  91    8.070501    8.070501   -4.544556    2.386143   -5.237880   -7.396293   -9.011266    9.685474    9.479547    0.872488
  92    8.119134    8.119134   -4.553821    2.431621   -5.286051   -7.408252   -9.000449    9.711332    9.508107    0.872362
  93    8.212575    8.212575   -4.750816    2.612150   -5.372716   -7.511382   -9.033021    9.734214    9.539841    0.872260
  94    8.294484    8.294484   -4.012551    2.090725   -4.944908   -6.866733   -8.360726    9.788476    9.601239    0.874673

       k =  0.750000  0.000000  0.750000 ik =  52 spin = 1

   n         Emf          Eo           X        SX-X          CH         Sig         Vxc        Eqp0        Eqp1       Znk
  69    0.608153    0.608153  -16.534948    9.025369   -6.403211  -13.912790  -12.768465   -0.536172   -0.366750    0.851946
  70    0.675075    0.675075  -16.173778    8.952915   -6.291024  -13.511887  -12.361209   -0.475602   -0.303284    0.850246
  71    0.724849    0.724849  -16.300806    8.934321   -6.336018  -13.702503  -12.550987   -0.426668   -0.256929    0.852596
  72    0.812827    0.812827  -16.308501    8.981470   -6.419948  -13.746979  -12.719815   -0.214338   -0.063266    0.852924
  73    0.910900    0.910900  -16.299092    9.040336   -6.323575  -13.582331  -12.397365   -0.274066   -0.097599    0.851078
  74    1.100965    1.100965  -16.200625    8.910802   -6.284387  -13.574210  -12.433296   -0.039949    0.123387    0.856838
  75    1.135058    1.135058  -16.419117    9.009768   -6.315371  -13.724720  -12.560777   -0.028885    0.142549    0.852713
  76    1.172354    1.172354  -16.194479    8.903717   -6.275571  -13.566333  -12.421278    0.027299    0.191340    0.856740
  77    1.252461    1.252461  -16.442391    9.082243   -6.364020  -13.724169  -12.584862    0.113154    0.281014    0.852665
  78    1.336121    1.336121  -16.427206    9.167971   -6.485699  -13.744934  -12.712525    0.303712    0.454270    0.854168
  79    1.340934    1.340934  -16.454087    9.652860   -6.960499  -13.761726  -13.127656    0.706864    0.803895    0.846971
  80    1.392487    1.392487  -16.442132    9.069662   -6.380674  -13.753145  -12.633779    0.273121    0.434554    0.855781
  81    1.867380    1.867380  -15.859480    8.583689   -6.450429  -13.726221  -12.952271    1.093431    1.201745    0.860050
  82    2.220329    2.220329  -15.709723    8.425596   -6.488735  -13.772861  -13.117702    1.565170    1.655403    0.862272
  83    4.245591    4.245591   -6.973608    4.128387   -6.177610   -9.022831   -9.899479    5.122239    5.005427    0.866751
  84    5.452242    5.452242   -6.386352    3.776423   -6.023258   -8.633188   -9.642093    6.461148    6.326286    0.866328
  85    5.853187    5.853187   -6.890427    3.985070   -6.083258   -8.988614  -10.152984    7.017556    6.866790    0.870517
  86    6.131427    6.131427   -6.732014    3.870969   -6.065821   -8.926865  -10.176963    7.381525    7.220373    0.871089
  87    7.047949    7.047949   -5.501605    2.915581   -5.726046   -8.312070  -10.135009    8.870888    8.631598    0.868734
  88    7.143773    7.143773   -5.440807    2.995437   -5.539239   -7.984610   -9.215297    8.374461    8.216807    0.871898
  89    7.379105    7.379105   -5.646254    3.017007   -5.783014   -8.412262  -10.299737    9.266580    9.019046    0.868854
  90    7.429921    7.429921   -5.465234    2.913305   -5.668966   -8.220894   -9.985587    9.194614    8.964054    0.869349
  91    7.957854    7.957854   -5.028907    2.764959   -5.485268   -7.749215   -9.301984    9.510623    9.312513    0.872415
  92    8.020437    8.020437   -5.131261    2.767115   -5.549157   -7.913304   -9.666713    9.773846    9.546704    0.870457
  93    8.109932    8.109932   -4.877983    2.641015   -5.394601   -7.631569   -9.259742    9.738105    9.529202    0.871695
  94    8.192882    8.192882   -4.258285    2.263943   -5.086711   -7.081054   -8.554872    9.666700    9.480700    0.873797

       k =  0.750000  0.250000  0.000000 ik =  53 spin = 1

   n         Emf          Eo           X        SX-X          CH         Sig         Vxc        Eqp0        Eqp1       Znk
  69    0.584012    0.584012  -16.540508    9.130091   -6.430255  -13.840672  -12.712580   -0.544080   -0.374928    0.850055
  70    0.692018    0.692018  -16.261229    9.001307   -6.384966  -13.644888  -12.566628   -0.386242   -0.225980    0.851370
  71    0.731263    0.731263  -16.294240    8.925881   -6.285178  -13.653537  -12.429872   -0.492403   -0.311337    0.852030
  72    0.794933    0.794933  -16.335303    9.000861   -6.418750  -13.753192  -12.729407   -0.228852   -0.077697    0.852356
  73    0.911755    0.911755  -16.340183    8.997489   -6.298162  -13.640856  -12.427059   -0.302043   -0.121713    0.851433
  74    1.092350    1.092350  -16.137717    8.878524   -6.267062  -13.526255  -12.375388   -0.058517    0.105781    0.857240
  75    1.160379    1.160379  -16.233544    8.943012   -6.295010  -13.585543  -12.443635    0.018471    0.183375    0.855589
  76    1.177620    1.177620  -16.426719    9.086075   -6.375522  -13.716167  -12.604913    0.066366    0.230451    0.852343
  77    1.270974    1.270974  -16.491386    9.096185   -6.384785  -13.779986  -12.667719    0.158707    0.322377    0.852850
  78    1.325437    1.325437  -16.434980    9.050845   -6.368912  -13.753047  -12.627679    0.200069    0.362690    0.855495
  79    1.339858    1.339858  -16.455639    9.763044   -7.069064  -13.761659  -13.217488    0.795688    0.879836    0.845364
  80    1.377183    1.377183  -16.369060    9.012034   -6.344079  -13.701105  -12.559985    0.236063    0.399309    0.856943
  81    1.870487    1.870487  -15.882809    8.593841   -6.452824  -13.741792  -12.963401    1.092095    1.201075    0.859993
  82    2.238245    2.238245  -15.753106    8.448140   -6.502272  -13.807238  -13.159258    1.590265    1.679547    0.862216
  83    4.242549    4.242549   -6.959267    4.120560   -6.173157   -9.011865   -9.886411    5.117095    5.000612    0.866807
  84    5.448197    5.448197   -6.376497    3.769441   -6.017871   -8.624926   -9.634362    6.457632    6.322768    0.866396
  85    5.829817    5.829817   -6.826776    3.944692   -6.053334   -8.935418  -10.093819    6.988218    6.838595    0.870836
  86    6.088383    6.088383   -6.600074    3.790267   -6.007113   -8.816920  -10.043644    7.315107    7.157633    0.871630
  87    7.121861    7.121861   -5.591518    3.025243   -5.709055   -8.275330   -9.870398    8.716929    8.508691    0.869449
  88    7.232927    7.232927   -5.676588    3.065533   -5.774440   -8.385495  -10.138930    8.986361    8.755497    0.868336
  89    7.294597    7.294597   -5.614681    3.022401   -5.775068   -8.367348  -10.072833    9.000083    8.776742    0.869046
  90    7.484884    7.484884   -5.234953    2.797023   -5.490766   -7.928695   -9.564381    9.120570    8.910177    0.871373
  91    7.782034    7.782034   -5.543510    3.039093   -5.749311   -8.253728   -9.931891    9.460197    9.241939    0.869942
  92    8.026833    8.026833   -4.787738    2.573430   -5.371098   -7.585406   -9.271043    9.712471    9.496635    0.871956
  93    8.128749    8.128749   -4.298281    2.289321   -5.106357   -7.115316   -8.613681    9.627113    9.437730    0.873607
  94    8.215062    8.215062   -4.029356    2.113786   -4.922649   -6.838219   -8.169089    9.545932    9.380164    0.875444

       k =  0.750000  0.250000  0.250000 ik =  54 spin = 1

   n         Emf          Eo           X        SX-X          CH         Sig         Vxc        Eqp0        Eqp1       Znk
  69    0.586926    0.586926  -16.879346    9.124465   -6.488866  -14.243746  -13.154157   -0.502663   -0.341898    0.852454
  70    0.630709    0.630709  -16.081368    8.860080   -6.323327  -13.544615  -12.447978   -0.465928   -0.304726    0.853003
  71    0.749101    0.749101  -16.211909    8.963111   -6.374365  -13.623163  -12.578331   -0.295732   -0.141060    0.851965
  72    0.784427    0.784427  -16.803739    9.129194   -6.533764  -14.208310  -13.172381   -0.251501   -0.099273    0.853051
  73    0.903785    0.903785  -16.248625    8.944610   -6.276085  -13.580099  -12.359975   -0.316340   -0.135666    0.851922
  74    1.118172    1.118172  -16.489291    9.152967   -6.404915  -13.741240  -12.638207    0.015139    0.180781    0.849831
  75    1.179693    1.179693  -16.302298    8.967499   -6.372535  -13.707335  -12.634402    0.106761    0.260599    0.856619
  76    1.238951    1.238951  -16.283580    8.947004   -6.328104  -13.664680  -12.566401    0.140672    0.297611    0.857104
  77    1.244565    1.244565  -16.216600    8.957849   -6.309965  -13.568717  -12.411525    0.087373    0.252758    0.857081
  78    1.302341    1.302341  -16.469438    9.084897   -6.371544  -13.756085  -12.628642    0.174899    0.340365    0.853238
  79    1.357972    1.357972  -16.426163    9.062250   -6.370075  -13.733988  -12.597430    0.221414    0.386411    0.854828
  80    1.551341    1.551341  -16.117418    9.442161   -6.889818  -13.565075  -12.904728    0.890994    0.991052    0.848477
  81    1.751742    1.751742  -15.817728    8.592098   -6.411981  -13.637611  -12.826481    0.940612    1.054491    0.859605
  82    2.386638    2.386638  -15.885930    8.504853   -6.570609  -13.951687  -13.365115    1.800066    1.880664    0.862595
  83    4.637041    4.637041   -7.763761    4.597919   -6.469675   -9.635516  -10.699819    5.701344    5.555911    0.863353
  84    5.724024    5.724024   -6.290284    3.778468   -6.127688   -8.639505   -9.705391    6.789910    6.645985    0.864972
  85    5.744730    5.744730   -6.754276    3.893817   -6.022881   -8.883341  -10.034896    6.896285    6.747984    0.871216
  86    6.059936    6.059936   -6.349913    3.605294   -5.911284   -8.655903   -9.911821    7.315855    7.155250    0.872122
  87    6.719266    6.719266   -4.730590    2.522467   -5.038398   -7.246522   -8.280388    7.753133    7.624449    0.875531
  88    6.819137    6.819137   -5.318002    2.808002   -5.613853   -8.123853   -9.733114    8.428399    8.219069    0.869922
  89    7.154920    7.154920   -5.308458    2.878307   -5.579832   -8.009982   -9.543930    8.688868    8.492842    0.872208
  90    7.253841    7.253841   -5.893263    3.177490   -6.011300   -8.727073  -10.694235    9.221003    8.958096    0.866352
  91    7.336115    7.336115   -5.355318    2.909389   -5.501174   -7.947103   -9.408838    8.797850    8.611008    0.872178
  92    7.887196    7.887196   -4.227267    2.264276   -4.973019   -6.936011   -8.249297    9.200483    9.037132    0.875617
  93    8.136288    8.136288   -4.850387    2.596185   -5.355917   -7.610119   -9.253677    9.779846    9.570734    0.872769
  94    8.252856    8.252856   -4.788879    2.552984   -5.402491   -7.638386   -9.409569   10.024039    9.796867    0.871740

       k =  0.750000  0.250000  0.500000 ik =  55 spin = 1

   n         Emf          Eo           X        SX-X          CH         Sig         Vxc        Eqp0        Eqp1       Znk
  69    0.584039    0.584039  -16.539725    9.128653   -6.429623  -13.840695  -12.712316   -0.544340   -0.375172    0.850079
  70    0.692234    0.692234  -16.260441    9.002495   -6.386169  -13.644115  -12.567048   -0.384833   -0.224761    0.851381
  71    0.731413    0.731413  -16.294513    8.925921   -6.284642  -13.653235  -12.428958   -0.492864   -0.311683    0.852010
  72    0.794912    0.794912  -16.335483    9.000592   -6.418598  -13.753489  -12.729517   -0.229060   -0.077914    0.852392
  73    0.911621    0.911621  -16.340168    8.997850   -6.298692  -13.641010  -12.427191   -0.302198   -0.121906    0.851468
  74    1.092351    1.092351  -16.137795    8.879025   -6.267492  -13.526262  -12.375470   -0.058441    0.105856    0.857231
  75    1.160420    1.160420  -16.232966    8.942704   -6.294704  -13.584966  -12.443216    0.018670    0.183556    0.855585
  76    1.177582    1.177582  -16.427013    9.086372   -6.375698  -13.716339  -12.604877    0.066120    0.230254    0.852326
  77    1.271004    1.271004  -16.491409    9.096357   -6.384859  -13.779911  -12.667811    0.158903    0.322575    0.852826
  78    1.325574    1.325574  -16.435530    9.051044   -6.369229  -13.753715  -12.628796    0.200654    0.363223    0.855484
  79    1.339857    1.339857  -16.454890    9.762768   -7.068467  -13.760589  -13.217107    0.796374    0.880411    0.845375
  80    1.377060    1.377060  -16.368654    9.011511   -6.343679  -13.700821  -12.559518    0.235757    0.399016    0.856954
  81    1.870503    1.870503  -15.882957    8.593699   -6.452754  -13.742012  -12.963411    1.091903    1.200915    0.859989
  82    2.238216    2.238216  -15.752932    8.448482   -6.502465  -13.806915  -13.159218    1.590519    1.679761    0.862216
  83    4.242567    4.242567   -6.959378    4.120785   -6.173244   -9.011837   -9.886431    5.117161    5.000661    0.866795
  84    5.448179    5.448179   -6.376325    3.769492   -6.017759   -8.624592   -9.634393    6.457981    6.323077    0.866406
  85    5.829801    5.829801   -6.826914    3.944727   -6.053378   -8.935564  -10.093840    6.988076    6.838467    0.870834
  86    6.088383    6.088383   -6.600100    3.790368   -6.007160   -8.816892  -10.043637    7.315128    7.157605    0.871593
  87    7.122139    7.122139   -5.591655    3.025513   -5.708679   -8.274821   -9.869640    8.716958    8.508849    0.869509
  88    7.232842    7.232842   -5.678026    3.065347   -5.775111   -8.387790  -10.140186    8.985239    8.754376    0.868259
  89    7.294614    7.294614   -5.614576    3.022341   -5.774933   -8.367168  -10.073617    9.001064    8.777599    0.869047
  90    7.484961    7.484961   -5.234313    2.796767   -5.490364   -7.927910   -9.563844    9.120895    8.910442    0.871356
  91    7.781925    7.781925   -5.545148    3.038720   -5.749785   -8.256213   -9.931995    9.457707    9.239719    0.869919
  92    8.026868    8.026868   -4.787818    2.573324   -5.370842   -7.585336   -9.271168    9.712699    9.496875    0.871977
  93    8.128813    8.128813   -4.297553    2.288571   -5.105652   -7.114634   -8.612054    9.626234    9.436995    0.873623
  94    8.215006    8.215006   -4.029269    2.113805   -4.922786   -6.838250   -8.169518    9.546275    9.380455    0.875442

       k =  0.750000  0.250000  0.750000 ik =  56 spin = 1

   n         Emf          Eo           X        SX-X          CH         Sig         Vxc        Eqp0        Eqp1       Znk
  69    0.527392    0.527392  -16.392185    9.049395   -6.374846  -13.717636  -12.539654   -0.650590   -0.474275    0.850324
  70    0.541446    0.541446  -16.397652    9.066223   -6.390445  -13.721874  -12.559083   -0.621344   -0.447128    0.850174
  71    0.762356    0.762356  -16.258329    8.992571   -6.413976  -13.679734  -12.661580   -0.255798   -0.105532    0.852413
  72    0.772851    0.772851  -16.230840    8.970349   -6.373870  -13.634361  -12.576275   -0.285235   -0.129056    0.852395
  73    0.853191    0.853191  -16.364613    8.962006   -6.262992  -13.665599  -12.415651   -0.396758   -0.211023    0.851407
  74    0.880237    0.880237  -16.380279    8.955042   -6.276806  -13.702043  -12.464470   -0.357336   -0.174073    0.851917
  75    1.054048    1.054048  -16.147403    8.901505   -6.280974  -13.526872  -12.386057   -0.086767    0.076750    0.856667
  76    1.117851    1.117851  -16.125396    8.894147   -6.270115  -13.501363  -12.352806   -0.030706    0.134275    0.856358
  77    1.204881    1.204881  -16.537218    9.115219   -6.379361  -13.801360  -12.678081    0.081601    0.249167    0.850825
  78    1.245811    1.245811  -16.563269    9.168102   -6.417962  -13.813128  -12.718451    0.151133    0.314955    0.850347
  79    1.344473    1.344473  -16.368943    9.004309   -6.340914  -13.705549  -12.562719    0.201643    0.364314    0.857659
  80    1.394042    1.394042  -16.337247    8.987329   -6.326043  -13.675961  -12.523214    0.241296    0.405273    0.857751
  81    2.005573    2.005573  -15.788184    8.489731   -6.454077  -13.752530  -13.025000    1.278043    1.379092    0.861106
  82    2.048548    2.048548  -15.771584    8.489997   -6.453030  -13.734616  -13.006474    1.320406    1.421393    0.861309
  83    4.772279    4.772279   -6.927944    4.102545   -6.169594   -8.994993   -9.942020    5.719306    5.592008    0.865582
  84    4.839981    4.839981   -6.934374    4.105383   -6.174473   -9.003463   -9.957303    5.793821    5.665798    0.865782
  85    6.004174    6.004174   -6.902281    3.996752   -6.105237   -9.010766  -10.197980    7.191388    7.037548    0.870419
  86    6.020845    6.020845   -6.885377    3.982282   -6.095575   -8.998670  -10.194621    7.216796    7.061805    0.870403
  87    7.444596    7.444596   -5.991809    3.241270   -5.965944   -8.716483  -10.624805    9.352918    9.101219    0.868105
  88    7.461261    7.461261   -5.981506    3.206342   -5.992735   -8.767899  -10.779562    9.472924    9.205622    0.867124
  89    7.638423    7.638423   -5.790933    3.208748   -5.843099   -8.425284  -10.145185    9.358324    9.132424    0.868656
  90    7.683135    7.683135   -5.681277    3.161379   -5.768621   -8.288519   -9.914105    9.308721    9.097034    0.869778
  91    8.061345    8.061345   -4.470439    2.355048   -5.216860   -7.332252   -8.940296    9.669389    9.464360    0.872498
  92    8.074298    8.074298   -4.480530    2.361981   -5.218971   -7.337520   -8.949918    9.686696    9.481148    0.872520
  93    8.274767    8.274767   -4.570831    2.487049   -5.270369   -7.354151   -8.927682    9.848297    9.647757    0.872554
  94    8.282277    8.282277   -4.563280    2.488434   -5.267135   -7.341981   -8.894825    9.835122    9.637002    0.872415

       k =  0.750000  0.500000  0.000000 ik =  57 spin = 1

   n         Emf          Eo           X        SX-X          CH         Sig         Vxc        Eqp0        Eqp1       Znk
  69    0.535689    0.535689  -16.393476    9.032647   -6.368127  -13.728956  -12.542717   -0.650550   -0.473313    0.850589
  70    0.556089    0.556089  -16.452744    9.102842   -6.418284  -13.768186  -12.627242   -0.584855   -0.413702    0.849990
  71    0.749536    0.749536  -16.265043    8.978471   -6.411629  -13.698200  -12.671060   -0.277604   -0.126451    0.852841
  72    0.789667    0.789667  -16.253728    8.961592   -6.328428  -13.620564  -12.512002   -0.318895   -0.154213    0.851446
  73    0.831163    0.831163  -16.337658    8.940546   -6.311828  -13.708940  -12.523934   -0.353844   -0.179408    0.852797
  74    0.910880    0.910880  -16.314810    9.006518   -6.291406  -13.599699  -12.382613   -0.306206   -0.125296    0.851358
  75    1.055615    1.055615  -16.158572    8.906287   -6.283135  -13.535421  -12.393591   -0.086214    0.077598    0.856535
  76    1.115829    1.115829  -16.258763    8.960573   -6.302375  -13.600566  -12.459770   -0.024966    0.141125    0.854407
  77    1.140422    1.140422  -16.367003    8.991885   -6.308944  -13.684062  -12.529595   -0.014045    0.155190    0.853409
  78    1.259239    1.259239  -16.511828    9.113961   -6.378472  -13.776338  -12.646710    0.129611    0.297480    0.851394
  79    1.350900    1.350900  -16.401701    9.027478   -6.349274  -13.723496  -12.579296    0.206700    0.370495    0.856847
  80    1.413754    1.413754  -16.413164    9.046600   -6.365555  -13.732119  -12.603477    0.285112    0.446611    0.856909
  81    2.001251    2.001251  -15.790082    8.490176   -6.454637  -13.754542  -13.029343    1.276051    1.376778    0.861104
  82    2.048501    2.048501  -15.769127    8.489844   -6.452778  -13.732060  -13.004830    1.321272    1.422102    0.861351
  83    4.766454    4.766454   -6.903920    4.086977   -6.158771   -8.975714   -9.919129    5.709869    5.583160    0.865691
  84    4.837887    4.837887   -6.930170    4.103221   -6.172891   -8.999840   -9.952563    5.790610    5.662766    0.865812
  85    6.008000    6.008000   -6.914325    4.009203   -6.117375   -9.022496  -10.201765    7.187269    7.034444    0.870407
  86    6.056731    6.056731   -6.976975    4.036796   -6.136461   -9.076641  -10.300342    7.280432    7.121144    0.869831
  87    7.354069    7.354069   -5.895811    3.196991   -5.920390   -8.619210  -10.490743    9.225602    8.978989    0.868229
  88    7.465573    7.465573   -5.641075    3.079072   -5.739111   -8.301114  -10.000396    9.164854    8.944068    0.870071
  89    7.646390    7.646390   -5.788364    3.104606   -5.908624   -8.592383  -10.642034    9.696042    9.422491    0.866538
  90    7.753410    7.753410   -5.925708    3.306307   -5.916872   -8.536272  -10.222759    9.439896    9.218917    0.868971
  91    8.069945    8.069945   -4.545396    2.385425   -5.236262   -7.396233   -9.012854    9.686565    9.480218    0.872359
  92    8.119208    8.119208   -4.553304    2.432687   -5.287181   -7.407798   -8.999630    9.711040    9.508076    0.872496
  93    8.213335    8.213335   -4.744855    2.606539   -5.368568   -7.506883   -9.027374    9.733826    9.539327    0.872081
  94    8.293962    8.293962   -4.006545    2.086957   -4.942441   -6.862028   -8.355039    9.786973    9.600200    0.874902

       k =  0.750000  0.500000  0.250000 ik =  58 spin = 1

   n         Emf          Eo           X        SX-X          CH         Sig         Vxc        Eqp0        Eqp1       Znk
  69    0.625904    0.625904  -16.642835    9.227668   -6.484933  -13.900100  -12.806272   -0.467924   -0.302943    0.849171
  70    0.666827    0.666827  -16.198767    8.937358   -6.372321  -13.633730  -12.555975   -0.410928   -0.252158    0.852685
  71    0.803399    0.803399  -16.331724    8.988364   -6.322424  -13.665785  -12.500912   -0.361474   -0.188173    0.851228
  72    0.820224    0.820224  -16.318329    9.003330   -6.382794  -13.697793  -12.630137   -0.247432   -0.089066    0.851669
  73    0.886363    0.886363  -16.346729    8.934560   -6.258860  -13.671030  -12.418082   -0.366585   -0.181289    0.852112
  74    1.027618    1.027618  -16.358510    9.070683   -6.346978  -13.634806  -12.489117   -0.118070    0.052619    0.851016
  75    1.093984    1.093984  -16.150817    8.886750   -6.275739  -13.539806  -12.397768   -0.048055    0.115147    0.857096
  76    1.171535    1.171535  -16.173438    8.891112   -6.268373  -13.550699  -12.405822    0.026658    0.190048    0.857286
  77    1.300952    1.300952  -16.355553    9.022250   -6.346520  -13.679823  -12.531348    0.152477    0.317306    0.856480
  78    1.323736    1.323736  -16.452257    9.076365   -6.374151  -13.750043  -12.619476    0.193169    0.358860    0.853445
  79    1.338203    1.338203  -16.449009    9.757783   -7.064892  -13.756118  -13.209880    0.791965    0.876442    0.845348
  80    1.381402    1.381402  -16.482149    9.091005   -6.389193  -13.780337  -12.669407    0.270471    0.431641    0.854923
  81    1.867800    1.867800  -15.843906    8.573437   -6.442359  -13.712829  -12.932250    1.087221    1.196427    0.860097
  82    2.240852    2.240852  -15.779020    8.459959   -6.508646  -13.827707  -13.188234    1.601378    1.689491    0.862211
  83    4.249109    4.249109   -6.969293    4.127444   -6.179748   -9.021597   -9.897435    5.124948    5.008242    0.866750
  84    5.445422    5.445422   -6.380573    3.771125   -6.022403   -8.631852   -9.643088    6.456658    6.321519    0.866363
  85    5.811077    5.811077   -6.819742    3.945630   -6.054252   -8.928364  -10.074257    6.956969    6.808956    0.870832
  86    6.179024    6.179024   -6.807021    3.916160   -6.096720   -8.987581  -10.254278    7.445722    7.282128    0.870850
  87    7.052365    7.052365   -5.713223    3.025245   -5.843895   -8.531873  -10.420769    8.941261    8.691141    0.867584
  88    7.204936    7.204936   -5.424244    2.970120   -5.533779   -7.987902   -9.377305    8.594339    8.415352    0.871177
  89    7.472610    7.472610   -5.393233    2.949694   -5.542000   -7.985540   -9.394967    8.882037    8.703807    0.873545
  90    7.565128    7.565128   -6.136362    3.294245   -6.155817   -8.997934  -11.160013    9.727207    9.433534    0.864171
  91    7.704713    7.704713   -4.922837    2.621924   -5.364927   -7.665840   -9.253244    9.292117    9.087823    0.871303
  92    7.964428    7.964428   -4.129201    2.212816   -4.971711   -6.888096   -8.186937    9.263269    9.102894    0.876525
  93    7.982157    7.982157   -4.458714    2.402431   -5.147048   -7.203331   -8.631201    9.410027    9.229170    0.873338
  94    8.167609    8.167609   -4.340594    2.283743   -5.145199   -7.202050   -8.815041    9.780599    9.576856    0.873686

       k =  0.750000  0.500000  0.500000 ik =  59 spin = 1

   n         Emf          Eo           X        SX-X          CH         Sig         Vxc        Eqp0        Eqp1       Znk
  69    0.648941    0.648941  -16.142945    8.865799   -6.182473  -13.459619  -12.164368   -0.646310   -0.452702    0.850525
  70    0.676132    0.676132  -16.702791    9.072156   -6.495993  -14.126627  -13.061977   -0.388518   -0.231826    0.852823
  71    0.726097    0.726097  -16.704966    9.096173   -6.501064  -14.109858  -13.051778   -0.331983   -0.176322    0.852884
  72    0.780260    0.780260  -16.238670    8.964834   -6.385821  -13.659657  -12.623795   -0.255601   -0.102292    0.851998
  73    0.861837    0.861837  -16.245945    8.962519   -6.291175  -13.574602  -12.371437   -0.341328   -0.162965    0.851755
  74    1.029341    1.029341  -16.338753    8.997509   -6.290298  -13.631541  -12.440081   -0.162120    0.014811    0.851501
  75    1.137255    1.137255  -16.071213    8.904060   -6.341978  -13.509132  -12.422535    0.050658    0.206983    0.856133
  76    1.243415    1.243415  -16.341136    8.957923   -6.329038  -13.712251  -12.614451    0.145614    0.302212    0.857353
  77    1.250185    1.250185  -16.294973    9.010675   -6.330238  -13.614536  -12.450471    0.086120    0.254000    0.855781
  78    1.311195    1.311195  -16.274711    8.988298   -6.318995  -13.605408  -12.435215    0.141003    0.308845    0.856568
  79    1.366582    1.366582  -16.584426    9.170326   -6.433916  -13.848016  -12.757135    0.275701    0.437354    0.851814
  80    1.566544    1.566544  -16.194788    9.457877   -6.892786  -13.629697  -12.967721    0.904568    1.004706    0.848728
  81    1.771031    1.771031  -15.813626    8.589580   -6.415056  -13.639103  -12.840526    0.972455    1.084448    0.859759
  82    2.352896    2.352896  -15.815290    8.469843   -6.549531  -13.894978  -13.299459    1.757377    1.839150    0.862685
  83    4.641338    4.641338   -7.773087    4.601993   -6.472526   -9.643619  -10.709834    5.707553    5.561815    0.863313
  84    5.727683    5.727683   -6.313914    3.791890   -6.135374   -8.657398   -9.725202    6.795488    6.651285    0.864953
  85    5.730328    5.730328   -6.748122    3.897104   -6.025777   -8.876795  -10.015511    6.869044    6.722261    0.871098
  86    6.163850    6.163850   -6.528452    3.708199   -5.989509   -8.809763  -10.114173    7.468260    7.300398    0.871312
  87    6.671885    6.671885   -5.223250    2.783987   -5.517443   -7.956706   -9.395056    8.110235    7.925384    0.871484
  88    6.749221    6.749221   -5.033843    2.681543   -5.242891   -7.595191   -8.780813    7.934843    7.785306    0.873875
  89    7.227679    7.227679   -5.684035    3.075970   -5.806254   -8.414319  -10.183660    8.997019    8.765583    0.869196
  90    7.314277    7.314277   -5.045204    2.687168   -5.373450   -7.731486   -9.257766    8.840556    8.645083    0.871928
  91    7.575626    7.575626   -5.352096    2.879603   -5.627171   -8.099664   -9.784230    9.260192    9.042286    0.870646
  92    7.831634    7.831634   -4.971012    2.721479   -5.400297   -7.649830   -9.148996    9.330800    9.140055    0.872766
  93    7.889293    7.889293   -4.455440    2.347477   -5.104425   -7.212388   -8.628127    9.305032    9.127904    0.874886
  94    8.053608    8.053608   -5.202980    2.835506   -5.650486   -8.017960   -9.820330    9.855977    9.622074    0.870225

       k =  0.750000  0.500000  0.750000 ik =  60 spin = 1

   n         Emf          Eo           X        SX-X          CH         Sig         Vxc        Eqp0        Eqp1       Znk
  69    0.608078    0.608078  -16.533974    9.023026   -6.401843  -13.912790  -12.767860   -0.536853   -0.367303    0.851912
  70    0.675552    0.675552  -16.174706    8.956539   -6.294387  -13.512553  -12.362291   -0.474710   -0.302568    0.850345
  71    0.724974    0.724974  -16.301032    8.936351   -6.338450  -13.703131  -12.551415   -0.426742   -0.257090    0.852696
  72    0.812634    0.812634  -16.308375    8.980239   -6.418082  -13.746218  -12.719193   -0.214391   -0.063313    0.852897
  73    0.910430    0.910430  -16.298968    9.041551   -6.325259  -13.582676  -12.397306   -0.274939   -0.098535    0.851182
  74    1.100837    1.100837  -16.201540    8.910327   -6.283807  -13.575020  -12.434197   -0.039986    0.123391    0.856790
  75    1.135872    1.135872  -16.420968    9.008193   -6.313592  -13.726367  -12.561501   -0.028995    0.142587    0.852703
  76    1.171922    1.171922  -16.191883    8.903965   -6.276476  -13.564394  -12.420419    0.027947    0.191815    0.856756
  77    1.252522    1.252522  -16.441972    9.082135   -6.363892  -13.723729  -12.584358    0.113151    0.281049    0.852640
  78    1.336914    1.336914  -16.426166    9.057767   -6.375563  -13.743961  -12.617777    0.210730    0.373108    0.855816
  79    1.340146    1.340146  -16.454234    9.761428   -7.068689  -13.761495  -13.221338    0.799989    0.883498    0.845399
  80    1.392537    1.392537  -16.442698    9.070714   -6.381591  -13.753575  -12.634936    0.273899    0.435250    0.855761
  81    1.867349    1.867349  -15.859399    8.583522   -6.450202  -13.726079  -12.952152    1.093422    1.201739    0.860043
  82    2.220286    2.220286  -15.709793    8.426082   -6.489197  -13.772908  -13.117758    1.565135    1.655362    0.862282
  83    4.245620    4.245620   -6.973732    4.128447   -6.177472   -9.022758   -9.899536    5.122398    5.005563    0.866745
  84    5.452121    5.452121   -6.385824    3.776550   -6.023224   -8.632498   -9.641831    6.461455    6.326551    0.866344
  85    5.852845    5.852845   -6.889822    3.984794   -6.083343   -8.988372  -10.152274    7.016746    6.866117    0.870583
  86    6.131747    6.131747   -6.733073    3.871397   -6.065812   -8.927488  -10.177795    7.382054    7.220817    0.871042
  87    7.048752    7.048752   -5.501792    2.916926   -5.727317   -8.312183  -10.134941    8.871510    8.632321    0.868776
  88    7.143751    7.143751   -5.440409    2.994929   -5.539230   -7.984710   -9.214577    8.373618    8.216103    0.871925
  89    7.378411    7.378411   -5.647230    3.017015   -5.782481   -8.412696  -10.300172    9.265887    9.018082    0.868711
  90    7.430004    7.430004   -5.467772    2.912867   -5.669013   -8.223917   -9.988869    9.194956    8.964244    0.869281
  91    7.958300    7.958300   -5.025737    2.762331   -5.482937   -7.746342   -9.298563    9.510521    9.312430    0.872382
  92    8.020065    8.020065   -5.131975    2.768410   -5.551300   -7.914865   -9.669613    9.774812    9.547671    0.870556
  93    8.109664    8.109664   -4.870737    2.636916   -5.390412   -7.624233   -9.249191    9.734622    9.526105    0.871679
  94    8.193362    8.193362   -4.260232    2.265757   -5.088193   -7.082667   -8.556300    9.666995    9.481096    0.873850

       k =  0.750000  0.750000  0.000000 ik =  61 spin = 1

   n         Emf          Eo           X        SX-X          CH         Sig         Vxc        Eqp0        Eqp1       Znk
  69    0.612596    0.612596  -16.159892    8.839336   -6.185068  -13.505624  -12.230326   -0.662702   -0.472809    0.851099
  70    0.620517    0.620517  -16.579528    9.056665   -6.437098  -13.959961  -12.828885   -0.510559   -0.343136    0.851979
  71    0.750401    0.750401  -16.268182    8.968174   -6.422464  -13.722472  -12.714457   -0.257613   -0.109210    0.852777
  72    0.805589    0.805589  -16.256280    8.962701   -6.413205  -13.706784  -12.676736   -0.224459   -0.073117    0.853073
  73    0.927405    0.927405  -16.180818    9.044708   -6.316022  -13.452132  -12.267521   -0.257205   -0.081202    0.851425
  74    1.096732    1.096732  -16.168557    8.888807   -6.274884  -13.554635  -12.409419   -0.048484    0.115214    0.857059
  75    1.158222    1.158222  -16.265226    8.918717   -6.277169  -13.623678  -12.464066   -0.001390    0.166158    0.855514
  76    1.195322    1.195322  -16.513988    9.017532   -6.331532  -13.827988  -12.687248    0.054582    0.221634    0.853558
  77    1.207950    1.207950  -16.404856    9.048758   -6.327782  -13.683880  -12.511400    0.035470    0.208336    0.852564
  78    1.339441    1.339441  -16.449470    9.763107   -7.073631  -13.759994  -13.229361    0.808808    0.890847    0.845393
  79    1.356821    1.356821  -16.457684    9.070402   -6.378660  -13.765941  -12.634569    0.225449    0.388579    0.855812
  80    1.418920    1.418920  -16.491432    9.112153   -6.412738  -13.792017  -12.689930    0.316833    0.475959    0.855614
  81    1.830297    1.830297  -15.830882    8.571490   -6.442914  -13.702307  -12.924885    1.052875    1.161729    0.859980
  82    2.242018    2.242018  -15.743282    8.446250   -6.501562  -13.798593  -13.148827    1.592252    1.681756    0.862252
  83    4.233378    4.233378   -6.936236    4.106668   -6.162660   -8.992227   -9.863667    5.104818    4.988820    0.866889
  84    5.445354    5.445354   -6.354540    3.755450   -6.002184   -8.601274   -9.608741    6.452821    6.318388    0.866563
  85    5.915445    5.915445   -7.027787    4.064373   -6.143665   -9.107079  -10.306095    7.114461    6.958494    0.869921
  86    6.130371    6.130371   -6.813817    3.932745   -6.108072   -8.989144  -10.227434    7.368661    7.208674    0.870800
  87    6.977062    6.977062   -5.309103    2.834069   -5.577295   -8.052330   -9.716801    8.641534    8.425658    0.870303
  88    7.196494    7.196494   -4.970739    2.673681   -5.347140   -7.644198   -9.016195    8.568491    8.393752    0.872639
  89    7.273086    7.273086   -5.494813    2.945294   -5.642220   -8.191739   -9.762303    8.843649    8.641189    0.871091
  90    7.436550    7.436550   -6.268874    3.375473   -6.202214   -9.095615  -11.220981    9.561917    9.272826    0.863981
  91    7.731331    7.731331   -5.317770    2.915543   -5.630621   -8.032848   -9.619427    9.317910    9.113356    0.871072
  92    8.126215    8.126215   -4.986657    2.705541   -5.498056   -7.779171   -9.568108    9.915151    9.684259    0.870933
  93    8.259258    8.259258   -4.078005    2.158633   -5.016950   -6.936322   -8.484594    9.807531    9.611833    0.873603
  94    8.294039    8.294039   -3.784782    1.978923   -4.729543   -6.535402   -7.701655    9.460292    9.317076    0.877200

       k =  0.750000  0.750000  0.250000 ik =  62 spin = 1

   n         Emf          Eo           X        SX-X          CH         Sig         Vxc        Eqp0        Eqp1       Znk
  69    0.551085    0.551085  -16.448361    9.036516   -6.377139  -13.788984  -12.608020   -0.629879   -0.453620    0.850749
  70    0.570110    0.570110  -16.498463    9.154470   -6.452297  -13.796290  -12.672764   -0.553415   -0.384415    0.849581
  71    0.723327    0.723327  -16.180096    8.935865   -6.378876  -13.623106  -12.571376   -0.328403   -0.173904    0.853100
  72    0.777060    0.777060  -16.264356    8.890197   -6.208119  -13.582278  -12.322176   -0.483042   -0.295501    0.851170
  73    0.845789    0.845789  -16.308070    8.975889   -6.422049  -13.754230  -12.728415   -0.180026   -0.029488    0.853250
  74    0.948042    0.948042  -16.282807    9.084654   -6.342788  -13.540941  -12.370288   -0.222610   -0.048349    0.851141
  75    1.054390    1.054390  -16.238650    8.938748   -6.293346  -13.593248  -12.454117   -0.084741    0.080238    0.855171
  76    1.071837    1.071837  -16.384845    8.957442   -6.275675  -13.703078  -12.510396   -0.120844    0.054485    0.852996
  77    1.132694    1.132694  -16.181486    8.894868   -6.276674  -13.563292  -12.419333   -0.011265    0.152816    0.856568
  78    1.255457    1.255457  -16.462000    9.072023   -6.348145  -13.738122  -12.582555    0.099890    0.270453    0.852399
  79    1.352117    1.352117  -16.406572    9.033518   -6.347138  -13.720193  -12.567742    0.199667    0.365184    0.856378
  80    1.430574    1.430574  -16.472591    9.092341   -6.394981  -13.775231  -12.662537    0.317880    0.477910    0.856178
  81    2.000043    2.000043  -15.800895    8.495721   -6.457997  -13.763170  -13.041304    1.278176    1.378423    0.861128
  82    2.046483    2.046483  -15.763478    8.487423   -6.450750  -13.726806  -12.999677    1.319355    1.420167    0.861355
  83    4.761197    4.761197   -6.884252    4.074169   -6.149916   -8.959999   -9.900335    5.701533    5.575334    0.865794
  84    4.835933    4.835933   -6.925060    4.100357   -6.170659   -8.995362   -9.946658    5.787229    5.659594    0.865830
  85    6.022455    6.022455   -6.964653    4.044447   -6.143801   -9.064007  -10.246208    7.204656    7.051097    0.870107
  86    6.083514    6.083514   -7.039475    4.072957   -6.165639   -9.132157  -10.372942    7.324299    7.162489    0.869591
  87    7.309851    7.309851   -5.841245    3.177360   -5.888576   -8.552460  -10.395850    9.153240    8.910475    0.868305
  88    7.439282    7.439282   -5.373988    2.948472   -5.554219   -7.979735   -9.469007    8.928554    8.738230    0.872204
  89    7.618009    7.618009   -5.872348    3.113054   -6.002763   -8.762057  -11.030515    9.886467    9.579741    0.864787
  90    7.880212    7.880212   -6.229650    3.490975   -6.101954   -8.840630  -10.604394    9.643976    9.409686    0.867165
  91    7.953676    7.953676   -4.466485    2.361979   -5.160267   -7.264773   -8.752680    9.441583    9.254025    0.873945
  92    8.096515    8.096515   -4.695280    2.527221   -5.377687   -7.545745   -9.196934    9.747703    9.536043    0.871814
  93    8.265345    8.265345   -3.943803    2.034843   -4.886707   -6.795667   -8.318629    9.788306    9.598475    0.875354
  94    8.345036    8.345036   -4.368686    2.289180   -5.241323   -7.320828   -8.876127    9.900334    9.698722    0.870371

       k =  0.750000  0.750000  0.500000 ik =  63 spin = 1

   n         Emf          Eo           X        SX-X          CH         Sig         Vxc        Eqp0        Eqp1       Znk
  69    0.636422    0.636422  -16.654433    9.219292   -6.489278  -13.924420  -12.832319   -0.455678   -0.291359    0.849539
  70    0.676473    0.676473  -16.144575    8.926937   -6.374407  -13.592044  -12.547666   -0.367906   -0.213914    0.852552
  71    0.769499    0.769499  -16.291952    8.897143   -6.222696  -13.617504  -12.365676   -0.482330   -0.295940    0.851106
  72    0.841919    0.841919  -16.311495    8.987718   -6.427581  -13.751358  -12.727218   -0.182221   -0.031601    0.852930
  73    0.900424    0.900424  -16.246771    9.089837   -6.356197  -13.513131  -12.358053   -0.254654   -0.082602    0.851047
  74    0.992356    0.992356  -16.412526    8.947673   -6.241470  -13.706323  -12.464938   -0.249029   -0.064443    0.851307
  75    1.104018    1.104018  -16.184974    8.897987   -6.285416  -13.572403  -12.440125   -0.028260    0.133454    0.857178
  76    1.175694    1.175694  -16.183453    8.896113   -6.274791  -13.562131  -12.422995    0.036558    0.199161    0.857257
  77    1.274058    1.274058  -16.337697    9.008940   -6.320624  -13.649381  -12.473283    0.097960    0.268188    0.855260
  78    1.328182    1.328182  -16.408579    9.048224   -6.357624  -13.717980  -12.567633    0.177836    0.344315    0.855279
  79    1.338605    1.338605  -16.448742    9.769393   -7.078479  -13.757829  -13.226508    0.807285    0.889517    0.845230
  80    1.398980    1.398980  -16.521662    9.125384   -6.410853  -13.807131  -12.706592    0.298441    0.458864    0.854232
  81    1.867709    1.867709  -15.831673    8.568609   -6.442344  -13.705409  -12.929630    1.091930    1.200422    0.860151
  82    2.220772    2.220772  -15.727752    8.433581   -6.493220  -13.787391  -13.140518    1.573899    1.662991    0.862272
  83    4.252233    4.252233   -6.984185    4.135531   -6.184300   -9.032953   -9.910926    5.130206    5.013172    0.866700
  84    5.449152    5.449152   -6.389210    3.777415   -6.027513   -8.639307   -9.650072    6.459916    6.324782    0.866305
  85    5.835904    5.835904   -6.894098    3.992576   -6.088541   -8.990063  -10.144084    6.989925    6.840444    0.870469
  86    6.227101    6.227101   -6.974351    4.020102   -6.171299   -9.125548  -10.416051    7.517604    7.350207    0.870286
  87    6.982351    6.982351   -5.508351    2.900621   -5.730606   -8.338336  -10.183683    8.827698    8.584915    0.868435
  88    7.147940    7.147940   -5.379084    2.937954   -5.490067   -7.931197   -9.211989    8.428732    8.264967    0.872138
  89    7.483888    7.483888   -5.054810    2.701299   -5.355702   -7.709213   -9.162844    8.937519    8.754608    0.874169
  90    7.533161    7.533161   -6.230253    3.349498   -6.207864   -9.088619  -11.307333    9.751875    9.449611    0.863766
  91    7.836431    7.836431   -4.495370    2.440431   -5.144914   -7.199853   -8.545445    9.182022    9.012662    0.874137
  92    7.957302    7.957302   -5.547948    3.028264   -5.781033   -8.300717  -10.196976    9.853561    9.603959    0.868371
  93    8.044386    8.044386   -3.810255    2.002643   -4.774116   -6.581728   -7.729548    9.192205    9.051137    0.877099
  94    8.174792    8.174792   -5.076614    2.762875   -5.559849   -7.873588   -9.619380    9.920584    9.696564    0.871680

       k =  0.750000  0.750000  0.750000 ik =  64 spin = 1

   n         Emf          Eo           X        SX-X          CH         Sig         Vxc        Eqp0        Eqp1       Znk
  69    0.656391    0.656391  -16.614275    9.057667   -6.475804  -14.032412  -12.953300   -0.422720   -0.263730    0.852665
  70    0.683872    0.683872  -16.188475    8.919100   -6.388909  -13.658284  -12.641904   -0.332508   -0.182736    0.852642
  71    0.785906    0.785906  -16.952483    9.165672   -6.552685  -14.339496  -13.309975   -0.243615   -0.092402    0.853124
  72    0.795701    0.795701  -16.256194    8.972543   -6.431118  -13.714769  -12.723595   -0.195474   -0.049319    0.852544
  73    0.861479    0.861479  -16.084406    9.015381   -6.295060  -13.364085  -12.171330   -0.331275   -0.153780    0.851189
  74    1.090310    1.090310  -16.484212    8.976801   -6.267966  -13.775377  -12.551436   -0.133631    0.048115    0.851508
  75    1.145377    1.145377  -16.087278    8.904372   -6.333740  -13.516646  -12.424791    0.053522    0.210366    0.856350
  76    1.229699    1.229699  -16.305911    8.992464   -6.300795  -13.614242  -12.421928    0.037386    0.210397    0.854895
  77    1.260346    1.260346  -16.411564    8.981933   -6.346723  -13.776354  -12.688004    0.171996    0.327219    0.857378
  78    1.308108    1.308108  -16.366033    9.064921   -6.372675  -13.673787  -12.532448    0.166769    0.332010    0.855221
  79    1.381556    1.381556  -16.496276    9.129941   -6.411414  -13.777749  -12.671746    0.275553    0.437481    0.853592
  80    1.551954    1.551954  -16.116513    9.442713   -6.891905  -13.565705  -12.906952    0.893201    0.993028    0.848460
  81    1.762299    1.762299  -15.817319    8.595199   -6.419136  -13.641256  -12.854540    0.975583    1.085918    0.859752
  82    2.339084    2.339084  -15.773253    8.450366   -6.539380  -13.862267  -13.257008    1.733825    1.816906    0.862735
  83    4.634897    4.634897   -7.756990    4.593643   -6.466040   -9.629387  -10.692970    5.698480    5.553165    0.863372
  84    5.730527    5.730527   -6.308638    3.791528   -6.139426   -8.656536   -9.723832    6.797823    6.653579    0.864851
  85    5.789839    5.789839   -6.861763    3.961163   -6.072559   -8.973159  -10.135485    6.952165    6.801832    0.870662
  86    6.203785    6.203785   -6.818384    3.903155   -6.121693   -9.036921  -10.349431    7.516294    7.346322    0.870498
  87    6.580489    6.580489   -5.045444    2.640115   -5.390366   -7.795695   -9.318374    8.103169    7.908546    0.872184
  88    6.622692    6.622692   -4.632607    2.475553   -5.075550   -7.232604   -8.221217    7.611304    7.488365    0.875644
  89    7.208642    7.208642   -5.182029    2.701067   -5.445071   -7.926034   -9.597157    8.879765    8.666027    0.872099
  90    7.234898    7.234898   -6.080436    3.342147   -6.084638   -8.822926  -10.714091    9.126063    8.873736    0.866576
  91    7.727163    7.727163   -4.982714    2.672425   -5.441460   -7.751750   -9.342846    9.318259    9.115058    0.872288
  92    7.868103    7.868103   -4.144638    2.195645   -4.871766   -6.820758   -7.986917    9.034262    8.891077    0.877217
  93    8.026221    8.026221   -5.919235    3.239859   -6.031209   -8.710585  -10.786414   10.102050    9.824438    0.866264
  94    8.076220    8.076220   -4.803065    2.607930   -5.320718   -7.515853   -8.902736    9.463104    9.287396    0.873308


================================================================================

    n = band index.
  Emf = "inner" mean-field energy eigenvalue used to construct Sigma(E),
        read from WFN_inner.
   Eo = "outer" mean-field energy eigenvalue where we center the evaluation
        frequency grid {E} of Sigma(E). Defaults to Emf, unless
        you use WFN_outer and eqp_outer.dat / scissors_outer.
  Vxc = exchange-correlation pot., calculated from VXC or read from vxc.dat.
  KIH = Kinetic energy + Ionic potential + Hartree, read from kih.dat.
    X = bare exchange.
   SX = screened exchange contrib. to Sigma(E) at energy E=Eo
   CH = Coulomb hole contrib. to Sigma(E) at energy E=Eo
  Cor = SX-X + CH = correlation portion of Sigma(E) at energy E=Eo.
  Sig = X + Cor = self energy, Sigma(E), at energy E=Eo.
 Eqp0 = on-shell QP energy = Emf - Vxc + Sig(Eo)
        Eqp0 is *not* the recommended quantity to use for QP properties.
 Eqp1 = off-shell solution to the linearized  Dyson`s equation
      = Eqp0 + (dSig/dE) / (1 - dSig/dE) * (Eqp0 - Eo),
        or a full linear interpolation if more freq. points where computed.
        Eqp1 is the recommended quantity to use for QP properties.
  Znk = quasiparticle renormalization factor

 Notes on the finite_difference_form from sigma.inp file:
   none    : -2 => dSig/dE = 0 (skip the expansion)
   backward: -1 => dSig/dE = (Sig(Eo) - Sig(Eo-dE)) / dE
   central :  0 => dSig/dE = (Sig(Eo+dE) - Sig(Eo-dE)) / (2*dE)
   forward :  1 => dSig/dE = (Sig(Eo+dE) - Sig(Eo)) / dE
   default :  2 => forward for diagonal and none for off-diagonal
   dE is finite_difference_spacing from Sigma.inp file.
   We are using the form #2 with dE = 1.000 eV.

 General notes:
 - All energies are reported here in eV.
 - Both Emf and Vxc contain the average pot. Vxc0, so Vxc0 doesn`t affect Sigma.
 - Eqp1 and Eqp0 are Eqs. (36-37) from Hybertsen & Louie PRB 34 5390.
 - We recommend you use Eqp1 for QP properties of materials.

================================================================================

