K_POINTS crystal
   64
  0.126600000  0.125200000  0.124800000   1.0
  0.126600000  0.125200000  0.374800000   1.0
  0.126600000  0.125200000  0.624800000   1.0
  0.126600000  0.125200000  0.874800000   1.0
  0.126600000  0.375200000  0.124800000   1.0
  0.126600000  0.375200000  0.374800000   1.0
  0.126600000  0.375200000  0.624800000   1.0
  0.126600000  0.375200000  0.874800000   1.0
  0.126600000  0.625200000  0.124800000   1.0
  0.126600000  0.625200000  0.374800000   1.0
  0.126600000  0.625200000  0.624800000   1.0
  0.126600000  0.625200000  0.874800000   1.0
  0.126600000  0.875200000  0.124800000   1.0
  0.126600000  0.875200000  0.374800000   1.0
  0.126600000  0.875200000  0.624800000   1.0
  0.126600000  0.875200000  0.874800000   1.0
  0.376600000  0.125200000  0.124800000   1.0
  0.376600000  0.125200000  0.374800000   1.0
  0.376600000  0.125200000  0.624800000   1.0
  0.376600000  0.125200000  0.874800000   1.0
  0.376600000  0.375200000  0.124800000   1.0
  0.376600000  0.375200000  0.374800000   1.0
  0.376600000  0.375200000  0.624800000   1.0
  0.376600000  0.375200000  0.874800000   1.0
  0.376600000  0.625200000  0.124800000   1.0
  0.376600000  0.625200000  0.374800000   1.0
  0.376600000  0.625200000  0.624800000   1.0
  0.376600000  0.625200000  0.874800000   1.0
  0.376600000  0.875200000  0.124800000   1.0
  0.376600000  0.875200000  0.374800000   1.0
  0.376600000  0.875200000  0.624800000   1.0
  0.376600000  0.875200000  0.874800000   1.0
  0.626600000  0.125200000  0.124800000   1.0
  0.626600000  0.125200000  0.374800000   1.0
  0.626600000  0.125200000  0.624800000   1.0
  0.626600000  0.125200000  0.874800000   1.0
  0.626600000  0.375200000  0.124800000   1.0
  0.626600000  0.375200000  0.374800000   1.0
  0.626600000  0.375200000  0.624800000   1.0
  0.626600000  0.375200000  0.874800000   1.0
  0.626600000  0.625200000  0.124800000   1.0
  0.626600000  0.625200000  0.374800000   1.0
  0.626600000  0.625200000  0.624800000   1.0
  0.626600000  0.625200000  0.874800000   1.0
  0.626600000  0.875200000  0.124800000   1.0
  0.626600000  0.875200000  0.374800000   1.0
  0.626600000  0.875200000  0.624800000   1.0
  0.626600000  0.875200000  0.874800000   1.0
  0.876600000  0.125200000  0.124800000   1.0
  0.876600000  0.125200000  0.374800000   1.0
  0.876600000  0.125200000  0.624800000   1.0
  0.876600000  0.125200000  0.874800000   1.0
  0.876600000  0.375200000  0.124800000   1.0
  0.876600000  0.375200000  0.374800000   1.0
  0.876600000  0.375200000  0.624800000   1.0
  0.876600000  0.375200000  0.874800000   1.0
  0.876600000  0.625200000  0.124800000   1.0
  0.876600000  0.625200000  0.374800000   1.0
  0.876600000  0.625200000  0.624800000   1.0
  0.876600000  0.625200000  0.874800000   1.0
  0.876600000  0.875200000  0.124800000   1.0
  0.876600000  0.875200000  0.374800000   1.0
  0.876600000  0.875200000  0.624800000   1.0
  0.876600000  0.875200000  0.874800000   1.0
