
 BerkeleyGW version 3.0
 BSE/Absorption code, Complex version, run on 31-Aug-2023 at 22:15:44 -0700

                                                                 ..o.          
                                                                .oxxo.         
                                                               .oxxxxo...      
                                                               oxxxxxxo.       
                                                              .oxxxxxxx.       
                                                              .ooooooxxo..     
                                                              .oooooooxo..     
                                                              .oooooxxo...     
                                                       .........oxooo......    
                                                 ............................  
                                             ................................. 
                                          .................................... 
           .          ..oo. ....  .................................oooxxxxxxxo.
     .............oxxxx@ox@@@x@x.....................o...........ooooooooooxx. 
    .o.........oox@x.oo........xxx@@............ooxxxxo..........ooooxxxxxoxo  
    .x........x@xxo...............o@xxo........oxxx@@@xoooooooooooooooxxxo...  
    .o......ox@@o..................oox@o.....ooxxx@xoooxxxxxxxoooooooooooo.... 
    o..ooooo@@xoooo....ooo...........x@o.....ooxxxxo   .oxxxxxxxxxxooooooo.... 
    . .oooo@@@@@@@@@@@@@@@@@@@@@@@@@@@@@@....ooooox.     .oxx@@@@@xxoo........ 
      .ooooxxxxxxxooooooxooooooooooooooxo...oooooxx.        ..ox@xxxoo.........
      .ooooooxxxx@xoooooooooooooxxoooooooooooxxxxx.            .oxxooooooooxxo.
     .oooooxxxxx@@@xxxxxxxxxxxxxxxxxxxxxxxxoxxxxo.                .oxxxxxxxxo. 
   ....oooxxxxx@@@xo..oxxx@@@@@@xxxxoxxoooooooxx.                  .oxxxoo..   
  .....ooxxxx@@xo.       ........    .ooooooooxxo                              
  ..oooxxxx@@@o                       .oooooooxoo.                             
  ....oxooxxxxx.                       .ooo..oooo.                             
  .....o.ooxxxxxo.                     .oooooooxo.                             
 ......ooooxxxxxxo.                     .ooooooxoo..                           
........ooxxxxxxxo..                     .o....oxoo...                         
.......ooooxxxxxxxo.                     ........oooo.                         
.ooooooo..ooxxxxoooo.                    .........ooo...                       
..oxo...ooooxxxoooo..                    .ooo......oooo...                     
  .ooooo....o.                            .oxxxoo....ooo....                   
    .oooooo...                              ...ooooo...ooo..                   
       ...                                     .oo.......                      
                                               ....ooo...                      
                      __              __                                       
 ______              [  |            [  |                 ._____  _          _ 
|_   _ \              | |  _          | |                /  ___ \| |        | |
  | |_) | .---.  _. _.| | / |  .---.  | | .---.  _    _ / /    \_|\ \  /\  / / 
  |  __'./ /__\\[ /`\_| '' <  / /__\\ | |/ /__\\| \  | | |   _____ \ \/  \/ /  
 _| |__| | \__. | |   | |`\ \ | \___. | || \___. \ \/ / \ \.___| |  \  /\  /   
|_______/ \.__./[_]  [__|  \_] \.__./[___]\.__./  \  /   \.____./    \/  \/    
                                                  / /                          
                                                 /_/                           
 --------------------------------------------------------------------------------
 Please cite the main BerkeleyGW paper when using results from this calculation:

 Jack Deslippe, Georgy Samsonidze, David A. Strubbe, Manish Jain, Marvin L.
 Cohen, and Steven G. Louie, "BerkeleyGW: A Massively Parallel Computer Package
 for the Calculation of the Quasiparticle and Optical Properties of Materials
 and Nanostructures," Comput. Phys. Commun. 183, 1269 (2012)

 Aditionally, PLEASE CITE ALL PAPERS REPORTED AT THE END OF THIS CALCULATION.
 --------------------------------------------------------------------------------

 Running MPI version (parallel)
 Running with 56 MPI task(s)
 Using OpenMP. Number of threads per MPI task: 1

 Compilation flags:
 - Compiler: GNU
 - Para. flags: MPI, OMP
 - Math  flags: USESCALAPACK, USEFFTW3, HDF5
 - Debug flags: 

 **************************************************
 **                                              **
 **                   WARNING:                   **
 **      THE MOMENTUM OPERATOR IS NOT EXACT      **
 **  ONLY USE IT IF YOU KNOW WHAT YOU ARE DOING  **
 **  OTHERWISE YOU SHOULD USE VELOCITY OPERATOR  **
 **    for details see equations (29) and (30)   **
 **    of Rohlfing & Louie PRB 62, 4927 (2000)   **
 **                                              **
 **************************************************

 Running with verbosity level 3 (high).

 Kernel was calculated only for (v,c)->(v',c') transitions.
 This may not be a good idea for metals!

 The restricted fi/co WFN transformation dvv',dcc' will be calculated.

 Using the Tamm-Dancoff approximation.

 Using the momentum operator

 Using the Delaunay interpolation method.

 We are doing a calculation with zero exciton momentum
 Running with semiconductor screening

 We are communicating via MPI

 We are using no truncation
 Cutoff for Monte-Carlo average of Coulomb potential: 1.000E+012 Ry


 Number of k-points in the coarse k-grid: 64
WARNING: Inversion symmetry about the origin is present. The real version would be faster.
 A 3-D interpolation algorithm will be employed.
WARNING: Inversion symmetry about the origin is present. The real version would be faster.
 No symmetries used in the fine grid-sampling
 K-grid: 6 6 6
 Highest occupied band (fine grid) = 82
 Valence max    (fine grid) = 1.849933 eV
 Conduction min (fine grid) = 4.581067 eV
 Middle energy  (fine grid) = 3.215500 eV
 Fermi  energy  (fine grid) = 3.215500 eV

 Number of electrons per unit cell (from ifmax) = 164.000000
 Number of electrons per unit cell (from occupations) = 164.000000
 Plasma Frequency = 1.371237 Ry


 Scissors parameters:
 - Valence:    es =   0.0000 eV, e0 =   0.0000 eV, edel =   0.0000
 - Conduction: es =   0.0000 eV, e0 =   0.0000 eV, edel =   0.0000

 You are doing a class 1 calculation - npes <= nk

 Memory available: 4406.0 MB per PE
 Memory required for vcoul: 114.4 MB per PE
 Memory needed to store the effective Ham. and intkernel arrays: 114.8 MB per PE
 Additional memory needed for evecs and diagonalization: 215.0 MB per PE

 Distribution of kcv blocks among PE ranks:
   - PEs 0 to 47 : 4 blocks
   - PEs 48 to 55 : 3 blocks

 Note: workload not evenly distributed among PEs.
 This job will not run with optimum load balance.


 Started reading wavefunctions (WFN_fi) with 216 k-point(s) at 22:15:44.
 [ 22:15:44 |   0% ] k-point   1 / 216.
 [ 22:15:45 |   1% ] k-point   3 / 216, remaining: 7 s.
 [ 22:15:45 |  10% ] k-point  22 / 216, remaining: 7 s.
 [ 22:15:46 |  20% ] k-point  44 / 216, remaining: 5 s.
 [ 22:15:46 |  30% ] k-point  65 / 216, remaining: 4 s.
 [ 22:15:47 |  40% ] k-point  87 / 216, remaining: 3 s.
 [ 22:15:47 |  50% ] k-point 109 / 216, remaining: 3 s.
 [ 22:15:48 |  60% ] k-point 130 / 216, remaining: 2 s.
 [ 22:15:49 |  70% ] k-point 152 / 216, remaining: 2 s.
 [ 22:15:49 |  80% ] k-point 173 / 216, remaining: 1 s.
 [ 22:15:50 |  90% ] k-point 195 / 216, remaining: 1 s.
 Finished reading wavefunctions (WFN_fi) at 22:15:50.
 Elapsed time: 6 s.


 Conduction wavefunctions read from file WFN_fi:
 - Number of k-points in irreducible BZ: 216
 - Number of k-points in full BZ: 216
 - Listing all k-points:
     0.078333   0.061667   0.051667
     0.078333   0.061667   0.218333
     0.078333   0.061667   0.385000
     0.078333   0.061667   0.551667
     0.078333   0.061667   0.718333
     0.078333   0.061667   0.885000
     0.078333   0.228333   0.051667
     0.078333   0.228333   0.218333
     0.078333   0.228333   0.385000
     0.078333   0.228333   0.551667
     0.078333   0.228333   0.718333
     0.078333   0.228333   0.885000
     0.078333   0.395000   0.051667
     0.078333   0.395000   0.218333
     0.078333   0.395000   0.385000
     0.078333   0.395000   0.551667
     0.078333   0.395000   0.718333
     0.078333   0.395000   0.885000
     0.078333   0.561667   0.051667
     0.078333   0.561667   0.218333
     0.078333   0.561667   0.385000
     0.078333   0.561667   0.551667
     0.078333   0.561667   0.718333
     0.078333   0.561667   0.885000
     0.078333   0.728333   0.051667
     0.078333   0.728333   0.218333
     0.078333   0.728333   0.385000
     0.078333   0.728333   0.551667
     0.078333   0.728333   0.718333
     0.078333   0.728333   0.885000
     0.078333   0.895000   0.051667
     0.078333   0.895000   0.218333
     0.078333   0.895000   0.385000
     0.078333   0.895000   0.551667
     0.078333   0.895000   0.718333
     0.078333   0.895000   0.885000
     0.245000   0.061667   0.051667
     0.245000   0.061667   0.218333
     0.245000   0.061667   0.385000
     0.245000   0.061667   0.551667
     0.245000   0.061667   0.718333
     0.245000   0.061667   0.885000
     0.245000   0.228333   0.051667
     0.245000   0.228333   0.218333
     0.245000   0.228333   0.385000
     0.245000   0.228333   0.551667
     0.245000   0.228333   0.718333
     0.245000   0.228333   0.885000
     0.245000   0.395000   0.051667
     0.245000   0.395000   0.218333
     0.245000   0.395000   0.385000
     0.245000   0.395000   0.551667
     0.245000   0.395000   0.718333
     0.245000   0.395000   0.885000
     0.245000   0.561667   0.051667
     0.245000   0.561667   0.218333
     0.245000   0.561667   0.385000
     0.245000   0.561667   0.551667
     0.245000   0.561667   0.718333
     0.245000   0.561667   0.885000
     0.245000   0.728333   0.051667
     0.245000   0.728333   0.218333
     0.245000   0.728333   0.385000
     0.245000   0.728333   0.551667
     0.245000   0.728333   0.718333
     0.245000   0.728333   0.885000
     0.245000   0.895000   0.051667
     0.245000   0.895000   0.218333
     0.245000   0.895000   0.385000
     0.245000   0.895000   0.551667
     0.245000   0.895000   0.718333
     0.245000   0.895000   0.885000
     0.411667   0.061667   0.051667
     0.411667   0.061667   0.218333
     0.411667   0.061667   0.385000
     0.411667   0.061667   0.551667
     0.411667   0.061667   0.718333
     0.411667   0.061667   0.885000
     0.411667   0.228333   0.051667
     0.411667   0.228333   0.218333
     0.411667   0.228333   0.385000
     0.411667   0.228333   0.551667
     0.411667   0.228333   0.718333
     0.411667   0.228333   0.885000
     0.411667   0.395000   0.051667
     0.411667   0.395000   0.218333
     0.411667   0.395000   0.385000
     0.411667   0.395000   0.551667
     0.411667   0.395000   0.718333
     0.411667   0.395000   0.885000
     0.411667   0.561667   0.051667
     0.411667   0.561667   0.218333
     0.411667   0.561667   0.385000
     0.411667   0.561667   0.551667
     0.411667   0.561667   0.718333
     0.411667   0.561667   0.885000
     0.411667   0.728333   0.051667
     0.411667   0.728333   0.218333
     0.411667   0.728333   0.385000
     0.411667   0.728333   0.551667
     0.411667   0.728333   0.718333
     0.411667   0.728333   0.885000
     0.411667   0.895000   0.051667
     0.411667   0.895000   0.218333
     0.411667   0.895000   0.385000
     0.411667   0.895000   0.551667
     0.411667   0.895000   0.718333
     0.411667   0.895000   0.885000
     0.578333   0.061667   0.051667
     0.578333   0.061667   0.218333
     0.578333   0.061667   0.385000
     0.578333   0.061667   0.551667
     0.578333   0.061667   0.718333
     0.578333   0.061667   0.885000
     0.578333   0.228333   0.051667
     0.578333   0.228333   0.218333
     0.578333   0.228333   0.385000
     0.578333   0.228333   0.551667
     0.578333   0.228333   0.718333
     0.578333   0.228333   0.885000
     0.578333   0.395000   0.051667
     0.578333   0.395000   0.218333
     0.578333   0.395000   0.385000
     0.578333   0.395000   0.551667
     0.578333   0.395000   0.718333
     0.578333   0.395000   0.885000
     0.578333   0.561667   0.051667
     0.578333   0.561667   0.218333
     0.578333   0.561667   0.385000
     0.578333   0.561667   0.551667
     0.578333   0.561667   0.718333
     0.578333   0.561667   0.885000
     0.578333   0.728333   0.051667
     0.578333   0.728333   0.218333
     0.578333   0.728333   0.385000
     0.578333   0.728333   0.551667
     0.578333   0.728333   0.718333
     0.578333   0.728333   0.885000
     0.578333   0.895000   0.051667
     0.578333   0.895000   0.218333
     0.578333   0.895000   0.385000
     0.578333   0.895000   0.551667
     0.578333   0.895000   0.718333
     0.578333   0.895000   0.885000
     0.745000   0.061667   0.051667
     0.745000   0.061667   0.218333
     0.745000   0.061667   0.385000
     0.745000   0.061667   0.551667
     0.745000   0.061667   0.718333
     0.745000   0.061667   0.885000
     0.745000   0.228333   0.051667
     0.745000   0.228333   0.218333
     0.745000   0.228333   0.385000
     0.745000   0.228333   0.551667
     0.745000   0.228333   0.718333
     0.745000   0.228333   0.885000
     0.745000   0.395000   0.051667
     0.745000   0.395000   0.218333
     0.745000   0.395000   0.385000
     0.745000   0.395000   0.551667
     0.745000   0.395000   0.718333
     0.745000   0.395000   0.885000
     0.745000   0.561667   0.051667
     0.745000   0.561667   0.218333
     0.745000   0.561667   0.385000
     0.745000   0.561667   0.551667
     0.745000   0.561667   0.718333
     0.745000   0.561667   0.885000
     0.745000   0.728333   0.051667
     0.745000   0.728333   0.218333
     0.745000   0.728333   0.385000
     0.745000   0.728333   0.551667
     0.745000   0.728333   0.718333
     0.745000   0.728333   0.885000
     0.745000   0.895000   0.051667
     0.745000   0.895000   0.218333
     0.745000   0.895000   0.385000
     0.745000   0.895000   0.551667
     0.745000   0.895000   0.718333
     0.745000   0.895000   0.885000
     0.911667   0.061667   0.051667
     0.911667   0.061667   0.218333
     0.911667   0.061667   0.385000
     0.911667   0.061667   0.551667
     0.911667   0.061667   0.718333
     0.911667   0.061667   0.885000
     0.911667   0.228333   0.051667
     0.911667   0.228333   0.218333
     0.911667   0.228333   0.385000
     0.911667   0.228333   0.551667
     0.911667   0.228333   0.718333
     0.911667   0.228333   0.885000
     0.911667   0.395000   0.051667
     0.911667   0.395000   0.218333
     0.911667   0.395000   0.385000
     0.911667   0.395000   0.551667
     0.911667   0.395000   0.718333
     0.911667   0.395000   0.885000
     0.911667   0.561667   0.051667
     0.911667   0.561667   0.218333
     0.911667   0.561667   0.385000
     0.911667   0.561667   0.551667
     0.911667   0.561667   0.718333
     0.911667   0.561667   0.885000
     0.911667   0.728333   0.051667
     0.911667   0.728333   0.218333
     0.911667   0.728333   0.385000
     0.911667   0.728333   0.551667
     0.911667   0.728333   0.718333
     0.911667   0.728333   0.885000
     0.911667   0.895000   0.051667
     0.911667   0.895000   0.218333
     0.911667   0.895000   0.385000
     0.911667   0.895000   0.551667
     0.911667   0.895000   0.718333
     0.911667   0.895000   0.885000

 Lowest-energy independent-particle transitions:

                k-point                 ik     ic     iv     energy (eV)
   -------------------------------- ------ ------ ------ ---------------
    -0.421667  -0.438333   0.051667    127      1      1        2.740674
    -0.088333  -0.105000   0.385000    213      1      1        2.740761
    -0.421667  -0.271667   0.218333    134      1      1        2.742621
    -0.088333   0.061667   0.551667    184      1      1        2.742636
    -0.255000  -0.438333   0.051667    163      1      1        2.743152

 More job parameters:
 - Crystal volume (bohr): 9.470E+05
 - Broadening (eV): .150
 - Number of valence bands: 8
 - Number of cond. bands: 8
 - Number of spins: 1
 - Number of eigenvalues to be computed: 13824

 Highest occupied band (fine grid) = 82
 Valence max    (fine grid) = 1.849933 eV
 Conduction min (fine grid) = 4.581067 eV
 Middle energy  (fine grid) = 3.215500 eV
 Fermi  energy  (fine grid) = 3.215500 eV

 Polarization vector :   0.00000  0.00000  1.00000  Length = 0.59581

 No symmetries used in the shifted-grid sampling

 Started reading wavefunctions (WFN_fi) with 216 k-point(s) at 22:15:50.
 [ 22:15:50 |   0% ] k-point   1 / 216.
 [ 22:15:50 |   1% ] k-point   3 / 216, remaining: 7 s.
 [ 22:15:51 |  10% ] k-point  22 / 216, remaining: 6 s.
 [ 22:15:51 |  20% ] k-point  44 / 216, remaining: 5 s.
 [ 22:15:52 |  30% ] k-point  65 / 216, remaining: 4 s.
 [ 22:15:52 |  40% ] k-point  87 / 216, remaining: 3 s.
 [ 22:15:53 |  50% ] k-point 109 / 216, remaining: 3 s.
 [ 22:15:53 |  60% ] k-point 130 / 216, remaining: 2 s.
 [ 22:15:53 |  70% ] k-point 152 / 216, remaining: 1 s.
 [ 22:15:54 |  80% ] k-point 173 / 216, remaining: 1 s.
 [ 22:15:54 |  90% ] k-point 195 / 216, remaining: 0 s.
 Finished reading wavefunctions (WFN_fi) at 22:15:55.
 Elapsed time: 5 s.


 Valence wavefunctions read from file WFN_fi:
 - Number of k-points in irreducible BZ: 216
 - Number of k-points in full BZ: 216
 - Listing all k-points:
     0.078333   0.061667   0.051667
     0.078333   0.061667   0.218333
     0.078333   0.061667   0.385000
     0.078333   0.061667   0.551667
     0.078333   0.061667   0.718333
     0.078333   0.061667   0.885000
     0.078333   0.228333   0.051667
     0.078333   0.228333   0.218333
     0.078333   0.228333   0.385000
     0.078333   0.228333   0.551667
     0.078333   0.228333   0.718333
     0.078333   0.228333   0.885000
     0.078333   0.395000   0.051667
     0.078333   0.395000   0.218333
     0.078333   0.395000   0.385000
     0.078333   0.395000   0.551667
     0.078333   0.395000   0.718333
     0.078333   0.395000   0.885000
     0.078333   0.561667   0.051667
     0.078333   0.561667   0.218333
     0.078333   0.561667   0.385000
     0.078333   0.561667   0.551667
     0.078333   0.561667   0.718333
     0.078333   0.561667   0.885000
     0.078333   0.728333   0.051667
     0.078333   0.728333   0.218333
     0.078333   0.728333   0.385000
     0.078333   0.728333   0.551667
     0.078333   0.728333   0.718333
     0.078333   0.728333   0.885000
     0.078333   0.895000   0.051667
     0.078333   0.895000   0.218333
     0.078333   0.895000   0.385000
     0.078333   0.895000   0.551667
     0.078333   0.895000   0.718333
     0.078333   0.895000   0.885000
     0.245000   0.061667   0.051667
     0.245000   0.061667   0.218333
     0.245000   0.061667   0.385000
     0.245000   0.061667   0.551667
     0.245000   0.061667   0.718333
     0.245000   0.061667   0.885000
     0.245000   0.228333   0.051667
     0.245000   0.228333   0.218333
     0.245000   0.228333   0.385000
     0.245000   0.228333   0.551667
     0.245000   0.228333   0.718333
     0.245000   0.228333   0.885000
     0.245000   0.395000   0.051667
     0.245000   0.395000   0.218333
     0.245000   0.395000   0.385000
     0.245000   0.395000   0.551667
     0.245000   0.395000   0.718333
     0.245000   0.395000   0.885000
     0.245000   0.561667   0.051667
     0.245000   0.561667   0.218333
     0.245000   0.561667   0.385000
     0.245000   0.561667   0.551667
     0.245000   0.561667   0.718333
     0.245000   0.561667   0.885000
     0.245000   0.728333   0.051667
     0.245000   0.728333   0.218333
     0.245000   0.728333   0.385000
     0.245000   0.728333   0.551667
     0.245000   0.728333   0.718333
     0.245000   0.728333   0.885000
     0.245000   0.895000   0.051667
     0.245000   0.895000   0.218333
     0.245000   0.895000   0.385000
     0.245000   0.895000   0.551667
     0.245000   0.895000   0.718333
     0.245000   0.895000   0.885000
     0.411667   0.061667   0.051667
     0.411667   0.061667   0.218333
     0.411667   0.061667   0.385000
     0.411667   0.061667   0.551667
     0.411667   0.061667   0.718333
     0.411667   0.061667   0.885000
     0.411667   0.228333   0.051667
     0.411667   0.228333   0.218333
     0.411667   0.228333   0.385000
     0.411667   0.228333   0.551667
     0.411667   0.228333   0.718333
     0.411667   0.228333   0.885000
     0.411667   0.395000   0.051667
     0.411667   0.395000   0.218333
     0.411667   0.395000   0.385000
     0.411667   0.395000   0.551667
     0.411667   0.395000   0.718333
     0.411667   0.395000   0.885000
     0.411667   0.561667   0.051667
     0.411667   0.561667   0.218333
     0.411667   0.561667   0.385000
     0.411667   0.561667   0.551667
     0.411667   0.561667   0.718333
     0.411667   0.561667   0.885000
     0.411667   0.728333   0.051667
     0.411667   0.728333   0.218333
     0.411667   0.728333   0.385000
     0.411667   0.728333   0.551667
     0.411667   0.728333   0.718333
     0.411667   0.728333   0.885000
     0.411667   0.895000   0.051667
     0.411667   0.895000   0.218333
     0.411667   0.895000   0.385000
     0.411667   0.895000   0.551667
     0.411667   0.895000   0.718333
     0.411667   0.895000   0.885000
     0.578333   0.061667   0.051667
     0.578333   0.061667   0.218333
     0.578333   0.061667   0.385000
     0.578333   0.061667   0.551667
     0.578333   0.061667   0.718333
     0.578333   0.061667   0.885000
     0.578333   0.228333   0.051667
     0.578333   0.228333   0.218333
     0.578333   0.228333   0.385000
     0.578333   0.228333   0.551667
     0.578333   0.228333   0.718333
     0.578333   0.228333   0.885000
     0.578333   0.395000   0.051667
     0.578333   0.395000   0.218333
     0.578333   0.395000   0.385000
     0.578333   0.395000   0.551667
     0.578333   0.395000   0.718333
     0.578333   0.395000   0.885000
     0.578333   0.561667   0.051667
     0.578333   0.561667   0.218333
     0.578333   0.561667   0.385000
     0.578333   0.561667   0.551667
     0.578333   0.561667   0.718333
     0.578333   0.561667   0.885000
     0.578333   0.728333   0.051667
     0.578333   0.728333   0.218333
     0.578333   0.728333   0.385000
     0.578333   0.728333   0.551667
     0.578333   0.728333   0.718333
     0.578333   0.728333   0.885000
     0.578333   0.895000   0.051667
     0.578333   0.895000   0.218333
     0.578333   0.895000   0.385000
     0.578333   0.895000   0.551667
     0.578333   0.895000   0.718333
     0.578333   0.895000   0.885000
     0.745000   0.061667   0.051667
     0.745000   0.061667   0.218333
     0.745000   0.061667   0.385000
     0.745000   0.061667   0.551667
     0.745000   0.061667   0.718333
     0.745000   0.061667   0.885000
     0.745000   0.228333   0.051667
     0.745000   0.228333   0.218333
     0.745000   0.228333   0.385000
     0.745000   0.228333   0.551667
     0.745000   0.228333   0.718333
     0.745000   0.228333   0.885000
     0.745000   0.395000   0.051667
     0.745000   0.395000   0.218333
     0.745000   0.395000   0.385000
     0.745000   0.395000   0.551667
     0.745000   0.395000   0.718333
     0.745000   0.395000   0.885000
     0.745000   0.561667   0.051667
     0.745000   0.561667   0.218333
     0.745000   0.561667   0.385000
     0.745000   0.561667   0.551667
     0.745000   0.561667   0.718333
     0.745000   0.561667   0.885000
     0.745000   0.728333   0.051667
     0.745000   0.728333   0.218333
     0.745000   0.728333   0.385000
     0.745000   0.728333   0.551667
     0.745000   0.728333   0.718333
     0.745000   0.728333   0.885000
     0.745000   0.895000   0.051667
     0.745000   0.895000   0.218333
     0.745000   0.895000   0.385000
     0.745000   0.895000   0.551667
     0.745000   0.895000   0.718333
     0.745000   0.895000   0.885000
     0.911667   0.061667   0.051667
     0.911667   0.061667   0.218333
     0.911667   0.061667   0.385000
     0.911667   0.061667   0.551667
     0.911667   0.061667   0.718333
     0.911667   0.061667   0.885000
     0.911667   0.228333   0.051667
     0.911667   0.228333   0.218333
     0.911667   0.228333   0.385000
     0.911667   0.228333   0.551667
     0.911667   0.228333   0.718333
     0.911667   0.228333   0.885000
     0.911667   0.395000   0.051667
     0.911667   0.395000   0.218333
     0.911667   0.395000   0.385000
     0.911667   0.395000   0.551667
     0.911667   0.395000   0.718333
     0.911667   0.395000   0.885000
     0.911667   0.561667   0.051667
     0.911667   0.561667   0.218333
     0.911667   0.561667   0.385000
     0.911667   0.561667   0.551667
     0.911667   0.561667   0.718333
     0.911667   0.561667   0.885000
     0.911667   0.728333   0.051667
     0.911667   0.728333   0.218333
     0.911667   0.728333   0.385000
     0.911667   0.728333   0.551667
     0.911667   0.728333   0.718333
     0.911667   0.728333   0.885000
     0.911667   0.895000   0.051667
     0.911667   0.895000   0.218333
     0.911667   0.895000   0.385000
     0.911667   0.895000   0.551667
     0.911667   0.895000   0.718333
     0.911667   0.895000   0.885000

 Reading quasiparticle energy corrections from eqp_co.dat

      band   k-point      spin      Elda (eV)       Eqp (eV)
        71         1         1        0.70552       -0.13115
        72         1         1        0.72316       -0.16745
        73         1         1        0.74541       -0.29516
        74         1         1        0.88331        0.01474
        75         1         1        0.92564       -0.08629
        76         1         1        1.07298        0.13490
        77         1         1        1.08346        0.07068
        78         1         1        1.09483        0.11358
        79         1         1        1.09784        0.12461
        80         1         1        1.17598        0.15083
        81         1         1        1.24088        0.50460
        82         1         1        1.33855        0.53212
        83         1         1        5.91849        6.96859
        84         1         1        5.97733        7.06119
        85         1         1        6.21605        7.28468
        86         1         1        6.29802        7.42319
        87         1         1        6.75505        8.01176
        88         1         1        7.06636        8.73478
        89         1         1        7.33637        9.10244
        90         1         1        7.48338        8.77346
        91         1         1        7.60909        8.95791
        92         1         1        7.61197        8.95026
        93         1         1        8.14152        9.39296
        94         1         1        8.30224        9.77254
        71         2         1        0.64813       -0.36822
        72         2         1        0.71906       -0.26028
        73         2         1        0.78186       -0.23363
        74         2         1        0.78221       -0.09762
        75         2         1        0.94087       -0.05991
        76         2         1        0.96834       -0.04091
        77         2         1        1.02157        0.02558
        78         2         1        1.11141        0.18364
        79         2         1        1.16088        0.18905
        80         2         1        1.17799        0.15670
        81         2         1        1.42951        0.69582
        82         2         1        1.50195        0.78719
        83         2         1        5.71675        6.70519
        84         2         1        5.74744        6.75182
        85         2         1        5.91164        6.95707
        86         2         1        6.09663        7.18919
        87         2         1        6.38708        7.53888
        88         2         1        6.47666        7.61776
        89         2         1        7.05383        8.52747
        90         2         1        7.33741        8.97393
        91         2         1        7.55622        9.48753
        92         2         1        7.81361        9.27704
        93         2         1        8.18005        9.74593
        94         2         1        8.24635        9.57662
        71         3         1        0.65039       -0.49734
        72         3         1        0.73573       -0.21029
        73         3         1        0.80030       -0.12452
        74         3         1        0.83029       -0.24550
        75         3         1        0.91460       -0.07097
        76         3         1        0.99613       -0.04744
        77         3         1        1.01642        0.07975
        78         3         1        1.06927        0.07744
        79         3         1        1.13718        0.09478
        80         3         1        1.15809        0.13704
        81         3         1        1.79388        1.23862
        82         3         1        1.84984        1.29104
        83         3         1        4.59170        5.37733
        84         3         1        4.62037        5.41416
        85         3         1        5.87345        6.89749
        86         3         1        5.95526        6.99320
        87         3         1        5.95759        7.04069
        88         3         1        5.96099        6.99456
        89         3         1        7.37956        9.23064
        90         3         1        7.63453        9.59663
        91         3         1        7.85989        9.29452
        92         3         1        7.88789        9.39635
        93         3         1        8.25052        9.66985
        94         3         1        8.41827        9.91951
        71         4         1        0.66236       -0.39271
        72         4         1        0.75660       -0.26185
        73         4         1        0.76764       -0.12073
        74         4         1        0.77438       -0.24688
        75         4         1        0.91716       -0.12017
        76         4         1        0.97528        0.04393
        77         4         1        1.01417        0.00496
        78         4         1        1.11572        0.19120
        79         4         1        1.14502        0.17755
        80         4         1        1.17492        0.15724
        81         4         1        1.48447        0.73466
        82         4         1        1.50016        0.79546
        83         4         1        5.69513        6.68656
        84         4         1        5.73924        6.74790
        85         4         1        5.89796        6.94051
        86         4         1        6.06866        7.13844
        87         4         1        6.41276        7.58060
        88         4         1        6.47481        7.59270
        89         4         1        7.21692        8.58167
        90         4         1        7.31750        9.14464
        91         4         1        7.46554        9.32764
        92         4         1        7.84622        9.30556
        93         4         1        8.09230        9.56975
        94         4         1        8.27144        9.61885
        71         5         1        0.65900       -0.28134
        72         5         1        0.72222       -0.19843
        73         5         1        0.76241       -0.23849
        74         5         1        0.86871       -0.00314
        75         5         1        0.94996       -0.04812
        76         5         1        1.03719        0.06191
        77         5         1        1.05827        0.09589
        78         5         1        1.08522        0.10276
        79         5         1        1.11425        0.15489
        80         5         1        1.16890        0.16016
        81         5         1        1.30585        0.52910
        82         5         1        1.35453        0.57095
        83         5         1        5.85391        6.86534
        84         5         1        5.99180        7.05574
        85         5         1        6.17913        7.26164
        86         5         1        6.32135        7.44243
        87         5         1        6.78887        8.13777
        88         5         1        7.14651        8.76313
        89         5         1        7.28122        8.98211
        90         5         1        7.48067        8.77672
        91         5         1        7.63569        8.99825
        92         5         1        7.66253        9.04071
        93         5         1        8.04679        9.51320
        94         5         1        8.25354        9.78321
        71         6         1        0.66526       -0.33047
        72         6         1        0.72615       -0.22051
        73         6         1        0.77319       -0.17110
        74         6         1        0.84481       -0.12984
        75         6         1        0.94419       -0.06478
        76         6         1        0.99294       -0.01054
        77         6         1        1.02671        0.02010
        78         6         1        1.08178        0.07555
        79         6         1        1.11156        0.17387
        80         6         1        1.16382        0.15639
        81         6         1        1.43253        0.68605
        82         6         1        1.52640        0.82471
        83         6         1        5.72153        6.69765
        84         6         1        5.75770        6.76500
        85         6         1        5.93611        6.97673
        86         6         1        6.03972        7.10836
        87         6         1        6.35640        7.50670
        88         6         1        6.48760        7.62953
        89         6         1        7.05200        8.64973
        90         6         1        7.45918        9.26763
        91         6         1        7.50562        9.07553
        92         6         1        7.89062        9.39131
        93         6         1        8.01385        9.55758
        94         6         1        8.21267        9.67218
        71         7         1        0.70440       -0.30467
        72         7         1        0.75043       -0.19523
        73         7         1        0.78288       -0.17861
        74         7         1        0.81218       -0.21496
        75         7         1        0.94748       -0.03753
        76         7         1        0.98300       -0.00817
        77         7         1        1.02151        0.01858
        78         7         1        1.05069        0.05367
        79         7         1        1.14750        0.13035
        80         7         1        1.16327        0.16199
        81         7         1        1.81435        1.25724
        82         7         1        1.84682        1.28818
        83         7         1        4.59423        5.38131
        84         7         1        4.61296        5.40508
        85         7         1        5.84053        6.86177
        86         7         1        5.87972        6.92419
        87         7         1        5.98990        7.03042
        88         7         1        6.00207        7.05860
        89         7         1        7.45472        9.35459
        90         7         1        7.60244        9.55391
        91         7         1        7.89332        9.37388
        92         7         1        8.00106        9.49395
        93         7         1        8.19130        9.65685
        94         7         1        8.27285        9.79480
        71         8         1        0.74740       -0.22191
        72         8         1        0.74740       -0.22191
        73         8         1        0.79441       -0.19454
        74         8         1        0.79442       -0.19454
        75         8         1        0.96971       -0.00101
        76         8         1        0.96972       -0.00101
        77         8         1        1.02285       -0.00238
        78         8         1        1.02285       -0.00238
        79         8         1        1.16870        0.18082
        80         8         1        1.16870        0.18083
        81         8         1        1.83856        1.27850
        82         8         1        1.83857        1.27850
        83         8         1        4.60088        5.38932
        84         8         1        4.60089        5.38932
        85         8         1        5.83435        6.86242
        86         8         1        5.83435        6.86242
        87         8         1        6.00351        7.04764
        88         8         1        6.00351        7.04765
        89         8         1        7.55914        9.52441
        90         8         1        7.55914        9.52441
        91         8         1        8.02295        9.54458
        92         8         1        8.02295        9.54458
        93         8         1        8.18570        9.70235
        94         8         1        8.18571        9.70235
        71         9         1        0.69457       -0.30033
        72         9         1        0.73353       -0.20127
        73         9         1        0.77103       -0.21527
        74         9         1        0.85635       -0.15491
        75         9         1        0.93160       -0.03699
        76         9         1        0.96074       -0.04580
        77         9         1        1.00598       -0.00889
        78         9         1        1.09690        0.10682
        79         9         1        1.11315        0.17657
        80         9         1        1.16174        0.15886
        81         9         1        1.47238        0.72358
        82         9         1        1.53495        0.83477
        83         9         1        5.69696        6.68029
        84         9         1        5.75252        6.75805
        85         9         1        5.93227        6.98224
        86         9         1        6.00559        7.04190
        87         9         1        6.37816        7.52948
        88         9         1        6.48384        7.61938
        89         9         1        7.22260        8.90337
        90         9         1        7.34007        9.10299
        91         9         1        7.54140        9.11205
        92         9         1        7.90812        9.31213
        93         9         1        7.94146        9.52223
        94         9         1        8.23408        9.67317
        71        10         1        0.65107       -0.35679
        72        10         1        0.72838       -0.21778
        73        10         1        0.83393       -0.11025
        74        10         1        0.85019       -0.02868
        75        10         1        0.95664       -0.01681
        76        10         1        0.99140       -0.03558
        77        10         1        1.04907        0.06195
        78        10         1        1.08428        0.10782
        79        10         1        1.12211        0.17026
        80        10         1        1.15467        0.16355
        81        10         1        1.34447        0.54137
        82        10         1        1.38218        0.63481
        83        10         1        5.78596        6.77002
        84        10         1        6.04820        7.11675
        85        10         1        6.07944        7.12065
        86        10         1        6.38428        7.50743
        87        10         1        6.85349        8.28971
        88        10         1        7.09128        8.70883
        89        10         1        7.37600        8.98281
        90        10         1        7.48014        8.77108
        91        10         1        7.66050        9.02595
        92        10         1        7.74545        9.24785
        93        10         1        7.84161        9.35146
        94        10         1        8.25488        9.69722
        71        11         1        0.67323       -0.16977
        72        11         1        0.72010       -0.32442
        73        11         1        0.75983       -0.17628
        74        11         1        0.81623       -0.06528
        75        11         1        1.00668        0.00039
        76        11         1        1.04387        0.06932
        77        11         1        1.06422        0.06239
        78        11         1        1.06986        0.02968
        79        11         1        1.14560        0.21750
        80        11         1        1.16864        0.15379
        81        11         1        1.23947        0.46891
        82        11         1        1.34323        0.60462
        83        11         1        5.86909        6.83241
        84        11         1        6.03027        7.11603
        85        11         1        6.24781        7.36777
        86        11         1        6.30163        7.41179
        87        11         1        6.59487        7.98181
        88        11         1        7.25594        8.77368
        89        11         1        7.38488        9.14356
        90        11         1        7.47977        8.77278
        91        11         1        7.65906        9.02554
        92        11         1        7.66683        9.10772
        93        11         1        7.90790        9.17737
        94        11         1        8.06358        9.87327
        71        12         1        0.66137       -0.22197
        72        12         1        0.73925       -0.20102
        73        12         1        0.80805       -0.23616
        74        12         1        0.84313       -0.10330
        75        12         1        0.92980       -0.11326
        76        12         1        1.00528        0.02187
        77        12         1        1.05698        0.02881
        78        12         1        1.06532        0.09174
        79        12         1        1.11928        0.10888
        80        12         1        1.15418        0.13740
        81        12         1        1.37116        0.64146
        82        12         1        1.52379        0.83128
        83        12         1        5.73371        6.72000
        84        12         1        5.80193        6.80659
        85        12         1        5.96199        7.00367
        86        12         1        6.05545        7.14955
        87        12         1        6.35257        7.49970
        88        12         1        6.45585        7.57635
        89        12         1        6.96058        8.57209
        90        12         1        7.57232        8.99757
        91        12         1        7.59972        9.57740
        92        12         1        7.80948        9.22067
        93        12         1        8.00357        9.65023
        94        12         1        8.04145        9.37464
        71        13         1        0.69905       -0.15831
        72        13         1        0.75390       -0.19467
        73        13         1        0.78220       -0.15056
        74        13         1        0.80238       -0.24577
        75        13         1        0.98931        0.02392
        76        13         1        1.00473        0.03891
        77        13         1        1.00659       -0.03374
        78        13         1        1.03824        0.05017
        79        13         1        1.13465        0.09145
        80        13         1        1.15807        0.13733
        81        13         1        1.80656        1.25041
        82        13         1        1.84375        1.28377
        83        13         1        4.58979        5.37554
        84        13         1        4.61326        5.40594
        85        13         1        5.87088        6.89566
        86        13         1        5.94050        6.97750
        87        13         1        5.95555        7.03577
        88        13         1        5.97395        7.01716
        89        13         1        7.46205        9.36331
        90        13         1        7.63980        9.61124
        91        13         1        7.77205        9.16718
        92        13         1        7.98271        9.46040
        93        13         1        8.18346        9.65375
        94        13         1        8.28341        9.78326
        71        14         1        0.65342       -0.38459
        72        14         1        0.72101       -0.20618
        73        14         1        0.81695       -0.09641
        74        14         1        0.81763       -0.14110
        75        14         1        0.93534       -0.09936
        76        14         1        1.02127        0.01565
        77        14         1        1.03642        0.03740
        78        14         1        1.05763        0.05353
        79        14         1        1.15675        0.23878
        80        14         1        1.17401        0.17809
        81        14         1        1.28894        0.49116
        82        14         1        1.37100        0.63269
        83        14         1        5.89106        6.89326
        84        14         1        6.07778        7.16281
        85        14         1        6.10886        7.17108
        86        14         1        6.30423        7.40776
        87        14         1        6.68149        8.12257
        88        14         1        7.34659        9.07197
        89        14         1        7.43530        8.89294
        90        14         1        7.49774        8.79617
        91        14         1        7.64165        8.97558
        92        14         1        7.66428        9.03541
        93        14         1        7.75748        9.31604
        94        14         1        7.98411        9.54296
        71        15         1        0.68193       -0.22678
        72        15         1        0.74277       -0.18895
        73        15         1        0.84297       -0.16890
        74        15         1        0.85883       -0.21827
        75        15         1        0.89177       -0.06445
        76        15         1        0.96455       -0.04985
        77        15         1        1.01514        0.00230
        78        15         1        1.10324        0.10678
        79        15         1        1.11337        0.14992
        80        15         1        1.15090        0.13959
        81        15         1        1.41812        0.67454
        82        15         1        1.53438        0.84036
        83        15         1        5.71723        6.70992
        84        15         1        5.79097        6.79835
        85        15         1        5.98318        7.01089
        86        15         1        5.98765        7.06866
        87        15         1        6.39177        7.55153
        88        15         1        6.43523        7.54600
        89        15         1        7.06509        8.72787
        90        15         1        7.53627        9.41333
        91        15         1        7.72451        9.20324
        92        15         1        7.74423        9.28117
        93        15         1        7.84116        9.17723
        94        15         1        8.14308        9.56413
        71        16         1        0.74499       -0.22728
        72        16         1        0.74499       -0.22728
        73        16         1        0.79068       -0.21368
        74        16         1        0.79068       -0.21367
        75        16         1        0.94701       -0.04540
        76        16         1        0.94702       -0.04539
        77        16         1        1.04790        0.05057
        78        16         1        1.04790        0.05058
        79        16         1        1.15583        0.15947
        80        16         1        1.15583        0.15948
        81        16         1        1.83668        1.27698
        82        16         1        1.83668        1.27698
        83        16         1        4.60594        5.39479
        84        16         1        4.60594        5.39480
        85        16         1        5.82444        6.84741
        86        16         1        5.82444        6.84741
        87        16         1        6.01871        7.06526
        88        16         1        6.01871        7.06526
        89        16         1        7.50601        9.43294
        90        16         1        7.50601        9.43295
        91        16         1        8.04975        9.60896
        92        16         1        8.04975        9.60896
        93        16         1        8.22915        9.75527
        94        16         1        8.22916        9.75527
        71        17         1        0.65674       -0.36434
        72        17         1        0.68647       -0.23264
        73        17         1        0.77245       -0.31822
        74        17         1        0.85982       -0.03446
        75        17         1        0.91215       -0.03987
        76        17         1        1.01913        0.03659
        77        17         1        1.02684        0.06324
        78        17         1        1.06968        0.07515
        79        17         1        1.13520        0.19808
        80        17         1        1.18134        0.18222
        81        17         1        1.35194        0.55344
        82        17         1        1.36751        0.60965
        83        17         1        5.93171        6.96808
        84        17         1        5.93190        6.99267
        85        17         1        6.20661        7.27000
        86        17         1        6.21359        7.29838
        87        17         1        6.85112        8.26908
        88        17         1        7.26414        9.03820
        89        17         1        7.28357        8.81580
        90        17         1        7.50005        8.79609
        91        17         1        7.63861        8.99987
        92        17         1        7.64465        8.92460
        93        17         1        7.92256        9.41986
        94        17         1        8.19021        9.75270
        71        18         1        0.69636       -0.21031
        72        18         1        0.77720       -0.29808
        73        18         1        0.78066       -0.18501
        74        18         1        0.78960       -0.16595
        75        18         1        0.89944       -0.14621
        76        18         1        1.03923       -0.01290
        77        18         1        1.04451        0.03097
        78        18         1        1.05203        0.01697
        79        18         1        1.17696        0.27518
        80        18         1        1.18587        0.18954
        81        18         1        1.22083        0.45162
        82        18         1        1.35432        0.62972
        83        18         1        6.05392        7.08921
        84        18         1        6.11699        7.17631
        85        18         1        6.15857        7.21722
        86        18         1        6.16293        7.29530
        87        18         1        6.59061        8.04674
        88        18         1        7.40148        8.52646
        89        18         1        7.51610        8.81034
        90        18         1        7.54132        9.54296
        91        18         1        7.57716        8.89864
        92        18         1        7.66854        9.03406
        93        18         1        7.73777        9.23551
        94        18         1        7.82697        9.41189

 Highest occupied band (coarse grid) = 82
 Valence max    (coarse grid) = 1.291044 eV
 Conduction min (coarse grid) = 5.375544 eV
 Middle energy  (coarse grid) = 3.333294 eV
 Fermi  energy  (coarse grid) = 3.333294 eV


 Reading quasiparticle energy corrections from eqp_co.dat
 Using symmetries to expand the coarse-grid sampling

 Started reading wavefunctions (WFN_co) with 18 k-point(s) at 22:15:55.
 [ 22:15:55 |   0% ] k-point  1 / 18.
 [ 22:15:55 |   6% ] k-point  2 / 18.
 [ 22:15:55 |  11% ] k-point  3 / 18, remaining: 2 s.
 [ 22:15:55 |  17% ] k-point  4 / 18, remaining: 2 s.
 [ 22:15:55 |  28% ] k-point  6 / 18, remaining: 1 s.
 [ 22:15:55 |  39% ] k-point  8 / 18, remaining: 1 s.
 [ 22:15:56 |  50% ] k-point 10 / 18, remaining: 1 s.
 [ 22:15:56 |  56% ] k-point 11 / 18, remaining: 1 s.
 [ 22:15:56 |  67% ] k-point 13 / 18, remaining: 1 s.
 [ 22:15:56 |  78% ] k-point 15 / 18, remaining: 0 s.
 [ 22:15:56 |  89% ] k-point 17 / 18, remaining: 0 s.
 Finished reading wavefunctions (WFN_co) at 22:15:56.
 Elapsed time: 2 s.


 Coarse-grid wavefunctions read from file WFN_co:
 - Number of k-points in irreducible BZ: 18
 - Number of k-points in full BZ: 64
 - Listing all k-points:
     0.000000   0.000000   0.000000
    -0.000000  -0.000000   0.250000
    -0.000000  -0.000000   0.500000
     0.000000   0.250000  -0.000000
    -0.000000   0.250000   0.250000
     0.000000   0.250000   0.500000
     0.000000   0.250000   0.750000
     0.000000   0.500000   0.000000
    -0.000000   0.500000   0.250000
     0.000000   0.500000   0.500000
     0.250000   0.250000   0.250000
     0.250000   0.250000   0.500000
     0.250000   0.250000   0.750000
     0.250000   0.500000   0.500000
     0.250000   0.500000   0.750000
     0.250000   0.750000   0.250000
     0.250000   0.750000   0.750000
     0.500000   0.500000   0.500000

 Started wavefunction interpolation with 4 k-point(s) at 22:15:57.
 [ 22:15:57 |   0% ] k-point 1 / 4.
 [ 22:15:59 |  25% ] k-point 2 / 4.
 [ 22:16:01 |  50% ] k-point 3 / 4, remaining: 4 s.
 [ 22:16:03 |  75% ] k-point 4 / 4, remaining: 2 s.
 Finished wavefunction interpolation at 22:16:05.
 Elapsed time: 8 s.

 Max. error in norm of transformation coefficients (1 - \sum_co |d_fi,co|^2):
  - For valence states: 6.826E-02
  - For conduction states: 7.431E-02

 K-points in coarse grid:
       ik         kx         ky         kz    Nfi
        1   0.000000   0.000000   0.000000      4
        2  -0.000000  -0.000000   0.250000      5
        3  -0.250000  -0.250000   0.000000      5
        4   0.000000   0.000000  -0.250000      5
        5   0.250000   0.250000  -0.000000      5
        6  -0.000000  -0.000000  -0.500000      4
        7   0.500000   0.500000   0.000000      4
        8   0.000000   0.250000  -0.000000      4
        9   0.250000   0.000000  -0.250000      4
       10  -0.250000  -0.000000   0.250000      4
       11  -0.000000  -0.250000   0.000000      4
       12  -0.000000   0.250000   0.250000      2
       13   0.000000  -0.250000  -0.250000      2
       14  -0.250000   0.000000   0.000000      2
       15   0.250000   0.000000  -0.000000      2
       16   0.000000   0.250000   0.500000      4
       17  -0.250000  -0.500000  -0.250000      4
       18  -0.250000  -0.000000  -0.250000      4
       19   0.500000   0.250000   0.000000      4
       20  -0.000000  -0.250000  -0.500000      4
       21   0.250000   0.500000   0.250000      4
       22   0.250000   0.000000   0.250000      4
       23  -0.500000  -0.250000  -0.000000      4
       24   0.000000   0.250000  -0.250000      2
       25   0.500000   0.250000  -0.250000      2
       26  -0.250000  -0.000000   0.500000      2
       27  -0.250000  -0.500000   0.000000      2
       28  -0.000000  -0.250000   0.250000      2
       29  -0.500000  -0.250000   0.250000      2
       30   0.250000   0.000000  -0.500000      2
       31   0.250000   0.500000  -0.000000      2
       32   0.000000   0.500000   0.000000      4
       33   0.500000  -0.000000  -0.500000      4
       34  -0.000000   0.500000   0.250000      5
       35   0.250000  -0.250000  -0.500000      5
       36  -0.500000   0.000000   0.250000      5
       37   0.250000  -0.250000  -0.000000      5
       38   0.000000  -0.500000  -0.250000      5
       39  -0.250000   0.250000   0.500000      5
       40   0.500000  -0.000000  -0.250000      5
       41  -0.250000   0.250000   0.000000      5
       42   0.000000   0.500000   0.500000      4
       43   0.500000  -0.000000   0.000000      4
       44   0.250000   0.250000   0.250000      1
       45  -0.250000  -0.250000  -0.250000      1
       46   0.250000   0.250000   0.500000      5
       47  -0.500000  -0.500000  -0.250000      5
       48  -0.250000  -0.250000  -0.500000      5
       49   0.500000   0.500000   0.250000      5
       50   0.250000   0.250000  -0.250000      1
       51  -0.250000  -0.250000   0.250000      1
       52   0.250000  -0.500000  -0.500000      2
       53  -0.250000   0.500000   0.500000      2
       54   0.500000  -0.250000  -0.250000      2
       55  -0.500000   0.250000   0.250000      2
       56   0.250000  -0.500000  -0.250000      4
       57  -0.500000   0.250000   0.500000      4
       58   0.500000  -0.250000  -0.500000      4
       59  -0.250000   0.500000   0.250000      4
       60   0.250000  -0.250000   0.250000      1
       61  -0.250000   0.250000  -0.250000      1
       62   0.250000  -0.250000  -0.250000      1
       63  -0.250000   0.250000   0.250000      1
       64  -0.500000   0.500000   0.500000      4

 Writing matrix elements into vmtxel

 Plasma Frequency :    18.656624606946703       eV

 Polarization:   0.000000   0.000000   1.000000
 Sum rule (DFT) :    2.4443783874723346E-002
 Sum rule (GW)  :    3.5211569655406949E-002


 Epsilon matrix for q->0 read from eps0mat.h5:
 - Number of q-points: 1
 - Dielectric cutoff (Ry): 15.00
 - q0 vector:   0.001600   0.000200  -0.000200

 Epsilon matrix for q/=0 read from epsmat.h5:
 - Number of q-points: 17
 - Number of q-points in the full BZ: 64
 - Dielectric cutoff (Ry): 15.00
 - Number of G-vectors for interpolation of epsinv_00(q+G): 275321
 - Q-points:
      0.000000   0.000000   0.250000
      0.000000   0.000000   0.500000
      0.000000   0.250000   0.000000
      0.000000   0.250000   0.250000
      0.000000   0.250000   0.500000
      0.000000   0.250000   0.750000
      0.000000   0.500000   0.000000
      0.000000   0.500000   0.250000
      0.000000   0.500000   0.500000
      0.250000   0.250000   0.250000
      0.250000   0.250000   0.500000
      0.250000   0.250000   0.750000
      0.250000   0.500000   0.500000
      0.250000   0.500000   0.750000
      0.250000   0.750000   0.250000
      0.250000   0.750000   0.750000
      0.500000   0.500000   0.500000
 - Maximum value of imaginary part of epsinv: .000000
 - Dielectric constant: 3.186063
 - Max. |q+G|^2 to interp. epsinv (Ry): .53
 - Number of q+G points to interp. epsinv: 1841

 Assembling spin-singlet kernel.
 Calculating Coulomb potential v(q) for 216 q-points.

  Point   kpt dq  = kg%f(:,ik)-kg%f(:,1)    |dq|^2    index
  -----   --- -------------------------- ------------ -----
  ~NEW~     1  0.00000  0.00000  0.00000  0.000000000     1
  ~NEW~     2  0.00000  0.00000  0.16667  0.009860804     2
  ~NEW~     3  0.00000  0.00000  0.33333  0.039443215     3
  ~NEW~     4  0.00000  0.00000  0.50000  0.088747234     4
   old      5  0.00000  0.00000 -0.33333  0.039443215     3
   old      6  0.00000 -0.00000 -0.16667  0.009860804     2
  ~NEW~     7  0.00000  0.16667  0.00000  0.009836099     5
  ~NEW~     8  0.00000  0.16667  0.16667  0.002854473     6
  ~NEW~     9  0.00000  0.16667  0.33333  0.015594453     7
  ~NEW~    10  0.00000  0.16667  0.50000  0.048056042     8
  ~NEW~    11  0.00000  0.16667 -0.33333  0.082964176     9
  ~NEW~    12 -0.00000  0.16667 -0.16667  0.036539334    10
  ~NEW~    13  0.00000  0.33333  0.00000  0.039344397    11
  ~NEW~    14  0.00000  0.33333  0.16667  0.015520340    12
  ~NEW~    15  0.00000  0.33333  0.33333  0.011417890    13
  ~NEW~    16  0.00000  0.33333  0.50000  0.027037048    14
  ~NEW~    17  0.00000 -0.66667 -0.33333  0.062081360    15
  ~NEW~    18  0.00000  0.33333 -0.16667  0.082890063    16
  ~NEW~    19 -0.00000  0.50000  0.00000  0.088524894    17
  ~NEW~    20  0.00000  0.50000  0.16667  0.047858406    18
  ~NEW~    21  0.00000  0.50000  0.33333  0.026913526    19
  ~NEW~    22  0.00000 -0.50000 -0.50000  0.025690253    20
   old     23  0.00000 -0.50000 -0.33333  0.026913526    19
   old     24 -0.00000 -0.50000 -0.16667  0.047858406    18
   old     25 -0.00000 -0.33333  0.00000  0.039344398    11
   old     26  0.00000 -0.33333  0.16667  0.082890063    16
   old     27 -0.00000  0.66667  0.33333  0.062081360    15
   old     28 -0.00000 -0.33333 -0.50000  0.027037048    14
   old     29 -0.00000 -0.33333 -0.33333  0.011417890    13
   old     30 -0.00000 -0.33333 -0.16667  0.015520340    12
   old     31  0.00000 -0.16667 -0.00000  0.009836099     5
   old     32 -0.00000 -0.16667  0.16667  0.036539334    10
   old     33  0.00000 -0.16667  0.33333  0.082964176     9
   old     34  0.00000 -0.16667 -0.50000  0.048056042     8
   old     35  0.00000 -0.16667 -0.33333  0.015594453     7
   old     36  0.00000 -0.16667 -0.16667  0.002854473     6
   old     37  0.16667  0.00000  0.00000  0.002854472     6
   old     38  0.16667  0.00000  0.16667  0.015594451     7
   old     39  0.16667  0.00000  0.33333  0.048056038     8
   old     40  0.16667 -0.00000 -0.50000  0.082964181     9
   old     41  0.16667 -0.00000 -0.33333  0.036539337    10
   old     42  0.16667  0.00000 -0.16667  0.009836101     5
   old     43  0.16667  0.16667 -0.00000  0.009860805     2
  ~NEW~    44  0.16667  0.16667  0.16667  0.005758354    21
  ~NEW~    45  0.16667  0.16667  0.33333  0.021377510    22
  ~NEW~    46  0.16667  0.16667  0.50000  0.056718273    23
  ~NEW~    47  0.16667  0.16667 -0.33333  0.077230532    24
  ~NEW~    48  0.16667  0.16667 -0.16667  0.033684865    25
   old     49  0.16667  0.33333  0.00000  0.036539337    10
   old     50  0.16667  0.33333  0.16667  0.015594455     7
  ~NEW~    51  0.16667  0.33333  0.33333  0.014371180    26
  ~NEW~    52  0.16667  0.33333  0.50000  0.032869513    27
  ~NEW~    53  0.16667 -0.66667 -0.33333  0.070496547    28
  ~NEW~    54  0.16667  0.33333 -0.16667  0.077205827    29
   old     55  0.16667  0.50000  0.00000  0.082890068    16
  ~NEW~    56  0.16667  0.50000  0.16667  0.045102755    30
   old     57  0.16667  0.50000  0.33333  0.027037050    14
  ~NEW~    58  0.16667 -0.50000 -0.50000  0.028396499    31
  ~NEW~    59  0.16667 -0.50000 -0.33333  0.032498947    32
  ~NEW~    60  0.16667 -0.50000 -0.16667  0.056323002    33
   old     61  0.16667 -0.33333  0.00000  0.047858403    18
  ~NEW~    62  0.16667 -0.33333  0.16667  0.094283243    34
  ~NEW~    63  0.16667 -0.33333 -0.66667  0.059375117    35
   old     64  0.16667 -0.33333 -0.50000  0.026913527    19
  ~NEW~    65  0.16667 -0.33333 -0.33333  0.014173545    36
  ~NEW~    66  0.16667 -0.33333 -0.16667  0.021155170    37
   old     67  0.16667 -0.16667  0.00000  0.015520338    12
   old     68  0.16667 -0.16667  0.16667  0.045102748    30
  ~NEW~    69  0.16667 -0.16667  0.33333  0.094406765    38
   old     70  0.16667 -0.16667 -0.50000  0.045102755    30
   old     71  0.16667 -0.16667 -0.33333  0.015520342    12
  ~NEW~    72  0.16667 -0.16667 -0.16667  0.005659536    39
   old     73  0.33333 -0.00000 -0.00000  0.011417889    13
   old     74  0.33333 -0.00000  0.16667  0.027037043    14
   old     75 -0.66667  0.00000  0.33333  0.062081370    15
   old     76  0.33333 -0.00000 -0.50000  0.082890072    16
   old     77  0.33333  0.00000 -0.33333  0.039344404    11
   old     78  0.33333 -0.00000 -0.16667  0.015520343    12
   old     79  0.33333  0.16667  0.00000  0.015594456     7
   old     80  0.33333  0.16667  0.16667  0.014371179    26
   old     81  0.33333  0.16667  0.33333  0.032869511    27
   old     82 -0.66667  0.16667  0.50000  0.070496561    28
   old     83  0.33333  0.16667 -0.33333  0.077205832    29
   old     84  0.33333  0.16667 -0.16667  0.036539340    10
   old     85  0.33333  0.33333  0.00000  0.039443221     3
   old     86  0.33333  0.33333  0.16667  0.021377514    22
  ~NEW~    87  0.33333  0.33333  0.33333  0.023033415    40
  ~NEW~    88  0.33333  0.33333  0.50000  0.044410923    41
  ~NEW~    89  0.33333 -0.66667 -0.33333  0.084620679    42
   old     90  0.33333  0.33333 -0.16667  0.077230536    24
   old     91  0.33333  0.50000  0.00000  0.082964186     9
   old     92  0.33333  0.50000  0.16667  0.048056048     8
   old     93  0.33333  0.50000  0.33333  0.032869518    27
  ~NEW~    94  0.33333 -0.50000 -0.50000  0.036811689    43
  ~NEW~    95  0.33333 -0.50000 -0.33333  0.043793312    44
   old     96  0.33333 -0.50000 -0.16667  0.070496543    28
   old     97  0.33333 -0.33333 -0.00000  0.062081352    15
   old     98  0.33333  0.66667  0.16667  0.094406780    38
   old     99  0.33333 -0.33333 -0.66667  0.062081366    15
   old    100  0.33333 -0.33333 -0.50000  0.032498951    32
  ~NEW~   101  0.33333 -0.33333 -0.33333  0.022638144    45
   old    102  0.33333 -0.33333 -0.16667  0.032498944    32
   old    103  0.33333 -0.16667  0.00000  0.026913521    19
   old    104  0.33333 -0.16667  0.16667  0.059375106    35
   old    105  0.33333 -0.16667 -0.66667  0.094283258    34
   old    106  0.33333 -0.16667 -0.50000  0.047858412    18
   old    107  0.33333 -0.16667 -0.33333  0.021155174    37
   old    108  0.33333 -0.16667 -0.16667  0.014173544    36
   old    109  0.50000  0.00000  0.00000  0.025690251    20
   old    110 -0.50000 -0.00000  0.16667  0.026913529    19
   old    111 -0.50000  0.00000  0.33333  0.047858415    18
   old    112  0.50000  0.00000 -0.50000  0.088524908    17
   old    113  0.50000  0.00000 -0.33333  0.047858415    18
   old    114  0.50000 -0.00000 -0.16667  0.026913529    19
   old    115  0.50000  0.16667  0.00000  0.027037051    14
   old    116 -0.50000  0.16667  0.16667  0.028396496    31
   old    117 -0.50000  0.16667  0.33333  0.032498952    32
   old    118 -0.50000  0.16667  0.50000  0.056323015    33
   old    119  0.50000  0.16667 -0.33333  0.082890077    16
   old    120  0.50000  0.16667 -0.16667  0.045102760    30
   old    121  0.50000  0.33333  0.00000  0.048056050     8
   old    122  0.50000  0.33333  0.16667  0.032869518    27
   old    123 -0.50000  0.33333  0.33333  0.036811687    43
   old    124 -0.50000  0.33333  0.50000  0.043793320    44
   old    125 -0.50000  0.33333  0.66667  0.070496559    28
   old    126  0.50000  0.33333 -0.16667  0.082964190     9
   old    127  0.50000  0.50000  0.00000  0.088747248     4
   old    128  0.50000  0.50000  0.16667  0.056718286    23
   old    129  0.50000  0.50000  0.33333  0.044410931    41
  ~NEW~   130 -0.50000  0.50000  0.50000  0.050935823    46
   old    131 -0.50000 -0.50000 -0.33333  0.044410931    41
   old    132 -0.50000 -0.50000 -0.16667  0.056718286    23
   old    133 -0.50000 -0.33333 -0.00000  0.048056050     8
   old    134 -0.50000 -0.33333  0.16667  0.082964190     9
   old    135  0.50000 -0.33333 -0.66667  0.070496559    28
   old    136  0.50000 -0.33333 -0.50000  0.043793320    44
   old    137  0.50000 -0.33333 -0.33333  0.036811687    43
   old    138 -0.50000 -0.33333 -0.16667  0.032869518    27
   old    139 -0.50000 -0.16667  0.00000  0.027037051    14
   old    140 -0.50000 -0.16667  0.16667  0.045102760    30
   old    141 -0.50000 -0.16667  0.33333  0.082890077    16
   old    142  0.50000 -0.16667 -0.50000  0.056323014    33
   old    143  0.50000 -0.16667 -0.33333  0.032498952    32
   old    144  0.50000 -0.16667 -0.16667  0.028396496    31
   old    145 -0.33333  0.00000  0.00000  0.011417889    13
   old    146 -0.33333  0.00000  0.16667  0.015520343    12
   old    147 -0.33333  0.00000  0.33333  0.039344404    11
   old    148 -0.33333  0.00000  0.50000  0.082890072    16
   old    149  0.66667 -0.00000 -0.33333  0.062081370    15
   old    150 -0.33333 -0.00000 -0.16667  0.027037043    14
   old    151 -0.33333  0.16667 -0.00000  0.026913521    19
   old    152 -0.33333  0.16667  0.16667  0.014173544    36
   old    153 -0.33333  0.16667  0.33333  0.021155174    37
   old    154 -0.33333  0.16667  0.50000  0.047858412    18
   old    155 -0.33333  0.16667  0.66667  0.094283258    34
   old    156 -0.33333  0.16667 -0.16667  0.059375106    35
   old    157 -0.33333  0.33333 -0.00000  0.062081352    15
   old    158 -0.33333  0.33333  0.16667  0.032498944    32
   old    159 -0.33333  0.33333  0.33333  0.022638144    45
   old    160 -0.33333  0.33333  0.50000  0.032498951    32
   old    161 -0.33333  0.33333  0.66667  0.062081366    15
   old    162 -0.33333 -0.66667 -0.16667  0.094406781    38
   old    163 -0.33333 -0.50000  0.00000  0.082964186     9
   old    164 -0.33333  0.50000  0.16667  0.070496543    28
   old    165 -0.33333  0.50000  0.33333  0.043793312    44
   old    166 -0.33333  0.50000  0.50000  0.036811689    43
   old    167 -0.33333 -0.50000 -0.33333  0.032869518    27
   old    168 -0.33333 -0.50000 -0.16667  0.048056048     8
   old    169 -0.33333 -0.33333  0.00000  0.039443222     3
   old    170 -0.33333 -0.33333  0.16667  0.077230536    24
   old    171 -0.33333  0.66667  0.33333  0.084620679    42
   old    172 -0.33333 -0.33333 -0.50000  0.044410923    41
   old    173 -0.33333 -0.33333 -0.33333  0.023033415    40
   old    174 -0.33333 -0.33333 -0.16667  0.021377514    22
   old    175 -0.33333 -0.16667 -0.00000  0.015594456     7
   old    176 -0.33333 -0.16667  0.16667  0.036539340    10
   old    177 -0.33333 -0.16667  0.33333  0.077205832    29
   old    178  0.66667 -0.16667 -0.50000  0.070496561    28
   old    179 -0.33333 -0.16667 -0.33333  0.032869511    27
   old    180 -0.33333 -0.16667 -0.16667  0.014371179    26
   old    181 -0.16667  0.00000 -0.00000  0.002854472     6
   old    182 -0.16667 -0.00000  0.16667  0.009836101     5
   old    183 -0.16667  0.00000  0.33333  0.036539337    10
   old    184 -0.16667  0.00000  0.50000  0.082964181     9
   old    185 -0.16667 -0.00000 -0.33333  0.048056038     8
   old    186 -0.16667  0.00000 -0.16667  0.015594451     7
   old    187 -0.16667  0.16667 -0.00000  0.015520338    12
   old    188 -0.16667  0.16667  0.16667  0.005659536    39
   old    189 -0.16667  0.16667  0.33333  0.015520342    12
   old    190 -0.16667  0.16667  0.50000  0.045102755    30
   old    191 -0.16667  0.16667 -0.33333  0.094406765    38
   old    192 -0.16667  0.16667 -0.16667  0.045102747    30
   old    193 -0.16667  0.33333  0.00000  0.047858402    18
   old    194 -0.16667  0.33333  0.16667  0.021155170    37
   old    195 -0.16667  0.33333  0.33333  0.014173545    36
   old    196 -0.16667  0.33333  0.50000  0.026913527    19
   old    197 -0.16667  0.33333  0.66667  0.059375117    35
   old    198 -0.16667  0.33333 -0.16667  0.094283243    34
   old    199 -0.16667 -0.50000  0.00000  0.082890068    16
   old    200 -0.16667  0.50000  0.16667  0.056323002    33
   old    201 -0.16667  0.50000  0.33333  0.032498947    32
   old    202 -0.16667  0.50000  0.50000  0.028396498    31
   old    203 -0.16667 -0.50000 -0.33333  0.027037050    14
   old    204 -0.16667 -0.50000 -0.16667  0.045102755    30
   old    205 -0.16667 -0.33333 -0.00000  0.036539337    10
   old    206 -0.16667 -0.33333  0.16667  0.077205827    29
   old    207 -0.16667  0.66667  0.33333  0.070496547    28
   old    208 -0.16667 -0.33333 -0.50000  0.032869513    27
   old    209 -0.16667 -0.33333 -0.33333  0.014371180    26
   old    210 -0.16667 -0.33333 -0.16667  0.015594455     7
   old    211 -0.16667 -0.16667 -0.00000  0.009860805     2
   old    212 -0.16667 -0.16667  0.16667  0.033684865    25
   old    213 -0.16667 -0.16667  0.33333  0.077230532    24
   old    214 -0.16667 -0.16667 -0.50000  0.056718273    23
   old    215 -0.16667 -0.16667 -0.33333  0.021377510    22
   old    216 -0.16667 -0.16667 -0.16667  0.005758354    21

 Finished calculating Vcoul with 46 unique points
 Performing kernel interpolation.

 Started interpolating BSE kernel with 16 block(s) at 22:16:40.
 [ 22:16:43 |   0% ] block  1 / 16.
 [ 22:16:44 |   6% ] block  2 / 16.
 [ 22:16:44 |  13% ] block  3 / 16, remaining: 3 s.
 [ 22:16:44 |  19% ] block  4 / 16, remaining: 3 s.
 [ 22:16:48 |  25% ] block  5 / 16, remaining: 17 s.
 [ 22:16:48 |  38% ] block  7 / 16, remaining: 9 s.
 [ 22:16:52 |  50% ] block  9 / 16, remaining: 10 s.
 [ 22:16:52 |  56% ] block 10 / 16, remaining: 8 s.
 [ 22:16:53 |  69% ] block 12 / 16, remaining: 5 s.
 [ 22:16:57 |  75% ] block 13 / 16, remaining: 5 s.
 [ 22:16:57 |  88% ] block 15 / 16, remaining: 2 s.
 Finished interpolating BSE kernel at 22:16:58.
 Elapsed time: 18 s.


 BLACS processor grid: 7 x 8; BLOCKSIZE = 32
 Number of idle processors: 0

 Beginning ELPA diagonalization. Size: 13824
 Done ELPA diagonalization
 Sharing eigenvectors
 Diagonalization done

 Plasma Frequency :    18.656624606946703       eV

 Polarization:   0.000000   0.000000   1.000000
 Sum rule (BSE) :    2.9756593088416054E-002

********************************************************************************
*                                                                              *
* Your calculation employed methods and algorithms published in peer-reviewed  *
* papers. Please, cite the following references to give proper credit to their *
*          authors and help support future development of BerkeleyGW.          *
*                                                                              *
********************************************************************************

 J. Deslippe, G. Samsonidze, D. A. Strubbe, M. Jain, M. L. Cohen, and S. G.
 Louie, BerkeleyGW: A Massively Parallel Computer Package for the Calculation
 of the Quasiparticle and Optical Properties of Materials and Nanostructures,
 Computer Physics Communications 183, 1269 (2012).

 M. Rohlfing and S. G. Louie, Electron-Hole Excitations and Optical Spectra
 from First Principles, Phys. Rev. B 62, 4927 (2000).

********************************************************************************

 
 Timing information
 
                                CPU time (s)          WALL time (s)       Number
 Routine                       min        max        min        max     of calls
 -------------------------  ---------  ---------  ---------  ---------  --------
 - Input                         3.42       5.69       5.69       5.71         1
 - Input q                       3.20       4.57       4.57       4.58         1
 - Intwfn                       10.43      11.21      11.56      11.59         1
 - Intkernel                    22.07      26.40      26.47      26.47         1
 - Epsdiag                       0.00       0.97       0.00       1.16         1
 - Eps Comm                      0.00       1.16       0.00       1.17         1
 - Absorp0                       0.00      23.60       0.00      23.75         1
 - Vmtxel                        1.17       1.20       1.19       1.23         1
 - Trans Mtxel                   0.01       0.01       0.01       0.02         1
 - Absorp                        0.00       7.67       0.00       7.70         1
 - Write Eig                     0.24       8.03       0.32       8.08         1
 - Iw Input_co                   1.13       1.85       1.84       1.86         1
 - Iw Interp                     0.10       0.10       0.24       0.25         5
 - Iw Genwf                      0.00       0.00       0.00       0.00        32
 - Iw Gwnwf_Co                   5.10       6.09       5.81       6.32        16
 - Iw Mtxel_t                    0.00       0.00       0.00       0.00        32
 - Iw Write                      0.00       0.28       0.00       0.28         1
 - Iw Reduce                     0.00       0.00       0.00       0.00         1
 - Ik Setup                      0.00       0.00       0.00       0.00         1
 - Ik C-Check                    0.01       0.03       0.03       0.04         1
 - Ik Input                      9.78      14.65      13.80      14.68       256
 - Ik Inteps                     0.01       0.01       0.00       0.01         1
 - Ik Vcoul                      7.12       7.21       7.22       7.22         1
 - Ik Cache                      0.00       0.00       0.00       0.01      3456
 - Ik Interp                     2.66       3.66       2.67       3.68      3456
 - Ik Sum                        0.21       0.29       0.20       0.30      3456
 - Diagonalize                 215.92     216.13     216.72     216.72         1
 - TOTAL                       287.84     296.94     298.16     298.16         1
 
 Job Done
 
