
 Output from checkbz on 13-May-2023 at 20:21:40 -0700:

Missing point:     0.000000    0.000000    0.750000
Missing point:     0.000000    0.500000    0.750000
Missing point:     0.000000    0.750000    0.000000
Missing point:     0.000000    0.750000    0.250000
Missing point:     0.000000    0.750000    0.500000
Missing point:     0.000000    0.750000    0.750000
Missing point:     0.250000    0.000000    0.000000
Missing point:     0.250000    0.000000    0.250000
Missing point:     0.250000    0.000000    0.500000
Missing point:     0.250000    0.000000    0.750000
Missing point:     0.250000    0.250000    0.000000
Missing point:     0.250000    0.500000    0.000000
Missing point:     0.250000    0.500000    0.250000
Missing point:     0.250000    0.750000    0.000000
Missing point:     0.250000    0.750000    0.500000
Missing point:     0.500000    0.000000    0.000000
Missing point:     0.500000    0.000000    0.250000
Missing point:     0.500000    0.000000    0.500000
Missing point:     0.500000    0.000000    0.750000
Missing point:     0.500000    0.250000    0.000000
Missing point:     0.500000    0.250000    0.250000
Missing point:     0.500000    0.250000    0.500000
Missing point:     0.500000    0.250000    0.750000
Missing point:     0.500000    0.500000    0.000000
Missing point:     0.500000    0.500000    0.250000
Missing point:     0.500000    0.500000    0.750000
Missing point:     0.500000    0.750000    0.000000
Missing point:     0.500000    0.750000    0.250000
Missing point:     0.500000    0.750000    0.500000
Missing point:     0.500000    0.750000    0.750000
Missing point:     0.750000    0.000000    0.000000
Missing point:     0.750000    0.000000    0.250000
Missing point:     0.750000    0.000000    0.500000
Missing point:     0.750000    0.000000    0.750000
Missing point:     0.750000    0.250000    0.000000
Missing point:     0.750000    0.250000    0.250000
Missing point:     0.750000    0.250000    0.500000
Missing point:     0.750000    0.250000    0.750000
Missing point:     0.750000    0.500000    0.000000
Missing point:     0.750000    0.500000    0.250000
Missing point:     0.750000    0.500000    0.500000
Missing point:     0.750000    0.500000    0.750000
Missing point:     0.750000    0.750000    0.000000
Missing point:     0.750000    0.750000    0.250000
Missing point:     0.750000    0.750000    0.500000
Missing point:     0.750000    0.750000    0.750000

--------------------------------------------------------------------------------

