k-points are in crystal coordinates
nk(3) =     4    4    4
dk(3) =   0.500000000  0.500000000  0.500000000

direct lattice vectors
a1 =   7.302651473  7.366129248  3.019341989
a2 =   7.302651314 -7.366129428  3.019341935
a3 =   7.302651732 -7.366128735 -3.019342611

unit cell volume =  0.649669174E+03

reciprocal lattice vectors
b1 =   0.430198881  0.426491645  0.000000079
b2 =   0.000000059 -0.426491654  1.040489028
b3 =   0.430198851 -0.000000001 -1.040489047

symmetries of the Bravais lattice
  8
Space group  71, symbol Immm                 
r01 =     1   0   0     0   1   0     0   0   1      0.000000    0.000000    0.000000
r02 =     0  -1  -1     0   1   0    -1  -1   0      0.000000    0.000000    0.000000
r03 =    -1   0   0     1   0  -1    -1  -1   0      0.000000    0.000000    0.000000
r04 =     0   1   1     1   0  -1     0   0   1      0.000000    0.000000    0.000000
r05 =     0   1   1     0  -1   0     1   1   0      0.000000    0.000000    0.000000
r06 =    -1   0   0     0  -1   0     0   0  -1      0.000000    0.000000    0.000000
r07 =     1   0   0    -1   0   1     1   1   0      0.000000    0.000000    0.000000
r08 =     0  -1  -1    -1   0   1     0   0  -1      0.000000    0.000000    0.000000

symmetries of the crystal without FFT grid
  8
Space group  74, symbol Imcm                 
r01 =     1   0   0     0   1   0     0   0   1      0.000000    0.000000    0.000000
r02 =     0  -1  -1     0   1   0    -1  -1   0     -0.000000   -3.141593    3.141592
r03 =    -1   0   0     1   0  -1    -1  -1   0     -0.000000   -3.141593    3.141592
r04 =     0   1   1     1   0  -1     0   0   1      0.000000   -0.000000    0.000000
r05 =     0   1   1     0  -1   0     1   1   0      0.000000    3.141593   -3.141593
r06 =    -1   0   0     0  -1   0     0   0  -1     -0.000000   -0.000000   -0.000000
r07 =     1   0   0    -1   0   1     1   1   0      0.000000    3.141593   -3.141593
r08 =     0  -1  -1    -1   0   1     0   0  -1     -0.000000   -0.000000   -0.000000

FFT grid:    108   108   108

symmetries of the crystal with FFT grid
  8
Space group  74, symbol Imcm                 
r01 =     1   0   0     0   1   0     0   0   1      0.000000    0.000000    0.000000
r02 =     0  -1  -1     0   1   0    -1  -1   0     -0.000000   -3.141593    3.141592
r03 =    -1   0   0     1   0  -1    -1  -1   0     -0.000000   -3.141593    3.141592
r04 =     0   1   1     1   0  -1     0   0   1      0.000000   -0.000000    0.000000
r05 =     0   1   1     0  -1   0     1   1   0      0.000000    3.141593   -3.141593
r06 =    -1   0   0     0  -1   0     0   0  -1     -0.000000   -0.000000   -0.000000
r07 =     1   0   0    -1   0   1     1   1   0      0.000000    3.141593   -3.141593
r08 =     0  -1  -1    -1   0   1     0   0  -1     -0.000000   -0.000000   -0.000000

symmetries that reduce the k-points
r02 =     0  -1  -1     0   1   0    -1  -1   0
r03 =    -1   0   0     1   0  -1    -1  -1   0
r04 =     0   1   1     1   0  -1     0   0   1
r05 =     0   1   1     0  -1   0     1   1   0
r07 =     1   0   0    -1   0   1     1   1   0

k-points in the original uniform grid
     64
      1  0.125000000  0.125000000  0.125000000   2.0       0  ---
      2  0.125000000  0.125000000  0.375000000   4.0       0  ---
      3  0.125000000  0.125000000  0.625000000   4.0       0  ---
      4  0.125000000  0.125000000  0.875000000   2.0       0  ---
      5  0.125000000  0.375000000  0.125000000   8.0       0  ---
      6  0.125000000  0.375000000  0.375000000   4.0       0  ---
      7  0.125000000  0.375000000  0.625000000   8.0       0  ---
      8  0.125000000  0.375000000  0.875000000   4.0       0  ---
      9  0.125000000  0.625000000  0.125000000   4.0       0  ---
     10  0.125000000  0.625000000  0.375000000   4.0       0  ---
     11  0.125000000  0.625000000  0.625000000   4.0       0  ---
     12  0.125000000  0.625000000  0.875000000   4.0       0  ---
     13  0.125000000  0.875000000  0.125000000   0.0       5  r05
     14  0.125000000  0.875000000  0.375000000   4.0       0  ---
     15  0.125000000  0.875000000  0.625000000   0.0       5  r03
     16  0.125000000  0.875000000  0.875000000   2.0       0  ---
     17  0.375000000  0.125000000  0.125000000   0.0       6  r04
     18  0.375000000  0.125000000  0.375000000   0.0       7  r04
     19  0.375000000  0.125000000  0.625000000   0.0       8  r03
     20  0.375000000  0.125000000  0.875000000   0.0       5  r02
     21  0.375000000  0.375000000  0.125000000   0.0       2  r05
     22  0.375000000  0.375000000  0.375000000   2.0       0  ---
     23  0.375000000  0.375000000  0.625000000   2.0       0  ---
     24  0.375000000  0.375000000  0.875000000   0.0       3  r02
     25  0.375000000  0.625000000  0.125000000   0.0      14  r03
     26  0.375000000  0.625000000  0.375000000   0.0       7  r05
     27  0.375000000  0.625000000  0.625000000   2.0       0  ---
     28  0.375000000  0.625000000  0.875000000   0.0       7  r02
     29  0.375000000  0.875000000  0.125000000   0.0      10  r05
     30  0.375000000  0.875000000  0.375000000   0.0       9  r03
     31  0.375000000  0.875000000  0.625000000   0.0      12  r07
     32  0.375000000  0.875000000  0.875000000   0.0      11  r02
     33  0.625000000  0.125000000  0.125000000   0.0      11  r03
     34  0.625000000  0.125000000  0.375000000   0.0      12  r03
     35  0.625000000  0.125000000  0.625000000   0.0       9  r02
     36  0.625000000  0.125000000  0.875000000   0.0      10  r02
     37  0.625000000  0.375000000  0.125000000   0.0       7  r04
     38  0.625000000  0.375000000  0.375000000   0.0      27  r03
     39  0.625000000  0.375000000  0.625000000   0.0       7  r02
     40  0.625000000  0.375000000  0.875000000   0.0      14  r02
     41  0.625000000  0.625000000  0.125000000   0.0       3  r05
     42  0.625000000  0.625000000  0.375000000   0.0      23  r05
     43  0.625000000  0.625000000  0.625000000   0.0      22  r02
     44  0.625000000  0.625000000  0.875000000   0.0       2  r02
     45  0.625000000  0.875000000  0.125000000   0.0       5  r03
     46  0.625000000  0.875000000  0.375000000   0.0       8  r05
     47  0.625000000  0.875000000  0.625000000   0.0       7  r02
     48  0.625000000  0.875000000  0.875000000   0.0       6  r02
     49  0.875000000  0.125000000  0.125000000   0.0      16  r03
     50  0.875000000  0.125000000  0.375000000   0.0       5  r02
     51  0.875000000  0.125000000  0.625000000   0.0      14  r02
     52  0.875000000  0.125000000  0.875000000   0.0       5  r02
     53  0.875000000  0.375000000  0.125000000   0.0      12  r03
     54  0.875000000  0.375000000  0.375000000   0.0      11  r02
     55  0.875000000  0.375000000  0.625000000   0.0      10  r02
     56  0.875000000  0.375000000  0.875000000   0.0       9  r02
     57  0.875000000  0.625000000  0.125000000   0.0       8  r03
     58  0.875000000  0.625000000  0.375000000   0.0       7  r02
     59  0.875000000  0.625000000  0.625000000   0.0       6  r02
     60  0.875000000  0.625000000  0.875000000   0.0       5  r02
     61  0.875000000  0.875000000  0.125000000   0.0       4  r05
     62  0.875000000  0.875000000  0.375000000   0.0       3  r02
     63  0.875000000  0.875000000  0.625000000   0.0       2  r02
     64  0.875000000  0.875000000  0.875000000   0.0       1  r02

k-points in the irreducible wedge
     17
      1  0.125000000  0.125000000  0.125000000   2.0       1
      2  0.125000000  0.125000000  0.375000000   4.0       2
      3  0.125000000  0.125000000  0.625000000   4.0       3
      4  0.125000000  0.125000000  0.875000000   2.0       4
      5  0.125000000  0.375000000  0.125000000   8.0       5
      6  0.125000000  0.375000000  0.375000000   4.0       6
      7  0.125000000  0.375000000  0.625000000   8.0       7
      8  0.125000000  0.375000000  0.875000000   4.0       8
      9  0.125000000  0.625000000  0.125000000   4.0       9
     10  0.125000000  0.625000000  0.375000000   4.0      10
     11  0.125000000  0.625000000  0.625000000   4.0      11
     12  0.125000000  0.625000000  0.875000000   4.0      12
     13  0.125000000  0.875000000  0.375000000   4.0      14
     14  0.125000000  0.875000000  0.875000000   2.0      16
     15  0.375000000  0.375000000  0.375000000   2.0      22
     16  0.375000000  0.375000000  0.625000000   2.0      23
     17  0.375000000  0.625000000  0.625000000   2.0      27

