K_POINTS crystal
   64
  0.125000000  0.125000000  0.125000000   1.0
  0.125000000  0.125000000  0.375000000   1.0
  0.125000000  0.125000000  0.625000000   1.0
  0.125000000  0.125000000  0.875000000   1.0
  0.125000000  0.375000000  0.125000000   1.0
  0.125000000  0.375000000  0.375000000   1.0
  0.125000000  0.375000000  0.625000000   1.0
  0.125000000  0.375000000  0.875000000   1.0
  0.125000000  0.625000000  0.125000000   1.0
  0.125000000  0.625000000  0.375000000   1.0
  0.125000000  0.625000000  0.625000000   1.0
  0.125000000  0.625000000  0.875000000   1.0
  0.125000000  0.875000000  0.125000000   1.0
  0.125000000  0.875000000  0.375000000   1.0
  0.125000000  0.875000000  0.625000000   1.0
  0.125000000  0.875000000  0.875000000   1.0
  0.375000000  0.125000000  0.125000000   1.0
  0.375000000  0.125000000  0.375000000   1.0
  0.375000000  0.125000000  0.625000000   1.0
  0.375000000  0.125000000  0.875000000   1.0
  0.375000000  0.375000000  0.125000000   1.0
  0.375000000  0.375000000  0.375000000   1.0
  0.375000000  0.375000000  0.625000000   1.0
  0.375000000  0.375000000  0.875000000   1.0
  0.375000000  0.625000000  0.125000000   1.0
  0.375000000  0.625000000  0.375000000   1.0
  0.375000000  0.625000000  0.625000000   1.0
  0.375000000  0.625000000  0.875000000   1.0
  0.375000000  0.875000000  0.125000000   1.0
  0.375000000  0.875000000  0.375000000   1.0
  0.375000000  0.875000000  0.625000000   1.0
  0.375000000  0.875000000  0.875000000   1.0
  0.625000000  0.125000000  0.125000000   1.0
  0.625000000  0.125000000  0.375000000   1.0
  0.625000000  0.125000000  0.625000000   1.0
  0.625000000  0.125000000  0.875000000   1.0
  0.625000000  0.375000000  0.125000000   1.0
  0.625000000  0.375000000  0.375000000   1.0
  0.625000000  0.375000000  0.625000000   1.0
  0.625000000  0.375000000  0.875000000   1.0
  0.625000000  0.625000000  0.125000000   1.0
  0.625000000  0.625000000  0.375000000   1.0
  0.625000000  0.625000000  0.625000000   1.0
  0.625000000  0.625000000  0.875000000   1.0
  0.625000000  0.875000000  0.125000000   1.0
  0.625000000  0.875000000  0.375000000   1.0
  0.625000000  0.875000000  0.625000000   1.0
  0.625000000  0.875000000  0.875000000   1.0
  0.875000000  0.125000000  0.125000000   1.0
  0.875000000  0.125000000  0.375000000   1.0
  0.875000000  0.125000000  0.625000000   1.0
  0.875000000  0.125000000  0.875000000   1.0
  0.875000000  0.375000000  0.125000000   1.0
  0.875000000  0.375000000  0.375000000   1.0
  0.875000000  0.375000000  0.625000000   1.0
  0.875000000  0.375000000  0.875000000   1.0
  0.875000000  0.625000000  0.125000000   1.0
  0.875000000  0.625000000  0.375000000   1.0
  0.875000000  0.625000000  0.625000000   1.0
  0.875000000  0.625000000  0.875000000   1.0
  0.875000000  0.875000000  0.125000000   1.0
  0.875000000  0.875000000  0.375000000   1.0
  0.875000000  0.875000000  0.625000000   1.0
  0.875000000  0.875000000  0.875000000   1.0
