K_POINTS crystal
  216
  0.078333333  0.061666667  0.051666667   1.0
  0.078333333  0.061666667  0.218333333   1.0
  0.078333333  0.061666667  0.385000000   1.0
  0.078333333  0.061666667  0.551666667   1.0
  0.078333333  0.061666667  0.718333333   1.0
  0.078333333  0.061666667  0.885000000   1.0
  0.078333333  0.228333333  0.051666667   1.0
  0.078333333  0.228333333  0.218333333   1.0
  0.078333333  0.228333333  0.385000000   1.0
  0.078333333  0.228333333  0.551666667   1.0
  0.078333333  0.228333333  0.718333333   1.0
  0.078333333  0.228333333  0.885000000   1.0
  0.078333333  0.395000000  0.051666667   1.0
  0.078333333  0.395000000  0.218333333   1.0
  0.078333333  0.395000000  0.385000000   1.0
  0.078333333  0.395000000  0.551666667   1.0
  0.078333333  0.395000000  0.718333333   1.0
  0.078333333  0.395000000  0.885000000   1.0
  0.078333333  0.561666667  0.051666667   1.0
  0.078333333  0.561666667  0.218333333   1.0
  0.078333333  0.561666667  0.385000000   1.0
  0.078333333  0.561666667  0.551666667   1.0
  0.078333333  0.561666667  0.718333333   1.0
  0.078333333  0.561666667  0.885000000   1.0
  0.078333333  0.728333333  0.051666667   1.0
  0.078333333  0.728333333  0.218333333   1.0
  0.078333333  0.728333333  0.385000000   1.0
  0.078333333  0.728333333  0.551666667   1.0
  0.078333333  0.728333333  0.718333333   1.0
  0.078333333  0.728333333  0.885000000   1.0
  0.078333333  0.895000000  0.051666667   1.0
  0.078333333  0.895000000  0.218333333   1.0
  0.078333333  0.895000000  0.385000000   1.0
  0.078333333  0.895000000  0.551666667   1.0
  0.078333333  0.895000000  0.718333333   1.0
  0.078333333  0.895000000  0.885000000   1.0
  0.245000000  0.061666667  0.051666667   1.0
  0.245000000  0.061666667  0.218333333   1.0
  0.245000000  0.061666667  0.385000000   1.0
  0.245000000  0.061666667  0.551666667   1.0
  0.245000000  0.061666667  0.718333333   1.0
  0.245000000  0.061666667  0.885000000   1.0
  0.245000000  0.228333333  0.051666667   1.0
  0.245000000  0.228333333  0.218333333   1.0
  0.245000000  0.228333333  0.385000000   1.0
  0.245000000  0.228333333  0.551666667   1.0
  0.245000000  0.228333333  0.718333333   1.0
  0.245000000  0.228333333  0.885000000   1.0
  0.245000000  0.395000000  0.051666667   1.0
  0.245000000  0.395000000  0.218333333   1.0
  0.245000000  0.395000000  0.385000000   1.0
  0.245000000  0.395000000  0.551666667   1.0
  0.245000000  0.395000000  0.718333333   1.0
  0.245000000  0.395000000  0.885000000   1.0
  0.245000000  0.561666667  0.051666667   1.0
  0.245000000  0.561666667  0.218333333   1.0
  0.245000000  0.561666667  0.385000000   1.0
  0.245000000  0.561666667  0.551666667   1.0
  0.245000000  0.561666667  0.718333333   1.0
  0.245000000  0.561666667  0.885000000   1.0
  0.245000000  0.728333333  0.051666667   1.0
  0.245000000  0.728333333  0.218333333   1.0
  0.245000000  0.728333333  0.385000000   1.0
  0.245000000  0.728333333  0.551666667   1.0
  0.245000000  0.728333333  0.718333333   1.0
  0.245000000  0.728333333  0.885000000   1.0
  0.245000000  0.895000000  0.051666667   1.0
  0.245000000  0.895000000  0.218333333   1.0
  0.245000000  0.895000000  0.385000000   1.0
  0.245000000  0.895000000  0.551666667   1.0
  0.245000000  0.895000000  0.718333333   1.0
  0.245000000  0.895000000  0.885000000   1.0
  0.411666667  0.061666667  0.051666667   1.0
  0.411666667  0.061666667  0.218333333   1.0
  0.411666667  0.061666667  0.385000000   1.0
  0.411666667  0.061666667  0.551666667   1.0
  0.411666667  0.061666667  0.718333333   1.0
  0.411666667  0.061666667  0.885000000   1.0
  0.411666667  0.228333333  0.051666667   1.0
  0.411666667  0.228333333  0.218333333   1.0
  0.411666667  0.228333333  0.385000000   1.0
  0.411666667  0.228333333  0.551666667   1.0
  0.411666667  0.228333333  0.718333333   1.0
  0.411666667  0.228333333  0.885000000   1.0
  0.411666667  0.395000000  0.051666667   1.0
  0.411666667  0.395000000  0.218333333   1.0
  0.411666667  0.395000000  0.385000000   1.0
  0.411666667  0.395000000  0.551666667   1.0
  0.411666667  0.395000000  0.718333333   1.0
  0.411666667  0.395000000  0.885000000   1.0
  0.411666667  0.561666667  0.051666667   1.0
  0.411666667  0.561666667  0.218333333   1.0
  0.411666667  0.561666667  0.385000000   1.0
  0.411666667  0.561666667  0.551666667   1.0
  0.411666667  0.561666667  0.718333333   1.0
  0.411666667  0.561666667  0.885000000   1.0
  0.411666667  0.728333333  0.051666667   1.0
  0.411666667  0.728333333  0.218333333   1.0
  0.411666667  0.728333333  0.385000000   1.0
  0.411666667  0.728333333  0.551666667   1.0
  0.411666667  0.728333333  0.718333333   1.0
  0.411666667  0.728333333  0.885000000   1.0
  0.411666667  0.895000000  0.051666667   1.0
  0.411666667  0.895000000  0.218333333   1.0
  0.411666667  0.895000000  0.385000000   1.0
  0.411666667  0.895000000  0.551666667   1.0
  0.411666667  0.895000000  0.718333333   1.0
  0.411666667  0.895000000  0.885000000   1.0
  0.578333333  0.061666667  0.051666667   1.0
  0.578333333  0.061666667  0.218333333   1.0
  0.578333333  0.061666667  0.385000000   1.0
  0.578333333  0.061666667  0.551666667   1.0
  0.578333333  0.061666667  0.718333333   1.0
  0.578333333  0.061666667  0.885000000   1.0
  0.578333333  0.228333333  0.051666667   1.0
  0.578333333  0.228333333  0.218333333   1.0
  0.578333333  0.228333333  0.385000000   1.0
  0.578333333  0.228333333  0.551666667   1.0
  0.578333333  0.228333333  0.718333333   1.0
  0.578333333  0.228333333  0.885000000   1.0
  0.578333333  0.395000000  0.051666667   1.0
  0.578333333  0.395000000  0.218333333   1.0
  0.578333333  0.395000000  0.385000000   1.0
  0.578333333  0.395000000  0.551666667   1.0
  0.578333333  0.395000000  0.718333333   1.0
  0.578333333  0.395000000  0.885000000   1.0
  0.578333333  0.561666667  0.051666667   1.0
  0.578333333  0.561666667  0.218333333   1.0
  0.578333333  0.561666667  0.385000000   1.0
  0.578333333  0.561666667  0.551666667   1.0
  0.578333333  0.561666667  0.718333333   1.0
  0.578333333  0.561666667  0.885000000   1.0
  0.578333333  0.728333333  0.051666667   1.0
  0.578333333  0.728333333  0.218333333   1.0
  0.578333333  0.728333333  0.385000000   1.0
  0.578333333  0.728333333  0.551666667   1.0
  0.578333333  0.728333333  0.718333333   1.0
  0.578333333  0.728333333  0.885000000   1.0
  0.578333333  0.895000000  0.051666667   1.0
  0.578333333  0.895000000  0.218333333   1.0
  0.578333333  0.895000000  0.385000000   1.0
  0.578333333  0.895000000  0.551666667   1.0
  0.578333333  0.895000000  0.718333333   1.0
  0.578333333  0.895000000  0.885000000   1.0
  0.745000000  0.061666667  0.051666667   1.0
  0.745000000  0.061666667  0.218333333   1.0
  0.745000000  0.061666667  0.385000000   1.0
  0.745000000  0.061666667  0.551666667   1.0
  0.745000000  0.061666667  0.718333333   1.0
  0.745000000  0.061666667  0.885000000   1.0
  0.745000000  0.228333333  0.051666667   1.0
  0.745000000  0.228333333  0.218333333   1.0
  0.745000000  0.228333333  0.385000000   1.0
  0.745000000  0.228333333  0.551666667   1.0
  0.745000000  0.228333333  0.718333333   1.0
  0.745000000  0.228333333  0.885000000   1.0
  0.745000000  0.395000000  0.051666667   1.0
  0.745000000  0.395000000  0.218333333   1.0
  0.745000000  0.395000000  0.385000000   1.0
  0.745000000  0.395000000  0.551666667   1.0
  0.745000000  0.395000000  0.718333333   1.0
  0.745000000  0.395000000  0.885000000   1.0
  0.745000000  0.561666667  0.051666667   1.0
  0.745000000  0.561666667  0.218333333   1.0
  0.745000000  0.561666667  0.385000000   1.0
  0.745000000  0.561666667  0.551666667   1.0
  0.745000000  0.561666667  0.718333333   1.0
  0.745000000  0.561666667  0.885000000   1.0
  0.745000000  0.728333333  0.051666667   1.0
  0.745000000  0.728333333  0.218333333   1.0
  0.745000000  0.728333333  0.385000000   1.0
  0.745000000  0.728333333  0.551666667   1.0
  0.745000000  0.728333333  0.718333333   1.0
  0.745000000  0.728333333  0.885000000   1.0
  0.745000000  0.895000000  0.051666667   1.0
  0.745000000  0.895000000  0.218333333   1.0
  0.745000000  0.895000000  0.385000000   1.0
  0.745000000  0.895000000  0.551666667   1.0
  0.745000000  0.895000000  0.718333333   1.0
  0.745000000  0.895000000  0.885000000   1.0
  0.911666667  0.061666667  0.051666667   1.0
  0.911666667  0.061666667  0.218333333   1.0
  0.911666667  0.061666667  0.385000000   1.0
  0.911666667  0.061666667  0.551666667   1.0
  0.911666667  0.061666667  0.718333333   1.0
  0.911666667  0.061666667  0.885000000   1.0
  0.911666667  0.228333333  0.051666667   1.0
  0.911666667  0.228333333  0.218333333   1.0
  0.911666667  0.228333333  0.385000000   1.0
  0.911666667  0.228333333  0.551666667   1.0
  0.911666667  0.228333333  0.718333333   1.0
  0.911666667  0.228333333  0.885000000   1.0
  0.911666667  0.395000000  0.051666667   1.0
  0.911666667  0.395000000  0.218333333   1.0
  0.911666667  0.395000000  0.385000000   1.0
  0.911666667  0.395000000  0.551666667   1.0
  0.911666667  0.395000000  0.718333333   1.0
  0.911666667  0.395000000  0.885000000   1.0
  0.911666667  0.561666667  0.051666667   1.0
  0.911666667  0.561666667  0.218333333   1.0
  0.911666667  0.561666667  0.385000000   1.0
  0.911666667  0.561666667  0.551666667   1.0
  0.911666667  0.561666667  0.718333333   1.0
  0.911666667  0.561666667  0.885000000   1.0
  0.911666667  0.728333333  0.051666667   1.0
  0.911666667  0.728333333  0.218333333   1.0
  0.911666667  0.728333333  0.385000000   1.0
  0.911666667  0.728333333  0.551666667   1.0
  0.911666667  0.728333333  0.718333333   1.0
  0.911666667  0.728333333  0.885000000   1.0
  0.911666667  0.895000000  0.051666667   1.0
  0.911666667  0.895000000  0.218333333   1.0
  0.911666667  0.895000000  0.385000000   1.0
  0.911666667  0.895000000  0.551666667   1.0
  0.911666667  0.895000000  0.718333333   1.0
  0.911666667  0.895000000  0.885000000   1.0
