k-points are in crystal coordinates
nk(3) =     6    6    6
dk(3) =   0.470000000  0.370000000  0.310000000

direct lattice vectors
a1 =   7.298596017  7.368451350  3.019468303
a2 =   7.298596017 -7.368451350  3.019468303
a3 =   7.298596017 -7.368451350 -3.019468303

unit cell volume =  0.649540167E+03

reciprocal lattice vectors
b1 =   0.430437943  0.426357250  0.000000000
b2 =   0.000000000 -0.426357250  1.040445647
b3 =   0.430437943  0.000000000 -1.040445647

symmetries of the Bravais lattice
  8
Space group  71, symbol Immm                 
r01 =     1   0   0     0   1   0     0   0   1      0.000000    0.000000    0.000000
r02 =     0   1   1     1   0  -1     0   0   1      0.000000    0.000000    0.000000
r03 =     0  -1  -1     0   1   0    -1  -1   0      0.000000    0.000000    0.000000
r04 =    -1   0   0     1   0  -1    -1  -1   0      0.000000    0.000000    0.000000
r05 =     0  -1  -1    -1   0   1     0   0  -1      0.000000    0.000000    0.000000
r06 =    -1   0   0     0  -1   0     0   0  -1      0.000000    0.000000    0.000000
r07 =     0   1   1     0  -1   0     1   1   0      0.000000    0.000000    0.000000
r08 =     1   0   0    -1   0   1     1   1   0      0.000000    0.000000    0.000000

symmetries of the crystal without FFT grid
  1
Space group   1, symbol P1                   
r01 =     1   0   0     0   1   0     0   0   1      0.000000    0.000000    0.000000

FFT grid:    108   108   108

symmetries of the crystal with FFT grid
  1
Space group   1, symbol P1                   
r01 =     1   0   0     0   1   0     0   0   1      0.000000    0.000000    0.000000

k-points in the original uniform grid
    216
      1  0.078333333  0.061666667  0.051666667   1.0       0  ---
      2  0.078333333  0.061666667  0.218333333   1.0       0  ---
      3  0.078333333  0.061666667  0.385000000   1.0       0  ---
      4  0.078333333  0.061666667  0.551666667   1.0       0  ---
      5  0.078333333  0.061666667  0.718333333   1.0       0  ---
      6  0.078333333  0.061666667  0.885000000   1.0       0  ---
      7  0.078333333  0.228333333  0.051666667   1.0       0  ---
      8  0.078333333  0.228333333  0.218333333   1.0       0  ---
      9  0.078333333  0.228333333  0.385000000   1.0       0  ---
     10  0.078333333  0.228333333  0.551666667   1.0       0  ---
     11  0.078333333  0.228333333  0.718333333   1.0       0  ---
     12  0.078333333  0.228333333  0.885000000   1.0       0  ---
     13  0.078333333  0.395000000  0.051666667   1.0       0  ---
     14  0.078333333  0.395000000  0.218333333   1.0       0  ---
     15  0.078333333  0.395000000  0.385000000   1.0       0  ---
     16  0.078333333  0.395000000  0.551666667   1.0       0  ---
     17  0.078333333  0.395000000  0.718333333   1.0       0  ---
     18  0.078333333  0.395000000  0.885000000   1.0       0  ---
     19  0.078333333  0.561666667  0.051666667   1.0       0  ---
     20  0.078333333  0.561666667  0.218333333   1.0       0  ---
     21  0.078333333  0.561666667  0.385000000   1.0       0  ---
     22  0.078333333  0.561666667  0.551666667   1.0       0  ---
     23  0.078333333  0.561666667  0.718333333   1.0       0  ---
     24  0.078333333  0.561666667  0.885000000   1.0       0  ---
     25  0.078333333  0.728333333  0.051666667   1.0       0  ---
     26  0.078333333  0.728333333  0.218333333   1.0       0  ---
     27  0.078333333  0.728333333  0.385000000   1.0       0  ---
     28  0.078333333  0.728333333  0.551666667   1.0       0  ---
     29  0.078333333  0.728333333  0.718333333   1.0       0  ---
     30  0.078333333  0.728333333  0.885000000   1.0       0  ---
     31  0.078333333  0.895000000  0.051666667   1.0       0  ---
     32  0.078333333  0.895000000  0.218333333   1.0       0  ---
     33  0.078333333  0.895000000  0.385000000   1.0       0  ---
     34  0.078333333  0.895000000  0.551666667   1.0       0  ---
     35  0.078333333  0.895000000  0.718333333   1.0       0  ---
     36  0.078333333  0.895000000  0.885000000   1.0       0  ---
     37  0.245000000  0.061666667  0.051666667   1.0       0  ---
     38  0.245000000  0.061666667  0.218333333   1.0       0  ---
     39  0.245000000  0.061666667  0.385000000   1.0       0  ---
     40  0.245000000  0.061666667  0.551666667   1.0       0  ---
     41  0.245000000  0.061666667  0.718333333   1.0       0  ---
     42  0.245000000  0.061666667  0.885000000   1.0       0  ---
     43  0.245000000  0.228333333  0.051666667   1.0       0  ---
     44  0.245000000  0.228333333  0.218333333   1.0       0  ---
     45  0.245000000  0.228333333  0.385000000   1.0       0  ---
     46  0.245000000  0.228333333  0.551666667   1.0       0  ---
     47  0.245000000  0.228333333  0.718333333   1.0       0  ---
     48  0.245000000  0.228333333  0.885000000   1.0       0  ---
     49  0.245000000  0.395000000  0.051666667   1.0       0  ---
     50  0.245000000  0.395000000  0.218333333   1.0       0  ---
     51  0.245000000  0.395000000  0.385000000   1.0       0  ---
     52  0.245000000  0.395000000  0.551666667   1.0       0  ---
     53  0.245000000  0.395000000  0.718333333   1.0       0  ---
     54  0.245000000  0.395000000  0.885000000   1.0       0  ---
     55  0.245000000  0.561666667  0.051666667   1.0       0  ---
     56  0.245000000  0.561666667  0.218333333   1.0       0  ---
     57  0.245000000  0.561666667  0.385000000   1.0       0  ---
     58  0.245000000  0.561666667  0.551666667   1.0       0  ---
     59  0.245000000  0.561666667  0.718333333   1.0       0  ---
     60  0.245000000  0.561666667  0.885000000   1.0       0  ---
     61  0.245000000  0.728333333  0.051666667   1.0       0  ---
     62  0.245000000  0.728333333  0.218333333   1.0       0  ---
     63  0.245000000  0.728333333  0.385000000   1.0       0  ---
     64  0.245000000  0.728333333  0.551666667   1.0       0  ---
     65  0.245000000  0.728333333  0.718333333   1.0       0  ---
     66  0.245000000  0.728333333  0.885000000   1.0       0  ---
     67  0.245000000  0.895000000  0.051666667   1.0       0  ---
     68  0.245000000  0.895000000  0.218333333   1.0       0  ---
     69  0.245000000  0.895000000  0.385000000   1.0       0  ---
     70  0.245000000  0.895000000  0.551666667   1.0       0  ---
     71  0.245000000  0.895000000  0.718333333   1.0       0  ---
     72  0.245000000  0.895000000  0.885000000   1.0       0  ---
     73  0.411666667  0.061666667  0.051666667   1.0       0  ---
     74  0.411666667  0.061666667  0.218333333   1.0       0  ---
     75  0.411666667  0.061666667  0.385000000   1.0       0  ---
     76  0.411666667  0.061666667  0.551666667   1.0       0  ---
     77  0.411666667  0.061666667  0.718333333   1.0       0  ---
     78  0.411666667  0.061666667  0.885000000   1.0       0  ---
     79  0.411666667  0.228333333  0.051666667   1.0       0  ---
     80  0.411666667  0.228333333  0.218333333   1.0       0  ---
     81  0.411666667  0.228333333  0.385000000   1.0       0  ---
     82  0.411666667  0.228333333  0.551666667   1.0       0  ---
     83  0.411666667  0.228333333  0.718333333   1.0       0  ---
     84  0.411666667  0.228333333  0.885000000   1.0       0  ---
     85  0.411666667  0.395000000  0.051666667   1.0       0  ---
     86  0.411666667  0.395000000  0.218333333   1.0       0  ---
     87  0.411666667  0.395000000  0.385000000   1.0       0  ---
     88  0.411666667  0.395000000  0.551666667   1.0       0  ---
     89  0.411666667  0.395000000  0.718333333   1.0       0  ---
     90  0.411666667  0.395000000  0.885000000   1.0       0  ---
     91  0.411666667  0.561666667  0.051666667   1.0       0  ---
     92  0.411666667  0.561666667  0.218333333   1.0       0  ---
     93  0.411666667  0.561666667  0.385000000   1.0       0  ---
     94  0.411666667  0.561666667  0.551666667   1.0       0  ---
     95  0.411666667  0.561666667  0.718333333   1.0       0  ---
     96  0.411666667  0.561666667  0.885000000   1.0       0  ---
     97  0.411666667  0.728333333  0.051666667   1.0       0  ---
     98  0.411666667  0.728333333  0.218333333   1.0       0  ---
     99  0.411666667  0.728333333  0.385000000   1.0       0  ---
    100  0.411666667  0.728333333  0.551666667   1.0       0  ---
    101  0.411666667  0.728333333  0.718333333   1.0       0  ---
    102  0.411666667  0.728333333  0.885000000   1.0       0  ---
    103  0.411666667  0.895000000  0.051666667   1.0       0  ---
    104  0.411666667  0.895000000  0.218333333   1.0       0  ---
    105  0.411666667  0.895000000  0.385000000   1.0       0  ---
    106  0.411666667  0.895000000  0.551666667   1.0       0  ---
    107  0.411666667  0.895000000  0.718333333   1.0       0  ---
    108  0.411666667  0.895000000  0.885000000   1.0       0  ---
    109  0.578333333  0.061666667  0.051666667   1.0       0  ---
    110  0.578333333  0.061666667  0.218333333   1.0       0  ---
    111  0.578333333  0.061666667  0.385000000   1.0       0  ---
    112  0.578333333  0.061666667  0.551666667   1.0       0  ---
    113  0.578333333  0.061666667  0.718333333   1.0       0  ---
    114  0.578333333  0.061666667  0.885000000   1.0       0  ---
    115  0.578333333  0.228333333  0.051666667   1.0       0  ---
    116  0.578333333  0.228333333  0.218333333   1.0       0  ---
    117  0.578333333  0.228333333  0.385000000   1.0       0  ---
    118  0.578333333  0.228333333  0.551666667   1.0       0  ---
    119  0.578333333  0.228333333  0.718333333   1.0       0  ---
    120  0.578333333  0.228333333  0.885000000   1.0       0  ---
    121  0.578333333  0.395000000  0.051666667   1.0       0  ---
    122  0.578333333  0.395000000  0.218333333   1.0       0  ---
    123  0.578333333  0.395000000  0.385000000   1.0       0  ---
    124  0.578333333  0.395000000  0.551666667   1.0       0  ---
    125  0.578333333  0.395000000  0.718333333   1.0       0  ---
    126  0.578333333  0.395000000  0.885000000   1.0       0  ---
    127  0.578333333  0.561666667  0.051666667   1.0       0  ---
    128  0.578333333  0.561666667  0.218333333   1.0       0  ---
    129  0.578333333  0.561666667  0.385000000   1.0       0  ---
    130  0.578333333  0.561666667  0.551666667   1.0       0  ---
    131  0.578333333  0.561666667  0.718333333   1.0       0  ---
    132  0.578333333  0.561666667  0.885000000   1.0       0  ---
    133  0.578333333  0.728333333  0.051666667   1.0       0  ---
    134  0.578333333  0.728333333  0.218333333   1.0       0  ---
    135  0.578333333  0.728333333  0.385000000   1.0       0  ---
    136  0.578333333  0.728333333  0.551666667   1.0       0  ---
    137  0.578333333  0.728333333  0.718333333   1.0       0  ---
    138  0.578333333  0.728333333  0.885000000   1.0       0  ---
    139  0.578333333  0.895000000  0.051666667   1.0       0  ---
    140  0.578333333  0.895000000  0.218333333   1.0       0  ---
    141  0.578333333  0.895000000  0.385000000   1.0       0  ---
    142  0.578333333  0.895000000  0.551666667   1.0       0  ---
    143  0.578333333  0.895000000  0.718333333   1.0       0  ---
    144  0.578333333  0.895000000  0.885000000   1.0       0  ---
    145  0.745000000  0.061666667  0.051666667   1.0       0  ---
    146  0.745000000  0.061666667  0.218333333   1.0       0  ---
    147  0.745000000  0.061666667  0.385000000   1.0       0  ---
    148  0.745000000  0.061666667  0.551666667   1.0       0  ---
    149  0.745000000  0.061666667  0.718333333   1.0       0  ---
    150  0.745000000  0.061666667  0.885000000   1.0       0  ---
    151  0.745000000  0.228333333  0.051666667   1.0       0  ---
    152  0.745000000  0.228333333  0.218333333   1.0       0  ---
    153  0.745000000  0.228333333  0.385000000   1.0       0  ---
    154  0.745000000  0.228333333  0.551666667   1.0       0  ---
    155  0.745000000  0.228333333  0.718333333   1.0       0  ---
    156  0.745000000  0.228333333  0.885000000   1.0       0  ---
    157  0.745000000  0.395000000  0.051666667   1.0       0  ---
    158  0.745000000  0.395000000  0.218333333   1.0       0  ---
    159  0.745000000  0.395000000  0.385000000   1.0       0  ---
    160  0.745000000  0.395000000  0.551666667   1.0       0  ---
    161  0.745000000  0.395000000  0.718333333   1.0       0  ---
    162  0.745000000  0.395000000  0.885000000   1.0       0  ---
    163  0.745000000  0.561666667  0.051666667   1.0       0  ---
    164  0.745000000  0.561666667  0.218333333   1.0       0  ---
    165  0.745000000  0.561666667  0.385000000   1.0       0  ---
    166  0.745000000  0.561666667  0.551666667   1.0       0  ---
    167  0.745000000  0.561666667  0.718333333   1.0       0  ---
    168  0.745000000  0.561666667  0.885000000   1.0       0  ---
    169  0.745000000  0.728333333  0.051666667   1.0       0  ---
    170  0.745000000  0.728333333  0.218333333   1.0       0  ---
    171  0.745000000  0.728333333  0.385000000   1.0       0  ---
    172  0.745000000  0.728333333  0.551666667   1.0       0  ---
    173  0.745000000  0.728333333  0.718333333   1.0       0  ---
    174  0.745000000  0.728333333  0.885000000   1.0       0  ---
    175  0.745000000  0.895000000  0.051666667   1.0       0  ---
    176  0.745000000  0.895000000  0.218333333   1.0       0  ---
    177  0.745000000  0.895000000  0.385000000   1.0       0  ---
    178  0.745000000  0.895000000  0.551666667   1.0       0  ---
    179  0.745000000  0.895000000  0.718333333   1.0       0  ---
    180  0.745000000  0.895000000  0.885000000   1.0       0  ---
    181  0.911666667  0.061666667  0.051666667   1.0       0  ---
    182  0.911666667  0.061666667  0.218333333   1.0       0  ---
    183  0.911666667  0.061666667  0.385000000   1.0       0  ---
    184  0.911666667  0.061666667  0.551666667   1.0       0  ---
    185  0.911666667  0.061666667  0.718333333   1.0       0  ---
    186  0.911666667  0.061666667  0.885000000   1.0       0  ---
    187  0.911666667  0.228333333  0.051666667   1.0       0  ---
    188  0.911666667  0.228333333  0.218333333   1.0       0  ---
    189  0.911666667  0.228333333  0.385000000   1.0       0  ---
    190  0.911666667  0.228333333  0.551666667   1.0       0  ---
    191  0.911666667  0.228333333  0.718333333   1.0       0  ---
    192  0.911666667  0.228333333  0.885000000   1.0       0  ---
    193  0.911666667  0.395000000  0.051666667   1.0       0  ---
    194  0.911666667  0.395000000  0.218333333   1.0       0  ---
    195  0.911666667  0.395000000  0.385000000   1.0       0  ---
    196  0.911666667  0.395000000  0.551666667   1.0       0  ---
    197  0.911666667  0.395000000  0.718333333   1.0       0  ---
    198  0.911666667  0.395000000  0.885000000   1.0       0  ---
    199  0.911666667  0.561666667  0.051666667   1.0       0  ---
    200  0.911666667  0.561666667  0.218333333   1.0       0  ---
    201  0.911666667  0.561666667  0.385000000   1.0       0  ---
    202  0.911666667  0.561666667  0.551666667   1.0       0  ---
    203  0.911666667  0.561666667  0.718333333   1.0       0  ---
    204  0.911666667  0.561666667  0.885000000   1.0       0  ---
    205  0.911666667  0.728333333  0.051666667   1.0       0  ---
    206  0.911666667  0.728333333  0.218333333   1.0       0  ---
    207  0.911666667  0.728333333  0.385000000   1.0       0  ---
    208  0.911666667  0.728333333  0.551666667   1.0       0  ---
    209  0.911666667  0.728333333  0.718333333   1.0       0  ---
    210  0.911666667  0.728333333  0.885000000   1.0       0  ---
    211  0.911666667  0.895000000  0.051666667   1.0       0  ---
    212  0.911666667  0.895000000  0.218333333   1.0       0  ---
    213  0.911666667  0.895000000  0.385000000   1.0       0  ---
    214  0.911666667  0.895000000  0.551666667   1.0       0  ---
    215  0.911666667  0.895000000  0.718333333   1.0       0  ---
    216  0.911666667  0.895000000  0.885000000   1.0       0  ---

k-points in the irreducible wedge
    216
      1  0.078333333  0.061666667  0.051666667   1.0       1
      2  0.078333333  0.061666667  0.218333333   1.0       2
      3  0.078333333  0.061666667  0.385000000   1.0       3
      4  0.078333333  0.061666667  0.551666667   1.0       4
      5  0.078333333  0.061666667  0.718333333   1.0       5
      6  0.078333333  0.061666667  0.885000000   1.0       6
      7  0.078333333  0.228333333  0.051666667   1.0       7
      8  0.078333333  0.228333333  0.218333333   1.0       8
      9  0.078333333  0.228333333  0.385000000   1.0       9
     10  0.078333333  0.228333333  0.551666667   1.0      10
     11  0.078333333  0.228333333  0.718333333   1.0      11
     12  0.078333333  0.228333333  0.885000000   1.0      12
     13  0.078333333  0.395000000  0.051666667   1.0      13
     14  0.078333333  0.395000000  0.218333333   1.0      14
     15  0.078333333  0.395000000  0.385000000   1.0      15
     16  0.078333333  0.395000000  0.551666667   1.0      16
     17  0.078333333  0.395000000  0.718333333   1.0      17
     18  0.078333333  0.395000000  0.885000000   1.0      18
     19  0.078333333  0.561666667  0.051666667   1.0      19
     20  0.078333333  0.561666667  0.218333333   1.0      20
     21  0.078333333  0.561666667  0.385000000   1.0      21
     22  0.078333333  0.561666667  0.551666667   1.0      22
     23  0.078333333  0.561666667  0.718333333   1.0      23
     24  0.078333333  0.561666667  0.885000000   1.0      24
     25  0.078333333  0.728333333  0.051666667   1.0      25
     26  0.078333333  0.728333333  0.218333333   1.0      26
     27  0.078333333  0.728333333  0.385000000   1.0      27
     28  0.078333333  0.728333333  0.551666667   1.0      28
     29  0.078333333  0.728333333  0.718333333   1.0      29
     30  0.078333333  0.728333333  0.885000000   1.0      30
     31  0.078333333  0.895000000  0.051666667   1.0      31
     32  0.078333333  0.895000000  0.218333333   1.0      32
     33  0.078333333  0.895000000  0.385000000   1.0      33
     34  0.078333333  0.895000000  0.551666667   1.0      34
     35  0.078333333  0.895000000  0.718333333   1.0      35
     36  0.078333333  0.895000000  0.885000000   1.0      36
     37  0.245000000  0.061666667  0.051666667   1.0      37
     38  0.245000000  0.061666667  0.218333333   1.0      38
     39  0.245000000  0.061666667  0.385000000   1.0      39
     40  0.245000000  0.061666667  0.551666667   1.0      40
     41  0.245000000  0.061666667  0.718333333   1.0      41
     42  0.245000000  0.061666667  0.885000000   1.0      42
     43  0.245000000  0.228333333  0.051666667   1.0      43
     44  0.245000000  0.228333333  0.218333333   1.0      44
     45  0.245000000  0.228333333  0.385000000   1.0      45
     46  0.245000000  0.228333333  0.551666667   1.0      46
     47  0.245000000  0.228333333  0.718333333   1.0      47
     48  0.245000000  0.228333333  0.885000000   1.0      48
     49  0.245000000  0.395000000  0.051666667   1.0      49
     50  0.245000000  0.395000000  0.218333333   1.0      50
     51  0.245000000  0.395000000  0.385000000   1.0      51
     52  0.245000000  0.395000000  0.551666667   1.0      52
     53  0.245000000  0.395000000  0.718333333   1.0      53
     54  0.245000000  0.395000000  0.885000000   1.0      54
     55  0.245000000  0.561666667  0.051666667   1.0      55
     56  0.245000000  0.561666667  0.218333333   1.0      56
     57  0.245000000  0.561666667  0.385000000   1.0      57
     58  0.245000000  0.561666667  0.551666667   1.0      58
     59  0.245000000  0.561666667  0.718333333   1.0      59
     60  0.245000000  0.561666667  0.885000000   1.0      60
     61  0.245000000  0.728333333  0.051666667   1.0      61
     62  0.245000000  0.728333333  0.218333333   1.0      62
     63  0.245000000  0.728333333  0.385000000   1.0      63
     64  0.245000000  0.728333333  0.551666667   1.0      64
     65  0.245000000  0.728333333  0.718333333   1.0      65
     66  0.245000000  0.728333333  0.885000000   1.0      66
     67  0.245000000  0.895000000  0.051666667   1.0      67
     68  0.245000000  0.895000000  0.218333333   1.0      68
     69  0.245000000  0.895000000  0.385000000   1.0      69
     70  0.245000000  0.895000000  0.551666667   1.0      70
     71  0.245000000  0.895000000  0.718333333   1.0      71
     72  0.245000000  0.895000000  0.885000000   1.0      72
     73  0.411666667  0.061666667  0.051666667   1.0      73
     74  0.411666667  0.061666667  0.218333333   1.0      74
     75  0.411666667  0.061666667  0.385000000   1.0      75
     76  0.411666667  0.061666667  0.551666667   1.0      76
     77  0.411666667  0.061666667  0.718333333   1.0      77
     78  0.411666667  0.061666667  0.885000000   1.0      78
     79  0.411666667  0.228333333  0.051666667   1.0      79
     80  0.411666667  0.228333333  0.218333333   1.0      80
     81  0.411666667  0.228333333  0.385000000   1.0      81
     82  0.411666667  0.228333333  0.551666667   1.0      82
     83  0.411666667  0.228333333  0.718333333   1.0      83
     84  0.411666667  0.228333333  0.885000000   1.0      84
     85  0.411666667  0.395000000  0.051666667   1.0      85
     86  0.411666667  0.395000000  0.218333333   1.0      86
     87  0.411666667  0.395000000  0.385000000   1.0      87
     88  0.411666667  0.395000000  0.551666667   1.0      88
     89  0.411666667  0.395000000  0.718333333   1.0      89
     90  0.411666667  0.395000000  0.885000000   1.0      90
     91  0.411666667  0.561666667  0.051666667   1.0      91
     92  0.411666667  0.561666667  0.218333333   1.0      92
     93  0.411666667  0.561666667  0.385000000   1.0      93
     94  0.411666667  0.561666667  0.551666667   1.0      94
     95  0.411666667  0.561666667  0.718333333   1.0      95
     96  0.411666667  0.561666667  0.885000000   1.0      96
     97  0.411666667  0.728333333  0.051666667   1.0      97
     98  0.411666667  0.728333333  0.218333333   1.0      98
     99  0.411666667  0.728333333  0.385000000   1.0      99
    100  0.411666667  0.728333333  0.551666667   1.0     100
    101  0.411666667  0.728333333  0.718333333   1.0     101
    102  0.411666667  0.728333333  0.885000000   1.0     102
    103  0.411666667  0.895000000  0.051666667   1.0     103
    104  0.411666667  0.895000000  0.218333333   1.0     104
    105  0.411666667  0.895000000  0.385000000   1.0     105
    106  0.411666667  0.895000000  0.551666667   1.0     106
    107  0.411666667  0.895000000  0.718333333   1.0     107
    108  0.411666667  0.895000000  0.885000000   1.0     108
    109  0.578333333  0.061666667  0.051666667   1.0     109
    110  0.578333333  0.061666667  0.218333333   1.0     110
    111  0.578333333  0.061666667  0.385000000   1.0     111
    112  0.578333333  0.061666667  0.551666667   1.0     112
    113  0.578333333  0.061666667  0.718333333   1.0     113
    114  0.578333333  0.061666667  0.885000000   1.0     114
    115  0.578333333  0.228333333  0.051666667   1.0     115
    116  0.578333333  0.228333333  0.218333333   1.0     116
    117  0.578333333  0.228333333  0.385000000   1.0     117
    118  0.578333333  0.228333333  0.551666667   1.0     118
    119  0.578333333  0.228333333  0.718333333   1.0     119
    120  0.578333333  0.228333333  0.885000000   1.0     120
    121  0.578333333  0.395000000  0.051666667   1.0     121
    122  0.578333333  0.395000000  0.218333333   1.0     122
    123  0.578333333  0.395000000  0.385000000   1.0     123
    124  0.578333333  0.395000000  0.551666667   1.0     124
    125  0.578333333  0.395000000  0.718333333   1.0     125
    126  0.578333333  0.395000000  0.885000000   1.0     126
    127  0.578333333  0.561666667  0.051666667   1.0     127
    128  0.578333333  0.561666667  0.218333333   1.0     128
    129  0.578333333  0.561666667  0.385000000   1.0     129
    130  0.578333333  0.561666667  0.551666667   1.0     130
    131  0.578333333  0.561666667  0.718333333   1.0     131
    132  0.578333333  0.561666667  0.885000000   1.0     132
    133  0.578333333  0.728333333  0.051666667   1.0     133
    134  0.578333333  0.728333333  0.218333333   1.0     134
    135  0.578333333  0.728333333  0.385000000   1.0     135
    136  0.578333333  0.728333333  0.551666667   1.0     136
    137  0.578333333  0.728333333  0.718333333   1.0     137
    138  0.578333333  0.728333333  0.885000000   1.0     138
    139  0.578333333  0.895000000  0.051666667   1.0     139
    140  0.578333333  0.895000000  0.218333333   1.0     140
    141  0.578333333  0.895000000  0.385000000   1.0     141
    142  0.578333333  0.895000000  0.551666667   1.0     142
    143  0.578333333  0.895000000  0.718333333   1.0     143
    144  0.578333333  0.895000000  0.885000000   1.0     144
    145  0.745000000  0.061666667  0.051666667   1.0     145
    146  0.745000000  0.061666667  0.218333333   1.0     146
    147  0.745000000  0.061666667  0.385000000   1.0     147
    148  0.745000000  0.061666667  0.551666667   1.0     148
    149  0.745000000  0.061666667  0.718333333   1.0     149
    150  0.745000000  0.061666667  0.885000000   1.0     150
    151  0.745000000  0.228333333  0.051666667   1.0     151
    152  0.745000000  0.228333333  0.218333333   1.0     152
    153  0.745000000  0.228333333  0.385000000   1.0     153
    154  0.745000000  0.228333333  0.551666667   1.0     154
    155  0.745000000  0.228333333  0.718333333   1.0     155
    156  0.745000000  0.228333333  0.885000000   1.0     156
    157  0.745000000  0.395000000  0.051666667   1.0     157
    158  0.745000000  0.395000000  0.218333333   1.0     158
    159  0.745000000  0.395000000  0.385000000   1.0     159
    160  0.745000000  0.395000000  0.551666667   1.0     160
    161  0.745000000  0.395000000  0.718333333   1.0     161
    162  0.745000000  0.395000000  0.885000000   1.0     162
    163  0.745000000  0.561666667  0.051666667   1.0     163
    164  0.745000000  0.561666667  0.218333333   1.0     164
    165  0.745000000  0.561666667  0.385000000   1.0     165
    166  0.745000000  0.561666667  0.551666667   1.0     166
    167  0.745000000  0.561666667  0.718333333   1.0     167
    168  0.745000000  0.561666667  0.885000000   1.0     168
    169  0.745000000  0.728333333  0.051666667   1.0     169
    170  0.745000000  0.728333333  0.218333333   1.0     170
    171  0.745000000  0.728333333  0.385000000   1.0     171
    172  0.745000000  0.728333333  0.551666667   1.0     172
    173  0.745000000  0.728333333  0.718333333   1.0     173
    174  0.745000000  0.728333333  0.885000000   1.0     174
    175  0.745000000  0.895000000  0.051666667   1.0     175
    176  0.745000000  0.895000000  0.218333333   1.0     176
    177  0.745000000  0.895000000  0.385000000   1.0     177
    178  0.745000000  0.895000000  0.551666667   1.0     178
    179  0.745000000  0.895000000  0.718333333   1.0     179
    180  0.745000000  0.895000000  0.885000000   1.0     180
    181  0.911666667  0.061666667  0.051666667   1.0     181
    182  0.911666667  0.061666667  0.218333333   1.0     182
    183  0.911666667  0.061666667  0.385000000   1.0     183
    184  0.911666667  0.061666667  0.551666667   1.0     184
    185  0.911666667  0.061666667  0.718333333   1.0     185
    186  0.911666667  0.061666667  0.885000000   1.0     186
    187  0.911666667  0.228333333  0.051666667   1.0     187
    188  0.911666667  0.228333333  0.218333333   1.0     188
    189  0.911666667  0.228333333  0.385000000   1.0     189
    190  0.911666667  0.228333333  0.551666667   1.0     190
    191  0.911666667  0.228333333  0.718333333   1.0     191
    192  0.911666667  0.228333333  0.885000000   1.0     192
    193  0.911666667  0.395000000  0.051666667   1.0     193
    194  0.911666667  0.395000000  0.218333333   1.0     194
    195  0.911666667  0.395000000  0.385000000   1.0     195
    196  0.911666667  0.395000000  0.551666667   1.0     196
    197  0.911666667  0.395000000  0.718333333   1.0     197
    198  0.911666667  0.395000000  0.885000000   1.0     198
    199  0.911666667  0.561666667  0.051666667   1.0     199
    200  0.911666667  0.561666667  0.218333333   1.0     200
    201  0.911666667  0.561666667  0.385000000   1.0     201
    202  0.911666667  0.561666667  0.551666667   1.0     202
    203  0.911666667  0.561666667  0.718333333   1.0     203
    204  0.911666667  0.561666667  0.885000000   1.0     204
    205  0.911666667  0.728333333  0.051666667   1.0     205
    206  0.911666667  0.728333333  0.218333333   1.0     206
    207  0.911666667  0.728333333  0.385000000   1.0     207
    208  0.911666667  0.728333333  0.551666667   1.0     208
    209  0.911666667  0.728333333  0.718333333   1.0     209
    210  0.911666667  0.728333333  0.885000000   1.0     210
    211  0.911666667  0.895000000  0.051666667   1.0     211
    212  0.911666667  0.895000000  0.218333333   1.0     212
    213  0.911666667  0.895000000  0.385000000   1.0     213
    214  0.911666667  0.895000000  0.551666667   1.0     214
    215  0.911666667  0.895000000  0.718333333   1.0     215
    216  0.911666667  0.895000000  0.885000000   1.0     216

