
 frequency_dependence   1

 band_index    69    94
 sigma_matrix     0   0

 finite_difference_form   2
 finite_difference_spacing  1.000000

 symmetries
 ntran  =  1
 mtrx01 =  1  0  0  0  1  0  0  0  1

       k =  0.500000  0.750000  0.250000 ik =  46 spin = 1

   n         Emf          Eo           X        SX-X          CH         Sig         Vxc        Eqp0        Eqp1       Znk
  69    0.535590    0.535590  -16.393296    9.032136   -6.367736  -13.728897  -12.542576   -0.650731   -0.473481    0.850589
  70    0.555990    0.555990  -16.452442    9.102514   -6.418109  -13.768037  -12.626933   -0.585114   -0.413951    0.850002
  71    0.749533    0.749533  -16.265122    8.978646   -6.411783  -13.698259  -12.671125   -0.277600   -0.126438    0.852831
  72    0.789647    0.789647  -16.253631    8.961920   -6.328679  -13.620390  -12.512039   -0.318704   -0.154071    0.851461
  73    0.831236    0.831236  -16.337938    8.940640   -6.311862  -13.709160  -12.524071   -0.353852   -0.179403    0.852796
  74    0.910955    0.910955  -16.314865    9.006627   -6.291422  -13.599661  -12.382800   -0.305906   -0.125020    0.851350
  75    1.055583    1.055583  -16.158479    8.906480   -6.283277  -13.535276  -12.393499   -0.086195    0.077613    0.856533
  76    1.115840    1.115840  -16.258728    8.960668   -6.302489  -13.600549  -12.459623   -0.025086    0.141023    0.854409
  77    1.140459    1.140459  -16.367323    8.992229   -6.309173  -13.684267  -12.529853   -0.013956    0.155284    0.853398
  78    1.259229    1.259229  -16.511757    9.114128   -6.378695  -13.776323  -12.646625    0.129530    0.297403    0.851401
  79    1.350905    1.350905  -16.401700    9.027376   -6.349219  -13.723543  -12.579290    0.206652    0.370454    0.856848
  80    1.413771    1.413771  -16.413176    9.046347   -6.365366  -13.732195  -12.603589    0.285165    0.446658    0.856909
  81    2.001240    2.001240  -15.790077    8.490136   -6.454616  -13.754556  -13.029315    1.275999    1.376732    0.861104
  82    2.048496    2.048496  -15.769116    8.489723   -6.452658  -13.732051  -13.004818    1.321263    1.422094    0.861350
  83    4.766462    4.766462   -6.903931    4.086979   -6.158781   -8.975733   -9.919138    5.709867    5.583162    0.865693
  84    4.837906    4.837906   -6.930221    4.103230   -6.172903   -8.999894   -9.952616    5.790628    5.662783    0.865811
  85    6.008019    6.008019   -6.914374    4.009377   -6.117508   -9.022504  -10.201819    7.187334    7.034503    0.870407
  86    6.056716    6.056716   -6.976823    4.036692   -6.136368   -9.076499  -10.300330    7.280547    7.121219    0.869811
  87    7.354103    7.354103   -5.895832    3.197011   -5.920420   -8.619241  -10.490624    9.225486    8.978864    0.868214
  88    7.465586    7.465586   -5.640793    3.078838   -5.739003   -8.300958  -10.000198    9.164826    8.943993    0.870041
  89    7.646318    7.646318   -5.788243    3.104552   -5.908565   -8.592256  -10.642215    9.696277    9.422831    0.866609
  90    7.753337    7.753337   -5.925523    3.306226   -5.916841   -8.536138  -10.221991    9.439189    9.218169    0.868897
  91    8.070119    8.070119   -4.546329    2.386135   -5.236720   -7.396914   -9.013456    9.686661    9.480324    0.872359
  92    8.119044    8.119044   -4.553160    2.432478   -5.286915   -7.407596   -8.999778    9.711225    9.508318    0.872560
  93    8.213247    8.213247   -4.745886    2.607298   -5.369079   -7.507666   -9.028224    9.733805    9.539269    0.872063
  94    8.293716    8.293716   -4.006409    2.086910   -4.942566   -6.862064   -8.354589    9.786241    9.599525    0.874900

       k =  0.500000  0.750000  0.500000 ik =  47 spin = 1

   n         Emf          Eo           X        SX-X          CH         Sig         Vxc        Eqp0        Eqp1       Znk
  69    0.625850    0.625850  -16.642599    9.227160   -6.484514  -13.899953  -12.806136   -0.467967   -0.302985    0.849169
  70    0.666841    0.666841  -16.198874    8.937707   -6.372577  -13.633745  -12.556015   -0.410888   -0.252109    0.852672
  71    0.803441    0.803441  -16.331547    8.988714   -6.322775  -13.665608  -12.501131   -0.361036   -0.187795    0.851228
  72    0.820231    0.820231  -16.318309    9.003645   -6.382847  -13.697511  -12.629830   -0.247449   -0.089080    0.851670
  73    0.886400    0.886400  -16.346940    8.934409   -6.258711  -13.671242  -12.418322   -0.366521   -0.181229    0.852112
  74    1.027595    1.027595  -16.358888    9.070607   -6.346844  -13.635125  -12.489140   -0.118390    0.052344    0.851015
  75    1.093988    1.093988  -16.150781    8.887028   -6.275927  -13.539679  -12.397758   -0.047934    0.115257    0.857091
  76    1.171539    1.171539  -16.173443    8.891416   -6.268600  -13.550627  -12.405852    0.026764    0.190142    0.857283
  77    1.300945    1.300945  -16.355606    9.022022   -6.346362  -13.679946  -12.531309    0.152308    0.317156    0.856484
  78    1.323726    1.323726  -16.452107    9.076078   -6.373963  -13.749991  -12.619313    0.193048    0.358750    0.853449
  79    1.338206    1.338206  -16.449016    9.757799   -7.064911  -13.756128  -13.209892    0.791970    0.876447    0.845347
  80    1.381440    1.381440  -16.482284    9.091008   -6.389247  -13.780523  -12.669623    0.270540    0.431708    0.854922
  81    1.867801    1.867801  -15.843881    8.573392   -6.442296  -13.712784  -12.932249    1.087266    1.196466    0.860096
  82    2.240836    2.240836  -15.779002    8.459955   -6.508663  -13.827709  -13.188203    1.601330    1.689447    0.862211
  83    4.249124    4.249124   -6.969295    4.127470   -6.179786   -9.021612   -9.897449    5.124961    5.008255    0.866750
  84    5.445407    5.445407   -6.380574    3.771147   -6.022433   -8.631860   -9.643108    6.456654    6.321515    0.866363
  85    5.811105    5.811105   -6.819821    3.945772   -6.054343   -8.928391  -10.074296    6.957010    6.808992    0.870829
  86    6.179032    6.179032   -6.806864    3.916133   -6.096693   -8.987423  -10.254376    7.445985    7.282347    0.870842
  87    7.052418    7.052418   -5.713697    3.025522   -5.844139   -8.532314  -10.421012    8.941117    8.691032    0.867589
  88    7.205005    7.205005   -5.423836    2.969746   -5.533439   -7.987528   -9.376905    8.594382    8.415412    0.871187
  89    7.472518    7.472518   -5.393081    2.949603   -5.542019   -7.985497   -9.394794    8.881815    8.703580    0.873530
  90    7.565020    7.565020   -6.136531    3.294541   -6.156091   -8.998081  -11.160395    9.727334    9.433706    0.864206
  91    7.704692    7.704692   -4.922192    2.621664   -5.364586   -7.665114   -9.252631    9.292209    9.087847    0.871270
  92    7.964346    7.964346   -4.129201    2.212965   -4.971768   -6.888004   -8.186433    9.262775    9.102476    0.876544
  93    7.982286    7.982286   -4.459228    2.402714   -5.147434   -7.203948   -8.631910    9.410248    9.229391    0.873346
  94    8.167727    8.167727   -4.340875    2.283429   -5.144771   -7.202218   -8.815290    9.780800    9.577079    0.873706

       k =  0.500000  0.750000  0.750000 ik =  48 spin = 1

   n         Emf          Eo           X        SX-X          CH         Sig         Vxc        Eqp0        Eqp1       Znk
  69    0.648645    0.648645  -16.143988    8.865497   -6.184388  -13.462879  -12.169131   -0.645103   -0.451783    0.850574
  70    0.676168    0.676168  -16.702836    9.072297   -6.496047  -14.126585  -13.062114   -0.388304   -0.231627    0.852812
  71    0.726121    0.726121  -16.705169    9.096087   -6.501003  -14.110085  -13.051899   -0.332065   -0.176390    0.852885
  72    0.780271    0.780271  -16.238596    8.964877   -6.385811  -13.659530  -12.623995   -0.255265   -0.101974    0.851970
  73    0.862042    0.862042  -16.245991    8.962767   -6.291169  -13.574392  -12.371261   -0.341090   -0.162690    0.851720
  74    1.029342    1.029342  -16.339291    8.997953   -6.290680  -13.632017  -12.440369   -0.162307    0.014659    0.851495
  75    1.137264    1.137264  -16.071359    8.904037   -6.341937  -13.509259  -12.422586    0.050590    0.206929    0.856131
  76    1.243425    1.243425  -16.341124    8.957914   -6.329043  -13.712253  -12.614398    0.145571    0.302177    0.857353
  77    1.250152    1.250152  -16.294758    9.010531   -6.330127  -13.614354  -12.450284    0.086082    0.253959    0.855784
  78    1.311126    1.311126  -16.275197    8.988644   -6.319267  -13.605820  -12.435682    0.140988    0.308830    0.856562
  79    1.366684    1.366684  -16.583994    9.170215   -6.433922  -13.847701  -12.756780    0.275763    0.437418    0.851818
  80    1.566523    1.566523  -16.194683    9.457844   -6.892751  -13.629590  -12.967664    0.904596    1.004727    0.848728
  81    1.771021    1.771021  -15.813636    8.589590   -6.415057  -13.639103  -12.840527    0.972445    1.084438    0.859759
  82    2.352913    2.352913  -15.815321    8.469802   -6.549500  -13.895019  -13.299476    1.757370    1.839147    0.862685
  83    4.641344    4.641344   -7.773095    4.602030   -6.472560   -9.643625  -10.709852    5.707572    5.561839    0.863319
  84    5.727690    5.727690   -6.311706    3.791462   -6.136024   -8.656268   -9.723737    6.795159    6.650969    0.864923
  85    5.730331    5.730331   -6.750305    3.897634   -6.025211   -8.877882  -10.016918    6.869367    6.722581    0.871132
  86    6.163902    6.163902   -6.528386    3.708205   -5.989456   -8.809637  -10.114353    7.468619    7.300714    0.871309
  87    6.671782    6.671782   -5.223467    2.783778   -5.517286   -7.956975   -9.395023    8.109830    7.925011    0.871479
  88    6.749194    6.749194   -5.033592    2.681487   -5.242841   -7.594946   -8.780570    7.934818    7.785271    0.873866
  89    7.227668    7.227668   -5.683521    3.075939   -5.806409   -8.413990  -10.183713    8.997390    8.765943    0.869218
  90    7.314152    7.314152   -5.045338    2.687444   -5.373525   -7.731418   -9.257636    8.840369    8.644995    0.871988
  91    7.575645    7.575645   -5.351828    2.879403   -5.627125   -8.099550   -9.784015    9.260110    9.042172    0.870619
  92    7.831697    7.831697   -4.971425    2.721863   -5.400624   -7.650186   -9.149592    9.331104    9.140275    0.872730
  93    7.889296    7.889296   -4.455362    2.347214   -5.104164   -7.212312   -8.627427    9.304411    9.127336    0.874869
  94    8.053658    8.053658   -5.203489    2.835774   -5.650685   -8.018400   -9.820616    9.855874    9.622048    0.870256


================================================================================

    n = band index.
  Emf = "inner" mean-field energy eigenvalue used to construct Sigma(E),
        read from WFN_inner.
   Eo = "outer" mean-field energy eigenvalue where we center the evaluation
        frequency grid {E} of Sigma(E). Defaults to Emf, unless
        you use WFN_outer and eqp_outer.dat / scissors_outer.
  Vxc = exchange-correlation pot., calculated from VXC or read from vxc.dat.
  KIH = Kinetic energy + Ionic potential + Hartree, read from kih.dat.
    X = bare exchange.
   SX = screened exchange contrib. to Sigma(E) at energy E=Eo
   CH = Coulomb hole contrib. to Sigma(E) at energy E=Eo
  Cor = SX-X + CH = correlation portion of Sigma(E) at energy E=Eo.
  Sig = X + Cor = self energy, Sigma(E), at energy E=Eo.
 Eqp0 = on-shell QP energy = Emf - Vxc + Sig(Eo)
        Eqp0 is *not* the recommended quantity to use for QP properties.
 Eqp1 = off-shell solution to the linearized  Dyson`s equation
      = Eqp0 + (dSig/dE) / (1 - dSig/dE) * (Eqp0 - Eo),
        or a full linear interpolation if more freq. points where computed.
        Eqp1 is the recommended quantity to use for QP properties.
  Znk = quasiparticle renormalization factor

 Notes on the finite_difference_form from sigma.inp file:
   none    : -2 => dSig/dE = 0 (skip the expansion)
   backward: -1 => dSig/dE = (Sig(Eo) - Sig(Eo-dE)) / dE
   central :  0 => dSig/dE = (Sig(Eo+dE) - Sig(Eo-dE)) / (2*dE)
   forward :  1 => dSig/dE = (Sig(Eo+dE) - Sig(Eo)) / dE
   default :  2 => forward for diagonal and none for off-diagonal
   dE is finite_difference_spacing from Sigma.inp file.
   We are using the form #2 with dE = 1.000 eV.

 General notes:
 - All energies are reported here in eV.
 - Both Emf and Vxc contain the average pot. Vxc0, so Vxc0 doesn`t affect Sigma.
 - Eqp1 and Eqp0 are Eqs. (36-37) from Hybertsen & Louie PRB 34 5390.
 - We recommend you use Eqp1 for QP properties of materials.

================================================================================

