
 frequency_dependence   1

 band_index    69    94
 sigma_matrix     0   0

 finite_difference_form   2
 finite_difference_spacing  1.000000

 symmetries
 ntran  =  1
 mtrx01 =  1  0  0  0  1  0  0  0  1

       k =  0.250000 -0.000000 -0.000000 ik =  17 spin = 1

   n         Emf          Eo           X        SX-X          CH         Sig         Vxc        Eqp0        Eqp1       Znk
  69    0.613513    0.613513  -16.709637    9.082222   -6.474251  -14.101665  -13.012251   -0.475901   -0.315205    0.852493
  70    0.681025    0.681025  -16.134399    8.904017   -6.363220  -13.593602  -12.541537   -0.371040   -0.215999    0.852632
  71    0.760674    0.760674  -16.230962    8.953377   -6.397970  -13.675554  -12.657139   -0.257742   -0.107596    0.852569
  72    0.813052    0.813052  -16.923727    9.161763   -6.553734  -14.315698  -13.290411   -0.212235   -0.061727    0.853204
  73    0.905170    0.905170  -16.180868    9.005378   -6.305553  -13.481042  -12.293117   -0.282755   -0.106220    0.851392
  74    1.175155    1.175155  -16.451369    9.034445   -6.320350  -13.737275  -12.561246   -0.000874    0.172845    0.852283
  75    1.182604    1.182604  -16.283728    8.954696   -6.350440  -13.679472  -12.592661    0.095793    0.251386    0.856835
  76    1.212665    1.212665  -16.467622    9.076142   -6.352327  -13.743807  -12.597007    0.065864    0.235732    0.851876
  77    1.264848    1.264848  -16.435598    8.991502   -6.360351  -13.804447  -12.723227    0.183628    0.337983    0.857240
  78    1.297080    1.297080  -16.359300    9.057218   -6.376051  -13.678133  -12.555204    0.174151    0.336330    0.855575
  79    1.374422    1.374422  -16.403163    9.057988   -6.367459  -13.712634  -12.576817    0.238605    0.402867    0.855379
  80    1.534045    1.534045  -16.009210    9.424570   -6.891534  -13.476174  -12.822508    0.880379    0.979697    0.848059
  81    1.740703    1.740703  -15.812969    8.593739   -6.414843  -13.634074  -12.833176    0.939805    1.052242    0.859612
  82    2.374007    2.374007  -15.849849    8.489551   -6.562522  -13.922820  -13.327828    1.779015    1.860748    0.862631
  83    4.630615    4.630615   -7.747717    4.589361   -6.462981   -9.621337  -10.683025    5.692302    5.547289    0.863412
  84    5.726819    5.726819   -6.290880    3.779275   -6.130006   -8.641610   -9.707854    6.793063    6.649067    0.864950
  85    5.816796    5.816796   -6.903414    3.983576   -6.087620   -9.007457  -10.186999    6.996337    6.843672    0.870572
  86    6.060540    6.060540   -6.409190    3.646403   -5.941718   -8.704505   -9.959828    7.315863    7.154970    0.871832
  87    6.612182    6.612182   -4.672609    2.490802   -5.025933   -7.207739   -8.239875    7.644318    7.516120    0.875794
  88    6.759082    6.759082   -4.927019    2.586976   -5.384874   -7.724918   -9.194575    8.228739    8.041052    0.872292
  89    7.054181    7.054181   -5.701813    3.075850   -5.825458   -8.451421  -10.200229    8.802989    8.574182    0.869164
  90    7.203930    7.203930   -5.818940    3.144364   -5.869570   -8.544146  -10.363167    9.022951    8.783318    0.868263
  91    7.482280    7.482280   -5.286058    2.869710   -5.571625   -7.987972   -9.521392    9.015700    8.819759    0.872220
  92    8.024624    8.024624   -3.879521    2.016773   -4.772212   -6.634960   -7.869768    9.259432    9.107010    0.876562
  93    8.227497    8.227497   -5.041568    2.706005   -5.461098   -7.796661   -9.509702    9.940538    9.720034    0.871279
  94    8.288278    8.288278   -5.110387    2.743513   -5.544661   -7.911535   -9.722480   10.099222    9.864643    0.870466

       k =  0.250000  0.000000  0.250000 ik =  18 spin = 1

   n         Emf          Eo           X        SX-X          CH         Sig         Vxc        Eqp0        Eqp1       Znk
  69    0.608153    0.608153  -16.534728    9.025602   -6.403470  -13.912596  -12.768465   -0.535978   -0.366590    0.851950
  70    0.675075    0.675075  -16.173998    8.952956   -6.291019  -13.512061  -12.361209   -0.475777   -0.303432    0.850246
  71    0.724849    0.724849  -16.300748    8.934208   -6.335740  -13.702280  -12.550987   -0.426444   -0.256731    0.852590
  72    0.812827    0.812827  -16.308739    8.980815   -6.419435  -13.747360  -12.719815   -0.214718   -0.063584    0.852918
  73    0.910900    0.910900  -16.298991    9.040015   -6.323388  -13.582364  -12.397365   -0.274100   -0.097636    0.851085
  74    1.100965    1.100965  -16.200536    8.910658   -6.284278  -13.574156  -12.433296   -0.039895    0.123426    0.856844
  75    1.135058    1.135058  -16.418398    9.010141   -6.315791  -13.724048  -12.560777   -0.028213    0.143120    0.852715
  76    1.172354    1.172354  -16.194323    8.903771   -6.275618  -13.566170  -12.421278    0.027463    0.191469    0.856749
  77    1.252461    1.252461  -16.442689    9.082249   -6.364017  -13.724457  -12.584862    0.112866    0.280766    0.852667
  78    1.336121    1.336121  -16.427070    9.167916   -6.485588  -13.744742  -12.712525    0.303904    0.454434    0.854168
  79    1.340934    1.340934  -16.453426    9.652969   -6.960313  -13.760771  -13.127656    0.707819    0.804703    0.846973
  80    1.392487    1.392487  -16.442165    9.069640   -6.380595  -13.753120  -12.633779    0.273145    0.434576    0.855780
  81    1.867380    1.867380  -15.859622    8.583269   -6.450155  -13.726508  -12.952271    1.093143    1.201496    0.860052
  82    2.220329    2.220329  -15.709682    8.425789   -6.488799  -13.772691  -13.117702    1.565340    1.655550    0.862272
  83    4.245591    4.245591   -6.973719    4.128478   -6.177562   -9.022802   -9.899479    5.122268    5.005454    0.866754
  84    5.452242    5.452242   -6.386110    3.776749   -6.023396   -8.632757   -9.642093    6.461578    6.326669    0.866338
  85    5.853187    5.853187   -6.890292    3.985479   -6.083460   -8.988274  -10.152984    7.017897    6.867067    0.870500
  86    6.131427    6.131427   -6.732610    3.871007   -6.066020   -8.927623  -10.176963    7.380767    7.219716    0.871091
  87    7.047949    7.047949   -5.501703    2.915246   -5.725846   -8.312303  -10.135009    8.870655    8.631433    0.868754
  88    7.143773    7.143773   -5.440874    2.995451   -5.539358   -7.984781   -9.215297    8.374289    8.216671    0.871909
  89    7.379105    7.379105   -5.646782    3.017187   -5.783093   -8.412688  -10.299737    9.266153    9.018631    0.868831
  90    7.429921    7.429921   -5.466281    2.912813   -5.668853   -8.222321   -9.985587    9.193187    8.962832    0.869359
  91    7.957854    7.957854   -5.029757    2.763656   -5.484800   -7.750901   -9.301984    9.508937    9.311032    0.872409
  92    8.020437    8.020437   -5.130499    2.767671   -5.549235   -7.912064   -9.666713    9.775086    9.547825    0.870481
  93    8.109932    8.109932   -4.877305    2.641672   -5.394605   -7.630239   -9.259742    9.739435    9.530360    0.871694
  94    8.192882    8.192882   -4.258315    2.263902   -5.086567   -7.080980   -8.554872    9.666774    9.480764    0.873797

       k =  0.250000 -0.000000  0.500000 ik =  19 spin = 1

   n         Emf          Eo           X        SX-X          CH         Sig         Vxc        Eqp0        Eqp1       Znk
  69    0.535786    0.535786  -16.393436    9.032138   -6.366447  -13.727746  -12.542483   -0.649477   -0.472343    0.850553
  70    0.555583    0.555583  -16.452251    9.103188   -6.420042  -13.769106  -12.626893   -0.586629   -0.415366    0.850060
  71    0.749405    0.749405  -16.265512    8.978159   -6.410969  -13.698321  -12.671402   -0.277515   -0.126369    0.852816
  72    0.789737    0.789737  -16.252980    8.959128   -6.326207  -13.620059  -12.512189   -0.318133   -0.153473    0.851373
  73    0.831496    0.831496  -16.337892    8.939839   -6.311626  -13.709679  -12.523359   -0.354824   -0.180194    0.852796
  74    0.911026    0.911026  -16.315209    9.007148   -6.291540  -13.599601  -12.382759   -0.305816   -0.124913    0.851334
  75    1.055646    1.055646  -16.158659    8.907050   -6.283796  -13.535405  -12.393740   -0.086020    0.077747    0.856555
  76    1.115745    1.115745  -16.259745    8.962514   -6.303918  -13.601149  -12.460803   -0.024602    0.141430    0.854402
  77    1.140370    1.140370  -16.365792    8.992514   -6.309520  -13.682798  -12.528567   -0.013861    0.155298    0.853444
  78    1.259205    1.259205  -16.512168    9.113855   -6.378534  -13.776847  -12.647023    0.129381    0.297274    0.851399
  79    1.350976    1.350976  -16.401892    9.027614   -6.349439  -13.723718  -12.579578    0.206837    0.370620    0.856851
  80    1.413651    1.413651  -16.412830    9.046254   -6.365315  -13.731891  -12.603041    0.284802    0.446325    0.856913
  81    2.000988    2.000988  -15.789973    8.490874   -6.455215  -13.754313  -13.029212    1.275887    1.376578    0.861134
  82    2.048786    2.048786  -15.769154    8.488624   -6.451757  -13.732287  -13.004921    1.321420    1.422295    0.861315
  83    4.766681    4.766681   -6.905363    4.088409   -6.159901   -8.976855   -9.920626    5.710452    5.583705    0.865701
  84    4.837746    4.837746   -6.928991    4.101993   -6.171873   -8.998871   -9.951291    5.790166    5.662355    0.865804
  85    6.009029    6.009029   -6.914945    4.008671   -6.115922   -9.022197  -10.202487    7.189319    7.036168    0.870242
  86    6.055815    6.055815   -6.976719    4.037180   -6.137736   -9.077275  -10.299949    7.278489    7.119558    0.870014
  87    7.353705    7.353705   -5.894465    3.195968   -5.920334   -8.618831  -10.492565    9.227438    8.980330    0.868120
  88    7.465660    7.465660   -5.642968    3.080211   -5.739091   -8.301848  -10.000208    9.164021    8.943377    0.870085
  89    7.646074    7.646074   -5.788432    3.103740   -5.907608   -8.592300  -10.641788    9.695563    9.422051    0.866546
  90    7.753337    7.753337   -5.919717    3.302612   -5.913313   -8.530419  -10.213994    9.436913    9.216375    0.869007
  91    8.070501    8.070501   -4.544223    2.386350   -5.238018   -7.395891   -9.011266    9.685876    9.479894    0.872487
  92    8.119134    8.119134   -4.553659    2.431512   -5.286045   -7.408192   -9.000449    9.711392    9.508152    0.872357
  93    8.212575    8.212575   -4.751307    2.611994   -5.372900   -7.512213   -9.033021    9.733384    9.539132    0.872270
  94    8.294484    8.294484   -4.011990    2.090965   -4.945066   -6.866091   -8.360726    9.789119    9.601810    0.874680

       k =  0.250000  0.000000  0.750000 ik =  20 spin = 1

   n         Emf          Eo           X        SX-X          CH         Sig         Vxc        Eqp0        Eqp1       Znk
  69    0.554224    0.554224  -16.267469    8.902242   -6.283638  -13.648865  -12.443385   -0.651257   -0.472431    0.851656
  70    0.666615    0.666615  -16.422125    8.992934   -6.334168  -13.763360  -12.562934   -0.533811   -0.355229    0.851235
  71    0.753423    0.753423  -16.270474    8.976386   -6.420239  -13.714327  -12.693876   -0.267028   -0.116687    0.852672
  72    0.775377    0.775377  -16.250900    8.956412   -6.391958  -13.686445  -12.638413   -0.272655   -0.118462    0.852874
  73    0.937997    0.937997  -16.243060    9.022107   -6.313515  -13.534469  -12.344451   -0.252021   -0.075393    0.851576
  74    1.087490    1.087490  -16.123475    8.870436   -6.263946  -13.516984  -12.362703   -0.066792    0.098083    0.857163
  75    1.162848    1.162848  -16.152807    8.883109   -6.262499  -13.532197  -12.381282    0.011933    0.176375    0.857120
  76    1.198694    1.198694  -16.513071    9.109202   -6.373941  -13.777810  -12.643178    0.064062    0.232720    0.851354
  77    1.248248    1.248248  -16.622529    9.102865   -6.379426  -13.899089  -12.774840    0.123999    0.290655    0.851762
  78    1.335576    1.335576  -16.417786    9.572431   -6.897388  -13.742743  -13.076630    0.669463    0.770480    0.848349
  79    1.347896    1.347896  -16.460842    9.249420   -6.558368  -13.769791  -12.787006    0.365111    0.509141    0.853447
  80    1.400495    1.400495  -16.412075    9.053483   -6.372119  -13.730711  -12.603028    0.272812    0.434830    0.856326
  81    1.838272    1.838272  -15.873416    8.591862   -6.449517  -13.731070  -12.949461    1.056663    1.166169    0.859896
  82    2.256827    2.256827  -15.775785    8.463247   -6.512165  -13.824703  -13.181174    1.613298    1.701976    0.862200
  83    4.230370    4.230370   -6.921915    4.099080   -6.158653   -8.981489   -9.850661    5.099542    4.983891    0.866942
  84    5.441060    5.441060   -6.343755    3.747351   -5.996292   -8.592696   -9.600160    6.448524    6.314161    0.866632
  85    5.893166    5.893166   -6.971658    4.027677   -6.115418   -9.059399  -10.255839    7.089606    6.934252    0.870154
  86    6.081883    6.081883   -6.640922    3.826164   -6.032700   -8.847458  -10.057940    7.292366    7.136799    0.871484
  87    7.057788    7.057788   -5.576597    3.055351   -5.696843   -8.218089   -9.839463    8.679162    8.467682    0.869568
  88    7.205924    7.205924   -4.901484    2.529476   -5.334599   -7.706607   -9.272859    8.772175    8.571732    0.872024
  89    7.343375    7.343375   -5.805441    3.126147   -5.904188   -8.583483  -10.474470    9.234362    8.984013    0.867610
  90    7.494152    7.494152   -5.695023    3.119881   -5.865653   -8.440794  -10.095952    9.149310    8.930112    0.867567
  91    7.549675    7.549675   -5.705238    3.130977   -5.757172   -8.331433   -9.929907    9.148149    8.942106    0.871100
  92    8.097713    8.097713   -4.773401    2.583089   -5.381132   -7.571443   -9.264266    9.790536    9.574396    0.872320
  93    8.185694    8.185694   -3.873952    2.030910   -4.859836   -6.702878   -8.100719    9.583535    9.408278    0.874623
  94    8.307038    8.307038   -4.010466    2.073900   -4.940857   -6.877423   -8.327193    9.756808    9.575457    0.874911

       k =  0.250000  0.250000 -0.000000 ik =  21 spin = 1

   n         Emf          Eo           X        SX-X          CH         Sig         Vxc        Eqp0        Eqp1       Znk
  69    0.612596    0.612596  -16.160473    8.839317   -6.184909  -13.506065  -12.230326   -0.663144   -0.473182    0.851097
  70    0.620517    0.620517  -16.579803    9.056969   -6.437529  -13.960363  -12.828885   -0.510961   -0.343478    0.851979
  71    0.750401    0.750401  -16.268000    8.968269   -6.422382  -13.722113  -12.714457   -0.257255   -0.108902    0.852774
  72    0.805589    0.805589  -16.256363    8.962505   -6.413079  -13.706938  -12.676736   -0.224613   -0.073248    0.853073
  73    0.927405    0.927405  -16.180702    9.044727   -6.316146  -13.452120  -12.267521   -0.257194   -0.081195    0.851427
  74    1.096732    1.096732  -16.168749    8.888760   -6.274934  -13.554923  -12.409419   -0.048772    0.114976    0.857051
  75    1.158222    1.158222  -16.265147    8.918906   -6.277381  -13.623622  -12.464066   -0.001334    0.166207    0.855513
  76    1.195322    1.195322  -16.513678    9.017590   -6.331527  -13.827615  -12.687248    0.054955    0.221953    0.853558
  77    1.207950    1.207950  -16.405101    9.048607   -6.327636  -13.684130  -12.511400    0.035221    0.208123    0.852564
  78    1.339441    1.339441  -16.450264    9.762981   -7.073841  -13.761125  -13.229361    0.807677    0.889894    0.845388
  79    1.356821    1.356821  -16.457567    9.070512   -6.378720  -13.765775  -12.634569    0.225615    0.388721    0.855812
  80    1.418920    1.418920  -16.491325    9.112210   -6.412737  -13.791852  -12.689930    0.316998    0.476101    0.855614
  81    1.830297    1.830297  -15.830945    8.571594   -6.443177  -13.702528  -12.924885    1.052654    1.161542    0.859976
  82    2.242018    2.242018  -15.743031    8.446105   -6.501251  -13.798177  -13.148827    1.592668    1.682114    0.862253
  83    4.233378    4.233378   -6.936276    4.106735   -6.162971   -8.992512   -9.863667    5.104533    4.988580    0.866897
  84    5.445354    5.445354   -6.354785    3.755305   -6.002260   -8.601740   -9.608741    6.452354    6.317977    0.866557
  85    5.915445    5.915445   -7.027394    4.064766   -6.143727   -9.106355  -10.306095    7.115184    6.959111    0.869911
  86    6.130371    6.130371   -6.814136    3.932292   -6.108017   -8.989860  -10.227434    7.367945    7.208039    0.870791
  87    6.977062    6.977062   -5.308611    2.834555   -5.577585   -8.051641   -9.716801    8.642223    8.426267    0.870309
  88    7.196494    7.196494   -4.970669    2.672790   -5.346539   -7.644418   -9.016195    8.568271    8.393542    0.872626
  89    7.273086    7.273086   -5.494036    2.945179   -5.641523   -8.190380   -9.762303    8.845008    8.642394    0.871104
  90    7.436550    7.436550   -6.268587    3.375711   -6.202433   -9.095309  -11.220981    9.562222    9.272985    0.863931
  91    7.731331    7.731331   -5.318842    2.914904   -5.630874   -8.034812   -9.619427    9.315946    9.111609    0.871050
  92    8.126215    8.126215   -4.986732    2.706069   -5.498554   -7.779218   -9.568108    9.915105    9.684229    0.870939
  93    8.259258    8.259258   -4.078321    2.158266   -5.016753   -6.936808   -8.484594    9.807045    9.611362    0.873573
  94    8.294039    8.294039   -3.783607    1.979991   -4.729765   -6.533380   -7.701655    9.462314    9.318831    0.877184

       k =  0.250000  0.250000  0.250000 ik =  22 spin = 1

   n         Emf          Eo           X        SX-X          CH         Sig         Vxc        Eqp0        Eqp1       Znk
  69    0.656391    0.656391  -16.614764    9.057651   -6.475774  -14.032888  -12.953300   -0.423197   -0.264134    0.852663
  70    0.683872    0.683872  -16.188167    8.919363   -6.389013  -13.657816  -12.641904   -0.332040   -0.182332    0.852637
  71    0.785906    0.785906  -16.951930    9.165558   -6.552587  -14.338959  -13.309975   -0.243078   -0.091942    0.853122
  72    0.795701    0.795701  -16.256369    8.972618   -6.431263  -13.715014  -12.723595   -0.195719   -0.049526    0.852542
  73    0.861479    0.861479  -16.084117    9.014966   -6.294884  -13.364034  -12.171330   -0.331224   -0.153742    0.851194
  74    1.090310    1.090310  -16.483321    8.976698   -6.267980  -13.774603  -12.551436   -0.132857    0.048774    0.851507
  75    1.145377    1.145377  -16.086922    8.904564   -6.333582  -13.515940  -12.424791    0.054228    0.210974    0.856347
  76    1.229699    1.229699  -16.306227    8.992372   -6.300792  -13.614647  -12.421928    0.036981    0.210046    0.854898
  77    1.260346    1.260346  -16.411395    8.981991   -6.346628  -13.776031  -12.688004    0.172319    0.327496    0.857377
  78    1.308108    1.308108  -16.365937    9.065023   -6.372715  -13.673629  -12.532448    0.166927    0.332147    0.855220
  79    1.381556    1.381556  -16.496262    9.129952   -6.411279  -13.777589  -12.671746    0.275713    0.437620    0.853589
  80    1.551954    1.551954  -16.116760    9.442530   -6.891936  -13.566165  -12.906952    0.892740    0.992636    0.848462
  81    1.762299    1.762299  -15.817534    8.594937   -6.419101  -13.641697  -12.854540    0.975142    1.085541    0.859750
  82    2.339084    2.339084  -15.773102    8.450643   -6.539459  -13.861918  -13.257008    1.734174    1.817207    0.862735
  83    4.634897    4.634897   -7.757051    4.593528   -6.465953   -9.629476  -10.692970    5.698391    5.553102    0.863386
  84    5.730527    5.730527   -6.308656    3.791401   -6.139315   -8.656570   -9.723832    6.797788    6.653550    0.864852
  85    5.789839    5.789839   -6.861279    3.961946   -6.072906   -8.972240  -10.135485    6.953084    6.802637    0.870666
  86    6.203785    6.203785   -6.819081    3.902481   -6.121482   -9.038082  -10.349431    7.515133    7.345317    0.870503
  87    6.580489    6.580489   -5.045422    2.640604   -5.390731   -7.795549   -9.318374    8.103315    7.908675    0.872185
  88    6.622692    6.622692   -4.632820    2.474520   -5.075072   -7.233373   -8.221217    7.610535    7.487698    0.875651
  89    7.208642    7.208642   -5.182846    2.700827   -5.444911   -7.926931   -9.597157    8.878868    8.665231    0.872091
  90    7.234898    7.234898   -6.080857    3.341790   -6.084405   -8.823471  -10.714091    9.125518    8.873270    0.866579
  91    7.727163    7.727163   -4.983908    2.671454   -5.441631   -7.754084   -9.342846    9.315925    9.113010    0.872281
  92    7.868103    7.868103   -4.143273    2.197462   -4.872450   -6.818262   -7.986917    9.036758    8.893276    0.877224
  93    8.026221    8.026221   -5.918416    3.240346   -6.031536   -8.709607  -10.786414   10.103028    9.825300    0.866272
  94    8.076220    8.076220   -4.801357    2.609295   -5.320621   -7.512683   -8.902736    9.466274    9.290153    0.873299

       k =  0.250000  0.250000  0.500000 ik =  23 spin = 1

   n         Emf          Eo           X        SX-X          CH         Sig         Vxc        Eqp0        Eqp1       Znk
  69    0.636422    0.636422  -16.654448    9.219607   -6.489582  -13.924423  -12.832319   -0.455682   -0.291370    0.849546
  70    0.676473    0.676473  -16.144282    8.927205   -6.374517  -13.591594  -12.547666   -0.367455   -0.213542    0.852564
  71    0.769499    0.769499  -16.292712    8.896882   -6.222315  -13.618145  -12.365676   -0.482971   -0.296479    0.851101
  72    0.841919    0.841919  -16.311720    8.987731   -6.427692  -13.751682  -12.727218   -0.182544   -0.031874    0.852928
  73    0.900424    0.900424  -16.246763    9.089592   -6.356067  -13.513238  -12.358053   -0.254761   -0.082695    0.851049
  74    0.992356    0.992356  -16.411560    8.947454   -6.241400  -13.705507  -12.464938   -0.248213   -0.063754    0.851311
  75    1.104018    1.104018  -16.184846    8.897925   -6.285281  -13.572202  -12.440125   -0.028059    0.133622    0.857182
  76    1.175694    1.175694  -16.183394    8.895850   -6.274533  -13.562077  -12.422995    0.036612    0.199209    0.857256
  77    1.274058    1.274058  -16.337947    9.008815   -6.320586  -13.649718  -12.473283    0.097623    0.267899    0.855261
  78    1.328182    1.328182  -16.408483    9.048402   -6.357703  -13.717784  -12.567633    0.178031    0.344484    0.855277
  79    1.338605    1.338605  -16.447936    9.769425   -7.078216  -13.756727  -13.226508    0.808386    0.890447    0.845233
  80    1.398980    1.398980  -16.521628    9.125387   -6.410782  -13.807023  -12.706592    0.298549    0.458959    0.854230
  81    1.867709    1.867709  -15.831717    8.568129   -6.441936  -13.705524  -12.929630    1.091815    1.200320    0.860154
  82    2.220772    2.220772  -15.727930    8.433901   -6.493557  -13.787586  -13.140518    1.573704    1.662824    0.862271
  83    4.252233    4.252233   -6.984256    4.135713   -6.184310   -9.032853   -9.910926    5.130306    5.013255    0.866696
  84    5.449152    5.449152   -6.388925    3.777538   -6.027422   -8.638809   -9.650072    6.460414    6.325224    0.866315
  85    5.835904    5.835904   -6.893960    3.992812   -6.088623   -8.989771  -10.144084    6.990217    6.840687    0.870460
  86    6.227101    6.227101   -6.974683    4.020155   -6.171466   -9.125994  -10.416051    7.517158    7.349857    0.870315
  87    6.982351    6.982351   -5.508942    2.900593   -5.730704   -8.339054  -10.183683    8.826980    8.584302    0.868441
  88    7.147940    7.147940   -5.379564    2.937944   -5.490311   -7.931931   -9.211989    8.427997    8.264338    0.872147
  89    7.483888    7.483888   -5.055189    2.701079   -5.355490   -7.709599   -9.162844    8.937133    8.754278    0.874175
  90    7.533161    7.533161   -6.230729    3.349500   -6.207941   -9.089170  -11.307333    9.751324    9.449115    0.863757
  91    7.836431    7.836431   -4.494832    2.440400   -5.144474   -7.198907   -8.545445    9.182969    9.013505    0.874149
  92    7.957302    7.957302   -5.547901    3.028527   -5.781295   -8.300668  -10.196976    9.853610    9.604018    0.868380
  93    8.044386    8.044386   -3.809906    2.003002   -4.774015   -6.580919   -7.729548    9.193014    9.051854    0.877106
  94    8.174792    8.174792   -5.076976    2.762280   -5.559700   -7.874396   -9.619380    9.919776    9.695890    0.871698

       k =  0.250000  0.250000  0.750000 ik =  24 spin = 1

   n         Emf          Eo           X        SX-X          CH         Sig         Vxc        Eqp0        Eqp1       Znk
  69    0.551085    0.551085  -16.448260    9.036287   -6.376907  -13.788880  -12.608020   -0.629775   -0.453533    0.850751
  70    0.570110    0.570110  -16.498364    9.154707   -6.452564  -13.796221  -12.672764   -0.553346   -0.384360    0.849584
  71    0.723327    0.723327  -16.180096    8.936005   -6.378991  -13.623082  -12.571376   -0.328379   -0.173887    0.853104
  72    0.777060    0.777060  -16.264393    8.890519   -6.208389  -13.582264  -12.322176   -0.483027   -0.295487    0.851169
  73    0.845789    0.845789  -16.308131    8.975980   -6.422114  -13.754265  -12.728415   -0.180061   -0.029519    0.853251
  74    0.948042    0.948042  -16.282887    9.084763   -6.342900  -13.541024  -12.370288   -0.222694   -0.048419    0.851141
  75    1.054390    1.054390  -16.238658    8.938574   -6.293174  -13.593259  -12.454117   -0.084752    0.080228    0.855171
  76    1.071837    1.071837  -16.384856    8.957201   -6.275439  -13.703094  -12.510396   -0.120861    0.054470    0.852996
  77    1.132694    1.132694  -16.181492    8.894556   -6.276389  -13.563325  -12.419333   -0.011298    0.152787    0.856567
  78    1.255457    1.255457  -16.461984    9.072041   -6.348161  -13.738104  -12.582555    0.099908    0.270467    0.852399
  79    1.352117    1.352117  -16.406603    9.033471   -6.347083  -13.720214  -12.567742    0.199646    0.365165    0.856379
  80    1.430574    1.430574  -16.472589    9.092477   -6.395109  -13.775220  -12.662537    0.317891    0.477920    0.856177
  81    2.000043    2.000043  -15.800863    8.495842   -6.458126  -13.763148  -13.041304    1.278199    1.378443    0.861128
  82    2.046483    2.046483  -15.763455    8.487332   -6.450666  -13.726789  -12.999677    1.319371    1.420182    0.861355
  83    4.761197    4.761197   -6.884170    4.074444   -6.149858   -8.959584   -9.900335    5.701948    5.575698    0.865799
  84    4.835933    4.835933   -6.925134    4.100001   -6.170635   -8.995768   -9.946658    5.786823    5.659238    0.865825
  85    6.022455    6.022455   -6.964638    4.044298   -6.143714   -9.064054  -10.246208    7.204609    7.051055    0.870107
  86    6.083514    6.083514   -7.039484    4.073058   -6.165678   -9.132104  -10.372942    7.324352    7.162544    0.869598
  87    7.309851    7.309851   -5.841170    3.177290   -5.888531   -8.552411  -10.395850    9.153289    8.910499    0.868295
  88    7.439282    7.439282   -5.373962    2.948768   -5.554382   -7.979576   -9.469007    8.928713    8.738373    0.872206
  89    7.618009    7.618009   -5.872307    3.113283   -6.002977   -8.762002  -11.030515    9.886522    9.579756    0.864772
  90    7.880212    7.880212   -6.229895    3.490768   -6.101855   -8.840983  -10.604394    9.643624    9.409362    0.867154
  91    7.953676    7.953676   -4.466404    2.362395   -5.160592   -7.264600   -8.752680    9.441756    9.254172    0.873942
  92    8.096515    8.096515   -4.695278    2.527438   -5.377912   -7.545752   -9.196934    9.747697    9.536043    0.871817
  93    8.265345    8.265345   -3.943458    2.034927   -4.886741   -6.795272   -8.318629    9.788702    9.598811    0.875347
  94    8.345036    8.345036   -4.368685    2.289199   -5.241352   -7.320839   -8.876127    9.900324    9.698703    0.870365

       k =  0.250000  0.500000  0.000000 ik =  25 spin = 1

   n         Emf          Eo           X        SX-X          CH         Sig         Vxc        Eqp0        Eqp1       Znk
  69    0.535689    0.535689  -16.393361    9.032522   -6.368030  -13.728869  -12.542717   -0.650462   -0.473237    0.850588
  70    0.556089    0.556089  -16.452662    9.103009   -6.418517  -13.768171  -12.627242   -0.584839   -0.413693    0.849994
  71    0.749536    0.749536  -16.265196    8.978439   -6.411695  -13.698452  -12.671060   -0.277856   -0.126673    0.852847
  72    0.789667    0.789667  -16.253743    8.961715   -6.328410  -13.620438  -12.512002   -0.318769   -0.154105    0.851445
  73    0.831163    0.831163  -16.337639    8.940613   -6.311795  -13.708820  -12.523934   -0.353724   -0.179307    0.852798
  74    0.910880    0.910880  -16.314682    9.006452   -6.291388  -13.599617  -12.382613   -0.306124   -0.125228    0.851359
  75    1.055615    1.055615  -16.158601    8.906208   -6.283045  -13.535439  -12.393591   -0.086232    0.077584    0.856534
  76    1.115829    1.115829  -16.258837    8.960731   -6.302487  -13.600593  -12.459770   -0.024994    0.141103    0.854406
  77    1.140422    1.140422  -16.367229    8.991925   -6.309060  -13.684363  -12.529595   -0.014347    0.154932    0.853409
  78    1.259239    1.259239  -16.511777    9.114365   -6.378895  -13.776308  -12.646710    0.129642    0.297503    0.851397
  79    1.350900    1.350900  -16.401686    9.027557   -6.349331  -13.723460  -12.579296    0.206736    0.370526    0.856847
  80    1.413754    1.413754  -16.413068    9.046376   -6.365343  -13.732035  -12.603477    0.285195    0.446682    0.856909
  81    2.001251    2.001251  -15.790030    8.490219   -6.454655  -13.754465  -13.029343    1.276128    1.376845    0.861104
  82    2.048501    2.048501  -15.769098    8.489640   -6.452575  -13.732032  -13.004830    1.321299    1.422125    0.861351
  83    4.766454    4.766454   -6.903926    4.087144   -6.158800   -8.975583   -9.919129    5.710000    5.583278    0.865696
  84    4.837887    4.837887   -6.930251    4.103067   -6.172951   -9.000136   -9.952563    5.790314    5.662508    0.865810
  85    6.008000    6.008000   -6.914311    4.009083   -6.117267   -9.022496  -10.201765    7.187269    7.034456    0.870417
  86    6.056731    6.056731   -6.976886    4.036662   -6.136317   -9.076541  -10.300342    7.280532    7.121222    0.869823
  87    7.354069    7.354069   -5.896067    3.197083   -5.920468   -8.619452  -10.490743    9.225360    8.978776    0.868228
  88    7.465573    7.465573   -5.641223    3.078816   -5.739048   -8.301455  -10.000396    9.164513    8.943774    0.870072
  89    7.646390    7.646390   -5.788315    3.104593   -5.908534   -8.592256  -10.642034    9.696168    9.422615    0.866545
  90    7.753410    7.753410   -5.925125    3.306277   -5.916708   -8.535556  -10.222759    9.440613    9.219556    0.868980
  91    8.069945    8.069945   -4.545648    2.385690   -5.236555   -7.396513   -9.012854    9.686285    9.479956    0.872348
  92    8.119208    8.119208   -4.553406    2.432760   -5.287086   -7.407733   -8.999630    9.711105    9.508133    0.872496
  93    8.213335    8.213335   -4.744620    2.606673   -5.368332   -7.506279   -9.027374    9.734430    9.539868    0.872091
  94    8.293962    8.293962   -4.006350    2.086599   -4.942092   -6.861843   -8.355039    9.787159    9.600370    0.874907

       k =  0.250000  0.500000  0.250000 ik =  26 spin = 1

   n         Emf          Eo           X        SX-X          CH         Sig         Vxc        Eqp0        Eqp1       Znk
  69    0.608078    0.608078  -16.534106    9.023123   -6.401961  -13.912944  -12.767860   -0.537006   -0.367429    0.851909
  70    0.675552    0.675552  -16.175046    8.956607   -6.294297  -13.512737  -12.362291   -0.474893   -0.302726    0.850347
  71    0.724974    0.724974  -16.301068    8.936877   -6.338759  -13.702950  -12.551415   -0.426561   -0.256931    0.852692
  72    0.812634    0.812634  -16.308504    8.980198   -6.418119  -13.746425  -12.719193   -0.214598   -0.063482    0.852890
  73    0.910430    0.910430  -16.298735    9.041301   -6.325124  -13.582559  -12.397306   -0.274822   -0.098435    0.851182
  74    1.100837    1.100837  -16.201638    8.910392   -6.283925  -13.575171  -12.434197   -0.040137    0.123259    0.856792
  75    1.135872    1.135872  -16.420552    9.008708   -6.314081  -13.725924  -12.561501   -0.028552    0.142964    0.852704
  76    1.171922    1.171922  -16.191906    8.904134   -6.276577  -13.564350  -12.420419    0.027991    0.191852    0.856757
  77    1.252522    1.252522  -16.442264    9.082113   -6.363898  -13.724049  -12.584358    0.112831    0.280777    0.852639
  78    1.336914    1.336914  -16.426039    9.057865   -6.375623  -13.743797  -12.617777    0.210895    0.373249    0.855815
  79    1.340146    1.340146  -16.454998    9.761337   -7.068921  -13.762582  -13.221338    0.798902    0.882580    0.845398
  80    1.392537    1.392537  -16.442534    9.070426   -6.381274  -13.753381  -12.634936    0.274092    0.435416    0.855760
  81    1.867349    1.867349  -15.859476    8.583548   -6.450370  -13.726299  -12.952152    1.093202    1.201552    0.860039
  82    2.220286    2.220286  -15.709684    8.426004   -6.489036  -13.772716  -13.117758    1.565328    1.655527    0.862282
  83    4.245620    4.245620   -6.973737    4.128230   -6.177479   -9.022986   -9.899536    5.122169    5.005369    0.866749
  84    5.452121    5.452121   -6.386046    3.776287   -6.023150   -8.632908   -9.641831    6.461044    6.326187    0.866336
  85    5.852845    5.852845   -6.889437    3.985204   -6.083496   -8.987729  -10.152274    7.017390    6.866673    0.870579
  86    6.131747    6.131747   -6.733106    3.870982   -6.065716   -8.927840  -10.177795    7.381702    7.220502    0.871035
  87    7.048752    7.048752   -5.501743    2.916913   -5.727263   -8.312093  -10.134941    8.871600    8.632418    0.868787
  88    7.143751    7.143751   -5.440188    2.994583   -5.538760   -7.984366   -9.214577    8.373962    8.216393    0.871917
  89    7.378411    7.378411   -5.646729    3.016983   -5.782440   -8.412186  -10.300172    9.266398    9.018514    0.868705
  90    7.430004    7.430004   -5.468208    2.912872   -5.669213   -8.224550   -9.988869    9.194323    8.963652    0.869258
  91    7.958300    7.958300   -5.026728    2.761571   -5.482846   -7.748002   -9.298563    9.508861    9.310971    0.872375
  92    8.020065    8.020065   -5.131071    2.769130   -5.551498   -7.913438   -9.669613    9.776239    9.548930    0.870566
  93    8.109664    8.109664   -4.869802    2.637928   -5.390865   -7.622739   -9.249191    9.736116    9.527430    0.871692
  94    8.193362    8.193362   -4.260014    2.265836   -5.088194   -7.082372   -8.556300    9.667290    9.481361    0.873854

       k =  0.250000  0.500000  0.500000 ik =  27 spin = 1

   n         Emf          Eo           X        SX-X          CH         Sig         Vxc        Eqp0        Eqp1       Znk
  69    0.648941    0.648941  -16.143421    8.865560   -6.182134  -13.459994  -12.164368   -0.646685   -0.453020    0.850524
  70    0.676132    0.676132  -16.702138    9.072607   -6.496446  -14.125977  -13.061977   -0.387868   -0.231270    0.852821
  71    0.726097    0.726097  -16.705185    9.095954   -6.500914  -14.110145  -13.051778   -0.332271   -0.176571    0.852887
  72    0.780260    0.780260  -16.238552    8.965056   -6.386025  -13.659521  -12.623795   -0.255466   -0.102179    0.852001
  73    0.861837    0.861837  -16.246071    8.962595   -6.291249  -13.574725  -12.371437   -0.341451   -0.163069    0.851754
  74    1.029341    1.029341  -16.338265    8.998091   -6.290998  -13.631172  -12.440081   -0.161750    0.015122    0.851504
  75    1.137255    1.137255  -16.071213    8.904109   -6.341916  -13.509020  -12.422535    0.050770    0.207081    0.856132
  76    1.243415    1.243415  -16.340958    8.957966   -6.328931  -13.711923  -12.614451    0.145942    0.302494    0.857352
  77    1.250185    1.250185  -16.294977    9.010675   -6.330254  -13.614556  -12.450471    0.086100    0.253977    0.855787
  78    1.311195    1.311195  -16.274814    8.988036   -6.318781  -13.605559  -12.435215    0.140851    0.308720    0.856565
  79    1.366582    1.366582  -16.584389    9.170328   -6.433826  -13.847886  -12.757135    0.275831    0.437467    0.851812
  80    1.566544    1.566544  -16.194883    9.457700   -6.892712  -13.629894  -12.967721    0.904371    1.004538    0.848729
  81    1.771031    1.771031  -15.813447    8.589439   -6.414798  -13.638807  -12.840526    0.972751    1.084701    0.859761
  82    2.352896    2.352896  -15.815525    8.469435   -6.549245  -13.895336  -13.299459    1.757019    1.838842    0.862684
  83    4.641338    4.641338   -7.773116    4.601965   -6.472515   -9.643666  -10.709834    5.707506    5.561782    0.863320
  84    5.727683    5.727683   -6.313893    3.791841   -6.135321   -8.657373   -9.725202    6.795512    6.651310    0.864957
  85    5.730328    5.730328   -6.747912    3.897323   -6.025796   -8.876384  -10.015511    6.869455    6.722629    0.871106
  86    6.163850    6.163850   -6.528447    3.707851   -5.989362   -8.809958  -10.114173    7.468065    7.300230    0.871313
  87    6.671885    6.671885   -5.223894    2.782737   -5.516846   -7.958003   -9.395056    8.108938    7.924255    0.871485
  88    6.749221    6.749221   -5.034253    2.681830   -5.243117   -7.595540   -8.780813    7.934494    7.784999    0.873873
  89    7.227679    7.227679   -5.683538    3.075898   -5.806055   -8.413695  -10.183660    8.997643    8.766090    0.869176
  90    7.314277    7.314277   -5.045779    2.687086   -5.373201   -7.731894   -9.257766    8.840148    8.644695    0.871908
  91    7.575626    7.575626   -5.350440    2.880598   -5.627211   -8.097052   -9.784230    9.262804    9.044572    0.870653
  92    7.831634    7.831634   -4.970561    2.721566   -5.400318   -7.649313   -9.148996    9.331317    9.140505    0.872765
  93    7.889293    7.889293   -4.455717    2.348030   -5.104777   -7.212464   -8.628127    9.304956    9.127823    0.874876
  94    8.053608    8.053608   -5.203727    2.835406   -5.650821   -8.019143   -9.820330    9.854795    9.621020    0.870211

       k =  0.250000  0.500000  0.750000 ik =  28 spin = 1

   n         Emf          Eo           X        SX-X          CH         Sig         Vxc        Eqp0        Eqp1       Znk
  69    0.625904    0.625904  -16.642459    9.227890   -6.485292  -13.899861  -12.806272   -0.467685   -0.302747    0.849178
  70    0.666827    0.666827  -16.198828    8.937136   -6.372145  -13.633838  -12.555975   -0.411036   -0.252242    0.852677
  71    0.803399    0.803399  -16.331576    8.988103   -6.322182  -13.665656  -12.500912   -0.361345   -0.188065    0.851229
  72    0.820224    0.820224  -16.318322    9.003196   -6.382579  -13.697705  -12.630137   -0.247344   -0.088990    0.851668
  73    0.886363    0.886363  -16.346833    8.934503   -6.258790  -13.671120  -12.418082   -0.366675   -0.181364    0.852111
  74    1.027618    1.027618  -16.358948    9.070761   -6.346994  -13.635181  -12.489117   -0.118446    0.052301    0.851015
  75    1.093984    1.093984  -16.150725    8.886585   -6.275587  -13.539726  -12.397768   -0.047975    0.115215    0.857096
  76    1.171535    1.171535  -16.173342    8.891031   -6.268297  -13.550608  -12.405822    0.026750    0.190116    0.857296
  77    1.300952    1.300952  -16.355639    9.022350   -6.346608  -13.679897  -12.531348    0.152403    0.317241    0.856481
  78    1.323736    1.323736  -16.452273    9.076352   -6.374147  -13.750069  -12.619476    0.193144    0.358840    0.853444
  79    1.338203    1.338203  -16.448241    9.757860   -7.064688  -13.755069  -13.209880    0.793015    0.877327    0.845351
  80    1.381402    1.381402  -16.482102    9.091002   -6.389227  -13.780328  -12.669407    0.270481    0.431650    0.854923
  81    1.867800    1.867800  -15.843954    8.573113   -6.442041  -13.712882  -12.932250    1.087168    1.196379    0.860099
  82    2.240852    2.240852  -15.779052    8.460262   -6.508937  -13.827727  -13.188234    1.601358    1.689473    0.862211
  83    4.249109    4.249109   -6.969332    4.127861   -6.179977   -9.021448   -9.897435    5.125097    5.008367    0.866745
  84    5.445422    5.445422   -6.380328    3.771052   -6.022139   -8.631414   -9.643088    6.457096    6.321908    0.866371
  85    5.811077    5.811077   -6.819844    3.945684   -6.054310   -8.928471  -10.074257    6.956863    6.808858    0.870827
  86    6.179024    6.179024   -6.806885    3.916136   -6.096647   -8.987396  -10.254278    7.445906    7.282296    0.870856
  87    7.052365    7.052365   -5.713931    3.025493   -5.844154   -8.532593  -10.420769    8.940542    8.690520    0.867586
  88    7.204936    7.204936   -5.424071    2.970023   -5.533803   -7.987851   -9.377305    8.594391    8.415428    0.871199
  89    7.472610    7.472610   -5.393628    2.949790   -5.542228   -7.986065   -9.394967    8.881511    8.703334    0.873534
  90    7.565128    7.565128   -6.136552    3.294535   -6.156078   -8.998095  -11.160013    9.727045    9.433408    0.864178
  91    7.704713    7.704713   -4.922974    2.621508   -5.364516   -7.665982   -9.253244    9.291976    9.087693    0.871299
  92    7.964428    7.964428   -4.129658    2.213257   -4.972062   -6.888464   -8.186937    9.262901    9.102607    0.876552
  93    7.982157    7.982157   -4.458899    2.402406   -5.147121   -7.203613   -8.631201    9.409745    9.228901    0.873322
  94    8.167609    8.167609   -4.340547    2.283646   -5.145090   -7.201992   -8.815041    9.780658    9.576894    0.873677

       k =  0.250000  0.750000 -0.000000 ik =  29 spin = 1

   n         Emf          Eo           X        SX-X          CH         Sig         Vxc        Eqp0        Eqp1       Znk
  69    0.584012    0.584012  -16.540363    9.129885   -6.430140  -13.840618  -12.712580   -0.544026   -0.374884    0.850056
  70    0.692018    0.692018  -16.260949    9.001416   -6.384996  -13.644529  -12.566628   -0.385883   -0.225675    0.851371
  71    0.731263    0.731263  -16.294224    8.925606   -6.285008  -13.653625  -12.429872   -0.492491   -0.311412    0.852030
  72    0.794933    0.794933  -16.335428    9.000663   -6.418502  -13.753267  -12.729407   -0.228927   -0.077758    0.852353
  73    0.911755    0.911755  -16.340177    8.997334   -6.298073  -13.640917  -12.427059   -0.302103   -0.121767    0.851436
  74    1.092350    1.092350  -16.137706    8.878416   -6.267034  -13.526325  -12.375388   -0.058587    0.105721    0.857240
  75    1.160379    1.160379  -16.233541    8.943110   -6.294974  -13.585405  -12.443635    0.018609    0.183486    0.855595
  76    1.177620    1.177620  -16.427121    9.086021   -6.375474  -13.716574  -12.604913    0.065958    0.230099    0.852347
  77    1.270974    1.270974  -16.490959    9.096589   -6.385155  -13.779526  -12.667719    0.159168    0.322768    0.852852
  78    1.325437    1.325437  -16.435085    9.051055   -6.369235  -13.753265  -12.627679    0.199851    0.362502    0.855497
  79    1.339858    1.339858  -16.454882    9.763137   -7.068859  -13.760604  -13.217488    0.796743    0.880726    0.845367
  80    1.377183    1.377183  -16.369101    9.012185   -6.344206  -13.701122  -12.559985    0.236046    0.399294    0.856943
  81    1.870487    1.870487  -15.882910    8.593500   -6.452541  -13.741951  -12.963401    1.091936    1.200939    0.859993
  82    2.238245    2.238245  -15.752978    8.448518   -6.502516  -13.806975  -13.159258    1.590528    1.679773    0.862216
  83    4.242549    4.242549   -6.959348    4.120642   -6.173083   -9.011789   -9.886411    5.117171    5.000668    0.866797
  84    5.448197    5.448197   -6.376300    3.769519   -6.017782   -8.624563   -9.634362    6.457996    6.323091    0.866405
  85    5.829817    5.829817   -6.826994    3.944742   -6.053387   -8.935640  -10.093819    6.987996    6.838383    0.870820
  86    6.088383    6.088383   -6.600071    3.790300   -6.007090   -8.816861  -10.043644    7.315166    7.157674    0.871622
  87    7.121861    7.121861   -5.591859    3.025607   -5.709225   -8.275477   -9.870398    8.716782    8.508587    0.869464
  88    7.232927    7.232927   -5.677401    3.065228   -5.774554   -8.386727  -10.138930    8.985130    8.754433    0.868339
  89    7.294597    7.294597   -5.613830    3.022019   -5.774686   -8.366496  -10.072833    9.000934    8.777497    0.869055
  90    7.484884    7.484884   -5.234747    2.797364   -5.490843   -7.928226   -9.564381    9.121039    8.910601    0.871382
  91    7.782034    7.782034   -5.544958    3.038290   -5.749428   -8.256096   -9.931891    9.457828    9.239863    0.869933
  92    8.026833    8.026833   -4.787921    2.573390   -5.370835   -7.585366   -9.271043    9.712510    9.496715    0.871983
  93    8.128749    8.128749   -4.298464    2.288909   -5.106078   -7.115633   -8.613681    9.626797    9.437437    0.873596
  94    8.215062    8.215062   -4.029383    2.113707   -4.922502   -6.838179   -8.169089    9.545972    9.380203    0.875447

       k =  0.250000  0.750000  0.250000 ik =  30 spin = 1

   n         Emf          Eo           X        SX-X          CH         Sig         Vxc        Eqp0        Eqp1       Znk
  69    0.527392    0.527392  -16.392184    9.049317   -6.374806  -13.717674  -12.539654   -0.650628   -0.474308    0.850325
  70    0.541446    0.541446  -16.397649    9.066284   -6.390544  -13.721909  -12.559083   -0.621379   -0.447160    0.850176
  71    0.762356    0.762356  -16.258330    8.992620   -6.414000  -13.679710  -12.661580   -0.255774   -0.105515    0.852416
  72    0.772851    0.772851  -16.230839    8.970369   -6.373870  -13.634340  -12.576275   -0.285213   -0.129041    0.852398
  73    0.853191    0.853191  -16.364615    8.961965   -6.262951  -13.665602  -12.415651   -0.396760   -0.211026    0.851407
  74    0.880237    0.880237  -16.380278    8.954917   -6.276688  -13.702049  -12.464470   -0.357342   -0.174077    0.851917
  75    1.054048    1.054048  -16.147403    8.901526   -6.280986  -13.526863  -12.386057   -0.086758    0.076756    0.856669
  76    1.117851    1.117851  -16.125396    8.894171   -6.270138  -13.501363  -12.352806   -0.030707    0.134266    0.856365
  77    1.204881    1.204881  -16.537219    9.115319   -6.379467  -13.801366  -12.678081    0.081595    0.249162    0.850825
  78    1.245811    1.245811  -16.563269    9.168210   -6.418073  -13.813132  -12.718451    0.151130    0.314952    0.850348
  79    1.344473    1.344473  -16.368944    9.004271   -6.340871  -13.705544  -12.562719    0.201648    0.364319    0.857659
  80    1.394042    1.394042  -16.337247    8.987332   -6.326042  -13.675957  -12.523214    0.241300    0.405277    0.857750
  81    2.005573    2.005573  -15.788182    8.489782   -6.454132  -13.752532  -13.025000    1.278041    1.379090    0.861106
  82    2.048548    2.048548  -15.771584    8.489956   -6.452993  -13.734622  -13.006474    1.320400    1.421388    0.861309
  83    4.772279    4.772279   -6.927944    4.102548   -6.169601   -8.994997   -9.942020    5.719302    5.592006    0.865583
  84    4.839981    4.839981   -6.934373    4.105370   -6.174463   -9.003466   -9.957303    5.793818    5.665796    0.865782
  85    6.004174    6.004174   -6.902289    3.996756   -6.105238   -9.010770  -10.197980    7.191385    7.037536    0.870412
  86    6.020845    6.020845   -6.885369    3.982232   -6.095526   -8.998664  -10.194621    7.216802    7.061798    0.870393
  87    7.444596    7.444596   -5.991780    3.241151   -5.965824   -8.716453  -10.624805    9.352947    9.101238    0.868101
  88    7.461261    7.461261   -5.981536    3.206396   -5.992777   -8.767916  -10.779562    9.472907    9.205597    0.867119
  89    7.638423    7.638423   -5.790929    3.208876   -5.843236   -8.425289  -10.145185    9.358318    9.132424    0.868658
  90    7.683135    7.683135   -5.681280    3.161354   -5.768607   -8.288533   -9.914105    9.308707    9.097014    0.869773
  91    8.061345    8.061345   -4.470439    2.355099   -5.216909   -7.332249   -8.940296    9.669392    9.464388    0.872514
  92    8.074298    8.074298   -4.480531    2.362051   -5.219038   -7.337518   -8.949918    9.686698    9.481154    0.872523
  93    8.274767    8.274767   -4.570809    2.487132   -5.270422   -7.354099   -8.927682    9.848349    9.647820    0.872565
  94    8.282277    8.282277   -4.563297    2.488531   -5.267203   -7.341969   -8.894825    9.835134    9.637012    0.872415

       k =  0.250000  0.750000  0.500000 ik =  31 spin = 1

   n         Emf          Eo           X        SX-X          CH         Sig         Vxc        Eqp0        Eqp1       Znk
  69    0.584039    0.584039  -16.539654    9.128227   -6.429262  -13.840689  -12.712316   -0.544334   -0.375167    0.850079
  70    0.692234    0.692234  -16.260808    9.002280   -6.386007  -13.644535  -12.567048   -0.385253   -0.225118    0.851381
  71    0.731413    0.731413  -16.294462    8.925834   -6.284458  -13.653087  -12.428958   -0.492716   -0.311553    0.852007
  72    0.794912    0.794912  -16.335306    9.000746   -6.418648  -13.753208  -12.729517   -0.228779   -0.077680    0.852398
  73    0.911621    0.911621  -16.340345    8.997671   -6.298467  -13.641142  -12.427191   -0.302330   -0.122021    0.851469
  74    1.092351    1.092351  -16.137794    8.878924   -6.267312  -13.526182  -12.375470   -0.058361    0.105917    0.857238
  75    1.160420    1.160420  -16.233087    8.942657   -6.294782  -13.585211  -12.443216    0.018425    0.183341    0.855590
  76    1.177582    1.177582  -16.426959    9.086433   -6.375701  -13.716227  -12.604877    0.066232    0.230352    0.852324
  77    1.271004    1.271004  -16.491637    9.096263   -6.384850  -13.780224  -12.667811    0.158590    0.322306    0.852829
  78    1.325574    1.325574  -16.435423    9.051021   -6.369094  -13.753496  -12.628796    0.200874    0.363414    0.855481
  79    1.339857    1.339857  -16.455652    9.762764   -7.068758  -13.761647  -13.217107    0.795317    0.879516    0.845376
  80    1.377060    1.377060  -16.368669    9.011339   -6.343554  -13.700884  -12.559518    0.235694    0.398963    0.856953
  81    1.870503    1.870503  -15.882749    8.593820   -6.452760  -13.741690  -12.963411    1.092225    1.201192    0.859989
  82    2.238216    2.238216  -15.753083    8.448330   -6.502492  -13.807245  -13.159218    1.590189    1.679477    0.862216
  83    4.242567    4.242567   -6.959279    4.120460   -6.173073   -9.011892   -9.886431    5.117105    5.000616    0.866799
  84    5.448179    5.448179   -6.376503    3.769380   -6.017812   -8.624935   -9.634393    6.457637    6.322775    0.866401
  85    5.829801    5.829801   -6.826898    3.944800   -6.053399   -8.935497  -10.093840    6.988144    6.838512    0.870823
  86    6.088383    6.088383   -6.599908    3.790309   -6.007193   -8.816792  -10.043637    7.315227    7.157688    0.871590
  87    7.122139    7.122139   -5.591552    3.025363   -5.708678   -8.274866   -9.869640    8.716913    8.508762    0.869479
  88    7.232842    7.232842   -5.677365    3.065856   -5.775254   -8.386763  -10.140186    8.986266    8.755282    0.868267
  89    7.294614    7.294614   -5.614820    3.022594   -5.775256   -8.367482  -10.073617    9.000750    8.777283    0.869022
  90    7.484961    7.484961   -5.234293    2.796794   -5.490581   -7.928079   -9.563844    9.120726    8.910308    0.871364
  91    7.781925    7.781925   -5.543563    3.039293   -5.749514   -8.253784   -9.931995    9.460137    9.241853    0.869930
  92    8.026868    8.026868   -4.787884    2.573700   -5.371355   -7.585539   -9.271168    9.712497    9.496676    0.871965
  93    8.128813    8.128813   -4.297335    2.289114   -5.106103   -7.114323   -8.612054    9.626544    9.437256    0.873617
  94    8.215006    8.215006   -4.029652    2.113830   -4.922822   -6.838644   -8.169518    9.545880    9.380099    0.875434

       k =  0.250000  0.750000  0.750000 ik =  32 spin = 1

   n         Emf          Eo           X        SX-X          CH         Sig         Vxc        Eqp0        Eqp1       Znk
  69    0.586926    0.586926  -16.879324    9.124313   -6.488716  -14.243727  -13.154157   -0.502644   -0.341881    0.852452
  70    0.630709    0.630709  -16.081423    8.859985   -6.323331  -13.544768  -12.447978   -0.466081   -0.304859    0.853005
  71    0.749101    0.749101  -16.211994    8.963397   -6.374457  -13.623054  -12.578331   -0.295623   -0.140964    0.851961
  72    0.784427    0.784427  -16.803870    9.128969   -6.533563  -14.208464  -13.172381   -0.251655   -0.099404    0.853052
  73    0.903785    0.903785  -16.248693    8.944688   -6.276193  -13.580199  -12.359975   -0.316439   -0.135752    0.851923
  74    1.118172    1.118172  -16.489583    9.153146   -6.405048  -13.741486  -12.638207    0.014894    0.180574    0.849829
  75    1.179693    1.179693  -16.302396    8.967522   -6.372545  -13.707420  -12.634402    0.106675    0.260526    0.856619
  76    1.238951    1.238951  -16.283612    8.946911   -6.328015  -13.664716  -12.566401    0.140636    0.297580    0.857104
  77    1.244565    1.244565  -16.216658    8.958195   -6.310281  -13.568743  -12.411525    0.087347    0.252733    0.857083
  78    1.302341    1.302341  -16.469272    9.084862   -6.371559  -13.755969  -12.628642    0.175014    0.340462    0.853239
  79    1.357972    1.357972  -16.426215    9.062226   -6.370089  -13.734078  -12.597430    0.221324    0.386333    0.854828
  80    1.551341    1.551341  -16.117354    9.442215   -6.889859  -13.564997  -12.904728    0.891072    0.991118    0.848477
  81    1.751742    1.751742  -15.817661    8.592124   -6.411948  -13.637485  -12.826481    0.940738    1.054599    0.859605
  82    2.386638    2.386638  -15.885940    8.504875   -6.570663  -13.951728  -13.365115    1.800025    1.880629    0.862595
  83    4.637041    4.637041   -7.763738    4.597856   -6.469612   -9.635494  -10.699819    5.701366    5.555924    0.863347
  84    5.724024    5.724024   -6.290291    3.778426   -6.127639   -8.639503   -9.705391    6.789912    6.645988    0.864973
  85    5.744730    5.744730   -6.754456    3.893899   -6.022939   -8.883496  -10.034896    6.896130    6.747839    0.871208
  86    6.059936    6.059936   -6.349744    3.605301   -5.911307   -8.655750   -9.911821    7.316007    7.155374    0.872114
  87    6.719266    6.719266   -4.730272    2.522181   -5.038153   -7.246244   -8.280388    7.753410    7.624690    0.875529
  88    6.819137    6.819137   -5.318307    2.807965   -5.613795   -8.124136   -9.733114    8.428115    8.218830    0.869927
  89    7.154920    7.154920   -5.308031    2.878122   -5.579689   -8.009598   -9.543930    8.689252    8.493192    0.872218
  90    7.253841    7.253841   -5.893006    3.177549   -6.011349   -8.726806  -10.694235    9.221270    8.958333    0.866355
  91    7.336115    7.336115   -5.355485    2.909801   -5.501568   -7.947252   -9.408838    8.797701    8.610892    0.872187
  92    7.887196    7.887196   -4.227288    2.264071   -4.972881   -6.936099   -8.249297    9.200395    9.037050    0.875613
  93    8.136288    8.136288   -4.850912    2.596379   -5.356093   -7.610625   -9.253677    9.779340    9.570290    0.872767
  94    8.252856    8.252856   -4.789280    2.552925   -5.402393   -7.638748   -9.409569   10.023676    9.796566    0.871749


================================================================================

    n = band index.
  Emf = "inner" mean-field energy eigenvalue used to construct Sigma(E),
        read from WFN_inner.
   Eo = "outer" mean-field energy eigenvalue where we center the evaluation
        frequency grid {E} of Sigma(E). Defaults to Emf, unless
        you use WFN_outer and eqp_outer.dat / scissors_outer.
  Vxc = exchange-correlation pot., calculated from VXC or read from vxc.dat.
  KIH = Kinetic energy + Ionic potential + Hartree, read from kih.dat.
    X = bare exchange.
   SX = screened exchange contrib. to Sigma(E) at energy E=Eo
   CH = Coulomb hole contrib. to Sigma(E) at energy E=Eo
  Cor = SX-X + CH = correlation portion of Sigma(E) at energy E=Eo.
  Sig = X + Cor = self energy, Sigma(E), at energy E=Eo.
 Eqp0 = on-shell QP energy = Emf - Vxc + Sig(Eo)
        Eqp0 is *not* the recommended quantity to use for QP properties.
 Eqp1 = off-shell solution to the linearized  Dyson`s equation
      = Eqp0 + (dSig/dE) / (1 - dSig/dE) * (Eqp0 - Eo),
        or a full linear interpolation if more freq. points where computed.
        Eqp1 is the recommended quantity to use for QP properties.
  Znk = quasiparticle renormalization factor

 Notes on the finite_difference_form from sigma.inp file:
   none    : -2 => dSig/dE = 0 (skip the expansion)
   backward: -1 => dSig/dE = (Sig(Eo) - Sig(Eo-dE)) / dE
   central :  0 => dSig/dE = (Sig(Eo+dE) - Sig(Eo-dE)) / (2*dE)
   forward :  1 => dSig/dE = (Sig(Eo+dE) - Sig(Eo)) / dE
   default :  2 => forward for diagonal and none for off-diagonal
   dE is finite_difference_spacing from Sigma.inp file.
   We are using the form #2 with dE = 1.000 eV.

 General notes:
 - All energies are reported here in eV.
 - Both Emf and Vxc contain the average pot. Vxc0, so Vxc0 doesn`t affect Sigma.
 - Eqp1 and Eqp0 are Eqs. (36-37) from Hybertsen & Louie PRB 34 5390.
 - We recommend you use Eqp1 for QP properties of materials.

================================================================================

